
Options: -C 0.25 -M 2 

J48 pruned tree
------------------

isMaxEigNegative = true
|   avgNNZPerRow <= 5.164384: 1 (2.0)
|   avgNNZPerRow > 5.164384: 0 (8.0)
isMaxEigNegative = false: 0 (82.0)

Number of Leaves  : 	3

Size of the tree : 	5


Time taken to build model: 0.03 seconds
Time taken to test model on training data: 0.01 seconds

=== Error on training data ===

Correctly Classified Instances          92              100      %
Incorrectly Classified Instances         0                0      %
Kappa statistic                          1     
Mean absolute error                      0     
Root mean squared error                  0     
Relative absolute error                  0      %
Root relative squared error              0      %
Total Number of Instances               92     


=== Detailed Accuracy By Class ===

               TP Rate   FP Rate   Precision   Recall  F-Measure   ROC Area  Class
                 1         0          1         1         1          1        0
                 1         0          1         1         1          1        1
Weighted Avg.    1         0          1         1         1          1    


=== Confusion Matrix ===

  a  b   <-- classified as
 90  0 |  a = 0
  0  2 |  b = 1



=== Stratified cross-validation ===

Correctly Classified Instances          89               96.7391 %
Incorrectly Classified Instances         3                3.2609 %
Kappa statistic                         -0.0147
Mean absolute error                      0.0347
Root mean squared error                  0.1792
Relative absolute error                 64.9134 %
Root relative squared error            121.3604 %
Total Number of Instances               92     


=== Detailed Accuracy By Class ===

               TP Rate   FP Rate   Precision   Recall  F-Measure   ROC Area  Class
                 0.989     1          0.978     0.989     0.983      0.889    0
                 0         0.011      0         0         0          0.889    1
Weighted Avg.    0.967     0.979      0.957     0.967     0.962      0.889


=== Confusion Matrix ===

  a  b   <-- classified as
 89  1 |  a = 0
  2  0 |  b = 1

