
Options: -I 0 -M 500 -H 50 -W 0.0 

SimpleLogistic:

Class 0 :
1.75 + 
[numberOfConnectedComponent] * 0    +
[normalizedAvgNNZPerRow] * -33.59 +
[avgNNZPerRow] * -0.01 +
[stdNNZPerRow] * 0    +
[isMaxEigNegative] * -0.91 +
[isDiagonal] * 0.94 +
[symmetric=symmetric] * -1.56

Class 1 :
-1.75 + 
[numberOfConnectedComponent] * 0    +
[normalizedAvgNNZPerRow] * 33.59 +
[avgNNZPerRow] * 0.01 +
[stdNNZPerRow] * 0    +
[isMaxEigNegative] * 0.91 +
[isDiagonal] * -0.94 +
[symmetric=symmetric] * 1.56


Time taken to build model: 0.28 seconds
Time taken to test model on training data: 0.01 seconds

=== Error on training data ===

Correctly Classified Instances          80               86.9565 %
Incorrectly Classified Instances        12               13.0435 %
Kappa statistic                          0.7034
Mean absolute error                      0.2327
Root mean squared error                  0.3165
Relative absolute error                 51.9364 %
Root relative squared error             66.9573 %
Total Number of Instances               92     


=== Detailed Accuracy By Class ===

               TP Rate   FP Rate   Precision   Recall  F-Measure   ROC Area  Class
                 0.918     0.226      0.889     0.918     0.903      0.948    0
                 0.774     0.082      0.828     0.774     0.8        0.948    1
Weighted Avg.    0.87      0.177      0.868     0.87      0.868      0.948


=== Confusion Matrix ===

  a  b   <-- classified as
 56  5 |  a = 0
  7 24 |  b = 1



=== Stratified cross-validation ===

Correctly Classified Instances          73               79.3478 %
Incorrectly Classified Instances        19               20.6522 %
Kappa statistic                          0.5414
Mean absolute error                      0.2534
Root mean squared error                  0.3793
Relative absolute error                 56.5312 %
Root relative squared error             80.223  %
Total Number of Instances               92     


=== Detailed Accuracy By Class ===

               TP Rate   FP Rate   Precision   Recall  F-Measure   ROC Area  Class
                 0.836     0.29       0.85      0.836     0.843      0.857    0
                 0.71      0.164      0.688     0.71      0.698      0.857    1
Weighted Avg.    0.793     0.248      0.795     0.793     0.794      0.857


=== Confusion Matrix ===

  a  b   <-- classified as
 51 10 |  a = 0
  9 22 |  b = 1

