
Options: -I 0 -M 500 -H 50 -W 0.0 

SimpleLogistic:

Class 0 :
2.22 + 
[normalizedAvgNNZPerRow] * 15.78 +
[isMaxEigNegative] * 2.41 +
[isBlockDiagonal] * -2.09 +
[symmetric=general] * -0.69

Class 1 :
-2.22 + 
[normalizedAvgNNZPerRow] * -15.78 +
[isMaxEigNegative] * -2.41 +
[isBlockDiagonal] * 2.09 +
[symmetric=general] * 0.69


Time taken to build model: 0.28 seconds
Time taken to test model on training data: 0.01 seconds

=== Error on training data ===

Correctly Classified Instances          92              100      %
Incorrectly Classified Instances         0                0      %
Kappa statistic                          1     
Mean absolute error                      0.0155
Root mean squared error                  0.069 
Relative absolute error                 29.6524 %
Root relative squared error             47.2343 %
Total Number of Instances               92     


=== Detailed Accuracy By Class ===

               TP Rate   FP Rate   Precision   Recall  F-Measure   ROC Area  Class
                 1         0          1         1         1          1        0
                 1         0          1         1         1          1        1
Weighted Avg.    1         0          1         1         1          1    


=== Confusion Matrix ===

  a  b   <-- classified as
 90  0 |  a = 0
  0  2 |  b = 1



=== Stratified cross-validation ===

Correctly Classified Instances          89               96.7391 %
Incorrectly Classified Instances         3                3.2609 %
Kappa statistic                         -0.0147
Mean absolute error                      0.1677
Root mean squared error                  0.2915
Relative absolute error                313.3994 %
Root relative squared error            197.3968 %
Total Number of Instances               92     


=== Detailed Accuracy By Class ===

               TP Rate   FP Rate   Precision   Recall  F-Measure   ROC Area  Class
                 0.989     1          0.978     0.989     0.983      0.839    0
                 0         0.011      0         0         0          0.839    1
Weighted Avg.    0.967     0.979      0.957     0.967     0.962      0.839


=== Confusion Matrix ===

  a  b   <-- classified as
 89  1 |  a = 0
  2  0 |  b = 1

