
Options: -X 1 -S "weka.attributeSelection.BestFirst -D 1 -N 5" -R 

Decision Table:

Number of training instances: 92
Number of Rules : 1
Non matches covered by Majority class.
	Best first.
	Start set: no attributes
	Search direction: forward
	Stale search after 5 node expansions
	Total number of subsets evaluated: 66
	Merit of best subset found:   90.217
Evaluation (for feature selection): CV (leave one out) 
Feature set: 15

Rules:
===============================================
isComputationalFluidDynamicsProblem  
===============================================
0
===============================================



Time taken to build model: 0.07 seconds
Time taken to test model on training data: 0.01 seconds

=== Error on training data ===

Correctly Classified Instances          83               90.2174 %
Incorrectly Classified Instances         9                9.7826 %
Kappa statistic                          0     
Mean absolute error                      0.1843
Root mean squared error                  0.2972
Relative absolute error                100.5017 %
Root relative squared error            100.0118 %
Total Number of Instances               92     


=== Detailed Accuracy By Class ===

               TP Rate   FP Rate   Precision   Recall  F-Measure   ROC Area  Class
                 1         1          0.902     1         0.949      0.5      0
                 0         0          0         0         0          0.5      1
Weighted Avg.    0.902     0.902      0.814     0.902     0.856      0.5  


=== Confusion Matrix ===

  a  b   <-- classified as
 83  0 |  a = 0
  9  0 |  b = 1



=== Stratified cross-validation ===

Correctly Classified Instances          83               90.2174 %
Incorrectly Classified Instances         9                9.7826 %
Kappa statistic                          0     
Mean absolute error                      0.1824
Root mean squared error                  0.2973
Relative absolute error                 98.9459 %
Root relative squared error             99.8936 %
Total Number of Instances               92     


=== Detailed Accuracy By Class ===

               TP Rate   FP Rate   Precision   Recall  F-Measure   ROC Area  Class
                 1         1          0.902     1         0.949      0.491    0
                 0         0          0         0         0          0.491    1
Weighted Avg.    0.902     0.902      0.814     0.902     0.856      0.491


=== Confusion Matrix ===

  a  b   <-- classified as
 83  0 |  a = 0
  9  0 |  b = 1

