
Options: -X 1 -S "weka.attributeSelection.BestFirst -D 1 -N 5" -R 

Decision Table:

Number of training instances: 92
Number of Rules : 1
Non matches covered by Majority class.
	Best first.
	Start set: no attributes
	Search direction: forward
	Stale search after 5 node expansions
	Total number of subsets evaluated: 66
	Merit of best subset found:   98.913
Evaluation (for feature selection): CV (leave one out) 
Feature set: 15

Rules:
=====================================
isElectromagneticsProblem  
=====================================
0
=====================================



Time taken to build model: 0.07 seconds
Time taken to test model on training data: 0.01 seconds

=== Error on training data ===

Correctly Classified Instances          91               98.913  %
Incorrectly Classified Instances         1                1.087  %
Kappa statistic                          0     
Mean absolute error                      0.0319
Root mean squared error                  0.1042
Relative absolute error                100.7064 %
Root relative squared error            100.0222 %
Total Number of Instances               92     


=== Detailed Accuracy By Class ===

               TP Rate   FP Rate   Precision   Recall  F-Measure   ROC Area  Class
                 1         1          0.989     1         0.995      0.5      0
                 0         0          0         0         0          0.5      1
Weighted Avg.    0.989     0.989      0.978     0.989     0.984      0.5  


=== Confusion Matrix ===

  a  b   <-- classified as
 91  0 |  a = 0
  1  0 |  b = 1



=== Stratified cross-validation ===

Correctly Classified Instances          91               98.913  %
Incorrectly Classified Instances         1                1.087  %
Kappa statistic                          0     
Mean absolute error                      0.032 
Root mean squared error                  0.1053
Relative absolute error                 97.2598 %
Root relative squared error             99.8539 %
Total Number of Instances               92     


=== Detailed Accuracy By Class ===

               TP Rate   FP Rate   Precision   Recall  F-Measure   ROC Area  Class
                 1         1          0.989     1         0.995      0.148    0
                 0         0          0         0         0          0.148    1
Weighted Avg.    0.989     0.989      0.978     0.989     0.984      0.148


=== Confusion Matrix ===

  a  b   <-- classified as
 91  0 |  a = 0
  1  0 |  b = 1

