
Options: -X 1 -S "weka.attributeSelection.BestFirst -D 1 -N 5" -R 

Decision Table:

Number of training instances: 92
Number of Rules : 3
Non matches covered by Majority class.
	Best first.
	Start set: no attributes
	Search direction: forward
	Stale search after 5 node expansions
	Total number of subsets evaluated: 75
	Merit of best subset found:   98.913
Evaluation (for feature selection): CV (leave one out) 
Feature set: 2,15

Rules:
========================================================
numberOfConnectedComponent isEconomicProblem  
========================================================
'(2203-4960.5]'            1
'(4960.5-inf)'             0
'(-inf-2203]'              0
========================================================



Time taken to build model: 0.07 seconds
Time taken to test model on training data: 0.01 seconds

=== Error on training data ===

Correctly Classified Instances          91               98.913  %
Incorrectly Classified Instances         1                1.087  %
Kappa statistic                          0.8832
Mean absolute error                      0.05  
Root mean squared error                  0.1174
Relative absolute error                 44.9659 %
Root relative squared error             51.7563 %
Total Number of Instances               92     


=== Detailed Accuracy By Class ===

               TP Rate   FP Rate   Precision   Recall  F-Measure   ROC Area  Class
                 1         0.2        0.989     1         0.994      0.892    0
                 0.8       0          1         0.8       0.889      0.892    1
Weighted Avg.    0.989     0.189      0.989     0.989     0.989      0.892


=== Confusion Matrix ===

  a  b   <-- classified as
 87  0 |  a = 0
  1  4 |  b = 1



=== Stratified cross-validation ===

Correctly Classified Instances          86               93.4783 %
Incorrectly Classified Instances         6                6.5217 %
Kappa statistic                         -0.0185
Mean absolute error                      0.1112
Root mean squared error                  0.2435
Relative absolute error                 98.6759 %
Root relative squared error            106.6262 %
Total Number of Instances               92     


=== Detailed Accuracy By Class ===

               TP Rate   FP Rate   Precision   Recall  F-Measure   ROC Area  Class
                 0.989     1          0.945     0.989     0.966      0.434    0
                 0         0.011      0         0         0          0.434    1
Weighted Avg.    0.935     0.946      0.894     0.935     0.914      0.434


=== Confusion Matrix ===

  a  b   <-- classified as
 86  1 |  a = 0
  5  0 |  b = 1

