
Options: -X 1 -S "weka.attributeSelection.BestFirst -D 1 -N 5" -R 

Decision Table:

Number of training instances: 92
Number of Rules : 1
Non matches covered by Majority class.
	Best first.
	Start set: no attributes
	Search direction: forward
	Stale search after 5 node expansions
	Total number of subsets evaluated: 66
	Merit of best subset found:   96.739
Evaluation (for feature selection): CV (leave one out) 
Feature set: 15

Rules:
===========================
isDirectedGraph  
===========================
0
===========================



Time taken to build model: 0.07 seconds
Time taken to test model on training data: 0.01 seconds

=== Error on training data ===

Correctly Classified Instances          89               96.7391 %
Incorrectly Classified Instances         3                3.2609 %
Kappa statistic                          0     
Mean absolute error                      0.0728
Root mean squared error                  0.1779
Relative absolute error                100.5909 %
Root relative squared error            100.0147 %
Total Number of Instances               92     


=== Detailed Accuracy By Class ===

               TP Rate   FP Rate   Precision   Recall  F-Measure   ROC Area  Class
                 1         1          0.967     1         0.983      0.5      0
                 0         0          0         0         0          0.5      1
Weighted Avg.    0.967     0.967      0.936     0.967     0.951      0.5  


=== Confusion Matrix ===

  a  b   <-- classified as
 89  0 |  a = 0
  3  0 |  b = 1



=== Stratified cross-validation ===

Correctly Classified Instances          89               96.7391 %
Incorrectly Classified Instances         3                3.2609 %
Kappa statistic                          0     
Mean absolute error                      0.0594
Root mean squared error                  0.1782
Relative absolute error                 80.527  %
Root relative squared error             99.294  %
Total Number of Instances               92     


=== Detailed Accuracy By Class ===

               TP Rate   FP Rate   Precision   Recall  F-Measure   ROC Area  Class
                 1         1          0.967     1         0.983      0.509    0
                 0         0          0         0         0          0.509    1
Weighted Avg.    0.967     0.967      0.936     0.967     0.951      0.509


=== Confusion Matrix ===

  a  b   <-- classified as
 89  0 |  a = 0
  3  0 |  b = 1

