
Options: -X 1 -R 

Decision Table:

Number of training instances: 92
Number of Rules : 1
Non matches covered by Majority class.
Evaluation (for feature selection): CV (leave one out) 
Feature set: 15

Rules:
=============================
isEconomicProblem  
=============================
0
=============================

Naive Bayes Classifier

                              Class
Attribute                         0      1
                             (0.94) (0.06)
===========================================
numberOfRows
  'All'                         88.0    6.0
  [total]                       88.0    6.0

numberOfConnectedComponent
  '(-inf-2203]'                 81.0    2.0
  '(2203-4960.5]'                1.0    5.0
  '(4960.5-inf)'                 8.0    1.0
  [total]                       90.0    8.0

numberOfBlockFromDmPerm
  'All'                         88.0    6.0
  [total]                       88.0    6.0

normalizedAvgNNZPerRow
  'All'                         88.0    6.0
  [total]                       88.0    6.0

avgNNZPerRow
  'All'                         88.0    6.0
  [total]                       88.0    6.0

stdNNZPerRow
  'All'                         88.0    6.0
  [total]                       88.0    6.0

varNNZPerRow
  'All'                         88.0    6.0
  [total]                       88.0    6.0

maxEig
  'All'                         85.0    6.0
  [total]                       85.0    6.0

isMaxEigNegative
  true                          10.0    2.0
  false                         79.0    5.0
  [total]                       89.0    7.0

isDiagonallyDominant
  true                           5.0    1.0
  false                         84.0    6.0
  [total]                       89.0    7.0

isBlockDiagonal
  true                          59.0    6.0
  false                         30.0    1.0
  [total]                       89.0    7.0

isDiagonal
  true                           5.0    1.0
  false                         84.0    6.0
  [total]                       89.0    7.0

field
  real                          66.0    6.0
  pattern                       23.0    1.0
  integer                        1.0    1.0
  complex                        1.0    1.0
  [total]                       91.0    9.0

symmetric
  symmetric                     50.0    2.0
  general                       39.0    5.0
  skew-symmetric                 1.0    1.0
  [total]                       90.0    8.0



Time taken to build model: 0.24 seconds
Time taken to test model on training data: 0.01 seconds

=== Error on training data ===

Correctly Classified Instances          91               98.913  %
Incorrectly Classified Instances         1                1.087  %
Kappa statistic                          0.8832
Mean absolute error                      0.0426
Root mean squared error                  0.1149
Relative absolute error                 38.3388 %
Root relative squared error             50.6215 %
Total Number of Instances               92     


=== Detailed Accuracy By Class ===

               TP Rate   FP Rate   Precision   Recall  F-Measure   ROC Area  Class
                 1         0.2        0.989     1         0.994      0.892    0
                 0.8       0          1         0.8       0.889      0.892    1
Weighted Avg.    0.989     0.189      0.989     0.989     0.989      0.892


=== Confusion Matrix ===

  a  b   <-- classified as
 87  0 |  a = 0
  1  4 |  b = 1



=== Stratified cross-validation ===

Correctly Classified Instances          86               93.4783 %
Incorrectly Classified Instances         6                6.5217 %
Kappa statistic                         -0.0185
Mean absolute error                      0.1083
Root mean squared error                  0.2427
Relative absolute error                 96.1563 %
Root relative squared error            106.2953 %
Total Number of Instances               92     


=== Detailed Accuracy By Class ===

               TP Rate   FP Rate   Precision   Recall  F-Measure   ROC Area  Class
                 0.989     1          0.945     0.989     0.966      0.434    0
                 0         0.011      0         0         0          0.434    1
Weighted Avg.    0.935     0.946      0.894     0.935     0.914      0.434


=== Confusion Matrix ===

  a  b   <-- classified as
 86  1 |  a = 0
  5  0 |  b = 1

