
Options: -C 0.25 -M 2 

J48 pruned tree
------------------

numberOfConnectedComponent <= 4430: 0 (85.0)
numberOfConnectedComponent > 4430
|   field = real: 0 (4.0)
|   field = pattern: 1 (3.0)
|   field = integer: 0 (0.0)
|   field = complex: 0 (0.0)

Number of Leaves  : 	5

Size of the tree : 	7


Time taken to build model: 0.02 seconds
Time taken to test model on training data: 0.01 seconds

=== Error on training data ===

Correctly Classified Instances          92              100      %
Incorrectly Classified Instances         0                0      %
Kappa statistic                          1     
Mean absolute error                      0     
Root mean squared error                  0     
Relative absolute error                  0      %
Root relative squared error              0      %
Total Number of Instances               92     


=== Detailed Accuracy By Class ===

               TP Rate   FP Rate   Precision   Recall  F-Measure   ROC Area  Class
                 1         0          1         1         1          1        0
                 1         0          1         1         1          1        1
Weighted Avg.    1         0          1         1         1          1    


=== Confusion Matrix ===

  a  b   <-- classified as
 89  0 |  a = 0
  0  3 |  b = 1



=== Stratified cross-validation ===

Correctly Classified Instances          91               98.913  %
Incorrectly Classified Instances         1                1.087  %
Kappa statistic                          0.7946
Mean absolute error                      0.0109
Root mean squared error                  0.1043
Relative absolute error                 14.7423 %
Root relative squared error             58.0964 %
Total Number of Instances               92     


=== Detailed Accuracy By Class ===

               TP Rate   FP Rate   Precision   Recall  F-Measure   ROC Area  Class
                 1         0.333      0.989     1         0.994      0.833    0
                 0.667     0          1         0.667     0.8        0.833    1
Weighted Avg.    0.989     0.322      0.989     0.989     0.988      0.833


=== Confusion Matrix ===

  a  b   <-- classified as
 89  0 |  a = 0
  1  2 |  b = 1

