
Options: -X 1 -S "weka.attributeSelection.BestFirst -D 1 -N 5" -R 

Decision Table:

Number of training instances: 92
Number of Rules : 1
Non matches covered by Majority class.
	Best first.
	Start set: no attributes
	Search direction: forward
	Stale search after 5 node expansions
	Total number of subsets evaluated: 66
	Merit of best subset found:   94.565
Evaluation (for feature selection): CV (leave one out) 
Feature set: 15

Rules:
=================================
isOptimizationProblem  
=================================
0
=================================



Time taken to build model: 0.07 seconds
Time taken to test model on training data: 0.01 seconds

=== Error on training data ===

Correctly Classified Instances          87               94.5652 %
Incorrectly Classified Instances         5                5.4348 %
Kappa statistic                          0     
Mean absolute error                      0.1119
Root mean squared error                  0.2269
Relative absolute error                100.5499 %
Root relative squared error            100.0131 %
Total Number of Instances               92     


=== Detailed Accuracy By Class ===

               TP Rate   FP Rate   Precision   Recall  F-Measure   ROC Area  Class
                 1         1          0.946     1         0.972      0.5      0
                 0         0          0         0         0          0.5      1
Weighted Avg.    0.946     0.946      0.894     0.946     0.919      0.5  


=== Confusion Matrix ===

  a  b   <-- classified as
 87  0 |  a = 0
  5  0 |  b = 1



=== Stratified cross-validation ===

Correctly Classified Instances          87               94.5652 %
Incorrectly Classified Instances         5                5.4348 %
Kappa statistic                          0     
Mean absolute error                      0.111 
Root mean squared error                  0.2277
Relative absolute error                 98.5499 %
Root relative squared error             99.7307 %
Total Number of Instances               92     


=== Detailed Accuracy By Class ===

               TP Rate   FP Rate   Precision   Recall  F-Measure   ROC Area  Class
                 1         1          0.946     1         0.972      0.379    0
                 0         0          0         0         0          0.379    1
Weighted Avg.    0.946     0.946      0.894     0.946     0.919      0.379


=== Confusion Matrix ===

  a  b   <-- classified as
 87  0 |  a = 0
  5  0 |  b = 1

