
Options: -X 1 -S "weka.attributeSelection.BestFirst -D 1 -N 5" -R 

Decision Table:

Number of training instances: 92
Number of Rules : 2
Non matches covered by Majority class.
	Best first.
	Start set: no attributes
	Search direction: forward
	Stale search after 5 node expansions
	Total number of subsets evaluated: 74
	Merit of best subset found:  100    
Evaluation (for feature selection): CV (leave one out) 
Feature set: 6,15

Rules:
=======================================================
stdNNZPerRow          isPowerNetworkProblem  
=======================================================
'(211.953652-inf)'    1
'(-inf-211.953652]'   0
=======================================================



Time taken to build model: 0.07 seconds
Time taken to test model on training data: 0.01 seconds

=== Error on training data ===

Correctly Classified Instances          92              100      %
Incorrectly Classified Instances         0                0      %
Kappa statistic                          1     
Mean absolute error                      0.0189
Root mean squared error                  0.0464
Relative absolute error                 26.1111 %
Root relative squared error             26.1111 %
Total Number of Instances               92     


=== Detailed Accuracy By Class ===

               TP Rate   FP Rate   Precision   Recall  F-Measure   ROC Area  Class
                 1         0          1         1         1          1        0
                 1         0          1         1         1          1        1
Weighted Avg.    1         0          1         1         1          1    


=== Confusion Matrix ===

  a  b   <-- classified as
 89  0 |  a = 0
  0  3 |  b = 1



=== Stratified cross-validation ===

Correctly Classified Instances          89               96.7391 %
Incorrectly Classified Instances         3                3.2609 %
Kappa statistic                          0     
Mean absolute error                      0.0501
Root mean squared error                  0.1754
Relative absolute error                 67.9045 %
Root relative squared error             97.7541 %
Total Number of Instances               92     


=== Detailed Accuracy By Class ===

               TP Rate   FP Rate   Precision   Recall  F-Measure   ROC Area  Class
                 1         1          0.967     1         0.983      0.85     0
                 0         0          0         0         0          0.85     1
Weighted Avg.    0.967     0.967      0.936     0.967     0.951      0.85 


=== Confusion Matrix ===

  a  b   <-- classified as
 89  0 |  a = 0
  3  0 |  b = 1

