
Options: -C 0.25 -M 2 

J48 pruned tree
------------------

stdNNZPerRow <= 101.977096: 0 (87.0)
stdNNZPerRow > 101.977096
|   isMaxEigNegative = true: 1 (3.0)
|   isMaxEigNegative = false: 0 (2.0)

Number of Leaves  : 	3

Size of the tree : 	5


Time taken to build model: 0.02 seconds
Time taken to test model on training data: 0.01 seconds

=== Error on training data ===

Correctly Classified Instances          92              100      %
Incorrectly Classified Instances         0                0      %
Kappa statistic                          1     
Mean absolute error                      0     
Root mean squared error                  0     
Relative absolute error                  0      %
Root relative squared error              0      %
Total Number of Instances               92     


=== Detailed Accuracy By Class ===

               TP Rate   FP Rate   Precision   Recall  F-Measure   ROC Area  Class
                 1         0          1         1         1          1        0
                 1         0          1         1         1          1        1
Weighted Avg.    1         0          1         1         1          1    


=== Confusion Matrix ===

  a  b   <-- classified as
 89  0 |  a = 0
  0  3 |  b = 1



=== Stratified cross-validation ===

Correctly Classified Instances          90               97.8261 %
Incorrectly Classified Instances         2                2.1739 %
Kappa statistic                          0.6554
Mean absolute error                      0.0217
Root mean squared error                  0.1474
Relative absolute error                 29.4846 %
Root relative squared error             82.1608 %
Total Number of Instances               92     


=== Detailed Accuracy By Class ===

               TP Rate   FP Rate   Precision   Recall  F-Measure   ROC Area  Class
                 0.989     0.333      0.989     0.989     0.989      0.828    0
                 0.667     0.011      0.667     0.667     0.667      0.828    1
Weighted Avg.    0.978     0.323      0.978     0.978     0.978      0.828


=== Confusion Matrix ===

  a  b   <-- classified as
 88  1 |  a = 0
  1  2 |  b = 1

