
Options: -C 0.25 -M 2 

J48 pruned tree
------------------

symmetric = symmetric: 0 (50.0/2.0)
symmetric = general
|   avgNNZPerRow <= 8.984141
|   |   stdNNZPerRow <= 1.269888
|   |   |   numberOfConnectedComponent <= 36: 0 (3.0)
|   |   |   numberOfConnectedComponent > 36: 1 (2.0)
|   |   stdNNZPerRow > 1.269888: 0 (30.0)
|   avgNNZPerRow > 8.984141: 1 (7.0/2.0)
symmetric = skew-symmetric: 0 (0.0)

Number of Leaves  : 	6

Size of the tree : 	10


Time taken to build model: 0.03 seconds
Time taken to test model on training data: 0.01 seconds

=== Error on training data ===

Correctly Classified Instances          88               95.6522 %
Incorrectly Classified Instances         4                4.3478 %
Kappa statistic                          0.7537
Mean absolute error                      0.0728
Root mean squared error                  0.1908
Relative absolute error                 39.693  %
Root relative squared error             64.1924 %
Total Number of Instances               92     


=== Detailed Accuracy By Class ===

               TP Rate   FP Rate   Precision   Recall  F-Measure   ROC Area  Class
                 0.976     0.222      0.976     0.976     0.976      0.924    0
                 0.778     0.024      0.778     0.778     0.778      0.924    1
Weighted Avg.    0.957     0.203      0.957     0.957     0.957      0.924


=== Confusion Matrix ===

  a  b   <-- classified as
 81  2 |  a = 0
  2  7 |  b = 1



=== Stratified cross-validation ===

Correctly Classified Instances          80               86.9565 %
Incorrectly Classified Instances        12               13.0435 %
Kappa statistic                         -0.0514
Mean absolute error                      0.1728
Root mean squared error                  0.3266
Relative absolute error                 93.7343 %
Root relative squared error            109.7422 %
Total Number of Instances               92     


=== Detailed Accuracy By Class ===

               TP Rate   FP Rate   Precision   Recall  F-Measure   ROC Area  Class
                 0.964     1          0.899     0.964     0.93       0.595    0
                 0         0.036      0         0         0          0.595    1
Weighted Avg.    0.87      0.906      0.811     0.87      0.839      0.595


=== Confusion Matrix ===

  a  b   <-- classified as
 80  3 |  a = 0
  9  0 |  b = 1

