
Options: -I 0 -M 500 -H 50 -W 0.0 

SimpleLogistic:

Class 0 :
2.16 + 
[numberOfBlockFromDmPerm] * 0    +
[avgNNZPerRow] * 0.03 +
[isBlockDiagonal] * 0.75 +
[field=real] * 1.82 +
[field=pattern] * -0.55 +
[symmetric=symmetric] * -1.93

Class 1 :
-1.98 + 
[numberOfBlockFromDmPerm] * 0    +
[avgNNZPerRow] * -0.03 +
[isBlockDiagonal] * -0.75 +
[field=real] * -1.29 +
[field=pattern] * 1.08 +
[symmetric=symmetric] * 1.23 +
[symmetric=general] * -0.7


Time taken to build model: 0.29 seconds
Time taken to test model on training data: 0.01 seconds

=== Error on training data ===

Correctly Classified Instances          89               96.7391 %
Incorrectly Classified Instances         3                3.2609 %
Kappa statistic                          0.7518
Mean absolute error                      0.055 
Root mean squared error                  0.1537
Relative absolute error                 42.2861 %
Root relative squared error             62.2199 %
Total Number of Instances               92     


=== Detailed Accuracy By Class ===

               TP Rate   FP Rate   Precision   Recall  F-Measure   ROC Area  Class
                 0.977     0.167      0.988     0.977     0.982      0.99     0
                 0.833     0.023      0.714     0.833     0.769      0.99     1
Weighted Avg.    0.967     0.157      0.97      0.967     0.969      0.99 


=== Confusion Matrix ===

  a  b   <-- classified as
 84  2 |  a = 0
  1  5 |  b = 1



=== Stratified cross-validation ===

Correctly Classified Instances          87               94.5652 %
Incorrectly Classified Instances         5                5.4348 %
Kappa statistic                          0.5168
Mean absolute error                      0.1558
Root mean squared error                  0.2832
Relative absolute error                118.6081 %
Root relative squared error            114.029  %
Total Number of Instances               92     


=== Detailed Accuracy By Class ===

               TP Rate   FP Rate   Precision   Recall  F-Measure   ROC Area  Class
                 0.977     0.5        0.966     0.977     0.971      0.901    0
                 0.5       0.023      0.6       0.5       0.545      0.901    1
Weighted Avg.    0.946     0.469      0.942     0.946     0.943      0.901


=== Confusion Matrix ===

  a  b   <-- classified as
 84  2 |  a = 0
  3  3 |  b = 1

