
Options: -I 0 -M 500 -H 50 -W 0.0 

SimpleLogistic:

Class 0 :
4.44 + 
[numberOfRows] * 0    +
[numberOfConnectedComponent] * 0    +
[normalizedAvgNNZPerRow] * 536.37 +
[avgNNZPerRow] * 0.02 +
[stdNNZPerRow] * -0.01 +
[isMaxEigNegative] * -1.48 +
[isBlockDiagonal] * -0.53 +
[field=real] * -1.73 +
[symmetric=symmetric] * -2.3

Class 1 :
-3.9 + 
[numberOfRows] * 0    +
[numberOfConnectedComponent] * 0    +
[normalizedAvgNNZPerRow] * -536.37 +
[avgNNZPerRow] * -0.02 +
[stdNNZPerRow] * 0.01 +
[isMaxEigNegative] * 1.48 +
[isBlockDiagonal] * 0.53 +
[field=real] * 1.19 +
[field=pattern] * -0.54 +
[symmetric=symmetric] * 2.3 


Time taken to build model: 0.28 seconds
Time taken to test model on training data: 0.01 seconds

=== Error on training data ===

Correctly Classified Instances          92              100      %
Incorrectly Classified Instances         0                0      %
Kappa statistic                          1     
Mean absolute error                      0.0263
Root mean squared error                  0.0696
Relative absolute error                 23.6857 %
Root relative squared error             30.6932 %
Total Number of Instances               92     


=== Detailed Accuracy By Class ===

               TP Rate   FP Rate   Precision   Recall  F-Measure   ROC Area  Class
                 1         0          1         1         1          1        0
                 1         0          1         1         1          1        1
Weighted Avg.    1         0          1         1         1          1    


=== Confusion Matrix ===

  a  b   <-- classified as
 87  0 |  a = 0
  0  5 |  b = 1



=== Stratified cross-validation ===

Correctly Classified Instances          88               95.6522 %
Incorrectly Classified Instances         4                4.3478 %
Kappa statistic                          0.577 
Mean absolute error                      0.1114
Root mean squared error                  0.2386
Relative absolute error                 98.8719 %
Root relative squared error            104.4965 %
Total Number of Instances               92     


=== Detailed Accuracy By Class ===

               TP Rate   FP Rate   Precision   Recall  F-Measure   ROC Area  Class
                 0.977     0.4        0.977     0.977     0.977      0.924    0
                 0.6       0.023      0.6       0.6       0.6        0.924    1
Weighted Avg.    0.957     0.38       0.957     0.957     0.957      0.924


=== Confusion Matrix ===

  a  b   <-- classified as
 85  2 |  a = 0
  2  3 |  b = 1

