Number of all possible conditions = 12458.0
Sorted classes:
0: 1 has 0.0 instances.
1: 0 has 1202.0 instances.


Class 1(0): 0.0instances
=====================================

Inside m_Ruleset
 => isEigenvalueModelReductionProblem=0
Number of all possible conditions = 11334.0
Sorted classes:
0: 1 has 0.0 instances.
1: 0 has 1081.0 instances.


Class 1(0): 0.0instances
=====================================

Number of all possible conditions = 11388.0
Sorted classes:
0: 1 has 0.0 instances.
1: 0 has 1081.0 instances.


Class 1(0): 0.0instances
=====================================

Number of all possible conditions = 11344.0
Sorted classes:
0: 1 has 0.0 instances.
1: 0 has 1082.0 instances.


Class 1(0): 0.0instances
=====================================

Number of all possible conditions = 11326.0
Sorted classes:
0: 1 has 0.0 instances.
1: 0 has 1082.0 instances.


Class 1(0): 0.0instances
=====================================

Number of all possible conditions = 11302.0
Sorted classes:
0: 1 has 0.0 instances.
1: 0 has 1082.0 instances.


Class 1(0): 0.0instances
=====================================

Number of all possible conditions = 11418.0
Sorted classes:
0: 1 has 0.0 instances.
1: 0 has 1082.0 instances.


Class 1(0): 0.0instances
=====================================

Number of all possible conditions = 11266.0
Sorted classes:
0: 1 has 0.0 instances.
1: 0 has 1082.0 instances.


Class 1(0): 0.0instances
=====================================

Number of all possible conditions = 11284.0
Sorted classes:
0: 1 has 0.0 instances.
1: 0 has 1082.0 instances.


Class 1(0): 0.0instances
=====================================

Number of all possible conditions = 11374.0
Sorted classes:
0: 1 has 0.0 instances.
1: 0 has 1082.0 instances.


Class 1(0): 0.0instances
=====================================

Number of all possible conditions = 11334.0
Sorted classes:
0: 1 has 0.0 instances.
1: 0 has 1082.0 instances.


Class 1(0): 0.0instances
=====================================


Options: -F 3 -N 2.0 -O 2 -S 1 -D 

JRIP rules:
===========

 => isEigenvalueModelReductionProblem=0 (1202.0/0.0)

Number of Rules : 1


Time taken to build model: 0.04 seconds
Time taken to test model on training data: 0.03 seconds

=== Error on training data ===

Correctly Classified Instances        1202              100      %
Incorrectly Classified Instances         0                0      %
Kappa statistic                          1     
Mean absolute error                      0     
Root mean squared error                  0     
Relative absolute error                  0      %
Root relative squared error              0      %
Total Number of Instances             1202     


=== Detailed Accuracy By Class ===

               TP Rate   FP Rate   Precision   Recall  F-Measure   ROC Area  Class
                 1         0          1         1         1          ?        0
                 0         0          0         0         0          ?        1
Weighted Avg.    1         0          1         1         1          0    


=== Confusion Matrix ===

    a    b   <-- classified as
 1202    0 |    a = 0
    0    0 |    b = 1



=== Stratified cross-validation ===

Correctly Classified Instances        1202              100      %
Incorrectly Classified Instances         0                0      %
Kappa statistic                          1     
Mean absolute error                      0     
Root mean squared error                  0     
Relative absolute error                  0      %
Root relative squared error              0      %
Total Number of Instances             1202     


=== Detailed Accuracy By Class ===

               TP Rate   FP Rate   Precision   Recall  F-Measure   ROC Area  Class
                 1         0          1         1         1          ?        0
                 0         0          0         0         0          ?        1
Weighted Avg.    1         0          1         1         1          0    


=== Confusion Matrix ===

    a    b   <-- classified as
 1202    0 |    a = 0
    0    0 |    b = 1

