
Time taken to build model: 0.35 seconds
Time taken to test model on training data: 0.03 seconds

=== Error on training data ===

Correctly Classified Instances        1178               95.9283 %
Incorrectly Classified Instances        50                4.0717 %
Kappa statistic                          0.4618
Mean absolute error                      0.0829
Root mean squared error                  0.1911
Relative absolute error                 78.7286 %
Root relative squared error             83.534  %
Total Number of Instances             1228     


=== Detailed Accuracy By Class ===

               TP Rate   FP Rate   Precision   Recall  F-Measure   ROC Area  Class
                 0.996     0.662      0.963     0.996     0.979      0.9      0
                 0.338     0.004      0.821     0.338     0.479      0.9      1
Weighted Avg.    0.959     0.625      0.955     0.959     0.951      0.9  


=== Confusion Matrix ===

    a    b   <-- classified as
 1155    5 |    a = 0
   45   23 |    b = 1



=== Stratified cross-validation ===

Correctly Classified Instances        1164               94.7883 %
Incorrectly Classified Instances        64                5.2117 %
Kappa statistic                          0.1273
Mean absolute error                      0.1016
Root mean squared error                  0.2206
Relative absolute error                 96.5028 %
Root relative squared error             96.4502 %
Total Number of Instances             1228     


=== Detailed Accuracy By Class ===

               TP Rate   FP Rate   Precision   Recall  F-Measure   ROC Area  Class
                 0.999     0.926      0.948     0.999     0.973      0.621    0
                 0.074     0.001      0.833     0.074     0.135      0.621    1
Weighted Avg.    0.948     0.875      0.942     0.948     0.927      0.621


=== Confusion Matrix ===

    a    b   <-- classified as
 1159    1 |    a = 0
   63    5 |    b = 1

