
Time taken to build model: 1.18 seconds
Time taken to test model on training data: 0.04 seconds

=== Error on training data ===

Correctly Classified Instances        1134               92.3453 %
Incorrectly Classified Instances        94                7.6547 %
Kappa statistic                          0.6012
Mean absolute error                      0.1812
Root mean squared error                  0.2738
Relative absolute error                121.7943 %
Root relative squared error            100.5809 %
Total Number of Instances             1228     


=== Detailed Accuracy By Class ===

               TP Rate   FP Rate   Precision   Recall  F-Measure   ROC Area  Class
                 0.93      0.152      0.986     0.93      0.957      0.947    0
                 0.848     0.07       0.515     0.848     0.641      0.947    1
Weighted Avg.    0.923     0.145      0.948     0.923     0.932      0.947


=== Confusion Matrix ===

    a    b   <-- classified as
 1050   79 |    a = 0
   15   84 |    b = 1



=== Stratified cross-validation ===

Correctly Classified Instances        1143               93.0782 %
Incorrectly Classified Instances        85                6.9218 %
Kappa statistic                          0.5175
Mean absolute error                      0.1728
Root mean squared error                  0.2608
Relative absolute error                116.0375 %
Root relative squared error             95.8025 %
Total Number of Instances             1228     


=== Detailed Accuracy By Class ===

               TP Rate   FP Rate   Precision   Recall  F-Measure   ROC Area  Class
                 0.965     0.465      0.96      0.965     0.962      0.849    0
                 0.535     0.035      0.576     0.535     0.555      0.849    1
Weighted Avg.    0.931     0.43       0.929     0.931     0.93       0.849


=== Confusion Matrix ===

    a    b   <-- classified as
 1090   39 |    a = 0
   46   53 |    b = 1

