
Time taken to build model: 1.83 seconds
Time taken to test model on training data: 0.04 seconds

=== Error on training data ===

Correctly Classified Instances        1222               99.5114 %
Incorrectly Classified Instances         6                0.4886 %
Kappa statistic                          0.9805
Mean absolute error                      0.0061
Root mean squared error                  0.0696
Relative absolute error                  2.4248 %
Root relative squared error             19.5977 %
Total Number of Instances             1228     


=== Detailed Accuracy By Class ===

               TP Rate   FP Rate   Precision   Recall  F-Measure   ROC Area  Class
                 0.999     0.027      0.995     0.999     0.997      0.996    0
                 0.973     0.001      0.994     0.973     0.983      0.996    1
Weighted Avg.    0.995     0.024      0.995     0.995     0.995      0.996


=== Confusion Matrix ===

    a    b   <-- classified as
 1045    1 |    a = 0
    5  177 |    b = 1



=== Stratified cross-validation ===

Correctly Classified Instances        1218               99.1857 %
Incorrectly Classified Instances        10                0.8143 %
Kappa statistic                          0.9675
Mean absolute error                      0.0113
Root mean squared error                  0.0864
Relative absolute error                  4.4768 %
Root relative squared error             24.315  %
Total Number of Instances             1228     


=== Detailed Accuracy By Class ===

               TP Rate   FP Rate   Precision   Recall  F-Measure   ROC Area  Class
                 0.997     0.038      0.993     0.997     0.995      0.993    0
                 0.962     0.003      0.983     0.962     0.972      0.993    1
Weighted Avg.    0.992     0.033      0.992     0.992     0.992      0.993


=== Confusion Matrix ===

    a    b   <-- classified as
 1043    3 |    a = 0
    7  175 |    b = 1

