
Time taken to build model: 1.11 seconds
Time taken to test model on training data: 0.04 seconds

=== Error on training data ===

Correctly Classified Instances        1228              100      %
Incorrectly Classified Instances         0                0      %
Kappa statistic                          1     
Mean absolute error                      0.0008
Root mean squared error                  0.0008
Relative absolute error                100.0814 %
Root relative squared error            100.0814 %
Total Number of Instances             1228     


=== Detailed Accuracy By Class ===

               TP Rate   FP Rate   Precision   Recall  F-Measure   ROC Area  Class
                 1         0          1         1         1          ?        0
                 0         0          0         0         0          ?        1
Weighted Avg.    1         0          1         1         1          0    


=== Confusion Matrix ===

    a    b   <-- classified as
 1228    0 |    a = 0
    0    0 |    b = 1



=== Stratified cross-validation ===

Correctly Classified Instances        1228              100      %
Incorrectly Classified Instances         0                0      %
Kappa statistic                          1     
Mean absolute error                      0.0009
Root mean squared error                  0.0009
Relative absolute error                100.0904 %
Root relative squared error            100.0904 %
Total Number of Instances             1228     


=== Detailed Accuracy By Class ===

               TP Rate   FP Rate   Precision   Recall  F-Measure   ROC Area  Class
                 1         0          1         1         1          ?        0
                 0         0          0         0         0          ?        1
Weighted Avg.    1         0          1         1         1          0    


=== Confusion Matrix ===

    a    b   <-- classified as
 1228    0 |    a = 0
    0    0 |    b = 1

