
Time taken to build model: 0.11 seconds
Time taken to test model on training data: 0.03 seconds

=== Error on training data ===

Correctly Classified Instances        1218               99.1857 %
Incorrectly Classified Instances        10                0.8143 %
Kappa statistic                          0.8676
Mean absolute error                      0.0149
Root mean squared error                  0.0855
Relative absolute error                 23.4383 %
Root relative squared error             48.1762 %
Total Number of Instances             1228     


=== Detailed Accuracy By Class ===

               TP Rate   FP Rate   Precision   Recall  F-Measure   ROC Area  Class
                 0.997     0.15       0.995     0.997     0.996      0.983    0
                 0.85      0.003      0.895     0.85      0.872      0.983    1
Weighted Avg.    0.992     0.145      0.992     0.992     0.992      0.983


=== Confusion Matrix ===

    a    b   <-- classified as
 1184    4 |    a = 0
    6   34 |    b = 1



=== Stratified cross-validation ===

Correctly Classified Instances        1197               97.4756 %
Incorrectly Classified Instances        31                2.5244 %
Kappa statistic                          0.5625
Mean absolute error                      0.0313
Root mean squared error                  0.1512
Relative absolute error                 49.0944 %
Root relative squared error             85.1462 %
Total Number of Instances             1228     


=== Detailed Accuracy By Class ===

               TP Rate   FP Rate   Precision   Recall  F-Measure   ROC Area  Class
                 0.99      0.475      0.984     0.99      0.987      0.919    0
                 0.525     0.01       0.636     0.525     0.575      0.919    1
Weighted Avg.    0.975     0.46       0.973     0.975     0.974      0.919


=== Confusion Matrix ===

    a    b   <-- classified as
 1176   12 |    a = 0
   19   21 |    b = 1

