
Time taken to build model: 0.34 seconds
Time taken to test model on training data: 0.03 seconds

=== Error on training data ===

Correctly Classified Instances        1197               97.4756 %
Incorrectly Classified Instances        31                2.5244 %
Kappa statistic                          0.6312
Mean absolute error                      0.0463
Root mean squared error                  0.1522
Relative absolute error                 55.6012 %
Root relative squared error             74.8714 %
Total Number of Instances             1228     


=== Detailed Accuracy By Class ===

               TP Rate   FP Rate   Precision   Recall  F-Measure   ROC Area  Class
                 0.995     0.472      0.979     0.995     0.987      0.762    0
                 0.528     0.005      0.824     0.528     0.644      0.762    1
Weighted Avg.    0.975     0.452      0.972     0.975     0.972      0.762


=== Confusion Matrix ===

    a    b   <-- classified as
 1169    6 |    a = 0
   25   28 |    b = 1



=== Stratified cross-validation ===

Correctly Classified Instances        1181               96.1726 %
Incorrectly Classified Instances        47                3.8274 %
Kappa statistic                          0.4528
Mean absolute error                      0.056 
Root mean squared error                  0.1872
Relative absolute error                 67.1699 %
Root relative squared error             92.1351 %
Total Number of Instances             1228     


=== Detailed Accuracy By Class ===

               TP Rate   FP Rate   Precision   Recall  F-Measure   ROC Area  Class
                 0.987     0.604      0.973     0.987     0.98       0.731    0
                 0.396     0.013      0.583     0.396     0.472      0.731    1
Weighted Avg.    0.962     0.578      0.956     0.962     0.958      0.731


=== Confusion Matrix ===

    a    b   <-- classified as
 1160   15 |    a = 0
   32   21 |    b = 1

