
Time taken to build model: 0.04 seconds
Time taken to test model on training data: 0.03 seconds

=== Error on training data ===

Correctly Classified Instances        1138               92.671  %
Incorrectly Classified Instances        90                7.329  %
Kappa statistic                          0.2498
Mean absolute error                      0.0733
Root mean squared error                  0.2707
Relative absolute error                 49.2503 %
Root relative squared error             99.4385 %
Total Number of Instances             1228     


=== Detailed Accuracy By Class ===

               TP Rate   FP Rate   Precision   Recall  F-Measure   ROC Area  Class
                 0.993     0.828      0.932     0.993     0.961      0.582    0
                 0.172     0.007      0.68      0.172     0.274      0.582    1
Weighted Avg.    0.927     0.762      0.912     0.927     0.906      0.582


=== Confusion Matrix ===

    a    b   <-- classified as
 1121    8 |    a = 0
   82   17 |    b = 1



=== Stratified cross-validation ===

Correctly Classified Instances        1128               91.8567 %
Incorrectly Classified Instances       100                8.1433 %
Kappa statistic                          0.1546
Mean absolute error                      0.0814
Root mean squared error                  0.2854
Relative absolute error                 54.699  %
Root relative squared error            104.8164 %
Total Number of Instances             1228     


=== Detailed Accuracy By Class ===

               TP Rate   FP Rate   Precision   Recall  F-Measure   ROC Area  Class
                 0.989     0.889      0.927     0.989     0.957      0.55     0
                 0.111     0.011      0.478     0.111     0.18       0.55     1
Weighted Avg.    0.919     0.818      0.891     0.919     0.895      0.55 


=== Confusion Matrix ===

    a    b   <-- classified as
 1117   12 |    a = 0
   88   11 |    b = 1

