
Time taken to build model: 0.12 seconds
Time taken to test model on training data: 0.03 seconds

=== Error on training data ===

Correctly Classified Instances        1224               99.6743 %
Incorrectly Classified Instances         4                0.3257 %
Kappa statistic                          0.9613
Mean absolute error                      0.0062
Root mean squared error                  0.0556
Relative absolute error                  7.3037 %
Root relative squared error             27.1337 %
Total Number of Instances             1228     


=== Detailed Accuracy By Class ===

               TP Rate   FP Rate   Precision   Recall  F-Measure   ROC Area  Class
                 0.998     0.037      0.998     0.998     0.998      0.994    0
                 0.963     0.002      0.963     0.963     0.963      0.994    1
Weighted Avg.    0.997     0.035      0.997     0.997     0.997      0.994


=== Confusion Matrix ===

    a    b   <-- classified as
 1172    2 |    a = 0
    2   52 |    b = 1



=== Stratified cross-validation ===

Correctly Classified Instances        1221               99.43   %
Incorrectly Classified Instances         7                0.57   %
Kappa statistic                          0.9316
Mean absolute error                      0.0086
Root mean squared error                  0.0762
Relative absolute error                 10.1181 %
Root relative squared error             37.1455 %
Total Number of Instances             1228     


=== Detailed Accuracy By Class ===

               TP Rate   FP Rate   Precision   Recall  F-Measure   ROC Area  Class
                 0.997     0.074      0.997     0.997     0.997      0.953    0
                 0.926     0.003      0.943     0.926     0.935      0.953    1
Weighted Avg.    0.994     0.071      0.994     0.994     0.994      0.953


=== Confusion Matrix ===

    a    b   <-- classified as
 1171    3 |    a = 0
    4   50 |    b = 1

