
Time taken to build model: 0.13 seconds
Time taken to test model on training data: 0.03 seconds

=== Error on training data ===

Correctly Classified Instances        1216               99.0228 %
Incorrectly Classified Instances        12                0.9772 %
Kappa statistic                          0.8914
Mean absolute error                      0.0167
Root mean squared error                  0.0913
Relative absolute error                 17.8278 %
Root relative squared error             42.3728 %
Total Number of Instances             1228     


=== Detailed Accuracy By Class ===

               TP Rate   FP Rate   Precision   Recall  F-Measure   ROC Area  Class
                 0.997     0.133      0.993     0.997     0.995      0.995    0
                 0.867     0.003      0.929     0.867     0.897      0.995    1
Weighted Avg.    0.99      0.127      0.99      0.99      0.99       0.995


=== Confusion Matrix ===

    a    b   <-- classified as
 1164    4 |    a = 0
    8   52 |    b = 1



=== Stratified cross-validation ===

Correctly Classified Instances        1190               96.9055 %
Incorrectly Classified Instances        38                3.0945 %
Kappa statistic                          0.6446
Mean absolute error                      0.0355
Root mean squared error                  0.1652
Relative absolute error                 37.9156 %
Root relative squared error             76.6526 %
Total Number of Instances             1228     


=== Detailed Accuracy By Class ===

               TP Rate   FP Rate   Precision   Recall  F-Measure   ROC Area  Class
                 0.987     0.383      0.98      0.987     0.984      0.899    0
                 0.617     0.013      0.712     0.617     0.661      0.899    1
Weighted Avg.    0.969     0.365      0.967     0.969     0.968      0.899


=== Confusion Matrix ===

    a    b   <-- classified as
 1153   15 |    a = 0
   23   37 |    b = 1

