
Time taken to build model: 0.18 seconds
Time taken to test model on training data: 0.03 seconds

=== Error on training data ===

Correctly Classified Instances        1222               99.5114 %
Incorrectly Classified Instances         6                0.4886 %
Kappa statistic                          0.9206
Mean absolute error                      0.0088
Root mean squared error                  0.0658
Relative absolute error                 13.799  %
Root relative squared error             37.0858 %
Total Number of Instances             1228     


=== Detailed Accuracy By Class ===

               TP Rate   FP Rate   Precision   Recall  F-Measure   ROC Area  Class
                 0.998     0.1        0.997     0.998     0.997      0.997    0
                 0.9       0.002      0.947     0.9       0.923      0.997    1
Weighted Avg.    0.995     0.097      0.995     0.995     0.995      0.997


=== Confusion Matrix ===

    a    b   <-- classified as
 1186    2 |    a = 0
    4   36 |    b = 1



=== Stratified cross-validation ===

Correctly Classified Instances        1203               97.9642 %
Incorrectly Classified Instances        25                2.0358 %
Kappa statistic                          0.6648
Mean absolute error                      0.0231
Root mean squared error                  0.1378
Relative absolute error                 36.2297 %
Root relative squared error             77.6161 %
Total Number of Instances             1228     


=== Detailed Accuracy By Class ===

               TP Rate   FP Rate   Precision   Recall  F-Measure   ROC Area  Class
                 0.991     0.35       0.988     0.991     0.989      0.953    0
                 0.65      0.009      0.703     0.65      0.675      0.953    1
Weighted Avg.    0.98      0.339      0.979     0.98      0.979      0.953


=== Confusion Matrix ===

    a    b   <-- classified as
 1177   11 |    a = 0
   14   26 |    b = 1

