
Time taken to build model: 0.15 seconds
Time taken to test model on training data: 0.03 seconds

=== Error on training data ===

Correctly Classified Instances        1212               98.6971 %
Incorrectly Classified Instances        16                1.3029 %
Kappa statistic                          0.8195
Mean absolute error                      0.0253
Root mean squared error                  0.1124
Relative absolute error                 29.8035 %
Root relative squared error             54.8114 %
Total Number of Instances             1228     


=== Detailed Accuracy By Class ===

               TP Rate   FP Rate   Precision   Recall  F-Measure   ROC Area  Class
                 1         0.296      0.987     1         0.993      0.93     0
                 0.704     0          1         0.704     0.826      0.93     1
Weighted Avg.    0.987     0.283      0.987     0.987     0.986      0.93 


=== Confusion Matrix ===

    a    b   <-- classified as
 1174    0 |    a = 0
   16   38 |    b = 1



=== Stratified cross-validation ===

Correctly Classified Instances        1194               97.2313 %
Incorrectly Classified Instances        34                2.7687 %
Kappa statistic                          0.6457
Mean absolute error                      0.0392
Root mean squared error                  0.1641
Relative absolute error                 46.1863 %
Root relative squared error             80.028  %
Total Number of Instances             1228     


=== Detailed Accuracy By Class ===

               TP Rate   FP Rate   Precision   Recall  F-Measure   ROC Area  Class
                 0.989     0.389      0.982     0.989     0.986      0.823    0
                 0.611     0.011      0.717     0.611     0.66       0.823    1
Weighted Avg.    0.972     0.372      0.971     0.972     0.971      0.823


=== Confusion Matrix ===

    a    b   <-- classified as
 1161   13 |    a = 0
   21   33 |    b = 1

