
Time taken to build model: 0.14 seconds
Time taken to test model on training data: 0.03 seconds

=== Error on training data ===

Correctly Classified Instances        1188               96.7427 %
Incorrectly Classified Instances        40                3.2573 %
Kappa statistic                          0.7015
Mean absolute error                      0.0326
Root mean squared error                  0.1805
Relative absolute error                 34.7979 %
Root relative squared error             83.7201 %
Total Number of Instances             1228     


=== Detailed Accuracy By Class ===

               TP Rate   FP Rate   Precision   Recall  F-Measure   ROC Area  Class
                 0.973     0.15       0.992     0.973     0.983      0.912    0
                 0.85      0.027      0.622     0.85      0.718      0.912    1
Weighted Avg.    0.967     0.144      0.974     0.967     0.97       0.912


=== Confusion Matrix ===

    a    b   <-- classified as
 1137   31 |    a = 0
    9   51 |    b = 1



=== Stratified cross-validation ===

Correctly Classified Instances        1167               95.0326 %
Incorrectly Classified Instances        61                4.9674 %
Kappa statistic                          0.5011
Mean absolute error                      0.0497
Root mean squared error                  0.2229
Relative absolute error                 53.0251 %
Root relative squared error            103.3865 %
Total Number of Instances             1228     


=== Detailed Accuracy By Class ===

               TP Rate   FP Rate   Precision   Recall  F-Measure   ROC Area  Class
                 0.97      0.433      0.978     0.97      0.974      0.768    0
                 0.567     0.03       0.493     0.567     0.527      0.768    1
Weighted Avg.    0.95      0.414      0.954     0.95      0.952      0.768


=== Confusion Matrix ===

    a    b   <-- classified as
 1133   35 |    a = 0
   26   34 |    b = 1

