
Time taken to build model: 0.14 seconds
Time taken to test model on training data: 0.03 seconds

=== Error on training data ===

Correctly Classified Instances        1196               97.3941 %
Incorrectly Classified Instances        32                2.6059 %
Kappa statistic                          0.326 
Mean absolute error                      0.0261
Root mean squared error                  0.1614
Relative absolute error                 40.8859 %
Root relative squared error             90.9352 %
Total Number of Instances             1228     


=== Detailed Accuracy By Class ===

               TP Rate   FP Rate   Precision   Recall  F-Measure   ROC Area  Class
                 1         0.8        0.974     1         0.987      0.6      0
                 0.2       0          1         0.2       0.333      0.6      1
Weighted Avg.    0.974     0.774      0.975     0.974     0.965      0.6  


=== Confusion Matrix ===

    a    b   <-- classified as
 1188    0 |    a = 0
   32    8 |    b = 1



=== Stratified cross-validation ===

Correctly Classified Instances        1199               97.6384 %
Incorrectly Classified Instances        29                2.3616 %
Kappa statistic                          0.5424
Mean absolute error                      0.0236
Root mean squared error                  0.1537
Relative absolute error                 37.007  %
Root relative squared error             86.5675 %
Total Number of Instances             1228     


=== Detailed Accuracy By Class ===

               TP Rate   FP Rate   Precision   Recall  F-Measure   ROC Area  Class
                 0.994     0.55       0.982     0.994     0.988      0.722    0
                 0.45      0.006      0.72      0.45      0.554      0.722    1
Weighted Avg.    0.976     0.532      0.973     0.976     0.974      0.722


=== Confusion Matrix ===

    a    b   <-- classified as
 1181    7 |    a = 0
   22   18 |    b = 1

