
Time taken to build model: 0.98 seconds
Time taken to test model on training data: 0.02 seconds

=== Error on training data ===

Correctly Classified Instances        1106               90.0651 %
Incorrectly Classified Instances       122                9.9349 %
Kappa statistic                          0.0796
Mean absolute error                      0.1535
Root mean squared error                  0.274 
Relative absolute error                 82.5396 %
Root relative squared error             89.9716 %
Total Number of Instances             1228     


=== Detailed Accuracy By Class ===

               TP Rate   FP Rate   Precision   Recall  F-Measure   ROC Area  Class
                 0.999     0.953      0.901     0.999     0.947      0.853    0
                 0.047     0.001      0.857     0.047     0.09       0.853    1
Weighted Avg.    0.901     0.854      0.896     0.901     0.859      0.853


=== Confusion Matrix ===

    a    b   <-- classified as
 1100    1 |    a = 0
  121    6 |    b = 1



=== Stratified cross-validation ===

Correctly Classified Instances        1102               89.7394 %
Incorrectly Classified Instances       126               10.2606 %
Kappa statistic                          0.0824
Mean absolute error                      0.1899
Root mean squared error                  0.308 
Relative absolute error                102.0813 %
Root relative squared error            101.1458 %
Total Number of Instances             1228     


=== Detailed Accuracy By Class ===

               TP Rate   FP Rate   Precision   Recall  F-Measure   ROC Area  Class
                 0.995     0.945      0.901     0.995     0.946      0.771    0
                 0.055     0.005      0.538     0.055     0.1        0.771    1
Weighted Avg.    0.897     0.848      0.864     0.897     0.858      0.771


=== Confusion Matrix ===

    a    b   <-- classified as
 1095    6 |    a = 0
  120    7 |    b = 1

