
Options: -X 1 -S "weka.attributeSelection.BestFirst -D 1 -N 5" -R 

Decision Table:

Number of training instances: 1202
Number of Rules : 1
Non matches covered by Majority class.
	Best first.
	Start set: no attributes
	Search direction: forward
	Stale search after 5 node expansions
	Total number of subsets evaluated: 66
	Merit of best subset found:   91.764
Evaluation (for feature selection): CV (leave one out) 
Feature set: 15

Rules:
=================================
isOptimizationProblem  
=================================
0
=================================



Time taken to build model: 0.28 seconds
Time taken to test model on training data: 0.05 seconds

=== Error on training data ===

Correctly Classified Instances        1103               91.7637 %
Incorrectly Classified Instances        99                8.2363 %
Kappa statistic                          0     
Mean absolute error                      0.1518
Root mean squared error                  0.2749
Relative absolute error                100.038  %
Root relative squared error            100.0001 %
Total Number of Instances             1202     


=== Detailed Accuracy By Class ===

               TP Rate   FP Rate   Precision   Recall  F-Measure   ROC Area  Class
                 1         1          0.918     1         0.957      0.5      0
                 0         0          0         0         0          0.5      1
Weighted Avg.    0.918     0.918      0.842     0.918     0.878      0.5  


=== Confusion Matrix ===

    a    b   <-- classified as
 1103    0 |    a = 0
   99    0 |    b = 1



=== Stratified cross-validation ===

Correctly Classified Instances        1111               92.4293 %
Incorrectly Classified Instances        91                7.5707 %
Kappa statistic                          0.202 
Mean absolute error                      0.1604
Root mean squared error                  0.2743
Relative absolute error                105.6727 %
Root relative squared error             99.7626 %
Total Number of Instances             1202     


=== Detailed Accuracy By Class ===

               TP Rate   FP Rate   Precision   Recall  F-Measure   ROC Area  Class
                 0.995     0.869      0.927     0.995     0.96       0.589    0
                 0.131     0.005      0.722     0.131     0.222      0.589    1
Weighted Avg.    0.924     0.798      0.91      0.924     0.899      0.589


=== Confusion Matrix ===

    a    b   <-- classified as
 1098    5 |    a = 0
   86   13 |    b = 1

