
Options: -C 0.25 -M 2 

J48 pruned tree
------------------

field = real
|   numberOfBlockFromDmPerm <= 147
|   |   maxEig <= 2.342953
|   |   |   maxEig <= 2.193355
|   |   |   |   isMaxEigNegative = true
|   |   |   |   |   isBlockDiagonal = true: 1 (7.0/2.0)
|   |   |   |   |   isBlockDiagonal = false: 0 (6.0)
|   |   |   |   isMaxEigNegative = false
|   |   |   |   |   avgNNZPerRow <= 4.956987
|   |   |   |   |   |   avgNNZPerRow <= 4.822951: 0 (7.23)
|   |   |   |   |   |   avgNNZPerRow > 4.822951: 1 (6.0)
|   |   |   |   |   avgNNZPerRow > 4.956987: 0 (31.69/0.23)
|   |   |   maxEig > 2.193355: 1 (5.08/0.06)
|   |   maxEig > 2.342953
|   |   |   symmetric = symmetric: 0 (231.0/2.0)
|   |   |   symmetric = general
|   |   |   |   isBlockDiagonal = true
|   |   |   |   |   stdNNZPerRow <= 6.745019
|   |   |   |   |   |   avgNNZPerRow <= 7.162889: 0 (74.0)
|   |   |   |   |   |   avgNNZPerRow > 7.162889: 1 (9.75/2.0)
|   |   |   |   |   stdNNZPerRow > 6.745019: 0 (35.75/1.0)
|   |   |   |   isBlockDiagonal = false: 0 (92.5/3.0)
|   |   |   symmetric = skew-symmetric: 0 (0.0)
|   |   |   symmetric = hermitian: 0 (0.0)
|   numberOfBlockFromDmPerm > 147: 0 (336.0)
field = pattern: 0 (290.0)
field = integer: 0 (56.0)
field = complex
|   isMaxEigNegative = true
|   |   numberOfRows <= 19242: 1 (2.0)
|   |   numberOfRows > 19242: 0 (4.0)
|   isMaxEigNegative = false: 1 (8.0)

Number of Leaves  : 	19

Size of the tree : 	33


Time taken to build model: 0.11 seconds
Time taken to test model on training data: 0.05 seconds

=== Error on training data ===

Correctly Classified Instances        1192               99.1681 %
Incorrectly Classified Instances        10                0.8319 %
Kappa statistic                          0.8675
Mean absolute error                      0.0152
Root mean squared error                  0.0864
Relative absolute error                 23.4314 %
Root relative squared error             48.1894 %
Total Number of Instances             1202     


=== Detailed Accuracy By Class ===

               TP Rate   FP Rate   Precision   Recall  F-Measure   ROC Area  Class
                 0.997     0.15       0.995     0.997     0.996      0.983    0
                 0.85      0.003      0.895     0.85      0.872      0.983    1
Weighted Avg.    0.992     0.145      0.992     0.992     0.992      0.983


=== Confusion Matrix ===

    a    b   <-- classified as
 1158    4 |    a = 0
    6   34 |    b = 1



=== Stratified cross-validation ===

Correctly Classified Instances        1172               97.5042 %
Incorrectly Classified Instances        30                2.4958 %
Kappa statistic                          0.5588
Mean absolute error                      0.0318
Root mean squared error                  0.1559
Relative absolute error                 48.8623 %
Root relative squared error             86.8941 %
Total Number of Instances             1202     


=== Detailed Accuracy By Class ===

               TP Rate   FP Rate   Precision   Recall  F-Measure   ROC Area  Class
                 0.991     0.5        0.983     0.991     0.987      0.842    0
                 0.5       0.009      0.667     0.5       0.571      0.842    1
Weighted Avg.    0.975     0.484      0.972     0.975     0.973      0.842


=== Confusion Matrix ===

    a    b   <-- classified as
 1152   10 |    a = 0
   20   20 |    b = 1

