
Options: -I 0 -M 500 -H 50 -W 0.0 

SimpleLogistic:

Class 0 :
3.27 + 
[numberOfRows] * 0    +
[numberOfConnectedComponent] * 0    +
[numberOfBlockFromDmPerm] * 0    +
[avgNNZPerRow] * -0.01 +
[stdNNZPerRow] * 0    +
[varNNZPerRow] * 0    +
[isMaxEigNegative] * 0.43 +
[isDiagonallyDominant] * 0.34 +
[isBlockDiagonal] * -0.5 +
[isDiagonal] * -1.06 +
[field=real] * -1.34 +
[field=integer] * 0.51 +
[field=complex] * 0.56 +
[symmetric=general] * -0.58

Class 1 :
-3.27 + 
[numberOfRows] * 0    +
[numberOfConnectedComponent] * 0    +
[numberOfBlockFromDmPerm] * 0    +
[avgNNZPerRow] * 0.01 +
[stdNNZPerRow] * 0    +
[varNNZPerRow] * 0    +
[isMaxEigNegative] * -0.43 +
[isDiagonallyDominant] * -0.34 +
[isBlockDiagonal] * 0.5  +
[isDiagonal] * 1.06 +
[field=real] * 1.34 +
[field=integer] * -0.51 +
[field=complex] * -0.56 +
[symmetric=general] * 0.58


Time taken to build model: 1.18 seconds
Time taken to test model on training data: 0.04 seconds

=== Error on training data ===

Correctly Classified Instances        1081               89.9334 %
Incorrectly Classified Instances       121               10.0666 %
Kappa statistic                          0.0923
Mean absolute error                      0.1555
Root mean squared error                  0.2758
Relative absolute error                 82.0748 %
Root relative squared error             89.7222 %
Total Number of Instances             1202     


=== Detailed Accuracy By Class ===

               TP Rate   FP Rate   Precision   Recall  F-Measure   ROC Area  Class
                 0.999     0.945      0.899     0.999     0.947      0.855    0
                 0.055     0.001      0.875     0.055     0.104      0.855    1
Weighted Avg.    0.899     0.845      0.897     0.899     0.858      0.855


=== Confusion Matrix ===

    a    b   <-- classified as
 1074    1 |    a = 0
  120    7 |    b = 1



=== Stratified cross-validation ===

Correctly Classified Instances        1079               89.7671 %
Incorrectly Classified Instances       123               10.2329 %
Kappa statistic                          0.0881
Mean absolute error                      0.1609
Root mean squared error                  0.2834
Relative absolute error                 84.9048 %
Root relative squared error             92.2065 %
Total Number of Instances             1202     


=== Detailed Accuracy By Class ===

               TP Rate   FP Rate   Precision   Recall  F-Measure   ROC Area  Class
                 0.997     0.945      0.899     0.997     0.946      0.817    0
                 0.055     0.003      0.7       0.055     0.102      0.817    1
Weighted Avg.    0.898     0.845      0.878     0.898     0.857      0.817


=== Confusion Matrix ===

    a    b   <-- classified as
 1072    3 |    a = 0
  120    7 |    b = 1

