
Options: -I 0 -M 500 -H 50 -W 0.0 

SimpleLogistic:

Class 0 :
15.72 + 
[numberOfRows] * 0    +
[numberOfConnectedComponent] * 0    +
[numberOfBlockFromDmPerm] * 0    +
[avgNNZPerRow] * 0    +
[isMaxEigNegative] * 0.79 +
[isDiagonallyDominant] * -1.75 +
[isBlockDiagonal] * -0.33 +
[isDiagonal] * -0.54 +
[field=real] * -5.74 +
[symmetric=general] * -7.1

Class 1 :
-15.72 + 
[numberOfRows] * 0    +
[numberOfConnectedComponent] * 0    +
[numberOfBlockFromDmPerm] * 0    +
[avgNNZPerRow] * 0    +
[isMaxEigNegative] * -0.79 +
[isDiagonallyDominant] * 1.75 +
[isBlockDiagonal] * 0.33 +
[isDiagonal] * 0.54 +
[field=real] * 5.74 +
[symmetric=general] * 7.1 


Time taken to build model: 1.61 seconds
Time taken to test model on training data: 0.04 seconds

=== Error on training data ===

Correctly Classified Instances        1143               95.0915 %
Incorrectly Classified Instances        59                4.9085 %
Kappa statistic                          0.2412
Mean absolute error                      0.0794
Root mean squared error                  0.1957
Relative absolute error                 73.9655 %
Root relative squared error             84.7242 %
Total Number of Instances             1202     


=== Detailed Accuracy By Class ===

               TP Rate   FP Rate   Precision   Recall  F-Measure   ROC Area  Class
                 0.999     0.853      0.951     0.999     0.975      0.936    0
                 0.147     0.001      0.909     0.147     0.253      0.936    1
Weighted Avg.    0.951     0.805      0.949     0.951     0.934      0.936


=== Confusion Matrix ===

    a    b   <-- classified as
 1133    1 |    a = 0
   58   10 |    b = 1



=== Stratified cross-validation ===

Correctly Classified Instances        1138               94.6755 %
Incorrectly Classified Instances        64                5.3245 %
Kappa statistic                          0.1674
Mean absolute error                      0.0837
Root mean squared error                  0.2032
Relative absolute error                 77.8643 %
Root relative squared error             87.9683 %
Total Number of Instances             1202     


=== Detailed Accuracy By Class ===

               TP Rate   FP Rate   Precision   Recall  F-Measure   ROC Area  Class
                 0.997     0.897      0.949     0.997     0.972      0.91     0
                 0.103     0.003      0.7       0.103     0.179      0.91     1
Weighted Avg.    0.947     0.846      0.935     0.947     0.928      0.91 


=== Confusion Matrix ===

    a    b   <-- classified as
 1131    3 |    a = 0
   61    7 |    b = 1

