
Time taken to build model: 1.24 seconds
Time taken to test model on training data: 0.15 seconds

=== Error on training data ===

Correctly Classified Instances        1214               98.8599 %
Incorrectly Classified Instances        14                1.1401 %
Kappa statistic                          0.8569
Mean absolute error                      0.0267
Root mean squared error                  0.1014
Relative absolute error                 29.4098 %
Root relative squared error             47.7774 %
Total Number of Instances             1228     


=== Detailed Accuracy By Class ===

               TP Rate   FP Rate   Precision   Recall  F-Measure   ROC Area  Class
                 1         0.241      0.988     1         0.994      0.945    0
                 0.759     0          1         0.759     0.863      0.945    1
Weighted Avg.    0.989     0.23       0.989     0.989     0.988      0.945


=== Confusion Matrix ===

    a    b   <-- classified as
 1170    0 |    a = 0
   14   44 |    b = 1



=== Stratified cross-validation ===

Correctly Classified Instances        1208               98.3713 %
Incorrectly Classified Instances        20                1.6287 %
Kappa statistic                          0.7917
Mean absolute error                      0.032 
Root mean squared error                  0.1187
Relative absolute error                 35.3041 %
Root relative squared error             55.9326 %
Total Number of Instances             1228     


=== Detailed Accuracy By Class ===

               TP Rate   FP Rate   Precision   Recall  F-Measure   ROC Area  Class
                 0.998     0.31       0.985     0.998     0.992      0.901    0
                 0.69      0.002      0.952     0.69      0.8        0.901    1
Weighted Avg.    0.984     0.296      0.983     0.984     0.982      0.901


=== Confusion Matrix ===

    a    b   <-- classified as
 1168    2 |    a = 0
   18   40 |    b = 1

