
Time taken to build model: 0.39 seconds
Time taken to test model on training data: 0.05 seconds

=== Error on training data ===

Correctly Classified Instances        1209               98.4528 %
Incorrectly Classified Instances        19                1.5472 %
Kappa statistic                          0.8239
Mean absolute error                      0.1084
Root mean squared error                  0.1871
Relative absolute error                109.0097 %
Root relative squared error             84.1813 %
Total Number of Instances             1228     


=== Detailed Accuracy By Class ===

               TP Rate   FP Rate   Precision   Recall  F-Measure   ROC Area  Class
                 0.998     0.266      0.986     0.998     0.992      0.906    0
                 0.734     0.002      0.959     0.734     0.832      0.906    1
Weighted Avg.    0.985     0.252      0.984     0.985     0.984      0.906


=== Confusion Matrix ===

    a    b   <-- classified as
 1162    2 |    a = 0
   17   47 |    b = 1



=== Stratified cross-validation ===

Correctly Classified Instances        1195               97.3127 %
Incorrectly Classified Instances        33                2.6873 %
Kappa statistic                          0.6836
Mean absolute error                      0.1266
Root mean squared error                  0.2117
Relative absolute error                127.2122 %
Root relative squared error             95.2576 %
Total Number of Instances             1228     


=== Detailed Accuracy By Class ===

               TP Rate   FP Rate   Precision   Recall  F-Measure   ROC Area  Class
                 0.994     0.406      0.978     0.994     0.986      0.897    0
                 0.594     0.006      0.844     0.594     0.697      0.897    1
Weighted Avg.    0.973     0.385      0.971     0.973     0.971      0.897


=== Confusion Matrix ===

    a    b   <-- classified as
 1157    7 |    a = 0
   26   38 |    b = 1

