
Time taken to build model: 0.4 seconds
Time taken to test model on training data: 0.05 seconds

=== Error on training data ===

Correctly Classified Instances        1142               92.9967 %
Incorrectly Classified Instances        86                7.0033 %
Kappa statistic                          0.554 
Mean absolute error                      0.1521
Root mean squared error                  0.2521
Relative absolute error                 81.8137 %
Root relative squared error             82.7748 %
Total Number of Instances             1228     


=== Detailed Accuracy By Class ===

               TP Rate   FP Rate   Precision   Recall  F-Measure   ROC Area  Class
                 0.981     0.512      0.943     0.981     0.962      0.856    0
                 0.488     0.019      0.747     0.488     0.59       0.856    1
Weighted Avg.    0.93      0.461      0.923     0.93      0.923      0.856


=== Confusion Matrix ===

    a    b   <-- classified as
 1080   21 |    a = 0
   65   62 |    b = 1



=== Stratified cross-validation ===

Correctly Classified Instances        1114               90.7166 %
Incorrectly Classified Instances       114                9.2834 %
Kappa statistic                          0.3615
Mean absolute error                      0.1801
Root mean squared error                  0.2872
Relative absolute error                 96.8419 %
Root relative squared error             94.3068 %
Total Number of Instances             1228     


=== Detailed Accuracy By Class ===

               TP Rate   FP Rate   Precision   Recall  F-Measure   ROC Area  Class
                 0.976     0.693      0.924     0.976     0.95       0.792    0
                 0.307     0.024      0.6       0.307     0.406      0.792    1
Weighted Avg.    0.907     0.624      0.891     0.907     0.893      0.792


=== Confusion Matrix ===

    a    b   <-- classified as
 1075   26 |    a = 0
   88   39 |    b = 1

