
Time taken to build model: 1.63 seconds
Time taken to test model on training data: 0.04 seconds

=== Error on training data ===

Correctly Classified Instances        1224               99.6743 %
Incorrectly Classified Instances         4                0.3257 %
Kappa statistic                          0.9613
Mean absolute error                      0.0222
Root mean squared error                  0.0742
Relative absolute error                 26.1663 %
Root relative squared error             36.1976 %
Total Number of Instances             1228     


=== Detailed Accuracy By Class ===

               TP Rate   FP Rate   Precision   Recall  F-Measure   ROC Area  Class
                 0.998     0.037      0.998     0.998     0.998      0.997    0
                 0.963     0.002      0.963     0.963     0.963      0.997    1
Weighted Avg.    0.997     0.035      0.997     0.997     0.997      0.997


=== Confusion Matrix ===

    a    b   <-- classified as
 1172    2 |    a = 0
    2   52 |    b = 1



=== Stratified cross-validation ===

Correctly Classified Instances        1218               99.1857 %
Incorrectly Classified Instances        10                0.8143 %
Kappa statistic                          0.9065
Mean absolute error                      0.0221
Root mean squared error                  0.0854
Relative absolute error                 26.0488 %
Root relative squared error             41.6395 %
Total Number of Instances             1228     


=== Detailed Accuracy By Class ===

               TP Rate   FP Rate   Precision   Recall  F-Measure   ROC Area  Class
                 0.994     0.056      0.997     0.994     0.996      0.984    0
                 0.944     0.006      0.879     0.944     0.911      0.984    1
Weighted Avg.    0.992     0.053      0.992     0.992     0.992      0.984


=== Confusion Matrix ===

    a    b   <-- classified as
 1167    7 |    a = 0
    3   51 |    b = 1

