
Time taken to build model: 1.31 seconds
Time taken to test model on training data: 0.04 seconds

=== Error on training data ===

Correctly Classified Instances        1157               94.2182 %
Incorrectly Classified Instances        71                5.7818 %
Kappa statistic                          0.8171
Mean absolute error                      0.2121
Root mean squared error                  0.2831
Relative absolute error                 64.5821 %
Root relative squared error             69.8993 %
Total Number of Instances             1228     


=== Detailed Accuracy By Class ===

               TP Rate   FP Rate   Precision   Recall  F-Measure   ROC Area  Class
                 0.976     0.189      0.952     0.976     0.964      0.961    0
                 0.811     0.024      0.9       0.811     0.853      0.961    1
Weighted Avg.    0.942     0.155      0.941     0.942     0.941      0.961


=== Confusion Matrix ===

   a   b   <-- classified as
 951  23 |   a = 0
  48 206 |   b = 1



=== Stratified cross-validation ===

Correctly Classified Instances        1090               88.7622 %
Incorrectly Classified Instances       138               11.2378 %
Kappa statistic                          0.6545
Mean absolute error                      0.189 
Root mean squared error                  0.2939
Relative absolute error                 57.5465 %
Root relative squared error             72.5682 %
Total Number of Instances             1228     


=== Detailed Accuracy By Class ===

               TP Rate   FP Rate   Precision   Recall  F-Measure   ROC Area  Class
                 0.932     0.283      0.927     0.932     0.929      0.927    0
                 0.717     0.068      0.734     0.717     0.725      0.927    1
Weighted Avg.    0.888     0.239      0.887     0.888     0.887      0.927


=== Confusion Matrix ===

   a   b   <-- classified as
 908  66 |   a = 0
  72 182 |   b = 1

