
Time taken to build model: 0.12 seconds
Time taken to test model on training data: 0.05 seconds

=== Error on training data ===

Correctly Classified Instances        1213               98.7785 %
Incorrectly Classified Instances        15                1.2215 %
Kappa statistic                          0.914 
Mean absolute error                      0.0229
Root mean squared error                  0.1071
Relative absolute error                 15.4079 %
Root relative squared error             39.3284 %
Total Number of Instances             1228     


=== Detailed Accuracy By Class ===

               TP Rate   FP Rate   Precision   Recall  F-Measure   ROC Area  Class
                 0.997     0.121      0.989     0.997     0.993      0.98     0
                 0.879     0.003      0.967     0.879     0.921      0.98     1
Weighted Avg.    0.988     0.112      0.988     0.988     0.988      0.98 


=== Confusion Matrix ===

    a    b   <-- classified as
 1126    3 |    a = 0
   12   87 |    b = 1



=== Stratified cross-validation ===

Correctly Classified Instances        1181               96.1726 %
Incorrectly Classified Instances        47                3.8274 %
Kappa statistic                          0.7357
Mean absolute error                      0.0472
Root mean squared error                  0.1876
Relative absolute error                 31.7017 %
Root relative squared error             68.9188 %
Total Number of Instances             1228     


=== Detailed Accuracy By Class ===

               TP Rate   FP Rate   Precision   Recall  F-Measure   ROC Area  Class
                 0.981     0.263      0.977     0.981     0.979      0.862    0
                 0.737     0.019      0.777     0.737     0.756      0.862    1
Weighted Avg.    0.962     0.243      0.961     0.962     0.961      0.862


=== Confusion Matrix ===

    a    b   <-- classified as
 1108   21 |    a = 0
   26   73 |    b = 1

