
Time taken to build model: 0.27 seconds
Time taken to test model on training data: 0.11 seconds

=== Error on training data ===

Correctly Classified Instances        1216               99.0228 %
Incorrectly Classified Instances        12                0.9772 %
Kappa statistic                          0.8817
Mean absolute error                      0.0191
Root mean squared error                  0.0977
Relative absolute error                 21.0561 %
Root relative squared error             46.0563 %
Total Number of Instances             1228     


=== Detailed Accuracy By Class ===

               TP Rate   FP Rate   Precision   Recall  F-Measure   ROC Area  Class
                 0.999     0.19       0.991     0.999     0.995      0.913    0
                 0.81      0.001      0.979     0.81      0.887      0.913    1
Weighted Avg.    0.99      0.181      0.99      0.99      0.99       0.913


=== Confusion Matrix ===

    a    b   <-- classified as
 1169    1 |    a = 0
   11   47 |    b = 1



=== Stratified cross-validation ===

Correctly Classified Instances        1211               98.6156 %
Incorrectly Classified Instances        17                1.3844 %
Kappa statistic                          0.8309
Mean absolute error                      0.0213
Root mean squared error                  0.1179
Relative absolute error                 23.446  %
Root relative squared error             55.5546 %
Total Number of Instances             1228     


=== Detailed Accuracy By Class ===

               TP Rate   FP Rate   Precision   Recall  F-Measure   ROC Area  Class
                 0.997     0.241      0.988     0.997     0.993      0.889    0
                 0.759     0.003      0.936     0.759     0.838      0.889    1
Weighted Avg.    0.986     0.23       0.986     0.986     0.985      0.889


=== Confusion Matrix ===

    a    b   <-- classified as
 1167    3 |    a = 0
   14   44 |    b = 1

