
Time taken to build model: 0.17 seconds
Time taken to test model on training data: 0.03 seconds

=== Error on training data ===

Correctly Classified Instances        1190               96.9055 %
Incorrectly Classified Instances        38                3.0945 %
Kappa statistic                          0.9049
Mean absolute error                      0.0552
Root mean squared error                  0.1662
Relative absolute error                 16.8162 %
Root relative squared error             41.025  %
Total Number of Instances             1228     


=== Detailed Accuracy By Class ===

               TP Rate   FP Rate   Precision   Recall  F-Measure   ROC Area  Class
                 0.984     0.087      0.978     0.984     0.981      0.978    0
                 0.913     0.016      0.935     0.913     0.924      0.978    1
Weighted Avg.    0.969     0.072      0.969     0.969     0.969      0.978


=== Confusion Matrix ===

   a   b   <-- classified as
 958  16 |   a = 0
  22 232 |   b = 1



=== Stratified cross-validation ===

Correctly Classified Instances        1124               91.5309 %
Incorrectly Classified Instances       104                8.4691 %
Kappa statistic                          0.7419
Mean absolute error                      0.107 
Root mean squared error                  0.2779
Relative absolute error                 32.5728 %
Root relative squared error             68.5985 %
Total Number of Instances             1228     


=== Detailed Accuracy By Class ===

               TP Rate   FP Rate   Precision   Recall  F-Measure   ROC Area  Class
                 0.947     0.205      0.947     0.947     0.947      0.893    0
                 0.795     0.053      0.795     0.795     0.795      0.893    1
Weighted Avg.    0.915     0.173      0.915     0.915     0.915      0.893


=== Confusion Matrix ===

   a   b   <-- classified as
 922  52 |   a = 0
  52 202 |   b = 1

