
Time taken to build model: 0.29 seconds
Time taken to test model on training data: 0.05 seconds

=== Error on training data ===

Correctly Classified Instances        1219               99.2671 %
Incorrectly Classified Instances         9                0.7329 %
Kappa statistic                          0.9274
Mean absolute error                      0.013 
Root mean squared error                  0.0808
Relative absolute error                 13.1183 %
Root relative squared error             36.3384 %
Total Number of Instances             1228     


=== Detailed Accuracy By Class ===

               TP Rate   FP Rate   Precision   Recall  F-Measure   ROC Area  Class
                 0.995     0.047      0.997     0.995     0.996      0.975    0
                 0.953     0.005      0.91      0.953     0.931      0.975    1
Weighted Avg.    0.993     0.045      0.993     0.993     0.993      0.975


=== Confusion Matrix ===

    a    b   <-- classified as
 1158    6 |    a = 0
    3   61 |    b = 1



=== Stratified cross-validation ===

Correctly Classified Instances        1194               97.2313 %
Incorrectly Classified Instances        34                2.7687 %
Kappa statistic                          0.7022
Mean absolute error                      0.0386
Root mean squared error                  0.1601
Relative absolute error                 38.7866 %
Root relative squared error             72.0465 %
Total Number of Instances             1228     


=== Detailed Accuracy By Class ===

               TP Rate   FP Rate   Precision   Recall  F-Measure   ROC Area  Class
                 0.989     0.328      0.982     0.989     0.985      0.851    0
                 0.672     0.011      0.768     0.672     0.717      0.851    1
Weighted Avg.    0.972     0.312      0.971     0.972     0.971      0.851


=== Confusion Matrix ===

    a    b   <-- classified as
 1151   13 |    a = 0
   21   43 |    b = 1

