
Time taken to build model: 0.32 seconds
Time taken to test model on training data: 0.03 seconds

=== Error on training data ===

Correctly Classified Instances        1203               97.9642 %
Incorrectly Classified Instances        25                2.0358 %
Kappa statistic                          0.6168
Mean absolute error                      0.0377
Root mean squared error                  0.1373
Relative absolute error                 59.1735 %
Root relative squared error             77.356  %
Total Number of Instances             1228     


=== Detailed Accuracy By Class ===

               TP Rate   FP Rate   Precision   Recall  F-Measure   ROC Area  Class
                 0.995     0.475      0.984     0.995     0.99       0.76     0
                 0.525     0.005      0.778     0.525     0.627      0.76     1
Weighted Avg.    0.98      0.46       0.977     0.98      0.978      0.76 


=== Confusion Matrix ===

    a    b   <-- classified as
 1182    6 |    a = 0
   19   21 |    b = 1



=== Stratified cross-validation ===

Correctly Classified Instances        1193               97.1498 %
Incorrectly Classified Instances        35                2.8502 %
Kappa statistic                          0.4635
Mean absolute error                      0.0408
Root mean squared error                  0.1618
Relative absolute error                 63.9271 %
Root relative squared error             91.1636 %
Total Number of Instances             1228     


=== Detailed Accuracy By Class ===

               TP Rate   FP Rate   Precision   Recall  F-Measure   ROC Area  Class
                 0.991     0.6        0.98      0.991     0.985      0.704    0
                 0.4       0.009      0.593     0.4       0.478      0.704    1
Weighted Avg.    0.971     0.581      0.967     0.971     0.969      0.704


=== Confusion Matrix ===

    a    b   <-- classified as
 1177   11 |    a = 0
   24   16 |    b = 1

