
Time taken to build model: 0.19 seconds
Time taken to test model on training data: 0.03 seconds

=== Error on training data ===

Correctly Classified Instances        1226               99.8371 %
Incorrectly Classified Instances         2                0.1629 %
Kappa statistic                          0.9935
Mean absolute error                      0.0033
Root mean squared error                  0.0403
Relative absolute error                  1.2856 %
Root relative squared error             11.3474 %
Total Number of Instances             1228     


=== Detailed Accuracy By Class ===

               TP Rate   FP Rate   Precision   Recall  F-Measure   ROC Area  Class
                 1         0.011      0.998     1         0.999      0.995    0
                 0.989     0          1         0.989     0.994      0.995    1
Weighted Avg.    0.998     0.009      0.998     0.998     0.998      0.995


=== Confusion Matrix ===

    a    b   <-- classified as
 1046    0 |    a = 0
    2  180 |    b = 1



=== Stratified cross-validation ===

Correctly Classified Instances        1222               99.5114 %
Incorrectly Classified Instances         6                0.4886 %
Kappa statistic                          0.9806
Mean absolute error                      0.0067
Root mean squared error                  0.0638
Relative absolute error                  2.6413 %
Root relative squared error             17.9439 %
Total Number of Instances             1228     


=== Detailed Accuracy By Class ===

               TP Rate   FP Rate   Precision   Recall  F-Measure   ROC Area  Class
                 0.998     0.022      0.996     0.998     0.997      0.987    0
                 0.978     0.002      0.989     0.978     0.983      0.987    1
Weighted Avg.    0.995     0.019      0.995     0.995     0.995      0.987


=== Confusion Matrix ===

    a    b   <-- classified as
 1044    2 |    a = 0
    4  178 |    b = 1

