
Time taken to build model: 0.34 seconds
Time taken to test model on training data: 0.03 seconds

=== Error on training data ===

Correctly Classified Instances        1211               98.6156 %
Incorrectly Classified Instances        17                1.3844 %
Kappa statistic                          0.8449
Mean absolute error                      0.026 
Root mean squared error                  0.1141
Relative absolute error                 27.7969 %
Root relative squared error             52.9098 %
Total Number of Instances             1228     


=== Detailed Accuracy By Class ===

               TP Rate   FP Rate   Precision   Recall  F-Measure   ROC Area  Class
                 0.995     0.183      0.991     0.995     0.993      0.907    0
                 0.817     0.005      0.891     0.817     0.852      0.907    1
Weighted Avg.    0.986     0.175      0.986     0.986     0.986      0.907


=== Confusion Matrix ===

    a    b   <-- classified as
 1162    6 |    a = 0
   11   49 |    b = 1



=== Stratified cross-validation ===

Correctly Classified Instances        1182               96.2541 %
Incorrectly Classified Instances        46                3.7459 %
Kappa statistic                          0.6152
Mean absolute error                      0.0484
Root mean squared error                  0.1754
Relative absolute error                 51.6847 %
Root relative squared error             81.3715 %
Total Number of Instances             1228     


=== Detailed Accuracy By Class ===

               TP Rate   FP Rate   Precision   Recall  F-Measure   ROC Area  Class
                 0.978     0.333      0.983     0.978     0.98       0.846    0
                 0.667     0.022      0.606     0.667     0.635      0.846    1
Weighted Avg.    0.963     0.318      0.964     0.963     0.963      0.846


=== Confusion Matrix ===

    a    b   <-- classified as
 1142   26 |    a = 0
   20   40 |    b = 1

