
Time taken to build model: 1.39 seconds
Time taken to test model on training data: 0.07 seconds

=== Error on training data ===

Correctly Classified Instances        1194               97.2313 %
Incorrectly Classified Instances        34                2.7687 %
Kappa statistic                          0.8042
Mean absolute error                      0.0492
Root mean squared error                  0.1568
Relative absolute error                 33.0479 %
Root relative squared error             57.5979 %
Total Number of Instances             1228     


=== Detailed Accuracy By Class ===

               TP Rate   FP Rate   Precision   Recall  F-Measure   ROC Area  Class
                 0.989     0.222      0.981     0.989     0.985      0.886    0
                 0.778     0.011      0.865     0.778     0.819      0.886    1
Weighted Avg.    0.972     0.205      0.971     0.972     0.972      0.886


=== Confusion Matrix ===

    a    b   <-- classified as
 1117   12 |    a = 0
   22   77 |    b = 1



=== Stratified cross-validation ===

Correctly Classified Instances        1172               95.4397 %
Incorrectly Classified Instances        56                4.5603 %
Kappa statistic                          0.6577
Mean absolute error                      0.0622
Root mean squared error                  0.2038
Relative absolute error                 41.7528 %
Root relative squared error             74.8663 %
Total Number of Instances             1228     


=== Detailed Accuracy By Class ===

               TP Rate   FP Rate   Precision   Recall  F-Measure   ROC Area  Class
                 0.985     0.394      0.966     0.985     0.975      0.819    0
                 0.606     0.015      0.779     0.606     0.682      0.819    1
Weighted Avg.    0.954     0.363      0.951     0.954     0.952      0.819


=== Confusion Matrix ===

    a    b   <-- classified as
 1112   17 |    a = 0
   39   60 |    b = 1

