
Time taken to build model: 0.25 seconds
Time taken to test model on training data: 0.03 seconds

=== Error on training data ===

Correctly Classified Instances        1207               98.2899 %
Incorrectly Classified Instances        21                1.7101 %
Kappa statistic                          0.8354
Mean absolute error                      0.0312
Root mean squared error                  0.1249
Relative absolute error                 29.6498 %
Root relative squared error             54.6184 %
Total Number of Instances             1228     


=== Detailed Accuracy By Class ===

               TP Rate   FP Rate   Precision   Recall  F-Measure   ROC Area  Class
                 0.991     0.162      0.991     0.991     0.991      0.916    0
                 0.838     0.009      0.851     0.838     0.844      0.916    1
Weighted Avg.    0.983     0.153      0.983     0.983     0.983      0.916


=== Confusion Matrix ===

    a    b   <-- classified as
 1150   10 |    a = 0
   11   57 |    b = 1



=== Stratified cross-validation ===

Correctly Classified Instances        1191               96.987  %
Incorrectly Classified Instances        37                3.013  %
Kappa statistic                          0.6973
Mean absolute error                      0.0407
Root mean squared error                  0.1668
Relative absolute error                 38.6712 %
Root relative squared error             72.9214 %
Total Number of Instances             1228     


=== Detailed Accuracy By Class ===

               TP Rate   FP Rate   Precision   Recall  F-Measure   ROC Area  Class
                 0.987     0.324      0.981     0.987     0.984      0.855    0
                 0.676     0.013      0.754     0.676     0.713      0.855    1
Weighted Avg.    0.97      0.306      0.969     0.97      0.969      0.855


=== Confusion Matrix ===

    a    b   <-- classified as
 1145   15 |    a = 0
   22   46 |    b = 1

