
Time taken to build model: 0.04 seconds
Time taken to test model on training data: 0.05 seconds

=== Error on training data ===

Correctly Classified Instances        1222               99.5114 %
Incorrectly Classified Instances         6                0.4886 %
Kappa statistic                          0.9805
Mean absolute error                      0.0049
Root mean squared error                  0.0699
Relative absolute error                  1.9321 %
Root relative squared error             19.6731 %
Total Number of Instances             1228     


=== Detailed Accuracy By Class ===

               TP Rate   FP Rate   Precision   Recall  F-Measure   ROC Area  Class
                 0.999     0.027      0.995     0.999     0.997      0.986    0
                 0.973     0.001      0.994     0.973     0.983      0.986    1
Weighted Avg.    0.995     0.024      0.995     0.995     0.995      0.986


=== Confusion Matrix ===

    a    b   <-- classified as
 1045    1 |    a = 0
    5  177 |    b = 1



=== Stratified cross-validation ===

Correctly Classified Instances        1218               99.1857 %
Incorrectly Classified Instances        10                0.8143 %
Kappa statistic                          0.9675
Mean absolute error                      0.0081
Root mean squared error                  0.0902
Relative absolute error                  3.2195 %
Root relative squared error             25.3976 %
Total Number of Instances             1228     


=== Detailed Accuracy By Class ===

               TP Rate   FP Rate   Precision   Recall  F-Measure   ROC Area  Class
                 0.997     0.038      0.993     0.997     0.995      0.979    0
                 0.962     0.003      0.983     0.962     0.972      0.979    1
Weighted Avg.    0.992     0.033      0.992     0.992     0.992      0.979


=== Confusion Matrix ===

    a    b   <-- classified as
 1043    3 |    a = 0
    7  175 |    b = 1

