
Time taken to build model: 0.04 seconds
Time taken to test model on training data: 0.05 seconds

=== Error on training data ===

Correctly Classified Instances        1171               95.3583 %
Incorrectly Classified Instances        57                4.6417 %
Kappa statistic                          0.2836
Mean absolute error                      0.0464
Root mean squared error                  0.2154
Relative absolute error                 44.0977 %
Root relative squared error             94.2    %
Total Number of Instances             1228     


=== Detailed Accuracy By Class ===

               TP Rate   FP Rate   Precision   Recall  F-Measure   ROC Area  Class
                 0.999     0.824      0.954     0.999     0.976      0.588    0
                 0.176     0.001      0.923     0.176     0.296      0.588    1
Weighted Avg.    0.954     0.778      0.952     0.954     0.938      0.588


=== Confusion Matrix ===

    a    b   <-- classified as
 1159    1 |    a = 0
   56   12 |    b = 1



=== Stratified cross-validation ===

Correctly Classified Instances        1167               95.0326 %
Incorrectly Classified Instances        61                4.9674 %
Kappa statistic                          0.2661
Mean absolute error                      0.0497
Root mean squared error                  0.2229
Relative absolute error                 47.1598 %
Root relative squared error             97.4471 %
Total Number of Instances             1228     


=== Detailed Accuracy By Class ===

               TP Rate   FP Rate   Precision   Recall  F-Measure   ROC Area  Class
                 0.996     0.824      0.954     0.996     0.974      0.586    0
                 0.176     0.004      0.706     0.176     0.282      0.586    1
Weighted Avg.    0.95      0.778      0.94      0.95      0.936      0.586


=== Confusion Matrix ===

    a    b   <-- classified as
 1155    5 |    a = 0
   56   12 |    b = 1

