
Time taken to build model: 0.26 seconds
Time taken to test model on training data: 0.03 seconds

=== Error on training data ===

Correctly Classified Instances        1203               97.9642 %
Incorrectly Classified Instances        25                2.0358 %
Kappa statistic                          0.8906
Mean absolute error                      0.0342
Root mean squared error                  0.1287
Relative absolute error                 18.4151 %
Root relative squared error             42.2791 %
Total Number of Instances             1228     


=== Detailed Accuracy By Class ===

               TP Rate   FP Rate   Precision   Recall  F-Measure   ROC Area  Class
                 0.988     0.094      0.989     0.988     0.989      0.979    0
                 0.906     0.012      0.898     0.906     0.902      0.979    1
Weighted Avg.    0.98      0.086      0.98      0.98      0.98       0.979


=== Confusion Matrix ===

    a    b   <-- classified as
 1088   13 |    a = 0
   12  115 |    b = 1



=== Stratified cross-validation ===

Correctly Classified Instances        1143               93.0782 %
Incorrectly Classified Instances        85                6.9218 %
Kappa statistic                          0.6033
Mean absolute error                      0.0797
Root mean squared error                  0.2497
Relative absolute error                 42.8402 %
Root relative squared error             81.9976 %
Total Number of Instances             1228     


=== Detailed Accuracy By Class ===

               TP Rate   FP Rate   Precision   Recall  F-Measure   ROC Area  Class
                 0.969     0.402      0.954     0.969     0.962      0.828    0
                 0.598     0.031      0.691     0.598     0.641      0.828    1
Weighted Avg.    0.931     0.363      0.927     0.931     0.929      0.828


=== Confusion Matrix ===

    a    b   <-- classified as
 1067   34 |    a = 0
   51   76 |    b = 1

