
Time taken to build model: 0.15 seconds
Time taken to test model on training data: 0.03 seconds

=== Error on training data ===

Correctly Classified Instances        1203               97.9642 %
Incorrectly Classified Instances        25                2.0358 %
Kappa statistic                          0.7759
Mean absolute error                      0.0204
Root mean squared error                  0.1427
Relative absolute error                 19.3411 %
Root relative squared error             62.3855 %
Total Number of Instances             1228     


=== Detailed Accuracy By Class ===

               TP Rate   FP Rate   Precision   Recall  F-Measure   ROC Area  Class
                 0.997     0.324      0.981     0.997     0.989      0.837    0
                 0.676     0.003      0.939     0.676     0.786      0.837    1
Weighted Avg.    0.98      0.306      0.979     0.98      0.978      0.837


=== Confusion Matrix ===

    a    b   <-- classified as
 1157    3 |    a = 0
   22   46 |    b = 1



=== Stratified cross-validation ===

Correctly Classified Instances        1188               96.7427 %
Incorrectly Classified Instances        40                3.2573 %
Kappa statistic                          0.6798
Mean absolute error                      0.0326
Root mean squared error                  0.1805
Relative absolute error                 30.9245 %
Root relative squared error             78.9103 %
Total Number of Instances             1228     


=== Detailed Accuracy By Class ===

               TP Rate   FP Rate   Precision   Recall  F-Measure   ROC Area  Class
                 0.984     0.324      0.981     0.984     0.983      0.83     0
                 0.676     0.016      0.719     0.676     0.697      0.83     1
Weighted Avg.    0.967     0.306      0.967     0.967     0.967      0.83 


=== Confusion Matrix ===

    a    b   <-- classified as
 1142   18 |    a = 0
   22   46 |    b = 1

