
Time taken to build model: 4.13 seconds
Time taken to test model on training data: 0.06 seconds

=== Error on training data ===

Correctly Classified Instances        1214               98.8599 %
Incorrectly Classified Instances        14                1.1401 %
Kappa statistic                          0.862 
Mean absolute error                      0.022 
Root mean squared error                  0.099 
Relative absolute error                 24.2488 %
Root relative squared error             46.6742 %
Total Number of Instances             1228     


=== Detailed Accuracy By Class ===

               TP Rate   FP Rate   Precision   Recall  F-Measure   ROC Area  Class
                 0.998     0.207      0.99      0.998     0.994      0.995    0
                 0.793     0.002      0.958     0.793     0.868      0.995    1
Weighted Avg.    0.989     0.197      0.988     0.989     0.988      0.995


=== Confusion Matrix ===

    a    b   <-- classified as
 1168    2 |    a = 0
   12   46 |    b = 1



=== Stratified cross-validation ===

Correctly Classified Instances        1205               98.127  %
Incorrectly Classified Instances        23                1.873  %
Kappa statistic                          0.783 
Mean absolute error                      0.0279
Root mean squared error                  0.1194
Relative absolute error                 30.7898 %
Root relative squared error             56.2614 %
Total Number of Instances             1228     


=== Detailed Accuracy By Class ===

               TP Rate   FP Rate   Precision   Recall  F-Measure   ROC Area  Class
                 0.992     0.241      0.988     0.992     0.99       0.979    0
                 0.759     0.008      0.83      0.759     0.793      0.979    1
Weighted Avg.    0.981     0.23       0.981     0.981     0.981      0.979


=== Confusion Matrix ===

    a    b   <-- classified as
 1161    9 |    a = 0
   14   44 |    b = 1

