
Time taken to build model: 1.22 seconds
Time taken to test model on training data: 0.03 seconds

=== Error on training data ===

Correctly Classified Instances        1185               96.4984 %
Incorrectly Classified Instances        43                3.5016 %
Kappa statistic                          0.3813
Mean absolute error                      0.0651
Root mean squared error                  0.1786
Relative absolute error                 76.7854 %
Root relative squared error             87.0992 %
Total Number of Instances             1228     


=== Detailed Accuracy By Class ===

               TP Rate   FP Rate   Precision   Recall  F-Measure   ROC Area  Class
                 0.997     0.741      0.967     0.997     0.982      0.835    0
                 0.259     0.003      0.824     0.259     0.394      0.835    1
Weighted Avg.    0.965     0.708      0.961     0.965     0.956      0.835


=== Confusion Matrix ===

    a    b   <-- classified as
 1171    3 |    a = 0
   40   14 |    b = 1



=== Stratified cross-validation ===

Correctly Classified Instances        1182               96.2541 %
Incorrectly Classified Instances        46                3.7459 %
Kappa statistic                          0.3111
Mean absolute error                      0.0683
Root mean squared error                  0.1832
Relative absolute error                 80.5331 %
Root relative squared error             89.337  %
Total Number of Instances             1228     


=== Detailed Accuracy By Class ===

               TP Rate   FP Rate   Precision   Recall  F-Measure   ROC Area  Class
                 0.997     0.796      0.965     0.997     0.981      0.797    0
                 0.204     0.003      0.786     0.204     0.324      0.797    1
Weighted Avg.    0.963     0.761      0.957     0.963     0.952      0.797


=== Confusion Matrix ===

    a    b   <-- classified as
 1171    3 |    a = 0
   43   11 |    b = 1

