
Time taken to build model: 0.67 seconds
Time taken to test model on training data: 0.03 seconds

=== Error on training data ===

Correctly Classified Instances        1228              100      %
Incorrectly Classified Instances         0                0      %
Kappa statistic                          1     
Mean absolute error                      0.5   
Root mean squared error                  0.5   
Relative absolute error              61500      %
Root relative squared error          61500      %
Total Number of Instances             1228     


=== Detailed Accuracy By Class ===

               TP Rate   FP Rate   Precision   Recall  F-Measure   ROC Area  Class
                 1         0          1         1         1          ?        0
                 0         0          0         0         0          ?        1
Weighted Avg.    1         0          1         1         1          0    


=== Confusion Matrix ===

    a    b   <-- classified as
 1228    0 |    a = 0
    0    0 |    b = 1



=== Stratified cross-validation ===

Correctly Classified Instances        1228              100      %
Incorrectly Classified Instances         0                0      %
Kappa statistic                          1     
Mean absolute error                      0.5   
Root mean squared error                  0.5   
Relative absolute error              55359.9277 %
Root relative squared error          55359.9241 %
Total Number of Instances             1228     


=== Detailed Accuracy By Class ===

               TP Rate   FP Rate   Precision   Recall  F-Measure   ROC Area  Class
                 1         0          1         1         1          ?        0
                 0         0          0         0         0          ?        1
Weighted Avg.    1         0          1         1         1          0    


=== Confusion Matrix ===

    a    b   <-- classified as
 1228    0 |    a = 0
    0    0 |    b = 1

