
Time taken to build model: 1.11 seconds
Time taken to test model on training data: 0.03 seconds

=== Error on training data ===

Correctly Classified Instances        1022               83.2248 %
Incorrectly Classified Instances       206               16.7752 %
Kappa statistic                          0.3154
Mean absolute error                      0.2183
Root mean squared error                  0.3268
Relative absolute error                 66.4612 %
Root relative squared error             80.6902 %
Total Number of Instances             1228     


=== Detailed Accuracy By Class ===

               TP Rate   FP Rate   Precision   Recall  F-Measure   ROC Area  Class
                 0.984     0.748      0.834     0.984     0.903      0.913    0
                 0.252     0.016      0.8       0.252     0.383      0.913    1
Weighted Avg.    0.832     0.597      0.827     0.832     0.795      0.913


=== Confusion Matrix ===

   a   b   <-- classified as
 958  16 |   a = 0
 190  64 |   b = 1



=== Stratified cross-validation ===

Correctly Classified Instances        1056               85.9935 %
Incorrectly Classified Instances       172               14.0065 %
Kappa statistic                          0.5021
Mean absolute error                      0.2128
Root mean squared error                  0.3267
Relative absolute error                 64.8053 %
Root relative squared error             80.6684 %
Total Number of Instances             1228     


=== Detailed Accuracy By Class ===

               TP Rate   FP Rate   Precision   Recall  F-Measure   ROC Area  Class
                 0.962     0.531      0.874     0.962     0.916      0.894    0
                 0.469     0.038      0.763     0.469     0.58       0.894    1
Weighted Avg.    0.86      0.429      0.851     0.86      0.847      0.894


=== Confusion Matrix ===

   a   b   <-- classified as
 937  37 |   a = 0
 135 119 |   b = 1

