
Time taken to build model: 10.94 seconds
Time taken to test model on training data: 0.11 seconds

=== Error on training data ===

Correctly Classified Instances         889               72.3941 %
Incorrectly Classified Instances       339               27.6059 %
Kappa statistic                          0.6885
Mean absolute error                      0.0501
Root mean squared error                  0.1462
Relative absolute error                 58.8589 %
Root relative squared error             70.9496 %
Total Number of Instances             1228     


=== Detailed Accuracy By Class ===

               TP Rate   FP Rate   Precision   Recall  F-Measure   ROC Area  Class
                 0.962     0          1         0.962     0.98       1        subsequent circuit simulation problem
                 0.886     0.097      0.705     0.886     0.785      0.952    structural problem
                 0.788     0.035      0.667     0.788     0.722      0.956    optimization problem
                 0.496     0.03       0.656     0.496     0.565      0.91     computational fluid dynamics problem
                 0.633     0.004      0.884     0.633     0.738      0.961    undirected graph
                 0.478     0.023      0.679     0.478     0.561      0.903    2D/3D problem
                 0.685     0.001      0.974     0.685     0.804      0.961    directed graph
                 0.706     0.018      0.696     0.706     0.701      0.971    chemical process simulation problem
                 0.5       0.02       0.54      0.5       0.519      0.938    power network problem
                 0.766     0.044      0.49      0.766     0.598      0.959    economic problem
                 0.642     0.023      0.557     0.642     0.596      0.943    circuit simulation problem
                 0         0.001      0         0         0          ?        subsequent computational fluid dynamics problem
                 0         0          0         0         0          ?        subsequent theoretical/quantum chemistry problem
                 0.475     0.005      0.76      0.475     0.585      0.954    electromagnetics problem
                 0         0          0         0         0          ?        directed weighted graph
                 0         0          0         0         0          ?        materials problem
                 0         0          0         0         0          ?        eigenvalue/model reduction problem
                 0         0          0         0         0          ?        model reduction problem
                 0         0          0         0         0          ?        undirected random graph
                 0         0          0         0         0          ?        thermal problem
                 0.707     0.01       0.774     0.707     0.739      0.976    undirected weighted graph
Weighted Avg.    0.724     0.034      0.738     0.724     0.721      0.953


=== Confusion Matrix ===

   a   b   c   d   e   f   g   h   i   j   k   l   m   n   o   p   q   r   s   t   u   <-- classified as
 175   0   0   0   0   0   0   0   0   0   7   0   0   0   0   0   0   0   0   0   0 |   a = subsequent circuit simulation problem
   0 225  13   3   0   4   0   1   0   6   1   0   0   1   0   0   0   0   0   0   0 |   b = structural problem
   0   8  78   3   1   3   0   1   2   2   0   0   0   1   0   0   0   0   0   0   0 |   c = optimization problem
   0  23   9  63   0   4   0   7   6  10   2   0   0   0   0   0   0   0   0   0   3 |   d = computational fluid dynamics problem
   0  11   0   0  38   5   0   0   0   3   0   1   0   0   0   0   0   0   0   0   2 |   e = undirected graph
   0  29   6   6   3  55   0   0   2   5   5   0   0   4   0   0   0   0   0   0   0 |   f = 2D/3D problem
   0   8   0   0   0   1  37   0   3   2   3   0   0   0   0   0   0   0   0   0   0 |   g = directed graph
   0   0   0   6   0   2   0  48   1   8   2   0   0   0   0   0   0   0   0   0   1 |   h = chemical process simulation problem
   0   7   5   5   0   2   0   6  27   0   0   0   0   0   0   0   0   0   0   0   2 |   i = power network problem
   0   1   2   0   0   0   0   3   4  49   2   0   0   0   0   0   0   0   0   0   3 |   j = economic problem
   0   2   1   2   1   3   1   1   1   6  34   0   0   0   0   0   0   0   0   0   1 |   k = circuit simulation problem
   0   0   0   0   0   0   0   0   0   0   0   0   0   0   0   0   0   0   0   0   0 |   l = subsequent computational fluid dynamics problem
   0   0   0   0   0   0   0   0   0   0   0   0   0   0   0   0   0   0   0   0   0 |   m = subsequent theoretical/quantum chemistry problem
   0   3   0   8   0   2   0   1   3   4   0   0   0  19   0   0   0   0   0   0   0 |   n = electromagnetics problem
   0   0   0   0   0   0   0   0   0   0   0   0   0   0   0   0   0   0   0   0   0 |   o = directed weighted graph
   0   0   0   0   0   0   0   0   0   0   0   0   0   0   0   0   0   0   0   0   0 |   p = materials problem
   0   0   0   0   0   0   0   0   0   0   0   0   0   0   0   0   0   0   0   0   0 |   q = eigenvalue/model reduction problem
   0   0   0   0   0   0   0   0   0   0   0   0   0   0   0   0   0   0   0   0   0 |   r = model reduction problem
   0   0   0   0   0   0   0   0   0   0   0   0   0   0   0   0   0   0   0   0   0 |   s = undirected random graph
   0   0   0   0   0   0   0   0   0   0   0   0   0   0   0   0   0   0   0   0   0 |   t = thermal problem
   0   2   3   0   0   0   0   1   1   5   5   0   0   0   0   0   0   0   0   0  41 |   u = undirected weighted graph



=== Stratified cross-validation ===

Correctly Classified Instances         776               63.1922 %
Incorrectly Classified Instances       452               36.8078 %
Kappa statistic                          0.5833
Mean absolute error                      0.0497
Root mean squared error                  0.1553
Relative absolute error                 58.38   %
Root relative squared error             75.3591 %
Total Number of Instances             1228     


=== Detailed Accuracy By Class ===

               TP Rate   FP Rate   Precision   Recall  F-Measure   ROC Area  Class
                 0.978     0.024      0.877     0.978     0.925      0.997    subsequent circuit simulation problem
                 0.827     0.112      0.658     0.827     0.733      0.929    structural problem
                 0.596     0.033      0.615     0.596     0.605      0.92     optimization problem
                 0.457     0.066      0.443     0.457     0.45       0.858    computational fluid dynamics problem
                 0.65      0.027      0.557     0.65      0.6        0.949    undirected graph
                 0.2       0.038      0.354     0.2       0.256      0.803    2D/3D problem
                 0.759     0.003      0.932     0.759     0.837      0.977    directed graph
                 0.529     0.038      0.45      0.529     0.486      0.946    chemical process simulation problem
                 0.259     0.02       0.368     0.259     0.304      0.835    power network problem
                 0.75      0.03       0.578     0.75      0.653      0.949    economic problem
                 0.264     0.013      0.483     0.264     0.341      0.883    circuit simulation problem
                 0         0.002      0         0         0          ?        subsequent computational fluid dynamics problem
                 0         0          0         0         0          ?        subsequent theoretical/quantum chemistry problem
                 0.35      0.007      0.636     0.35      0.452      0.908    electromagnetics problem
                 0         0          0         0         0          ?        directed weighted graph
                 0         0          0         0         0          ?        materials problem
                 0         0          0         0         0          ?        eigenvalue/model reduction problem
                 0         0          0         0         0          ?        model reduction problem
                 0         0          0         0         0          ?        undirected random graph
                 0         0          0         0         0          ?        thermal problem
                 0.724     0.003      0.933     0.724     0.816      0.961    undirected weighted graph
Weighted Avg.    0.632     0.047      0.62      0.632     0.616      0.919


=== Confusion Matrix ===

   a   b   c   d   e   f   g   h   i   j   k   l   m   n   o   p   q   r   s   t   u   <-- classified as
 178   0   0   1   0   0   0   0   0   1   2   0   0   0   0   0   0   0   0   0   0 |   a = subsequent circuit simulation problem
   5 210  13   8   8   4   1   2   0   1   1   1   0   0   0   0   0   0   0   0   0 |   b = structural problem
   0  18  59   1   1  10   0   0   7   1   1   0   0   1   0   0   0   0   0   0   0 |   c = optimization problem
   1  21   5  58   0   8   0  18   3   8   2   0   0   2   0   0   0   0   0   0   1 |   d = computational fluid dynamics problem
   0  14   1   0  39   4   1   0   1   0   0   0   0   0   0   0   0   0   0   0   0 |   e = undirected graph
   4  32   7  13  13  23   0   5   3   7   1   1   0   5   0   0   0   0   0   0   1 |   f = 2D/3D problem
   3   4   1   1   0   2  41   0   1   0   0   0   0   0   0   0   0   0   0   0   1 |   g = directed graph
   1   1   0  18   0   0   0  36   2   6   4   0   0   0   0   0   0   0   0   0   0 |   h = chemical process simulation problem
   2   8   6   5   4   3   0  10  14   1   1   0   0   0   0   0   0   0   0   0   0 |   i = power network problem
   2   1   1   5   0   0   0   2   4  48   1   0   0   0   0   0   0   0   0   0   0 |   j = economic problem
   5   3   0  10   5   1   1   5   1   8  14   0   0   0   0   0   0   0   0   0   0 |   k = circuit simulation problem
   0   0   0   0   0   0   0   0   0   0   0   0   0   0   0   0   0   0   0   0   0 |   l = subsequent computational fluid dynamics problem
   0   0   0   0   0   0   0   0   0   0   0   0   0   0   0   0   0   0   0   0   0 |   m = subsequent theoretical/quantum chemistry problem
   1   2   0   9   0   8   0   1   0   2   2   1   0  14   0   0   0   0   0   0   0 |   n = electromagnetics problem
   0   0   0   0   0   0   0   0   0   0   0   0   0   0   0   0   0   0   0   0   0 |   o = directed weighted graph
   0   0   0   0   0   0   0   0   0   0   0   0   0   0   0   0   0   0   0   0   0 |   p = materials problem
   0   0   0   0   0   0   0   0   0   0   0   0   0   0   0   0   0   0   0   0   0 |   q = eigenvalue/model reduction problem
   0   0   0   0   0   0   0   0   0   0   0   0   0   0   0   0   0   0   0   0   0 |   r = model reduction problem
   0   0   0   0   0   0   0   0   0   0   0   0   0   0   0   0   0   0   0   0   0 |   s = undirected random graph
   0   0   0   0   0   0   0   0   0   0   0   0   0   0   0   0   0   0   0   0   0 |   t = thermal problem
   1   5   3   2   0   2   0   1   2   0   0   0   0   0   0   0   0   0   0   0  42 |   u = undirected weighted graph

