java.lang.ArrayIndexOutOfBoundsException: 4
	at weka.core.Instance.value(Instance.java:981)
	at weka.core.NormalizableDistance.updateRanges(NormalizableDistance.java:669)
	at weka.core.NormalizableDistance.update(NormalizableDistance.java:344)
	at weka.core.neighboursearch.LinearNNSearch.update(LinearNNSearch.java:330)
	at weka.core.neighboursearch.LinearNNSearch.addInstanceInfo(LinearNNSearch.java:343)
	at weka.classifiers.lazy.IBk.distributionForInstance(IBk.java:583)
	at weka.classifiers.rules.DTNB.distributionForInstance(DTNB.java:716)
	at weka.classifiers.Evaluation.evaluateModelOnceAndRecordPrediction(Evaluation.java:1512)
	at weka.classifiers.Evaluation.evaluateModel(Evaluation.java:1480)
	at weka.classifiers.Evaluation.crossValidateModel(Evaluation.java:500)
	at weka.classifiers.Evaluation.evaluateModel(Evaluation.java:1332)
	at weka.classifiers.Classifier.runClassifier(Classifier.java:315)
	at weka.classifiers.rules.DTNB.main(DTNB.java:976)
java.lang.ArrayIndexOutOfBoundsException: 4
	at weka.core.Instance.value(Instance.java:981)
	at weka.core.NormalizableDistance.updateRanges(NormalizableDistance.java:669)
	at weka.core.NormalizableDistance.update(NormalizableDistance.java:344)
	at weka.core.neighboursearch.LinearNNSearch.update(LinearNNSearch.java:330)
	at weka.core.neighboursearch.LinearNNSearch.addInstanceInfo(LinearNNSearch.java:343)
	at weka.classifiers.lazy.IBk.distributionForInstance(IBk.java:583)
	at weka.classifiers.rules.DTNB.distributionForInstance(DTNB.java:716)
	at weka.classifiers.Evaluation.evaluateModelOnceAndRecordPrediction(Evaluation.java:1512)
	at weka.classifiers.Evaluation.evaluateModel(Evaluation.java:1480)
	at weka.classifiers.Evaluation.crossValidateModel(Evaluation.java:500)
	at weka.classifiers.Evaluation.evaluateModel(Evaluation.java:1332)
	at weka.classifiers.Classifier.runClassifier(Classifier.java:315)
	at weka.classifiers.rules.DTNB.main(DTNB.java:976)
java.lang.ArrayIndexOutOfBoundsException: 4
	at weka.core.Instance.value(Instance.java:981)
	at weka.core.NormalizableDistance.updateRanges(NormalizableDistance.java:669)
	at weka.core.NormalizableDistance.update(NormalizableDistance.java:344)
	at weka.core.neighboursearch.LinearNNSearch.update(LinearNNSearch.java:330)
	at weka.core.neighboursearch.LinearNNSearch.addInstanceInfo(LinearNNSearch.java:343)
	at weka.classifiers.lazy.IBk.distributionForInstance(IBk.java:583)
	at weka.classifiers.rules.DTNB.distributionForInstance(DTNB.java:716)
	at weka.classifiers.Evaluation.evaluateModelOnceAndRecordPrediction(Evaluation.java:1512)
	at weka.classifiers.Evaluation.evaluateModel(Evaluation.java:1480)
	at weka.classifiers.Evaluation.crossValidateModel(Evaluation.java:500)
	at weka.classifiers.Evaluation.evaluateModel(Evaluation.java:1332)
	at weka.classifiers.Classifier.runClassifier(Classifier.java:315)
	at weka.classifiers.rules.DTNB.main(DTNB.java:976)
java.lang.ArrayIndexOutOfBoundsException: 4
	at weka.core.Instance.value(Instance.java:981)
	at weka.core.NormalizableDistance.updateRanges(NormalizableDistance.java:669)
	at weka.core.NormalizableDistance.update(NormalizableDistance.java:344)
	at weka.core.neighboursearch.LinearNNSearch.update(LinearNNSearch.java:330)
	at weka.core.neighboursearch.LinearNNSearch.addInstanceInfo(LinearNNSearch.java:343)
	at weka.classifiers.lazy.IBk.distributionForInstance(IBk.java:583)
	at weka.classifiers.rules.DTNB.distributionForInstance(DTNB.java:716)
	at weka.classifiers.Evaluation.evaluateModelOnceAndRecordPrediction(Evaluation.java:1512)
	at weka.classifiers.Evaluation.evaluateModel(Evaluation.java:1480)
	at weka.classifiers.Evaluation.crossValidateModel(Evaluation.java:500)
	at weka.classifiers.Evaluation.evaluateModel(Evaluation.java:1332)
	at weka.classifiers.Classifier.runClassifier(Classifier.java:315)
	at weka.classifiers.rules.DTNB.main(DTNB.java:976)
java.lang.ArrayIndexOutOfBoundsException: 7
	at weka.core.Instance.value(Instance.java:981)
	at weka.core.NormalizableDistance.updateRanges(NormalizableDistance.java:669)
	at weka.core.NormalizableDistance.update(NormalizableDistance.java:344)
	at weka.core.neighboursearch.LinearNNSearch.update(LinearNNSearch.java:330)
	at weka.core.neighboursearch.LinearNNSearch.addInstanceInfo(LinearNNSearch.java:343)
	at weka.classifiers.lazy.IBk.distributionForInstance(IBk.java:583)
	at weka.classifiers.rules.DTNB.distributionForInstance(DTNB.java:716)
	at weka.classifiers.Evaluation.evaluateModelOnceAndRecordPrediction(Evaluation.java:1512)
	at weka.classifiers.Evaluation.evaluateModel(Evaluation.java:1480)
	at weka.classifiers.Evaluation.crossValidateModel(Evaluation.java:500)
	at weka.classifiers.Evaluation.evaluateModel(Evaluation.java:1332)
	at weka.classifiers.Classifier.runClassifier(Classifier.java:315)
	at weka.classifiers.rules.DTNB.main(DTNB.java:976)
java.lang.ArrayIndexOutOfBoundsException: 7
	at weka.core.Instance.value(Instance.java:981)
	at weka.core.NormalizableDistance.updateRanges(NormalizableDistance.java:669)
	at weka.core.NormalizableDistance.update(NormalizableDistance.java:344)
	at weka.core.neighboursearch.LinearNNSearch.update(LinearNNSearch.java:330)
	at weka.core.neighboursearch.LinearNNSearch.addInstanceInfo(LinearNNSearch.java:343)
	at weka.classifiers.lazy.IBk.distributionForInstance(IBk.java:583)
	at weka.classifiers.rules.DTNB.distributionForInstance(DTNB.java:716)
	at weka.classifiers.Evaluation.evaluateModelOnceAndRecordPrediction(Evaluation.java:1512)
	at weka.classifiers.Evaluation.evaluateModel(Evaluation.java:1480)
	at weka.classifiers.Evaluation.crossValidateModel(Evaluation.java:500)
	at weka.classifiers.Evaluation.evaluateModel(Evaluation.java:1332)
	at weka.classifiers.Classifier.runClassifier(Classifier.java:315)
	at weka.classifiers.rules.DTNB.main(DTNB.java:976)
java.lang.ArrayIndexOutOfBoundsException: 7
	at weka.core.Instance.value(Instance.java:981)
	at weka.core.NormalizableDistance.updateRanges(NormalizableDistance.java:669)
	at weka.core.NormalizableDistance.update(NormalizableDistance.java:344)
	at weka.core.neighboursearch.LinearNNSearch.update(LinearNNSearch.java:330)
	at weka.core.neighboursearch.LinearNNSearch.addInstanceInfo(LinearNNSearch.java:343)
	at weka.classifiers.lazy.IBk.distributionForInstance(IBk.java:583)
	at weka.classifiers.rules.DTNB.distributionForInstance(DTNB.java:716)
	at weka.classifiers.Evaluation.evaluateModelOnceAndRecordPrediction(Evaluation.java:1512)
	at weka.classifiers.Evaluation.evaluateModel(Evaluation.java:1480)
	at weka.classifiers.Evaluation.crossValidateModel(Evaluation.java:500)
	at weka.classifiers.Evaluation.evaluateModel(Evaluation.java:1332)
	at weka.classifiers.Classifier.runClassifier(Classifier.java:315)
	at weka.classifiers.rules.DTNB.main(DTNB.java:976)
java.lang.ArrayIndexOutOfBoundsException: 7
	at weka.core.Instance.value(Instance.java:981)
	at weka.core.NormalizableDistance.updateRanges(NormalizableDistance.java:669)
	at weka.core.NormalizableDistance.update(NormalizableDistance.java:344)
	at weka.core.neighboursearch.LinearNNSearch.update(LinearNNSearch.java:330)
	at weka.core.neighboursearch.LinearNNSearch.addInstanceInfo(LinearNNSearch.java:343)
	at weka.classifiers.lazy.IBk.distributionForInstance(IBk.java:583)
	at weka.classifiers.rules.DTNB.distributionForInstance(DTNB.java:716)
	at weka.classifiers.Evaluation.evaluateModelOnceAndRecordPrediction(Evaluation.java:1512)
	at weka.classifiers.Evaluation.evaluateModel(Evaluation.java:1480)
	at weka.classifiers.Evaluation.crossValidateModel(Evaluation.java:500)
	at weka.classifiers.Evaluation.evaluateModel(Evaluation.java:1332)
	at weka.classifiers.Classifier.runClassifier(Classifier.java:315)
	at weka.classifiers.rules.DTNB.main(DTNB.java:976)
java.lang.ArrayIndexOutOfBoundsException: 7
	at weka.core.Instance.value(Instance.java:981)
	at weka.core.NormalizableDistance.updateRanges(NormalizableDistance.java:669)
	at weka.core.NormalizableDistance.update(NormalizableDistance.java:344)
	at weka.core.neighboursearch.LinearNNSearch.update(LinearNNSearch.java:330)
	at weka.core.neighboursearch.LinearNNSearch.addInstanceInfo(LinearNNSearch.java:343)
	at weka.classifiers.lazy.IBk.distributionForInstance(IBk.java:583)
	at weka.classifiers.rules.DTNB.distributionForInstance(DTNB.java:716)
	at weka.classifiers.Evaluation.evaluateModelOnceAndRecordPrediction(Evaluation.java:1512)
	at weka.classifiers.Evaluation.evaluateModel(Evaluation.java:1480)
	at weka.classifiers.Evaluation.crossValidateModel(Evaluation.java:500)
	at weka.classifiers.Evaluation.evaluateModel(Evaluation.java:1332)
	at weka.classifiers.Classifier.runClassifier(Classifier.java:315)
	at weka.classifiers.rules.DTNB.main(DTNB.java:976)
java.lang.ArrayIndexOutOfBoundsException: 7
	at weka.core.Instance.value(Instance.java:981)
	at weka.core.NormalizableDistance.updateRanges(NormalizableDistance.java:669)
	at weka.core.NormalizableDistance.update(NormalizableDistance.java:344)
	at weka.core.neighboursearch.LinearNNSearch.update(LinearNNSearch.java:330)
	at weka.core.neighboursearch.LinearNNSearch.addInstanceInfo(LinearNNSearch.java:343)
	at weka.classifiers.lazy.IBk.distributionForInstance(IBk.java:583)
	at weka.classifiers.rules.DTNB.distributionForInstance(DTNB.java:716)
	at weka.classifiers.Evaluation.evaluateModelOnceAndRecordPrediction(Evaluation.java:1512)
	at weka.classifiers.Evaluation.evaluateModel(Evaluation.java:1480)
	at weka.classifiers.Evaluation.crossValidateModel(Evaluation.java:500)
	at weka.classifiers.Evaluation.evaluateModel(Evaluation.java:1332)
	at weka.classifiers.Classifier.runClassifier(Classifier.java:315)
	at weka.classifiers.rules.DTNB.main(DTNB.java:976)
java.lang.ArrayIndexOutOfBoundsException: 7
	at weka.core.Instance.value(Instance.java:981)
	at weka.core.NormalizableDistance.updateRanges(NormalizableDistance.java:669)
	at weka.core.NormalizableDistance.update(NormalizableDistance.java:344)
	at weka.core.neighboursearch.LinearNNSearch.update(LinearNNSearch.java:330)
	at weka.core.neighboursearch.LinearNNSearch.addInstanceInfo(LinearNNSearch.java:343)
	at weka.classifiers.lazy.IBk.distributionForInstance(IBk.java:583)
	at weka.classifiers.rules.DTNB.distributionForInstance(DTNB.java:716)
	at weka.classifiers.Evaluation.evaluateModelOnceAndRecordPrediction(Evaluation.java:1512)
	at weka.classifiers.Evaluation.evaluateModel(Evaluation.java:1480)
	at weka.classifiers.Evaluation.crossValidateModel(Evaluation.java:500)
	at weka.classifiers.Evaluation.evaluateModel(Evaluation.java:1332)
	at weka.classifiers.Classifier.runClassifier(Classifier.java:315)
	at weka.classifiers.rules.DTNB.main(DTNB.java:976)
java.lang.ArrayIndexOutOfBoundsException: 7
	at weka.core.Instance.value(Instance.java:981)
	at weka.core.NormalizableDistance.updateRanges(NormalizableDistance.java:669)
	at weka.core.NormalizableDistance.update(NormalizableDistance.java:344)
	at weka.core.neighboursearch.LinearNNSearch.update(LinearNNSearch.java:330)
	at weka.core.neighboursearch.LinearNNSearch.addInstanceInfo(LinearNNSearch.java:343)
	at weka.classifiers.lazy.IBk.distributionForInstance(IBk.java:583)
	at weka.classifiers.rules.DTNB.distributionForInstance(DTNB.java:716)
	at weka.classifiers.Evaluation.evaluateModelOnceAndRecordPrediction(Evaluation.java:1512)
	at weka.classifiers.Evaluation.evaluateModel(Evaluation.java:1480)
	at weka.classifiers.Evaluation.crossValidateModel(Evaluation.java:500)
	at weka.classifiers.Evaluation.evaluateModel(Evaluation.java:1332)
	at weka.classifiers.Classifier.runClassifier(Classifier.java:315)
	at weka.classifiers.rules.DTNB.main(DTNB.java:976)
java.lang.ArrayIndexOutOfBoundsException: 7
	at weka.core.Instance.value(Instance.java:981)
	at weka.core.NormalizableDistance.updateRanges(NormalizableDistance.java:669)
	at weka.core.NormalizableDistance.update(NormalizableDistance.java:344)
	at weka.core.neighboursearch.LinearNNSearch.update(LinearNNSearch.java:330)
	at weka.core.neighboursearch.LinearNNSearch.addInstanceInfo(LinearNNSearch.java:343)
	at weka.classifiers.lazy.IBk.distributionForInstance(IBk.java:583)
	at weka.classifiers.rules.DTNB.distributionForInstance(DTNB.java:716)
	at weka.classifiers.Evaluation.evaluateModelOnceAndRecordPrediction(Evaluation.java:1512)
	at weka.classifiers.Evaluation.evaluateModel(Evaluation.java:1480)
	at weka.classifiers.Evaluation.crossValidateModel(Evaluation.java:500)
	at weka.classifiers.Evaluation.evaluateModel(Evaluation.java:1332)
	at weka.classifiers.Classifier.runClassifier(Classifier.java:315)
	at weka.classifiers.rules.DTNB.main(DTNB.java:976)
java.lang.ArrayIndexOutOfBoundsException: 7
	at weka.core.Instance.value(Instance.java:981)
	at weka.core.NormalizableDistance.updateRanges(NormalizableDistance.java:669)
	at weka.core.NormalizableDistance.update(NormalizableDistance.java:344)
	at weka.core.neighboursearch.LinearNNSearch.update(LinearNNSearch.java:330)
	at weka.core.neighboursearch.LinearNNSearch.addInstanceInfo(LinearNNSearch.java:343)
	at weka.classifiers.lazy.IBk.distributionForInstance(IBk.java:583)
	at weka.classifiers.rules.DTNB.distributionForInstance(DTNB.java:716)
	at weka.classifiers.Evaluation.evaluateModelOnceAndRecordPrediction(Evaluation.java:1512)
	at weka.classifiers.Evaluation.evaluateModel(Evaluation.java:1480)
	at weka.classifiers.Evaluation.crossValidateModel(Evaluation.java:500)
	at weka.classifiers.Evaluation.evaluateModel(Evaluation.java:1332)
	at weka.classifiers.Classifier.runClassifier(Classifier.java:315)
	at weka.classifiers.rules.DTNB.main(DTNB.java:976)
java.lang.ArrayIndexOutOfBoundsException: 7
	at weka.core.Instance.value(Instance.java:981)
	at weka.core.NormalizableDistance.updateRanges(NormalizableDistance.java:669)
	at weka.core.NormalizableDistance.update(NormalizableDistance.java:344)
	at weka.core.neighboursearch.LinearNNSearch.update(LinearNNSearch.java:330)
	at weka.core.neighboursearch.LinearNNSearch.addInstanceInfo(LinearNNSearch.java:343)
	at weka.classifiers.lazy.IBk.distributionForInstance(IBk.java:583)
	at weka.classifiers.rules.DTNB.distributionForInstance(DTNB.java:716)
	at weka.classifiers.Evaluation.evaluateModelOnceAndRecordPrediction(Evaluation.java:1512)
	at weka.classifiers.Evaluation.evaluateModel(Evaluation.java:1480)
	at weka.classifiers.Evaluation.crossValidateModel(Evaluation.java:500)
	at weka.classifiers.Evaluation.evaluateModel(Evaluation.java:1332)
	at weka.classifiers.Classifier.runClassifier(Classifier.java:315)
	at weka.classifiers.rules.DTNB.main(DTNB.java:976)
java.lang.ArrayIndexOutOfBoundsException: 7
	at weka.core.Instance.value(Instance.java:981)
	at weka.core.NormalizableDistance.updateRanges(NormalizableDistance.java:669)
	at weka.core.NormalizableDistance.update(NormalizableDistance.java:344)
	at weka.core.neighboursearch.LinearNNSearch.update(LinearNNSearch.java:330)
	at weka.core.neighboursearch.LinearNNSearch.addInstanceInfo(LinearNNSearch.java:343)
	at weka.classifiers.lazy.IBk.distributionForInstance(IBk.java:583)
	at weka.classifiers.rules.DTNB.distributionForInstance(DTNB.java:716)
	at weka.classifiers.Evaluation.evaluateModelOnceAndRecordPrediction(Evaluation.java:1512)
	at weka.classifiers.Evaluation.evaluateModel(Evaluation.java:1480)
	at weka.classifiers.Evaluation.crossValidateModel(Evaluation.java:500)
	at weka.classifiers.Evaluation.evaluateModel(Evaluation.java:1332)
	at weka.classifiers.Classifier.runClassifier(Classifier.java:315)
	at weka.classifiers.rules.DTNB.main(DTNB.java:976)
java.lang.ArrayIndexOutOfBoundsException: 7
	at weka.core.Instance.value(Instance.java:981)
	at weka.core.NormalizableDistance.updateRanges(NormalizableDistance.java:669)
	at weka.core.NormalizableDistance.update(NormalizableDistance.java:344)
	at weka.core.neighboursearch.LinearNNSearch.update(LinearNNSearch.java:330)
	at weka.core.neighboursearch.LinearNNSearch.addInstanceInfo(LinearNNSearch.java:343)
	at weka.classifiers.lazy.IBk.distributionForInstance(IBk.java:583)
	at weka.classifiers.rules.DTNB.distributionForInstance(DTNB.java:716)
	at weka.classifiers.Evaluation.evaluateModelOnceAndRecordPrediction(Evaluation.java:1512)
	at weka.classifiers.Evaluation.evaluateModel(Evaluation.java:1480)
	at weka.classifiers.Evaluation.crossValidateModel(Evaluation.java:500)
	at weka.classifiers.Evaluation.evaluateModel(Evaluation.java:1332)
	at weka.classifiers.Classifier.runClassifier(Classifier.java:315)
	at weka.classifiers.rules.DTNB.main(DTNB.java:976)
java.lang.ArrayIndexOutOfBoundsException: 7
	at weka.core.Instance.value(Instance.java:981)
	at weka.core.NormalizableDistance.updateRanges(NormalizableDistance.java:669)
	at weka.core.NormalizableDistance.update(NormalizableDistance.java:344)
	at weka.core.neighboursearch.LinearNNSearch.update(LinearNNSearch.java:330)
	at weka.core.neighboursearch.LinearNNSearch.addInstanceInfo(LinearNNSearch.java:343)
	at weka.classifiers.lazy.IBk.distributionForInstance(IBk.java:583)
	at weka.classifiers.rules.DTNB.distributionForInstance(DTNB.java:716)
	at weka.classifiers.Evaluation.evaluateModelOnceAndRecordPrediction(Evaluation.java:1512)
	at weka.classifiers.Evaluation.evaluateModel(Evaluation.java:1480)
	at weka.classifiers.Evaluation.crossValidateModel(Evaluation.java:500)
	at weka.classifiers.Evaluation.evaluateModel(Evaluation.java:1332)
	at weka.classifiers.Classifier.runClassifier(Classifier.java:315)
	at weka.classifiers.rules.DTNB.main(DTNB.java:976)
java.lang.ArrayIndexOutOfBoundsException: 7
	at weka.core.Instance.value(Instance.java:981)
	at weka.core.NormalizableDistance.updateRanges(NormalizableDistance.java:669)
	at weka.core.NormalizableDistance.update(NormalizableDistance.java:344)
	at weka.core.neighboursearch.LinearNNSearch.update(LinearNNSearch.java:330)
	at weka.core.neighboursearch.LinearNNSearch.addInstanceInfo(LinearNNSearch.java:343)
	at weka.classifiers.lazy.IBk.distributionForInstance(IBk.java:583)
	at weka.classifiers.rules.DTNB.distributionForInstance(DTNB.java:716)
	at weka.classifiers.Evaluation.evaluateModelOnceAndRecordPrediction(Evaluation.java:1512)
	at weka.classifiers.Evaluation.evaluateModel(Evaluation.java:1480)
	at weka.classifiers.Evaluation.crossValidateModel(Evaluation.java:500)
	at weka.classifiers.Evaluation.evaluateModel(Evaluation.java:1332)
	at weka.classifiers.Classifier.runClassifier(Classifier.java:315)
	at weka.classifiers.rules.DTNB.main(DTNB.java:976)
java.lang.ArrayIndexOutOfBoundsException: 7
	at weka.core.Instance.value(Instance.java:981)
	at weka.core.NormalizableDistance.updateRanges(NormalizableDistance.java:669)
	at weka.core.NormalizableDistance.update(NormalizableDistance.java:344)
	at weka.core.neighboursearch.LinearNNSearch.update(LinearNNSearch.java:330)
	at weka.core.neighboursearch.LinearNNSearch.addInstanceInfo(LinearNNSearch.java:343)
	at weka.classifiers.lazy.IBk.distributionForInstance(IBk.java:583)
	at weka.classifiers.rules.DTNB.distributionForInstance(DTNB.java:716)
	at weka.classifiers.Evaluation.evaluateModelOnceAndRecordPrediction(Evaluation.java:1512)
	at weka.classifiers.Evaluation.evaluateModel(Evaluation.java:1480)
	at weka.classifiers.Evaluation.crossValidateModel(Evaluation.java:500)
	at weka.classifiers.Evaluation.evaluateModel(Evaluation.java:1332)
	at weka.classifiers.Classifier.runClassifier(Classifier.java:315)
	at weka.classifiers.rules.DTNB.main(DTNB.java:976)
java.lang.ArrayIndexOutOfBoundsException: 7
	at weka.core.Instance.value(Instance.java:981)
	at weka.core.NormalizableDistance.updateRanges(NormalizableDistance.java:669)
	at weka.core.NormalizableDistance.update(NormalizableDistance.java:344)
	at weka.core.neighboursearch.LinearNNSearch.update(LinearNNSearch.java:330)
	at weka.core.neighboursearch.LinearNNSearch.addInstanceInfo(LinearNNSearch.java:343)
	at weka.classifiers.lazy.IBk.distributionForInstance(IBk.java:583)
	at weka.classifiers.rules.DTNB.distributionForInstance(DTNB.java:716)
	at weka.classifiers.Evaluation.evaluateModelOnceAndRecordPrediction(Evaluation.java:1512)
	at weka.classifiers.Evaluation.evaluateModel(Evaluation.java:1480)
	at weka.classifiers.Evaluation.crossValidateModel(Evaluation.java:500)
	at weka.classifiers.Evaluation.evaluateModel(Evaluation.java:1332)
	at weka.classifiers.Classifier.runClassifier(Classifier.java:315)
	at weka.classifiers.rules.DTNB.main(DTNB.java:976)
java.lang.ArrayIndexOutOfBoundsException: 7
	at weka.core.Instance.value(Instance.java:981)
	at weka.core.NormalizableDistance.updateRanges(NormalizableDistance.java:669)
	at weka.core.NormalizableDistance.update(NormalizableDistance.java:344)
	at weka.core.neighboursearch.LinearNNSearch.update(LinearNNSearch.java:330)
	at weka.core.neighboursearch.LinearNNSearch.addInstanceInfo(LinearNNSearch.java:343)
	at weka.classifiers.lazy.IBk.distributionForInstance(IBk.java:583)
	at weka.classifiers.rules.DTNB.distributionForInstance(DTNB.java:716)
	at weka.classifiers.Evaluation.evaluateModelOnceAndRecordPrediction(Evaluation.java:1512)
	at weka.classifiers.Evaluation.evaluateModel(Evaluation.java:1480)
	at weka.classifiers.Evaluation.crossValidateModel(Evaluation.java:500)
	at weka.classifiers.Evaluation.evaluateModel(Evaluation.java:1332)
	at weka.classifiers.Classifier.runClassifier(Classifier.java:315)
	at weka.classifiers.rules.DTNB.main(DTNB.java:976)
java.lang.ArrayIndexOutOfBoundsException: 7
	at weka.core.Instance.value(Instance.java:981)
	at weka.core.NormalizableDistance.updateRanges(NormalizableDistance.java:669)
	at weka.core.NormalizableDistance.update(NormalizableDistance.java:344)
	at weka.core.neighboursearch.LinearNNSearch.update(LinearNNSearch.java:330)
	at weka.core.neighboursearch.LinearNNSearch.addInstanceInfo(LinearNNSearch.java:343)
	at weka.classifiers.lazy.IBk.distributionForInstance(IBk.java:583)
	at weka.classifiers.rules.DTNB.distributionForInstance(DTNB.java:716)
	at weka.classifiers.Evaluation.evaluateModelOnceAndRecordPrediction(Evaluation.java:1512)
	at weka.classifiers.Evaluation.evaluateModel(Evaluation.java:1480)
	at weka.classifiers.Evaluation.crossValidateModel(Evaluation.java:500)
	at weka.classifiers.Evaluation.evaluateModel(Evaluation.java:1332)
	at weka.classifiers.Classifier.runClassifier(Classifier.java:315)
	at weka.classifiers.rules.DTNB.main(DTNB.java:976)
java.lang.ArrayIndexOutOfBoundsException: 7
	at weka.core.Instance.value(Instance.java:981)
	at weka.core.NormalizableDistance.updateRanges(NormalizableDistance.java:669)
	at weka.core.NormalizableDistance.update(NormalizableDistance.java:344)
	at weka.core.neighboursearch.LinearNNSearch.update(LinearNNSearch.java:330)
	at weka.core.neighboursearch.LinearNNSearch.addInstanceInfo(LinearNNSearch.java:343)
	at weka.classifiers.lazy.IBk.distributionForInstance(IBk.java:583)
	at weka.classifiers.rules.DTNB.distributionForInstance(DTNB.java:716)
	at weka.classifiers.Evaluation.evaluateModelOnceAndRecordPrediction(Evaluation.java:1512)
	at weka.classifiers.Evaluation.evaluateModel(Evaluation.java:1480)
	at weka.classifiers.Evaluation.crossValidateModel(Evaluation.java:500)
	at weka.classifiers.Evaluation.evaluateModel(Evaluation.java:1332)
	at weka.classifiers.Classifier.runClassifier(Classifier.java:315)
	at weka.classifiers.rules.DTNB.main(DTNB.java:976)
java.lang.ArrayIndexOutOfBoundsException: 7
	at weka.core.Instance.value(Instance.java:981)
	at weka.core.NormalizableDistance.updateRanges(NormalizableDistance.java:669)
	at weka.core.NormalizableDistance.update(NormalizableDistance.java:344)
	at weka.core.neighboursearch.LinearNNSearch.update(LinearNNSearch.java:330)
	at weka.core.neighboursearch.LinearNNSearch.addInstanceInfo(LinearNNSearch.java:343)
	at weka.classifiers.lazy.IBk.distributionForInstance(IBk.java:583)
	at weka.classifiers.rules.DTNB.distributionForInstance(DTNB.java:716)
	at weka.classifiers.Evaluation.evaluateModelOnceAndRecordPrediction(Evaluation.java:1512)
	at weka.classifiers.Evaluation.evaluateModel(Evaluation.java:1480)
	at weka.classifiers.Evaluation.crossValidateModel(Evaluation.java:500)
	at weka.classifiers.Evaluation.evaluateModel(Evaluation.java:1332)
	at weka.classifiers.Classifier.runClassifier(Classifier.java:315)
	at weka.classifiers.rules.DTNB.main(DTNB.java:976)
java.lang.ArrayIndexOutOfBoundsException: 7
	at weka.core.Instance.value(Instance.java:981)
	at weka.core.NormalizableDistance.updateRanges(NormalizableDistance.java:669)
	at weka.core.NormalizableDistance.update(NormalizableDistance.java:344)
	at weka.core.neighboursearch.LinearNNSearch.update(LinearNNSearch.java:330)
	at weka.core.neighboursearch.LinearNNSearch.addInstanceInfo(LinearNNSearch.java:343)
	at weka.classifiers.lazy.IBk.distributionForInstance(IBk.java:583)
	at weka.classifiers.rules.DTNB.distributionForInstance(DTNB.java:716)
	at weka.classifiers.Evaluation.evaluateModelOnceAndRecordPrediction(Evaluation.java:1512)
	at weka.classifiers.Evaluation.evaluateModel(Evaluation.java:1480)
	at weka.classifiers.Evaluation.crossValidateModel(Evaluation.java:500)
	at weka.classifiers.Evaluation.evaluateModel(Evaluation.java:1332)
	at weka.classifiers.Classifier.runClassifier(Classifier.java:315)
	at weka.classifiers.rules.DTNB.main(DTNB.java:976)
java.lang.ArrayIndexOutOfBoundsException: 7
	at weka.core.Instance.value(Instance.java:981)
	at weka.core.NormalizableDistance.updateRanges(NormalizableDistance.java:669)
	at weka.core.NormalizableDistance.update(NormalizableDistance.java:344)
	at weka.core.neighboursearch.LinearNNSearch.update(LinearNNSearch.java:330)
	at weka.core.neighboursearch.LinearNNSearch.addInstanceInfo(LinearNNSearch.java:343)
	at weka.classifiers.lazy.IBk.distributionForInstance(IBk.java:583)
	at weka.classifiers.rules.DTNB.distributionForInstance(DTNB.java:716)
	at weka.classifiers.Evaluation.evaluateModelOnceAndRecordPrediction(Evaluation.java:1512)
	at weka.classifiers.Evaluation.evaluateModel(Evaluation.java:1480)
	at weka.classifiers.Evaluation.crossValidateModel(Evaluation.java:500)
	at weka.classifiers.Evaluation.evaluateModel(Evaluation.java:1332)
	at weka.classifiers.Classifier.runClassifier(Classifier.java:315)
	at weka.classifiers.rules.DTNB.main(DTNB.java:976)
java.lang.ArrayIndexOutOfBoundsException: 7
	at weka.core.Instance.value(Instance.java:981)
	at weka.core.NormalizableDistance.updateRanges(NormalizableDistance.java:669)
	at weka.core.NormalizableDistance.update(NormalizableDistance.java:344)
	at weka.core.neighboursearch.LinearNNSearch.update(LinearNNSearch.java:330)
	at weka.core.neighboursearch.LinearNNSearch.addInstanceInfo(LinearNNSearch.java:343)
	at weka.classifiers.lazy.IBk.distributionForInstance(IBk.java:583)
	at weka.classifiers.rules.DTNB.distributionForInstance(DTNB.java:716)
	at weka.classifiers.Evaluation.evaluateModelOnceAndRecordPrediction(Evaluation.java:1512)
	at weka.classifiers.Evaluation.evaluateModel(Evaluation.java:1480)
	at weka.classifiers.Evaluation.crossValidateModel(Evaluation.java:500)
	at weka.classifiers.Evaluation.evaluateModel(Evaluation.java:1332)
	at weka.classifiers.Classifier.runClassifier(Classifier.java:315)
	at weka.classifiers.rules.DTNB.main(DTNB.java:976)
java.lang.ArrayIndexOutOfBoundsException: 7
	at weka.core.Instance.value(Instance.java:981)
	at weka.core.NormalizableDistance.updateRanges(NormalizableDistance.java:669)
	at weka.core.NormalizableDistance.update(NormalizableDistance.java:344)
	at weka.core.neighboursearch.LinearNNSearch.update(LinearNNSearch.java:330)
	at weka.core.neighboursearch.LinearNNSearch.addInstanceInfo(LinearNNSearch.java:343)
	at weka.classifiers.lazy.IBk.distributionForInstance(IBk.java:583)
	at weka.classifiers.rules.DTNB.distributionForInstance(DTNB.java:716)
	at weka.classifiers.Evaluation.evaluateModelOnceAndRecordPrediction(Evaluation.java:1512)
	at weka.classifiers.Evaluation.evaluateModel(Evaluation.java:1480)
	at weka.classifiers.Evaluation.crossValidateModel(Evaluation.java:500)
	at weka.classifiers.Evaluation.evaluateModel(Evaluation.java:1332)
	at weka.classifiers.Classifier.runClassifier(Classifier.java:315)
	at weka.classifiers.rules.DTNB.main(DTNB.java:976)
java.lang.ArrayIndexOutOfBoundsException: 7
	at weka.core.Instance.value(Instance.java:981)
	at weka.core.NormalizableDistance.updateRanges(NormalizableDistance.java:669)
	at weka.core.NormalizableDistance.update(NormalizableDistance.java:344)
	at weka.core.neighboursearch.LinearNNSearch.update(LinearNNSearch.java:330)
	at weka.core.neighboursearch.LinearNNSearch.addInstanceInfo(LinearNNSearch.java:343)
	at weka.classifiers.lazy.IBk.distributionForInstance(IBk.java:583)
	at weka.classifiers.rules.DTNB.distributionForInstance(DTNB.java:716)
	at weka.classifiers.Evaluation.evaluateModelOnceAndRecordPrediction(Evaluation.java:1512)
	at weka.classifiers.Evaluation.evaluateModel(Evaluation.java:1480)
	at weka.classifiers.Evaluation.crossValidateModel(Evaluation.java:500)
	at weka.classifiers.Evaluation.evaluateModel(Evaluation.java:1332)
	at weka.classifiers.Classifier.runClassifier(Classifier.java:315)
	at weka.classifiers.rules.DTNB.main(DTNB.java:976)
java.lang.ArrayIndexOutOfBoundsException: 7
	at weka.core.Instance.value(Instance.java:981)
	at weka.core.NormalizableDistance.updateRanges(NormalizableDistance.java:669)
	at weka.core.NormalizableDistance.update(NormalizableDistance.java:344)
	at weka.core.neighboursearch.LinearNNSearch.update(LinearNNSearch.java:330)
	at weka.core.neighboursearch.LinearNNSearch.addInstanceInfo(LinearNNSearch.java:343)
	at weka.classifiers.lazy.IBk.distributionForInstance(IBk.java:583)
	at weka.classifiers.rules.DTNB.distributionForInstance(DTNB.java:716)
	at weka.classifiers.Evaluation.evaluateModelOnceAndRecordPrediction(Evaluation.java:1512)
	at weka.classifiers.Evaluation.evaluateModel(Evaluation.java:1480)
	at weka.classifiers.Evaluation.crossValidateModel(Evaluation.java:500)
	at weka.classifiers.Evaluation.evaluateModel(Evaluation.java:1332)
	at weka.classifiers.Classifier.runClassifier(Classifier.java:315)
	at weka.classifiers.rules.DTNB.main(DTNB.java:976)
java.lang.ArrayIndexOutOfBoundsException: 7
	at weka.core.Instance.value(Instance.java:981)
	at weka.core.NormalizableDistance.updateRanges(NormalizableDistance.java:669)
	at weka.core.NormalizableDistance.update(NormalizableDistance.java:344)
	at weka.core.neighboursearch.LinearNNSearch.update(LinearNNSearch.java:330)
	at weka.core.neighboursearch.LinearNNSearch.addInstanceInfo(LinearNNSearch.java:343)
	at weka.classifiers.lazy.IBk.distributionForInstance(IBk.java:583)
	at weka.classifiers.rules.DTNB.distributionForInstance(DTNB.java:716)
	at weka.classifiers.Evaluation.evaluateModelOnceAndRecordPrediction(Evaluation.java:1512)
	at weka.classifiers.Evaluation.evaluateModel(Evaluation.java:1480)
	at weka.classifiers.Evaluation.crossValidateModel(Evaluation.java:500)
	at weka.classifiers.Evaluation.evaluateModel(Evaluation.java:1332)
	at weka.classifiers.Classifier.runClassifier(Classifier.java:315)
	at weka.classifiers.rules.DTNB.main(DTNB.java:976)
java.lang.ArrayIndexOutOfBoundsException: 7
	at weka.core.Instance.value(Instance.java:981)
	at weka.core.NormalizableDistance.updateRanges(NormalizableDistance.java:669)
	at weka.core.NormalizableDistance.update(NormalizableDistance.java:344)
	at weka.core.neighboursearch.LinearNNSearch.update(LinearNNSearch.java:330)
	at weka.core.neighboursearch.LinearNNSearch.addInstanceInfo(LinearNNSearch.java:343)
	at weka.classifiers.lazy.IBk.distributionForInstance(IBk.java:583)
	at weka.classifiers.rules.DTNB.distributionForInstance(DTNB.java:716)
	at weka.classifiers.Evaluation.evaluateModelOnceAndRecordPrediction(Evaluation.java:1512)
	at weka.classifiers.Evaluation.evaluateModel(Evaluation.java:1480)
	at weka.classifiers.Evaluation.crossValidateModel(Evaluation.java:500)
	at weka.classifiers.Evaluation.evaluateModel(Evaluation.java:1332)
	at weka.classifiers.Classifier.runClassifier(Classifier.java:315)
	at weka.classifiers.rules.DTNB.main(DTNB.java:976)
java.lang.ArrayIndexOutOfBoundsException: 7
	at weka.core.Instance.value(Instance.java:981)
	at weka.core.NormalizableDistance.updateRanges(NormalizableDistance.java:669)
	at weka.core.NormalizableDistance.update(NormalizableDistance.java:344)
	at weka.core.neighboursearch.LinearNNSearch.update(LinearNNSearch.java:330)
	at weka.core.neighboursearch.LinearNNSearch.addInstanceInfo(LinearNNSearch.java:343)
	at weka.classifiers.lazy.IBk.distributionForInstance(IBk.java:583)
	at weka.classifiers.rules.DTNB.distributionForInstance(DTNB.java:716)
	at weka.classifiers.Evaluation.evaluateModelOnceAndRecordPrediction(Evaluation.java:1512)
	at weka.classifiers.Evaluation.evaluateModel(Evaluation.java:1480)
	at weka.classifiers.Evaluation.crossValidateModel(Evaluation.java:500)
	at weka.classifiers.Evaluation.evaluateModel(Evaluation.java:1332)
	at weka.classifiers.Classifier.runClassifier(Classifier.java:315)
	at weka.classifiers.rules.DTNB.main(DTNB.java:976)
java.lang.ArrayIndexOutOfBoundsException: 7
	at weka.core.Instance.value(Instance.java:981)
	at weka.core.NormalizableDistance.updateRanges(NormalizableDistance.java:669)
	at weka.core.NormalizableDistance.update(NormalizableDistance.java:344)
	at weka.core.neighboursearch.LinearNNSearch.update(LinearNNSearch.java:330)
	at weka.core.neighboursearch.LinearNNSearch.addInstanceInfo(LinearNNSearch.java:343)
	at weka.classifiers.lazy.IBk.distributionForInstance(IBk.java:583)
	at weka.classifiers.rules.DTNB.distributionForInstance(DTNB.java:716)
	at weka.classifiers.Evaluation.evaluateModelOnceAndRecordPrediction(Evaluation.java:1512)
	at weka.classifiers.Evaluation.evaluateModel(Evaluation.java:1480)
	at weka.classifiers.Evaluation.crossValidateModel(Evaluation.java:500)
	at weka.classifiers.Evaluation.evaluateModel(Evaluation.java:1332)
	at weka.classifiers.Classifier.runClassifier(Classifier.java:315)
	at weka.classifiers.rules.DTNB.main(DTNB.java:976)
java.lang.ArrayIndexOutOfBoundsException: 7
	at weka.core.Instance.value(Instance.java:981)
	at weka.core.NormalizableDistance.updateRanges(NormalizableDistance.java:669)
	at weka.core.NormalizableDistance.update(NormalizableDistance.java:344)
	at weka.core.neighboursearch.LinearNNSearch.update(LinearNNSearch.java:330)
	at weka.core.neighboursearch.LinearNNSearch.addInstanceInfo(LinearNNSearch.java:343)
	at weka.classifiers.lazy.IBk.distributionForInstance(IBk.java:583)
	at weka.classifiers.rules.DTNB.distributionForInstance(DTNB.java:716)
	at weka.classifiers.Evaluation.evaluateModelOnceAndRecordPrediction(Evaluation.java:1512)
	at weka.classifiers.Evaluation.evaluateModel(Evaluation.java:1480)
	at weka.classifiers.Evaluation.crossValidateModel(Evaluation.java:500)
	at weka.classifiers.Evaluation.evaluateModel(Evaluation.java:1332)
	at weka.classifiers.Classifier.runClassifier(Classifier.java:315)
	at weka.classifiers.rules.DTNB.main(DTNB.java:976)
java.lang.ArrayIndexOutOfBoundsException: 4
	at weka.core.Instance.value(Instance.java:981)
	at weka.core.NormalizableDistance.updateRanges(NormalizableDistance.java:669)
	at weka.core.NormalizableDistance.update(NormalizableDistance.java:344)
	at weka.core.neighboursearch.LinearNNSearch.update(LinearNNSearch.java:330)
	at weka.core.neighboursearch.LinearNNSearch.addInstanceInfo(LinearNNSearch.java:343)
	at weka.classifiers.lazy.IBk.distributionForInstance(IBk.java:583)
	at weka.classifiers.rules.DTNB.distributionForInstance(DTNB.java:716)
	at weka.classifiers.Evaluation.evaluateModelOnceAndRecordPrediction(Evaluation.java:1512)
	at weka.classifiers.Evaluation.evaluateModel(Evaluation.java:1480)
	at weka.classifiers.Evaluation.crossValidateModel(Evaluation.java:500)
	at weka.classifiers.Evaluation.evaluateModel(Evaluation.java:1332)
	at weka.classifiers.Classifier.runClassifier(Classifier.java:315)
	at weka.classifiers.rules.DTNB.main(DTNB.java:976)
java.lang.ArrayIndexOutOfBoundsException: 4
	at weka.core.Instance.value(Instance.java:981)
	at weka.core.NormalizableDistance.updateRanges(NormalizableDistance.java:669)
	at weka.core.NormalizableDistance.update(NormalizableDistance.java:344)
	at weka.core.neighboursearch.LinearNNSearch.update(LinearNNSearch.java:330)
	at weka.core.neighboursearch.LinearNNSearch.addInstanceInfo(LinearNNSearch.java:343)
	at weka.classifiers.lazy.IBk.distributionForInstance(IBk.java:583)
	at weka.classifiers.rules.DTNB.distributionForInstance(DTNB.java:716)
	at weka.classifiers.Evaluation.evaluateModelOnceAndRecordPrediction(Evaluation.java:1512)
	at weka.classifiers.Evaluation.evaluateModel(Evaluation.java:1480)
	at weka.classifiers.Evaluation.crossValidateModel(Evaluation.java:500)
	at weka.classifiers.Evaluation.evaluateModel(Evaluation.java:1332)
	at weka.classifiers.Classifier.runClassifier(Classifier.java:315)
	at weka.classifiers.rules.DTNB.main(DTNB.java:976)
java.lang.ArrayIndexOutOfBoundsException: 4
	at weka.core.Instance.value(Instance.java:981)
	at weka.core.NormalizableDistance.updateRanges(NormalizableDistance.java:669)
	at weka.core.NormalizableDistance.update(NormalizableDistance.java:344)
	at weka.core.neighboursearch.LinearNNSearch.update(LinearNNSearch.java:330)
	at weka.core.neighboursearch.LinearNNSearch.addInstanceInfo(LinearNNSearch.java:343)
	at weka.classifiers.lazy.IBk.distributionForInstance(IBk.java:583)
	at weka.classifiers.rules.DTNB.distributionForInstance(DTNB.java:716)
	at weka.classifiers.Evaluation.evaluateModelOnceAndRecordPrediction(Evaluation.java:1512)
	at weka.classifiers.Evaluation.evaluateModel(Evaluation.java:1480)
	at weka.classifiers.Evaluation.crossValidateModel(Evaluation.java:500)
	at weka.classifiers.Evaluation.evaluateModel(Evaluation.java:1332)
	at weka.classifiers.Classifier.runClassifier(Classifier.java:315)
	at weka.classifiers.rules.DTNB.main(DTNB.java:976)
java.lang.ArrayIndexOutOfBoundsException: 5
	at weka.core.Instance.value(Instance.java:981)
	at weka.core.NormalizableDistance.updateRanges(NormalizableDistance.java:669)
	at weka.core.NormalizableDistance.update(NormalizableDistance.java:344)
	at weka.core.neighboursearch.LinearNNSearch.update(LinearNNSearch.java:330)
	at weka.core.neighboursearch.LinearNNSearch.addInstanceInfo(LinearNNSearch.java:343)
	at weka.classifiers.lazy.IBk.distributionForInstance(IBk.java:583)
	at weka.classifiers.rules.DTNB.distributionForInstance(DTNB.java:716)
	at weka.classifiers.Evaluation.evaluateModelOnceAndRecordPrediction(Evaluation.java:1512)
	at weka.classifiers.Evaluation.evaluateModel(Evaluation.java:1480)
	at weka.classifiers.Evaluation.crossValidateModel(Evaluation.java:500)
	at weka.classifiers.Evaluation.evaluateModel(Evaluation.java:1332)
	at weka.classifiers.Classifier.runClassifier(Classifier.java:315)
	at weka.classifiers.rules.DTNB.main(DTNB.java:976)
java.lang.ArrayIndexOutOfBoundsException: 5
	at weka.core.Instance.value(Instance.java:981)
	at weka.core.NormalizableDistance.updateRanges(NormalizableDistance.java:669)
	at weka.core.NormalizableDistance.update(NormalizableDistance.java:344)
	at weka.core.neighboursearch.LinearNNSearch.update(LinearNNSearch.java:330)
	at weka.core.neighboursearch.LinearNNSearch.addInstanceInfo(LinearNNSearch.java:343)
	at weka.classifiers.lazy.IBk.distributionForInstance(IBk.java:583)
	at weka.classifiers.rules.DTNB.distributionForInstance(DTNB.java:716)
	at weka.classifiers.Evaluation.evaluateModelOnceAndRecordPrediction(Evaluation.java:1512)
	at weka.classifiers.Evaluation.evaluateModel(Evaluation.java:1480)
	at weka.classifiers.Evaluation.crossValidateModel(Evaluation.java:500)
	at weka.classifiers.Evaluation.evaluateModel(Evaluation.java:1332)
	at weka.classifiers.Classifier.runClassifier(Classifier.java:315)
	at weka.classifiers.rules.DTNB.main(DTNB.java:976)
java.lang.ArrayIndexOutOfBoundsException: 3
	at weka.core.Instance.value(Instance.java:981)
	at weka.core.NormalizableDistance.updateRanges(NormalizableDistance.java:669)
	at weka.core.NormalizableDistance.update(NormalizableDistance.java:344)
	at weka.core.neighboursearch.LinearNNSearch.update(LinearNNSearch.java:330)
	at weka.core.neighboursearch.LinearNNSearch.addInstanceInfo(LinearNNSearch.java:343)
	at weka.classifiers.lazy.IBk.distributionForInstance(IBk.java:583)
	at weka.classifiers.rules.DTNB.distributionForInstance(DTNB.java:716)
	at weka.classifiers.Evaluation.evaluateModelOnceAndRecordPrediction(Evaluation.java:1512)
	at weka.classifiers.Evaluation.evaluateModel(Evaluation.java:1480)
	at weka.classifiers.Evaluation.crossValidateModel(Evaluation.java:500)
	at weka.classifiers.Evaluation.evaluateModel(Evaluation.java:1332)
	at weka.classifiers.Classifier.runClassifier(Classifier.java:315)
	at weka.classifiers.rules.DTNB.main(DTNB.java:976)
java.lang.ArrayIndexOutOfBoundsException: 3
	at weka.core.Instance.value(Instance.java:981)
	at weka.core.NormalizableDistance.updateRanges(NormalizableDistance.java:669)
	at weka.core.NormalizableDistance.update(NormalizableDistance.java:344)
	at weka.core.neighboursearch.LinearNNSearch.update(LinearNNSearch.java:330)
	at weka.core.neighboursearch.LinearNNSearch.addInstanceInfo(LinearNNSearch.java:343)
	at weka.classifiers.lazy.IBk.distributionForInstance(IBk.java:583)
	at weka.classifiers.rules.DTNB.distributionForInstance(DTNB.java:716)
	at weka.classifiers.Evaluation.evaluateModelOnceAndRecordPrediction(Evaluation.java:1512)
	at weka.classifiers.Evaluation.evaluateModel(Evaluation.java:1480)
	at weka.classifiers.Evaluation.crossValidateModel(Evaluation.java:500)
	at weka.classifiers.Evaluation.evaluateModel(Evaluation.java:1332)
	at weka.classifiers.Classifier.runClassifier(Classifier.java:315)
	at weka.classifiers.rules.DTNB.main(DTNB.java:976)
java.lang.ArrayIndexOutOfBoundsException: 3
	at weka.core.Instance.value(Instance.java:981)
	at weka.core.NormalizableDistance.updateRanges(NormalizableDistance.java:669)
	at weka.core.NormalizableDistance.update(NormalizableDistance.java:344)
	at weka.core.neighboursearch.LinearNNSearch.update(LinearNNSearch.java:330)
	at weka.core.neighboursearch.LinearNNSearch.addInstanceInfo(LinearNNSearch.java:343)
	at weka.classifiers.lazy.IBk.distributionForInstance(IBk.java:583)
	at weka.classifiers.rules.DTNB.distributionForInstance(DTNB.java:716)
	at weka.classifiers.Evaluation.evaluateModelOnceAndRecordPrediction(Evaluation.java:1512)
	at weka.classifiers.Evaluation.evaluateModel(Evaluation.java:1480)
	at weka.classifiers.Evaluation.crossValidateModel(Evaluation.java:500)
	at weka.classifiers.Evaluation.evaluateModel(Evaluation.java:1332)
	at weka.classifiers.Classifier.runClassifier(Classifier.java:315)
	at weka.classifiers.rules.DTNB.main(DTNB.java:976)
java.lang.ArrayIndexOutOfBoundsException: 3
	at weka.core.Instance.value(Instance.java:981)
	at weka.core.NormalizableDistance.updateRanges(NormalizableDistance.java:669)
	at weka.core.NormalizableDistance.update(NormalizableDistance.java:344)
	at weka.core.neighboursearch.LinearNNSearch.update(LinearNNSearch.java:330)
	at weka.core.neighboursearch.LinearNNSearch.addInstanceInfo(LinearNNSearch.java:343)
	at weka.classifiers.lazy.IBk.distributionForInstance(IBk.java:583)
	at weka.classifiers.rules.DTNB.distributionForInstance(DTNB.java:716)
	at weka.classifiers.Evaluation.evaluateModelOnceAndRecordPrediction(Evaluation.java:1512)
	at weka.classifiers.Evaluation.evaluateModel(Evaluation.java:1480)
	at weka.classifiers.Evaluation.crossValidateModel(Evaluation.java:500)
	at weka.classifiers.Evaluation.evaluateModel(Evaluation.java:1332)
	at weka.classifiers.Classifier.runClassifier(Classifier.java:315)
	at weka.classifiers.rules.DTNB.main(DTNB.java:976)
java.lang.ArrayIndexOutOfBoundsException: 3
	at weka.core.Instance.value(Instance.java:981)
	at weka.core.NormalizableDistance.updateRanges(NormalizableDistance.java:669)
	at weka.core.NormalizableDistance.update(NormalizableDistance.java:344)
	at weka.core.neighboursearch.LinearNNSearch.update(LinearNNSearch.java:330)
	at weka.core.neighboursearch.LinearNNSearch.addInstanceInfo(LinearNNSearch.java:343)
	at weka.classifiers.lazy.IBk.distributionForInstance(IBk.java:583)
	at weka.classifiers.rules.DTNB.distributionForInstance(DTNB.java:716)
	at weka.classifiers.Evaluation.evaluateModelOnceAndRecordPrediction(Evaluation.java:1512)
	at weka.classifiers.Evaluation.evaluateModel(Evaluation.java:1480)
	at weka.classifiers.Evaluation.crossValidateModel(Evaluation.java:500)
	at weka.classifiers.Evaluation.evaluateModel(Evaluation.java:1332)
	at weka.classifiers.Classifier.runClassifier(Classifier.java:315)
	at weka.classifiers.rules.DTNB.main(DTNB.java:976)
java.lang.ArrayIndexOutOfBoundsException: 6
	at weka.core.Instance.value(Instance.java:981)
	at weka.core.NormalizableDistance.updateRanges(NormalizableDistance.java:669)
	at weka.core.NormalizableDistance.update(NormalizableDistance.java:344)
	at weka.core.neighboursearch.LinearNNSearch.update(LinearNNSearch.java:330)
	at weka.core.neighboursearch.LinearNNSearch.addInstanceInfo(LinearNNSearch.java:343)
	at weka.classifiers.lazy.IBk.distributionForInstance(IBk.java:583)
	at weka.classifiers.rules.DTNB.distributionForInstance(DTNB.java:716)
	at weka.classifiers.Evaluation.evaluateModelOnceAndRecordPrediction(Evaluation.java:1512)
	at weka.classifiers.Evaluation.evaluateModel(Evaluation.java:1480)
	at weka.classifiers.Evaluation.crossValidateModel(Evaluation.java:500)
	at weka.classifiers.Evaluation.evaluateModel(Evaluation.java:1332)
	at weka.classifiers.Classifier.runClassifier(Classifier.java:315)
	at weka.classifiers.rules.DTNB.main(DTNB.java:976)
java.lang.ArrayIndexOutOfBoundsException: 6
	at weka.core.Instance.value(Instance.java:981)
	at weka.core.NormalizableDistance.updateRanges(NormalizableDistance.java:669)
	at weka.core.NormalizableDistance.update(NormalizableDistance.java:344)
	at weka.core.neighboursearch.LinearNNSearch.update(LinearNNSearch.java:330)
	at weka.core.neighboursearch.LinearNNSearch.addInstanceInfo(LinearNNSearch.java:343)
	at weka.classifiers.lazy.IBk.distributionForInstance(IBk.java:583)
	at weka.classifiers.rules.DTNB.distributionForInstance(DTNB.java:716)
	at weka.classifiers.Evaluation.evaluateModelOnceAndRecordPrediction(Evaluation.java:1512)
	at weka.classifiers.Evaluation.evaluateModel(Evaluation.java:1480)
	at weka.classifiers.Evaluation.crossValidateModel(Evaluation.java:500)
	at weka.classifiers.Evaluation.evaluateModel(Evaluation.java:1332)
	at weka.classifiers.Classifier.runClassifier(Classifier.java:315)
	at weka.classifiers.rules.DTNB.main(DTNB.java:976)
java.lang.ArrayIndexOutOfBoundsException: 6
	at weka.core.Instance.value(Instance.java:981)
	at weka.core.NormalizableDistance.updateRanges(NormalizableDistance.java:669)
	at weka.core.NormalizableDistance.update(NormalizableDistance.java:344)
	at weka.core.neighboursearch.LinearNNSearch.update(LinearNNSearch.java:330)
	at weka.core.neighboursearch.LinearNNSearch.addInstanceInfo(LinearNNSearch.java:343)
	at weka.classifiers.lazy.IBk.distributionForInstance(IBk.java:583)
	at weka.classifiers.rules.DTNB.distributionForInstance(DTNB.java:716)
	at weka.classifiers.Evaluation.evaluateModelOnceAndRecordPrediction(Evaluation.java:1512)
	at weka.classifiers.Evaluation.evaluateModel(Evaluation.java:1480)
	at weka.classifiers.Evaluation.crossValidateModel(Evaluation.java:500)
	at weka.classifiers.Evaluation.evaluateModel(Evaluation.java:1332)
	at weka.classifiers.Classifier.runClassifier(Classifier.java:315)
	at weka.classifiers.rules.DTNB.main(DTNB.java:976)
java.lang.ArrayIndexOutOfBoundsException: 5
	at weka.core.Instance.value(Instance.java:981)
	at weka.core.NormalizableDistance.updateRanges(NormalizableDistance.java:669)
	at weka.core.NormalizableDistance.update(NormalizableDistance.java:344)
	at weka.core.neighboursearch.LinearNNSearch.update(LinearNNSearch.java:330)
	at weka.core.neighboursearch.LinearNNSearch.addInstanceInfo(LinearNNSearch.java:343)
	at weka.classifiers.lazy.IBk.distributionForInstance(IBk.java:583)
	at weka.classifiers.rules.DTNB.distributionForInstance(DTNB.java:716)
	at weka.classifiers.Evaluation.evaluateModelOnceAndRecordPrediction(Evaluation.java:1512)
	at weka.classifiers.Evaluation.evaluateModel(Evaluation.java:1480)
	at weka.classifiers.Evaluation.crossValidateModel(Evaluation.java:500)
	at weka.classifiers.Evaluation.evaluateModel(Evaluation.java:1332)
	at weka.classifiers.Classifier.runClassifier(Classifier.java:315)
	at weka.classifiers.rules.DTNB.main(DTNB.java:976)
java.lang.ArrayIndexOutOfBoundsException: 5
	at weka.core.Instance.value(Instance.java:981)
	at weka.core.NormalizableDistance.updateRanges(NormalizableDistance.java:669)
	at weka.core.NormalizableDistance.update(NormalizableDistance.java:344)
	at weka.core.neighboursearch.LinearNNSearch.update(LinearNNSearch.java:330)
	at weka.core.neighboursearch.LinearNNSearch.addInstanceInfo(LinearNNSearch.java:343)
	at weka.classifiers.lazy.IBk.distributionForInstance(IBk.java:583)
	at weka.classifiers.rules.DTNB.distributionForInstance(DTNB.java:716)
	at weka.classifiers.Evaluation.evaluateModelOnceAndRecordPrediction(Evaluation.java:1512)
	at weka.classifiers.Evaluation.evaluateModel(Evaluation.java:1480)
	at weka.classifiers.Evaluation.crossValidateModel(Evaluation.java:500)
	at weka.classifiers.Evaluation.evaluateModel(Evaluation.java:1332)
	at weka.classifiers.Classifier.runClassifier(Classifier.java:315)
	at weka.classifiers.rules.DTNB.main(DTNB.java:976)
java.lang.ArrayIndexOutOfBoundsException: 5
	at weka.core.Instance.value(Instance.java:981)
	at weka.core.NormalizableDistance.updateRanges(NormalizableDistance.java:669)
	at weka.core.NormalizableDistance.update(NormalizableDistance.java:344)
	at weka.core.neighboursearch.LinearNNSearch.update(LinearNNSearch.java:330)
	at weka.core.neighboursearch.LinearNNSearch.addInstanceInfo(LinearNNSearch.java:343)
	at weka.classifiers.lazy.IBk.distributionForInstance(IBk.java:583)
	at weka.classifiers.rules.DTNB.distributionForInstance(DTNB.java:716)
	at weka.classifiers.Evaluation.evaluateModelOnceAndRecordPrediction(Evaluation.java:1512)
	at weka.classifiers.Evaluation.evaluateModel(Evaluation.java:1480)
	at weka.classifiers.Evaluation.crossValidateModel(Evaluation.java:500)
	at weka.classifiers.Evaluation.evaluateModel(Evaluation.java:1332)
	at weka.classifiers.Classifier.runClassifier(Classifier.java:315)
	at weka.classifiers.rules.DTNB.main(DTNB.java:976)
java.lang.ArrayIndexOutOfBoundsException: 5
	at weka.core.Instance.value(Instance.java:981)
	at weka.core.NormalizableDistance.updateRanges(NormalizableDistance.java:669)
	at weka.core.NormalizableDistance.update(NormalizableDistance.java:344)
	at weka.core.neighboursearch.LinearNNSearch.update(LinearNNSearch.java:330)
	at weka.core.neighboursearch.LinearNNSearch.addInstanceInfo(LinearNNSearch.java:343)
	at weka.classifiers.lazy.IBk.distributionForInstance(IBk.java:583)
	at weka.classifiers.rules.DTNB.distributionForInstance(DTNB.java:716)
	at weka.classifiers.Evaluation.evaluateModelOnceAndRecordPrediction(Evaluation.java:1512)
	at weka.classifiers.Evaluation.evaluateModel(Evaluation.java:1480)
	at weka.classifiers.Evaluation.crossValidateModel(Evaluation.java:500)
	at weka.classifiers.Evaluation.evaluateModel(Evaluation.java:1332)
	at weka.classifiers.Classifier.runClassifier(Classifier.java:315)
	at weka.classifiers.rules.DTNB.main(DTNB.java:976)
java.lang.ArrayIndexOutOfBoundsException: 5
	at weka.core.Instance.value(Instance.java:981)
	at weka.core.NormalizableDistance.updateRanges(NormalizableDistance.java:669)
	at weka.core.NormalizableDistance.update(NormalizableDistance.java:344)
	at weka.core.neighboursearch.LinearNNSearch.update(LinearNNSearch.java:330)
	at weka.core.neighboursearch.LinearNNSearch.addInstanceInfo(LinearNNSearch.java:343)
	at weka.classifiers.lazy.IBk.distributionForInstance(IBk.java:583)
	at weka.classifiers.rules.DTNB.distributionForInstance(DTNB.java:716)
	at weka.classifiers.Evaluation.evaluateModelOnceAndRecordPrediction(Evaluation.java:1512)
	at weka.classifiers.Evaluation.evaluateModel(Evaluation.java:1480)
	at weka.classifiers.Evaluation.crossValidateModel(Evaluation.java:500)
	at weka.classifiers.Evaluation.evaluateModel(Evaluation.java:1332)
	at weka.classifiers.Classifier.runClassifier(Classifier.java:315)
	at weka.classifiers.rules.DTNB.main(DTNB.java:976)
java.lang.ArrayIndexOutOfBoundsException: 5
	at weka.core.Instance.value(Instance.java:981)
	at weka.core.NormalizableDistance.updateRanges(NormalizableDistance.java:669)
	at weka.core.NormalizableDistance.update(NormalizableDistance.java:344)
	at weka.core.neighboursearch.LinearNNSearch.update(LinearNNSearch.java:330)
	at weka.core.neighboursearch.LinearNNSearch.addInstanceInfo(LinearNNSearch.java:343)
	at weka.classifiers.lazy.IBk.distributionForInstance(IBk.java:583)
	at weka.classifiers.rules.DTNB.distributionForInstance(DTNB.java:716)
	at weka.classifiers.Evaluation.evaluateModelOnceAndRecordPrediction(Evaluation.java:1512)
	at weka.classifiers.Evaluation.evaluateModel(Evaluation.java:1480)
	at weka.classifiers.Evaluation.crossValidateModel(Evaluation.java:500)
	at weka.classifiers.Evaluation.evaluateModel(Evaluation.java:1332)
	at weka.classifiers.Classifier.runClassifier(Classifier.java:315)
	at weka.classifiers.rules.DTNB.main(DTNB.java:976)

Time taken to build model: 11 seconds
Time taken to test model on training data: 0.11 seconds

=== Error on training data ===

Correctly Classified Instances         889               72.3941 %
Incorrectly Classified Instances       339               27.6059 %
Kappa statistic                          0.6885
Mean absolute error                      0.0501
Root mean squared error                  0.1462
Relative absolute error                 58.8589 %
Root relative squared error             70.9496 %
Total Number of Instances             1228     


=== Detailed Accuracy By Class ===

               TP Rate   FP Rate   Precision   Recall  F-Measure   ROC Area  Class
                 0.962     0          1         0.962     0.98       1        subsequent circuit simulation problem
                 0.886     0.097      0.705     0.886     0.785      0.952    structural problem
                 0.788     0.035      0.667     0.788     0.722      0.956    optimization problem
                 0.496     0.03       0.656     0.496     0.565      0.91     computational fluid dynamics problem
                 0.633     0.004      0.884     0.633     0.738      0.961    undirected graph
                 0.478     0.023      0.679     0.478     0.561      0.903    2D/3D problem
                 0.685     0.001      0.974     0.685     0.804      0.961    directed graph
                 0.706     0.018      0.696     0.706     0.701      0.971    chemical process simulation problem
                 0.5       0.02       0.54      0.5       0.519      0.938    power network problem
                 0.766     0.044      0.49      0.766     0.598      0.959    economic problem
                 0.642     0.023      0.557     0.642     0.596      0.943    circuit simulation problem
                 0         0.001      0         0         0          ?        subsequent computational fluid dynamics problem
                 0         0          0         0         0          ?        subsequent theoretical/quantum chemistry problem
                 0.475     0.005      0.76      0.475     0.585      0.954    electromagnetics problem
                 0         0          0         0         0          ?        directed weighted graph
                 0         0          0         0         0          ?        materials problem
                 0         0          0         0         0          ?        eigenvalue/model reduction problem
                 0         0          0         0         0          ?        model reduction problem
                 0         0          0         0         0          ?        undirected random graph
                 0         0          0         0         0          ?        thermal problem
                 0.707     0.01       0.774     0.707     0.739      0.976    undirected weighted graph
Weighted Avg.    0.724     0.034      0.738     0.724     0.721      0.953


=== Confusion Matrix ===

   a   b   c   d   e   f   g   h   i   j   k   l   m   n   o   p   q   r   s   t   u   <-- classified as
 175   0   0   0   0   0   0   0   0   0   7   0   0   0   0   0   0   0   0   0   0 |   a = subsequent circuit simulation problem
   0 225  13   3   0   4   0   1   0   6   1   0   0   1   0   0   0   0   0   0   0 |   b = structural problem
   0   8  78   3   1   3   0   1   2   2   0   0   0   1   0   0   0   0   0   0   0 |   c = optimization problem
   0  23   9  63   0   4   0   7   6  10   2   0   0   0   0   0   0   0   0   0   3 |   d = computational fluid dynamics problem
   0  11   0   0  38   5   0   0   0   3   0   1   0   0   0   0   0   0   0   0   2 |   e = undirected graph
   0  29   6   6   3  55   0   0   2   5   5   0   0   4   0   0   0   0   0   0   0 |   f = 2D/3D problem
   0   8   0   0   0   1  37   0   3   2   3   0   0   0   0   0   0   0   0   0   0 |   g = directed graph
   0   0   0   6   0   2   0  48   1   8   2   0   0   0   0   0   0   0   0   0   1 |   h = chemical process simulation problem
   0   7   5   5   0   2   0   6  27   0   0   0   0   0   0   0   0   0   0   0   2 |   i = power network problem
   0   1   2   0   0   0   0   3   4  49   2   0   0   0   0   0   0   0   0   0   3 |   j = economic problem
   0   2   1   2   1   3   1   1   1   6  34   0   0   0   0   0   0   0   0   0   1 |   k = circuit simulation problem
   0   0   0   0   0   0   0   0   0   0   0   0   0   0   0   0   0   0   0   0   0 |   l = subsequent computational fluid dynamics problem
   0   0   0   0   0   0   0   0   0   0   0   0   0   0   0   0   0   0   0   0   0 |   m = subsequent theoretical/quantum chemistry problem
   0   3   0   8   0   2   0   1   3   4   0   0   0  19   0   0   0   0   0   0   0 |   n = electromagnetics problem
   0   0   0   0   0   0   0   0   0   0   0   0   0   0   0   0   0   0   0   0   0 |   o = directed weighted graph
   0   0   0   0   0   0   0   0   0   0   0   0   0   0   0   0   0   0   0   0   0 |   p = materials problem
   0   0   0   0   0   0   0   0   0   0   0   0   0   0   0   0   0   0   0   0   0 |   q = eigenvalue/model reduction problem
   0   0   0   0   0   0   0   0   0   0   0   0   0   0   0   0   0   0   0   0   0 |   r = model reduction problem
   0   0   0   0   0   0   0   0   0   0   0   0   0   0   0   0   0   0   0   0   0 |   s = undirected random graph
   0   0   0   0   0   0   0   0   0   0   0   0   0   0   0   0   0   0   0   0   0 |   t = thermal problem
   0   2   3   0   0   0   0   1   1   5   5   0   0   0   0   0   0   0   0   0  41 |   u = undirected weighted graph



=== Stratified cross-validation ===

Correctly Classified Instances         772               62.8664 %
Incorrectly Classified Instances       456               37.1336 %
Kappa statistic                          0.579 
Mean absolute error                      0.0495
Root mean squared error                  0.1588
Relative absolute error                 58.2237 %
Root relative squared error             77.0629 %
Total Number of Instances             1228     


=== Detailed Accuracy By Class ===

               TP Rate   FP Rate   Precision   Recall  F-Measure   ROC Area  Class
                 0.978     0.022      0.886     0.978     0.93       0.998    subsequent circuit simulation problem
                 0.827     0.125      0.633     0.827     0.717      0.906    structural problem
                 0.576     0.032      0.613     0.576     0.594      0.905    optimization problem
                 0.449     0.061      0.46      0.449     0.454      0.855    computational fluid dynamics problem
                 0.65      0.027      0.557     0.65      0.6        0.922    undirected graph
                 0.2       0.04       0.343     0.2       0.253      0.793    2D/3D problem
                 0.741     0.003      0.93      0.741     0.825      0.931    directed graph
                 0.529     0.037      0.456     0.529     0.49       0.928    chemical process simulation problem
                 0.259     0.02       0.368     0.259     0.304      0.787    power network problem
                 0.75      0.029      0.585     0.75      0.658      0.926    economic problem
                 0.264     0.011      0.519     0.264     0.35       0.874    circuit simulation problem
                 0         0.002      0         0         0          ?        subsequent computational fluid dynamics problem
                 0         0          0         0         0          ?        subsequent theoretical/quantum chemistry problem
                 0.35      0.009      0.56      0.35      0.431      0.864    electromagnetics problem
                 0         0          0         0         0          ?        directed weighted graph
                 0         0          0         0         0          ?        materials problem
                 0         0          0         0         0          ?        eigenvalue/model reduction problem
                 0         0          0         0         0          ?        model reduction problem
                 0         0          0         0         0          ?        undirected random graph
                 0         0          0         0         0          ?        thermal problem
                 0.724     0.002      0.955     0.724     0.824      0.936    undirected weighted graph
Weighted Avg.    0.629     0.048      0.617     0.629     0.613      0.901


=== Confusion Matrix ===

   a   b   c   d   e   f   g   h   i   j   k   l   m   n   o   p   q   r   s   t   u   <-- classified as
 178   0   0   1   0   0   0   0   0   1   2   0   0   0   0   0   0   0   0   0   0 |   a = subsequent circuit simulation problem
   5 210  13   8   8   4   1   2   0   1   1   1   0   0   0   0   0   0   0   0   0 |   b = structural problem
   0  19  57   1   1  11   0   0   7   1   1   0   0   1   0   0   0   0   0   0   0 |   c = optimization problem
   1  23   5  57   0   8   0  17   3   8   1   0   0   3   0   0   0   0   0   0   1 |   d = computational fluid dynamics problem
   0  13   1   0  39   5   1   0   1   0   0   0   0   0   0   0   0   0   0   0   0 |   e = undirected graph
   4  33   7  13  13  23   0   5   3   7   0   1   0   5   0   0   0   0   0   0   1 |   f = 2D/3D problem
   3   5   1   0   0   2  40   0   1   0   0   0   0   2   0   0   0   0   0   0   0 |   g = directed graph
   0   4   0  16   0   0   0  36   2   6   4   0   0   0   0   0   0   0   0   0   0 |   h = chemical process simulation problem
   2   9   6   5   4   2   0  10  14   1   1   0   0   0   0   0   0   0   0   0   0 |   i = power network problem
   1   3   0   4   0   1   0   2   4  48   1   0   0   0   0   0   0   0   0   0   0 |   j = economic problem
   5   4   0  10   5   1   1   5   1   7  14   0   0   0   0   0   0   0   0   0   0 |   k = circuit simulation problem
   0   0   0   0   0   0   0   0   0   0   0   0   0   0   0   0   0   0   0   0   0 |   l = subsequent computational fluid dynamics problem
   0   0   0   0   0   0   0   0   0   0   0   0   0   0   0   0   0   0   0   0   0 |   m = subsequent theoretical/quantum chemistry problem
   1   3   0   8   0   8   0   1   0   2   2   1   0  14   0   0   0   0   0   0   0 |   n = electromagnetics problem
   0   0   0   0   0   0   0   0   0   0   0   0   0   0   0   0   0   0   0   0   0 |   o = directed weighted graph
   0   0   0   0   0   0   0   0   0   0   0   0   0   0   0   0   0   0   0   0   0 |   p = materials problem
   0   0   0   0   0   0   0   0   0   0   0   0   0   0   0   0   0   0   0   0   0 |   q = eigenvalue/model reduction problem
   0   0   0   0   0   0   0   0   0   0   0   0   0   0   0   0   0   0   0   0   0 |   r = model reduction problem
   0   0   0   0   0   0   0   0   0   0   0   0   0   0   0   0   0   0   0   0   0 |   s = undirected random graph
   0   0   0   0   0   0   0   0   0   0   0   0   0   0   0   0   0   0   0   0   0 |   t = thermal problem
   1   6   3   1   0   2   0   1   2   0   0   0   0   0   0   0   0   0   0   0  42 |   u = undirected weighted graph

