
Time taken to build model: 1.18 seconds
Time taken to test model on training data: 0.07 seconds

=== Error on training data ===

Correctly Classified Instances        1166               94.9511 %
Incorrectly Classified Instances        62                5.0489 %
Kappa statistic                          0.9434
Mean absolute error                      0.0076
Root mean squared error                  0.0616
Relative absolute error                  8.9413 %
Root relative squared error             29.8652 %
Total Number of Instances             1228     


=== Detailed Accuracy By Class ===

               TP Rate   FP Rate   Precision   Recall  F-Measure   ROC Area  Class
                 0.989     0.002      0.989     0.989     0.989      0.999    subsequent circuit simulation problem
                 0.953     0.01       0.96      0.953     0.957      0.998    structural problem
                 0.96      0.003      0.969     0.96      0.964      0.999    optimization problem
                 0.945     0.015      0.876     0.945     0.909      0.995    computational fluid dynamics problem
                 0.95      0.001      0.983     0.95      0.966      1        undirected graph
                 0.913     0.006      0.938     0.913     0.925      0.996    2D/3D problem
                 0.963     0.003      0.945     0.963     0.954      0.999    directed graph
                 0.926     0.001      0.984     0.926     0.955      0.998    chemical process simulation problem
                 0.926     0.003      0.943     0.926     0.935      0.998    power network problem
                 0.953     0.003      0.953     0.953     0.953      0.999    economic problem
                 0.849     0.006      0.865     0.849     0.857      0.997    circuit simulation problem
                 0         0          0         0         0          ?        subsequent computational fluid dynamics problem
                 0         0          0         0         0          ?        subsequent theoretical/quantum chemistry problem
                 0.95      0.002      0.95      0.95      0.95       1        electromagnetics problem
                 0         0          0         0         0          ?        directed weighted graph
                 0         0          0         0         0          ?        materials problem
                 0         0          0         0         0          ?        eigenvalue/model reduction problem
                 0         0          0         0         0          ?        model reduction problem
                 0         0          0         0         0          ?        undirected random graph
                 0         0          0         0         0          ?        thermal problem
                 1         0.003      0.951     1         0.975      1        undirected weighted graph
Weighted Avg.    0.95      0.006      0.95      0.95      0.95       0.998


=== Confusion Matrix ===

   a   b   c   d   e   f   g   h   i   j   k   l   m   n   o   p   q   r   s   t   u   <-- classified as
 180   0   0   0   0   0   0   0   0   0   2   0   0   0   0   0   0   0   0   0   0 |   a = subsequent circuit simulation problem
   0 242   0   6   0   0   1   0   0   1   3   0   0   0   0   0   0   0   0   0   1 |   b = structural problem
   0   2  95   0   0   2   0   0   0   0   0   0   0   0   0   0   0   0   0   0   0 |   c = optimization problem
   0   2   1 120   0   1   0   0   0   2   1   0   0   0   0   0   0   0   0   0   0 |   d = computational fluid dynamics problem
   0   1   0   0  57   1   0   0   0   0   0   0   0   1   0   0   0   0   0   0   0 |   e = undirected graph
   0   1   0   4   0 105   1   0   1   0   1   0   0   0   0   0   0   0   0   0   2 |   f = 2D/3D problem
   0   0   1   0   1   0  52   0   0   0   0   0   0   0   0   0   0   0   0   0   0 |   g = directed graph
   1   0   0   3   0   0   0  63   0   0   0   0   0   1   0   0   0   0   0   0   0 |   h = chemical process simulation problem
   0   2   0   1   0   0   0   1  50   0   0   0   0   0   0   0   0   0   0   0   0 |   i = power network problem
   0   0   1   0   0   1   0   0   1  61   0   0   0   0   0   0   0   0   0   0   0 |   j = economic problem
   1   2   0   2   0   1   1   0   1   0  45   0   0   0   0   0   0   0   0   0   0 |   k = circuit simulation problem
   0   0   0   0   0   0   0   0   0   0   0   0   0   0   0   0   0   0   0   0   0 |   l = subsequent computational fluid dynamics problem
   0   0   0   0   0   0   0   0   0   0   0   0   0   0   0   0   0   0   0   0   0 |   m = subsequent theoretical/quantum chemistry problem
   0   0   0   1   0   1   0   0   0   0   0   0   0  38   0   0   0   0   0   0   0 |   n = electromagnetics problem
   0   0   0   0   0   0   0   0   0   0   0   0   0   0   0   0   0   0   0   0   0 |   o = directed weighted graph
   0   0   0   0   0   0   0   0   0   0   0   0   0   0   0   0   0   0   0   0   0 |   p = materials problem
   0   0   0   0   0   0   0   0   0   0   0   0   0   0   0   0   0   0   0   0   0 |   q = eigenvalue/model reduction problem
   0   0   0   0   0   0   0   0   0   0   0   0   0   0   0   0   0   0   0   0   0 |   r = model reduction problem
   0   0   0   0   0   0   0   0   0   0   0   0   0   0   0   0   0   0   0   0   0 |   s = undirected random graph
   0   0   0   0   0   0   0   0   0   0   0   0   0   0   0   0   0   0   0   0   0 |   t = thermal problem
   0   0   0   0   0   0   0   0   0   0   0   0   0   0   0   0   0   0   0   0  58 |   u = undirected weighted graph



=== Stratified cross-validation ===

Correctly Classified Instances         929               75.6515 %
Incorrectly Classified Instances       299               24.3485 %
Kappa statistic                          0.727 
Mean absolute error                      0.0256
Root mean squared error                  0.1435
Relative absolute error                 30.0342 %
Root relative squared error             69.617  %
Total Number of Instances             1228     


=== Detailed Accuracy By Class ===

               TP Rate   FP Rate   Precision   Recall  F-Measure   ROC Area  Class
                 0.989     0.006      0.968     0.989     0.978      0.994    subsequent circuit simulation problem
                 0.787     0.06       0.775     0.787     0.781      0.896    structural problem
                 0.778     0.026      0.726     0.778     0.751      0.909    optimization problem
                 0.528     0.043      0.588     0.528     0.556      0.789    computational fluid dynamics problem
                 0.7       0.019      0.656     0.7       0.677      0.92     undirected graph
                 0.583     0.037      0.62      0.583     0.601      0.783    2D/3D problem
                 0.963     0.003      0.945     0.963     0.954      0.979    directed graph
                 0.765     0.01       0.813     0.765     0.788      0.91     chemical process simulation problem
                 0.685     0.013      0.712     0.685     0.698      0.877    power network problem
                 0.797     0.017      0.718     0.797     0.756      0.912    economic problem
                 0.528     0.016      0.596     0.528     0.56       0.77     circuit simulation problem
                 0         0          0         0         0          ?        subsequent computational fluid dynamics problem
                 0         0          0         0         0          ?        subsequent theoretical/quantum chemistry problem
                 0.65      0.013      0.619     0.65      0.634      0.863    electromagnetics problem
                 0         0          0         0         0          ?        directed weighted graph
                 0         0          0         0         0          ?        materials problem
                 0         0          0         0         0          ?        eigenvalue/model reduction problem
                 0         0          0         0         0          ?        model reduction problem
                 0         0          0         0         0          ?        undirected random graph
                 0         0          0         0         0          ?        thermal problem
                 0.862     0.009      0.82      0.862     0.84       0.929    undirected weighted graph
Weighted Avg.    0.757     0.028      0.753     0.757     0.754      0.891


=== Confusion Matrix ===

   a   b   c   d   e   f   g   h   i   j   k   l   m   n   o   p   q   r   s   t   u   <-- classified as
 180   0   0   0   0   0   0   1   0   0   1   0   0   0   0   0   0   0   0   0   0 |   a = subsequent circuit simulation problem
   0 200  10  13   9  13   1   0   3   0   1   0   0   0   0   0   0   0   0   0   4 |   b = structural problem
   0  11  77   3   1   4   0   0   1   0   1   0   0   0   0   0   0   0   0   0   1 |   c = optimization problem
   0  17   2  67   0   7   0   6   6   7   6   0   0   7   0   0   0   0   0   0   2 |   d = computational fluid dynamics problem
   0   7   1   0  42   6   0   0   3   0   1   0   0   0   0   0   0   0   0   0   0 |   e = undirected graph
   1  13   8   6   8  67   1   0   2   1   0   0   0   5   0   0   0   0   0   0   3 |   f = 2D/3D problem
   0   0   0   0   2   0  52   0   0   0   0   0   0   0   0   0   0   0   0   0   0 |   g = directed graph
   2   0   0   7   0   1   0  52   0   1   3   0   0   2   0   0   0   0   0   0   0 |   h = chemical process simulation problem
   0   3   4   4   1   1   0   0  37   2   2   0   0   0   0   0   0   0   0   0   0 |   i = power network problem
   1   2   1   2   0   0   0   2   0  51   4   0   0   0   0   0   0   0   0   0   1 |   j = economic problem
   2   2   2   3   1   2   1   3   0   7  28   0   0   2   0   0   0   0   0   0   0 |   k = circuit simulation problem
   0   0   0   0   0   0   0   0   0   0   0   0   0   0   0   0   0   0   0   0   0 |   l = subsequent computational fluid dynamics problem
   0   0   0   0   0   0   0   0   0   0   0   0   0   0   0   0   0   0   0   0   0 |   m = subsequent theoretical/quantum chemistry problem
   0   1   1   6   0   4   0   0   0   2   0   0   0  26   0   0   0   0   0   0   0 |   n = electromagnetics problem
   0   0   0   0   0   0   0   0   0   0   0   0   0   0   0   0   0   0   0   0   0 |   o = directed weighted graph
   0   0   0   0   0   0   0   0   0   0   0   0   0   0   0   0   0   0   0   0   0 |   p = materials problem
   0   0   0   0   0   0   0   0   0   0   0   0   0   0   0   0   0   0   0   0   0 |   q = eigenvalue/model reduction problem
   0   0   0   0   0   0   0   0   0   0   0   0   0   0   0   0   0   0   0   0   0 |   r = model reduction problem
   0   0   0   0   0   0   0   0   0   0   0   0   0   0   0   0   0   0   0   0   0 |   s = undirected random graph
   0   0   0   0   0   0   0   0   0   0   0   0   0   0   0   0   0   0   0   0   0 |   t = thermal problem
   0   2   0   3   0   3   0   0   0   0   0   0   0   0   0   0   0   0   0   0  50 |   u = undirected weighted graph

