
Options: -C 0.25 -M 2 

J48 pruned tree
------------------

symmetric = symmetric
|   field = real
|   |   avgNNZPerRow <= 16.331226
|   |   |   stdNNZPerRow <= 7.955374
|   |   |   |   isDiagonal = true: structural problem (18.0/1.0)
|   |   |   |   isDiagonal = false
|   |   |   |   |   normalizedAvgNNZPerRow <= 0.001006
|   |   |   |   |   |   stdNNZPerRow <= 4.023066
|   |   |   |   |   |   |   avgNNZPerRow <= 10.665084
|   |   |   |   |   |   |   |   stdNNZPerRow <= 0: computational fluid dynamics problem (2.0)
|   |   |   |   |   |   |   |   stdNNZPerRow > 0
|   |   |   |   |   |   |   |   |   numberOfConnectedComponent <= 5613
|   |   |   |   |   |   |   |   |   |   isDiagonallyDominant = true
|   |   |   |   |   |   |   |   |   |   |   isBlockDiagonal = true: optimization problem (3.0)
|   |   |   |   |   |   |   |   |   |   |   isBlockDiagonal = false
|   |   |   |   |   |   |   |   |   |   |   |   avgNNZPerRow <= 6.955947
|   |   |   |   |   |   |   |   |   |   |   |   |   avgNNZPerRow <= 5.84: optimization problem (2.0/1.0)
|   |   |   |   |   |   |   |   |   |   |   |   |   avgNNZPerRow > 5.84: structural problem (5.0)
|   |   |   |   |   |   |   |   |   |   |   |   avgNNZPerRow > 6.955947: 2D/3D problem (4.0)
|   |   |   |   |   |   |   |   |   |   isDiagonallyDominant = false
|   |   |   |   |   |   |   |   |   |   |   numberOfBlockFromDmPerm <= 1: optimization problem (11.0/2.0)
|   |   |   |   |   |   |   |   |   |   |   numberOfBlockFromDmPerm > 1
|   |   |   |   |   |   |   |   |   |   |   |   avgNNZPerRow <= 3.429348: optimization problem (4.0)
|   |   |   |   |   |   |   |   |   |   |   |   avgNNZPerRow > 3.429348: 2D/3D problem (10.0/1.0)
|   |   |   |   |   |   |   |   |   numberOfConnectedComponent > 5613: structural problem (3.0)
|   |   |   |   |   |   |   avgNNZPerRow > 10.665084
|   |   |   |   |   |   |   |   stdNNZPerRow <= 2.530411: computational fluid dynamics problem (3.0)
|   |   |   |   |   |   |   |   stdNNZPerRow > 2.530411: electromagnetics problem (2.0)
|   |   |   |   |   |   stdNNZPerRow > 4.023066
|   |   |   |   |   |   |   numberOfConnectedComponent <= 567
|   |   |   |   |   |   |   |   avgNNZPerRow <= 11.5
|   |   |   |   |   |   |   |   |   avgNNZPerRow <= 8.570056: economic problem (2.0)
|   |   |   |   |   |   |   |   |   avgNNZPerRow > 8.570056: power network problem (3.0)
|   |   |   |   |   |   |   |   avgNNZPerRow > 11.5: 2D/3D problem (4.0/1.0)
|   |   |   |   |   |   |   numberOfConnectedComponent > 567: undirected weighted graph (2.0)
|   |   |   |   |   normalizedAvgNNZPerRow > 0.001006
|   |   |   |   |   |   isBlockDiagonal = true
|   |   |   |   |   |   |   isDiagonallyDominant = true
|   |   |   |   |   |   |   |   numberOfConnectedComponent <= 153: electromagnetics problem (3.0)
|   |   |   |   |   |   |   |   numberOfConnectedComponent > 153: computational fluid dynamics problem (2.0)
|   |   |   |   |   |   |   isDiagonallyDominant = false
|   |   |   |   |   |   |   |   numberOfBlockFromDmPerm <= 12
|   |   |   |   |   |   |   |   |   avgNNZPerRow <= 8.453048: structural problem (5.0)
|   |   |   |   |   |   |   |   |   avgNNZPerRow > 8.453048: computational fluid dynamics problem (4.0/1.0)
|   |   |   |   |   |   |   |   numberOfBlockFromDmPerm > 12
|   |   |   |   |   |   |   |   |   numberOfBlockFromDmPerm <= 19: electromagnetics problem (3.0)
|   |   |   |   |   |   |   |   |   numberOfBlockFromDmPerm > 19: undirected weighted graph (3.0/1.0)
|   |   |   |   |   |   isBlockDiagonal = false
|   |   |   |   |   |   |   avgNNZPerRow <= 4.743066: power network problem (4.0)
|   |   |   |   |   |   |   avgNNZPerRow > 4.743066
|   |   |   |   |   |   |   |   numberOfRows <= 332: structural problem (11.0/1.0)
|   |   |   |   |   |   |   |   numberOfRows > 332
|   |   |   |   |   |   |   |   |   avgNNZPerRow <= 7.348485: 2D/3D problem (3.0/1.0)
|   |   |   |   |   |   |   |   |   avgNNZPerRow > 7.348485: structural problem (5.0/1.0)
|   |   |   stdNNZPerRow > 7.955374
|   |   |   |   numberOfBlockFromDmPerm <= 80
|   |   |   |   |   normalizedAvgNNZPerRow <= 0.00403: optimization problem (60.0/2.0)
|   |   |   |   |   normalizedAvgNNZPerRow > 0.00403: structural problem (2.0/1.0)
|   |   |   |   numberOfBlockFromDmPerm > 80
|   |   |   |   |   avgNNZPerRow <= 6.002803: power network problem (3.0/1.0)
|   |   |   |   |   avgNNZPerRow > 6.002803: undirected weighted graph (5.0/1.0)
|   |   avgNNZPerRow > 16.331226
|   |   |   stdNNZPerRow <= 143.816763
|   |   |   |   avgNNZPerRow <= 290.86832
|   |   |   |   |   numberOfConnectedComponent <= 5
|   |   |   |   |   |   avgNNZPerRow <= 29.841945
|   |   |   |   |   |   |   numberOfRows <= 1440: structural problem (11.0)
|   |   |   |   |   |   |   numberOfRows > 1440
|   |   |   |   |   |   |   |   numberOfRows <= 4008
|   |   |   |   |   |   |   |   |   stdNNZPerRow <= 7.421276: structural problem (2.0/1.0)
|   |   |   |   |   |   |   |   |   stdNNZPerRow > 7.421276: computational fluid dynamics problem (8.0)
|   |   |   |   |   |   |   |   numberOfRows > 4008: structural problem (8.0/3.0)
|   |   |   |   |   |   avgNNZPerRow > 29.841945: structural problem (52.0/3.0)
|   |   |   |   |   numberOfConnectedComponent > 5
|   |   |   |   |   |   avgNNZPerRow <= 60.85941
|   |   |   |   |   |   |   numberOfBlockFromDmPerm <= 8: 2D/3D problem (3.0/1.0)
|   |   |   |   |   |   |   numberOfBlockFromDmPerm > 8: structural problem (10.0)
|   |   |   |   |   |   avgNNZPerRow > 60.85941: 2D/3D problem (2.0)
|   |   |   |   avgNNZPerRow > 290.86832: 2D/3D problem (4.0)
|   |   |   stdNNZPerRow > 143.816763
|   |   |   |   numberOfConnectedComponent <= 153: power network problem (13.0/1.0)
|   |   |   |   numberOfConnectedComponent > 153: undirected weighted graph (3.0)
|   field = pattern
|   |   avgNNZPerRow <= 6.759412
|   |   |   stdNNZPerRow <= 0.979951
|   |   |   |   normalizedAvgNNZPerRow <= 0.00008: undirected graph (8.0/2.0)
|   |   |   |   normalizedAvgNNZPerRow > 0.00008
|   |   |   |   |   normalizedAvgNNZPerRow <= 0.0217
|   |   |   |   |   |   stdNNZPerRow <= 0.063151: structural problem (2.0/1.0)
|   |   |   |   |   |   stdNNZPerRow > 0.063151: 2D/3D problem (36.0/5.0)
|   |   |   |   |   normalizedAvgNNZPerRow > 0.0217
|   |   |   |   |   |   numberOfRows <= 77: structural problem (4.0/1.0)
|   |   |   |   |   |   numberOfRows > 77: undirected graph (2.0/1.0)
|   |   |   stdNNZPerRow > 0.979951
|   |   |   |   numberOfBlockFromDmPerm <= 9
|   |   |   |   |   avgNNZPerRow <= 5.9
|   |   |   |   |   |   numberOfBlockFromDmPerm <= 1
|   |   |   |   |   |   |   numberOfRows <= 12008
|   |   |   |   |   |   |   |   numberOfRows <= 90
|   |   |   |   |   |   |   |   |   numberOfRows <= 54: power network problem (2.0)
|   |   |   |   |   |   |   |   |   numberOfRows > 54: structural problem (2.0)
|   |   |   |   |   |   |   |   numberOfRows > 90: power network problem (8.0)
|   |   |   |   |   |   |   numberOfRows > 12008: structural problem (2.0)
|   |   |   |   |   |   numberOfBlockFromDmPerm > 1: structural problem (2.0/1.0)
|   |   |   |   |   avgNNZPerRow > 5.9
|   |   |   |   |   |   stdNNZPerRow <= 1.613193: undirected graph (9.0)
|   |   |   |   |   |   stdNNZPerRow > 1.613193: structural problem (5.0/1.0)
|   |   |   |   numberOfBlockFromDmPerm > 9
|   |   |   |   |   stdNNZPerRow <= 1.449992: circuit simulation problem (5.0)
|   |   |   |   |   stdNNZPerRow > 1.449992: undirected graph (21.0/1.0)
|   |   avgNNZPerRow > 6.759412
|   |   |   normalizedAvgNNZPerRow <= 0.000199
|   |   |   |   stdNNZPerRow <= 3.203152: undirected graph (4.0)
|   |   |   |   stdNNZPerRow > 3.203152
|   |   |   |   |   avgNNZPerRow <= 11.640328: undirected graph (4.0/1.0)
|   |   |   |   |   avgNNZPerRow > 11.640328: 2D/3D problem (2.0)
|   |   |   normalizedAvgNNZPerRow > 0.000199
|   |   |   |   numberOfBlockFromDmPerm <= 32
|   |   |   |   |   stdNNZPerRow <= 6.239126
|   |   |   |   |   |   stdNNZPerRow <= 2.682215: structural problem (33.0/1.0)
|   |   |   |   |   |   stdNNZPerRow > 2.682215
|   |   |   |   |   |   |   stdNNZPerRow <= 2.929262: undirected graph (2.0)
|   |   |   |   |   |   |   stdNNZPerRow > 2.929262
|   |   |   |   |   |   |   |   numberOfRows <= 124: undirected graph (3.0/1.0)
|   |   |   |   |   |   |   |   numberOfRows > 124: structural problem (18.0/1.0)
|   |   |   |   |   stdNNZPerRow > 6.239126
|   |   |   |   |   |   numberOfConnectedComponent <= 4
|   |   |   |   |   |   |   numberOfConnectedComponent <= 1
|   |   |   |   |   |   |   |   stdNNZPerRow <= 243.794677
|   |   |   |   |   |   |   |   |   avgNNZPerRow <= 42.142857
|   |   |   |   |   |   |   |   |   |   normalizedAvgNNZPerRow <= 0.005407: optimization problem (5.0)
|   |   |   |   |   |   |   |   |   |   normalizedAvgNNZPerRow > 0.005407: structural problem (2.0)
|   |   |   |   |   |   |   |   |   avgNNZPerRow > 42.142857: structural problem (29.0/3.0)
|   |   |   |   |   |   |   |   stdNNZPerRow > 243.794677: optimization problem (5.0)
|   |   |   |   |   |   |   numberOfConnectedComponent > 1
|   |   |   |   |   |   |   |   stdNNZPerRow <= 28.557841
|   |   |   |   |   |   |   |   |   numberOfRows <= 33960: optimization problem (2.0/1.0)
|   |   |   |   |   |   |   |   |   numberOfRows > 33960: structural problem (2.0)
|   |   |   |   |   |   |   |   stdNNZPerRow > 28.557841: optimization problem (6.0)
|   |   |   |   |   |   numberOfConnectedComponent > 4: structural problem (12.0)
|   |   |   |   numberOfBlockFromDmPerm > 32
|   |   |   |   |   numberOfRows <= 36519
|   |   |   |   |   |   stdNNZPerRow <= 5.408876: structural problem (2.0)
|   |   |   |   |   |   stdNNZPerRow > 5.408876: undirected graph (5.0)
|   |   |   |   |   numberOfRows > 36519: optimization problem (2.0/1.0)
|   field = integer
|   |   numberOfBlockFromDmPerm <= 26
|   |   |   numberOfBlockFromDmPerm <= 1
|   |   |   |   isDiagonallyDominant = true: 2D/3D problem (2.0/1.0)
|   |   |   |   isDiagonallyDominant = false
|   |   |   |   |   numberOfRows <= 2837: undirected weighted graph (2.0)
|   |   |   |   |   numberOfRows > 2837: structural problem (4.0)
|   |   |   numberOfBlockFromDmPerm > 1
|   |   |   |   numberOfRows <= 3200: structural problem (2.0)
|   |   |   |   numberOfRows > 3200: 2D/3D problem (4.0)
|   |   numberOfBlockFromDmPerm > 26: undirected weighted graph (44.0)
|   field = complex: electromagnetics problem (4.0)
symmetric = general
|   field = real
|   |   numberOfBlockFromDmPerm <= 9
|   |   |   varNNZPerRow <= 766.924391
|   |   |   |   avgNNZPerRow <= 5.617021
|   |   |   |   |   varNNZPerRow <= 1.338312
|   |   |   |   |   |   avgNNZPerRow <= 4.783758
|   |   |   |   |   |   |   numberOfRows <= 80: chemical process simulation problem (3.0)
|   |   |   |   |   |   |   numberOfRows > 80
|   |   |   |   |   |   |   |   normalizedAvgNNZPerRow <= 0.0199: chemical process simulation problem (4.0/2.0)
|   |   |   |   |   |   |   |   normalizedAvgNNZPerRow > 0.0199: computational fluid dynamics problem (3.0/1.0)
|   |   |   |   |   |   avgNNZPerRow > 4.783758
|   |   |   |   |   |   |   stdNNZPerRow <= 0.38382: 2D/3D problem (3.0)
|   |   |   |   |   |   |   stdNNZPerRow > 0.38382
|   |   |   |   |   |   |   |   numberOfRows <= 352: computational fluid dynamics problem (2.0)
|   |   |   |   |   |   |   |   numberOfRows > 352: electromagnetics problem (10.0)
|   |   |   |   |   varNNZPerRow > 1.338312
|   |   |   |   |   |   numberOfConnectedComponent <= 1
|   |   |   |   |   |   |   avgNNZPerRow <= 4
|   |   |   |   |   |   |   |   avgNNZPerRow <= 3.835031: circuit simulation problem (2.0)
|   |   |   |   |   |   |   |   avgNNZPerRow > 3.835031: computational fluid dynamics problem (5.0)
|   |   |   |   |   |   |   avgNNZPerRow > 4: circuit simulation problem (5.0/1.0)
|   |   |   |   |   |   numberOfConnectedComponent > 1: computational fluid dynamics problem (3.0/1.0)
|   |   |   |   avgNNZPerRow > 5.617021
|   |   |   |   |   normalizedAvgNNZPerRow <= 0.000284
|   |   |   |   |   |   stdNNZPerRow <= 0.501905: optimization problem (2.0)
|   |   |   |   |   |   stdNNZPerRow > 0.501905: 2D/3D problem (5.0)
|   |   |   |   |   normalizedAvgNNZPerRow > 0.000284
|   |   |   |   |   |   isBlockDiagonal = true
|   |   |   |   |   |   |   avgNNZPerRow <= 15.983425
|   |   |   |   |   |   |   |   stdNNZPerRow <= 6.186704
|   |   |   |   |   |   |   |   |   stdNNZPerRow <= 3.093474: 2D/3D problem (4.0/1.0)
|   |   |   |   |   |   |   |   |   stdNNZPerRow > 3.093474: electromagnetics problem (4.0/1.0)
|   |   |   |   |   |   |   |   stdNNZPerRow > 6.186704: 2D/3D problem (9.0)
|   |   |   |   |   |   |   avgNNZPerRow > 15.983425
|   |   |   |   |   |   |   |   numberOfConnectedComponent <= 3: computational fluid dynamics problem (8.0)
|   |   |   |   |   |   |   |   numberOfConnectedComponent > 3
|   |   |   |   |   |   |   |   |   numberOfRows <= 6317: electromagnetics problem (4.0/1.0)
|   |   |   |   |   |   |   |   |   numberOfRows > 6317: computational fluid dynamics problem (3.0/1.0)
|   |   |   |   |   |   isBlockDiagonal = false: computational fluid dynamics problem (37.0/2.0)
|   |   |   varNNZPerRow > 766.924391
|   |   |   |   avgNNZPerRow <= 87.579147
|   |   |   |   |   normalizedAvgNNZPerRow <= 0.001065: 2D/3D problem (2.0)
|   |   |   |   |   normalizedAvgNNZPerRow > 0.001065
|   |   |   |   |   |   numberOfRows <= 16386: structural problem (5.0)
|   |   |   |   |   |   numberOfRows > 16386
|   |   |   |   |   |   |   avgNNZPerRow <= 68.450084: computational fluid dynamics problem (3.0)
|   |   |   |   |   |   |   avgNNZPerRow > 68.450084: structural problem (4.0/1.0)
|   |   |   |   avgNNZPerRow > 87.579147
|   |   |   |   |   avgNNZPerRow <= 221.636925: economic problem (3.0/1.0)
|   |   |   |   |   avgNNZPerRow > 221.636925: 2D/3D problem (3.0)
|   |   numberOfBlockFromDmPerm > 9
|   |   |   numberOfConnectedComponent <= 44
|   |   |   |   numberOfConnectedComponent <= 5
|   |   |   |   |   numberOfBlockFromDmPerm <= 80
|   |   |   |   |   |   avgNNZPerRow <= 6.530864
|   |   |   |   |   |   |   numberOfRows <= 193: chemical process simulation problem (4.0)
|   |   |   |   |   |   |   numberOfRows > 193: 2D/3D problem (5.0/2.0)
|   |   |   |   |   |   avgNNZPerRow > 6.530864
|   |   |   |   |   |   |   avgNNZPerRow <= 15.635862: circuit simulation problem (7.0/2.0)
|   |   |   |   |   |   |   avgNNZPerRow > 15.635862: computational fluid dynamics problem (2.0)
|   |   |   |   |   numberOfBlockFromDmPerm > 80
|   |   |   |   |   |   numberOfRows <= 78136: chemical process simulation problem (37.0/5.0)
|   |   |   |   |   |   numberOfRows > 78136: circuit simulation problem (3.0)
|   |   |   |   numberOfConnectedComponent > 5
|   |   |   |   |   avgNNZPerRow <= 8.515392
|   |   |   |   |   |   normalizedAvgNNZPerRow <= 0.008535
|   |   |   |   |   |   |   numberOfRows <= 9774: subsequent circuit simulation problem (175.0)
|   |   |   |   |   |   |   numberOfRows > 9774
|   |   |   |   |   |   |   |   numberOfConnectedComponent <= 13: chemical process simulation problem (2.0/1.0)
|   |   |   |   |   |   |   |   numberOfConnectedComponent > 13
|   |   |   |   |   |   |   |   |   numberOfConnectedComponent <= 20: subsequent circuit simulation problem (3.0)
|   |   |   |   |   |   |   |   |   numberOfConnectedComponent > 20: circuit simulation problem (2.0)
|   |   |   |   |   |   normalizedAvgNNZPerRow > 0.008535
|   |   |   |   |   |   |   numberOfRows <= 261: chemical process simulation problem (3.0/1.0)
|   |   |   |   |   |   |   numberOfRows > 261: circuit simulation problem (2.0)
|   |   |   |   |   avgNNZPerRow > 8.515392
|   |   |   |   |   |   numberOfConnectedComponent <= 14: structural problem (2.0/1.0)
|   |   |   |   |   |   numberOfConnectedComponent > 14: chemical process simulation problem (15.0/1.0)
|   |   |   numberOfConnectedComponent > 44
|   |   |   |   avgNNZPerRow <= 12.255487
|   |   |   |   |   stdNNZPerRow <= 22.826154
|   |   |   |   |   |   stdNNZPerRow <= 3.529458
|   |   |   |   |   |   |   numberOfRows <= 6100: computational fluid dynamics problem (13.0/1.0)
|   |   |   |   |   |   |   numberOfRows > 6100: power network problem (3.0/1.0)
|   |   |   |   |   |   stdNNZPerRow > 3.529458
|   |   |   |   |   |   |   numberOfRows <= 80800
|   |   |   |   |   |   |   |   numberOfRows <= 4000
|   |   |   |   |   |   |   |   |   numberOfConnectedComponent <= 129: economic problem (2.0)
|   |   |   |   |   |   |   |   |   numberOfConnectedComponent > 129: computational fluid dynamics problem (7.0/1.0)
|   |   |   |   |   |   |   |   numberOfRows > 4000
|   |   |   |   |   |   |   |   |   avgNNZPerRow <= 4.915773
|   |   |   |   |   |   |   |   |   |   avgNNZPerRow <= 3.083333: economic problem (4.0)
|   |   |   |   |   |   |   |   |   |   avgNNZPerRow > 3.083333: circuit simulation problem (4.0)
|   |   |   |   |   |   |   |   |   avgNNZPerRow > 4.915773: economic problem (48.0/1.0)
|   |   |   |   |   |   |   numberOfRows > 80800: circuit simulation problem (6.0/1.0)
|   |   |   |   |   stdNNZPerRow > 22.826154
|   |   |   |   |   |   avgNNZPerRow <= 7.15: circuit simulation problem (12.0)
|   |   |   |   |   |   avgNNZPerRow > 7.15
|   |   |   |   |   |   |   numberOfRows <= 21701: 2D/3D problem (3.0)
|   |   |   |   |   |   |   numberOfRows > 21701: subsequent circuit simulation problem (2.0)
|   |   |   |   avgNNZPerRow > 12.255487
|   |   |   |   |   numberOfBlockFromDmPerm <= 3146
|   |   |   |   |   |   numberOfConnectedComponent <= 153
|   |   |   |   |   |   |   numberOfRows <= 1090: economic problem (3.0)
|   |   |   |   |   |   |   numberOfRows > 1090: electromagnetics problem (4.0/1.0)
|   |   |   |   |   |   numberOfConnectedComponent > 153
|   |   |   |   |   |   |   numberOfRows <= 12992: computational fluid dynamics problem (7.0)
|   |   |   |   |   |   |   numberOfRows > 12992
|   |   |   |   |   |   |   |   numberOfRows <= 110355: power network problem (14.0/1.0)
|   |   |   |   |   |   |   |   numberOfRows > 110355: structural problem (2.0/1.0)
|   |   |   |   |   numberOfBlockFromDmPerm > 3146
|   |   |   |   |   |   isDiagonal = true: structural problem (2.0)
|   |   |   |   |   |   isDiagonal = false
|   |   |   |   |   |   |   numberOfConnectedComponent <= 11091: chemical process simulation problem (9.0)
|   |   |   |   |   |   |   numberOfConnectedComponent > 11091: computational fluid dynamics problem (2.0)
|   field = pattern: directed graph (55.0/3.0)
|   field = integer: economic problem (1.0)
|   field = complex
|   |   avgNNZPerRow <= 11.400631: 2D/3D problem (3.0)
|   |   avgNNZPerRow > 11.400631: electromagnetics problem (6.0/1.0)
symmetric = skew-symmetric: 2D/3D problem (2.0)
symmetric = hermitian: electromagnetics problem (1.0)

Number of Leaves  : 	144

Size of the tree : 	281


Time taken to build model: 0.2 seconds
Time taken to test model on training data: 0.06 seconds

=== Error on training data ===

Correctly Classified Instances        1142               92.9967 %
Incorrectly Classified Instances        86                7.0033 %
Kappa statistic                          0.9214
Mean absolute error                      0.0104
Root mean squared error                  0.072 
Relative absolute error                 12.1746 %
Root relative squared error             34.9116 %
Total Number of Instances             1228     


=== Detailed Accuracy By Class ===

               TP Rate   FP Rate   Precision   Recall  F-Measure   ROC Area  Class
                 0.989     0          1         0.989     0.994      1        subsequent circuit simulation problem
                 0.965     0.024      0.914     0.965     0.939      0.994    structural problem
                 0.96      0.006      0.931     0.96      0.945      0.998    optimization problem
                 0.835     0.007      0.93      0.835     0.88       0.991    computational fluid dynamics problem
                 0.867     0.005      0.897     0.867     0.881      0.997    undirected graph
                 0.87      0.012      0.885     0.87      0.877      0.992    2D/3D problem
                 0.963     0.003      0.945     0.963     0.954      0.999    directed graph
                 0.985     0.009      0.87      0.985     0.924      0.998    chemical process simulation problem
                 0.852     0.003      0.92      0.852     0.885      0.998    power network problem
                 0.953     0.002      0.968     0.953     0.961      0.999    economic problem
                 0.83      0.003      0.917     0.83      0.871      0.995    circuit simulation problem
                 0         0          0         0         0          ?        subsequent computational fluid dynamics problem
                 0         0          0         0         0          ?        subsequent theoretical/quantum chemistry problem
                 0.925     0.003      0.902     0.925     0.914      0.999    electromagnetics problem
                 0         0          0         0         0          ?        directed weighted graph
                 0         0          0         0         0          ?        materials problem
                 0         0          0         0         0          ?        eigenvalue/model reduction problem
                 0         0          0         0         0          ?        model reduction problem
                 0         0          0         0         0          ?        undirected random graph
                 0         0          0         0         0          ?        thermal problem
                 0.983     0.002      0.966     0.983     0.974      1        undirected weighted graph
Weighted Avg.    0.93      0.009      0.93      0.93      0.929      0.996


=== Confusion Matrix ===

   a   b   c   d   e   f   g   h   i   j   k   l   m   n   o   p   q   r   s   t   u   <-- classified as
 180   0   0   0   0   0   0   1   0   0   1   0   0   0   0   0   0   0   0   0   0 |   a = subsequent circuit simulation problem
   0 245   1   1   3   1   1   0   0   0   1   0   0   0   0   0   0   0   0   0   1 |   b = structural problem
   0   1  95   0   1   1   0   0   1   0   0   0   0   0   0   0   0   0   0   0   0 |   c = optimization problem
   0  11   0 106   0   3   0   2   2   1   0   0   0   1   0   0   0   0   0   0   1 |   d = computational fluid dynamics problem
   0   3   0   0  52   5   0   0   0   0   0   0   0   0   0   0   0   0   0   0   0 |   e = undirected graph
   0   6   2   3   0 100   1   1   0   0   0   0   0   2   0   0   0   0   0   0   0 |   f = 2D/3D problem
   0   0   1   0   1   0  52   0   0   0   0   0   0   0   0   0   0   0   0   0   0 |   g = directed graph
   0   0   0   0   0   0   0  67   0   0   1   0   0   0   0   0   0   0   0   0   0 |   h = chemical process simulation problem
   0   1   2   1   0   1   0   1  46   0   1   0   0   1   0   0   0   0   0   0   0 |   i = power network problem
   0   0   0   0   0   1   0   2   0  61   0   0   0   0   0   0   0   0   0   0   0 |   j = economic problem
   0   1   1   2   1   0   1   2   1   0  44   0   0   0   0   0   0   0   0   0   0 |   k = circuit simulation problem
   0   0   0   0   0   0   0   0   0   0   0   0   0   0   0   0   0   0   0   0   0 |   l = subsequent computational fluid dynamics problem
   0   0   0   0   0   0   0   0   0   0   0   0   0   0   0   0   0   0   0   0   0 |   m = subsequent theoretical/quantum chemistry problem
   0   0   0   1   0   0   0   1   0   1   0   0   0  37   0   0   0   0   0   0   0 |   n = electromagnetics problem
   0   0   0   0   0   0   0   0   0   0   0   0   0   0   0   0   0   0   0   0   0 |   o = directed weighted graph
   0   0   0   0   0   0   0   0   0   0   0   0   0   0   0   0   0   0   0   0   0 |   p = materials problem
   0   0   0   0   0   0   0   0   0   0   0   0   0   0   0   0   0   0   0   0   0 |   q = eigenvalue/model reduction problem
   0   0   0   0   0   0   0   0   0   0   0   0   0   0   0   0   0   0   0   0   0 |   r = model reduction problem
   0   0   0   0   0   0   0   0   0   0   0   0   0   0   0   0   0   0   0   0   0 |   s = undirected random graph
   0   0   0   0   0   0   0   0   0   0   0   0   0   0   0   0   0   0   0   0   0 |   t = thermal problem
   0   0   0   0   0   1   0   0   0   0   0   0   0   0   0   0   0   0   0   0  57 |   u = undirected weighted graph



=== Stratified cross-validation ===

Correctly Classified Instances         914               74.43   %
Incorrectly Classified Instances       314               25.57   %
Kappa statistic                          0.7131
Mean absolute error                      0.0268
Root mean squared error                  0.1441
Relative absolute error                 31.5127 %
Root relative squared error             69.9209 %
Total Number of Instances             1228     


=== Detailed Accuracy By Class ===

               TP Rate   FP Rate   Precision   Recall  F-Measure   ROC Area  Class
                 0.978     0.009      0.952     0.978     0.965      0.993    subsequent circuit simulation problem
                 0.772     0.067      0.751     0.772     0.761      0.888    structural problem
                 0.788     0.019      0.78      0.788     0.784      0.911    optimization problem
                 0.504     0.04       0.593     0.504     0.545      0.806    computational fluid dynamics problem
                 0.533     0.019      0.593     0.533     0.561      0.913    undirected graph
                 0.574     0.047      0.559     0.574     0.567      0.794    2D/3D problem
                 0.963     0.003      0.945     0.963     0.954      0.979    directed graph
                 0.868     0.018      0.738     0.868     0.797      0.953    chemical process simulation problem
                 0.685     0.018      0.638     0.685     0.661      0.853    power network problem
                 0.828     0.015      0.746     0.828     0.785      0.929    economic problem
                 0.509     0.01       0.692     0.509     0.587      0.812    circuit simulation problem
                 0         0          0         0         0          ?        subsequent computational fluid dynamics problem
                 0         0          0         0         0          ?        subsequent theoretical/quantum chemistry problem
                 0.55      0.015      0.55      0.55      0.55       0.848    electromagnetics problem
                 0         0          0         0         0          ?        directed weighted graph
                 0         0          0         0         0          ?        materials problem
                 0         0          0         0         0          ?        eigenvalue/model reduction problem
                 0         0          0         0         0          ?        model reduction problem
                 0         0          0         0         0          ?        undirected random graph
                 0         0          0         0         0          ?        thermal problem
                 0.862     0.006      0.877     0.862     0.87       0.945    undirected weighted graph
Weighted Avg.    0.744     0.03       0.741     0.744     0.741      0.896


=== Confusion Matrix ===

   a   b   c   d   e   f   g   h   i   j   k   l   m   n   o   p   q   r   s   t   u   <-- classified as
 178   0   0   0   0   2   0   1   0   0   1   0   0   0   0   0   0   0   0   0   0 |   a = subsequent circuit simulation problem
   0 196   6  11   9  14   1   2   7   1   1   0   0   3   0   0   0   0   0   0   3 |   b = structural problem
   0  10  78   2   0   6   0   0   2   0   0   0   0   0   0   0   0   0   0   0   1 |   c = optimization problem
   0  18   2  64   0   9   0   5   7   7   6   0   0   8   0   0   0   0   0   0   1 |   d = computational fluid dynamics problem
   0  15   2   0  32  10   0   0   1   0   0   0   0   0   0   0   0   0   0   0   0 |   e = undirected graph
   0  15   2  11   8  66   1   2   0   1   1   0   0   6   0   0   0   0   0   0   2 |   f = 2D/3D problem
   0   0   0   0   2   0  52   0   0   0   0   0   0   0   0   0   0   0   0   0   0 |   g = directed graph
   1   0   0   5   0   0   0  59   2   0   1   0   0   0   0   0   0   0   0   0   0 |   h = chemical process simulation problem
   1   1   4   3   2   1   0   2  37   2   1   0   0   0   0   0   0   0   0   0   0 |   i = power network problem
   2   0   0   2   0   1   0   2   2  53   1   0   0   1   0   0   0   0   0   0   0 |   j = economic problem
   5   0   2   6   1   2   1   6   0   3  27   0   0   0   0   0   0   0   0   0   0 |   k = circuit simulation problem
   0   0   0   0   0   0   0   0   0   0   0   0   0   0   0   0   0   0   0   0   0 |   l = subsequent computational fluid dynamics problem
   0   0   0   0   0   0   0   0   0   0   0   0   0   0   0   0   0   0   0   0   0 |   m = subsequent theoretical/quantum chemistry problem
   0   3   2   3   0   5   0   1   0   4   0   0   0  22   0   0   0   0   0   0   0 |   n = electromagnetics problem
   0   0   0   0   0   0   0   0   0   0   0   0   0   0   0   0   0   0   0   0   0 |   o = directed weighted graph
   0   0   0   0   0   0   0   0   0   0   0   0   0   0   0   0   0   0   0   0   0 |   p = materials problem
   0   0   0   0   0   0   0   0   0   0   0   0   0   0   0   0   0   0   0   0   0 |   q = eigenvalue/model reduction problem
   0   0   0   0   0   0   0   0   0   0   0   0   0   0   0   0   0   0   0   0   0 |   r = model reduction problem
   0   0   0   0   0   0   0   0   0   0   0   0   0   0   0   0   0   0   0   0   0 |   s = undirected random graph
   0   0   0   0   0   0   0   0   0   0   0   0   0   0   0   0   0   0   0   0   0 |   t = thermal problem
   0   3   2   1   0   2   0   0   0   0   0   0   0   0   0   0   0   0   0   0  50 |   u = undirected weighted graph

