
Options: -X 1 -S "weka.attributeSelection.BestFirst -D 1 -N 5" -R 

Decision Table:

Number of training instances: 92
Number of Rules : 7
Non matches covered by Majority class.
	Best first.
	Start set: no attributes
	Search direction: forward
	Stale search after 5 node expansions
	Total number of subsets evaluated: 89
	Merit of best subset found:   91.304
Evaluation (for feature selection): CV (leave one out) 
Feature set: 1,5,9,15

Rules:
====================================================================================================
numberOfRows           avgNNZPerRow           isMaxEigNegative       isStructuralProblem  
====================================================================================================
'(176.5-inf)'          '(11.530262-inf)'      false                  1
'(-inf-176.5]'         '(1.856671-11.530262]' false                  1
'(176.5-inf)'          '(1.856671-11.530262]' false                  0
'(176.5-inf)'          '(11.530262-inf)'      true                   0
'(176.5-inf)'          '(-inf-1.856671]'      false                  1
'(-inf-176.5]'         '(-inf-1.856671]'      false                  1
'(176.5-inf)'          '(1.856671-11.530262]' true                   0
====================================================================================================



Time taken to build model: 0.09 seconds
Time taken to test model on training data: 0.01 seconds

=== Error on training data ===

Correctly Classified Instances          84               91.3043 %
Incorrectly Classified Instances         8                8.6957 %
Kappa statistic                          0.8084
Mean absolute error                      0.1871
Root mean squared error                  0.2867
Relative absolute error                 41.767  %
Root relative squared error             60.6582 %
Total Number of Instances               92     


=== Detailed Accuracy By Class ===

               TP Rate   FP Rate   Precision   Recall  F-Measure   ROC Area  Class
                 0.918     0.097      0.949     0.918     0.933      0.9      0
                 0.903     0.082      0.848     0.903     0.875      0.9      1
Weighted Avg.    0.913     0.092      0.915     0.913     0.914      0.9  


=== Confusion Matrix ===

  a  b   <-- classified as
 56  5 |  a = 0
  3 28 |  b = 1



=== Stratified cross-validation ===

Correctly Classified Instances          72               78.2609 %
Incorrectly Classified Instances        20               21.7391 %
Kappa statistic                          0.5211
Mean absolute error                      0.2911
Root mean squared error                  0.3926
Relative absolute error                 64.9558 %
Root relative squared error             83.0199 %
Total Number of Instances               92     


=== Detailed Accuracy By Class ===

               TP Rate   FP Rate   Precision   Recall  F-Measure   ROC Area  Class
                 0.82      0.29       0.847     0.82      0.833      0.818    0
                 0.71      0.18       0.667     0.71      0.688      0.818    1
Weighted Avg.    0.783     0.253      0.787     0.783     0.784      0.818


=== Confusion Matrix ===

  a  b   <-- classified as
 50 11 |  a = 0
  9 22 |  b = 1

