
Options: -I 0 -M 500 -H 50 -W 0.0 

SimpleLogistic:

Class 0 :
0    + 

Class 1 :
0    + 


Time taken to build model: 0.27 seconds
Time taken to test model on training data: 0.01 seconds

=== Error on training data ===

Correctly Classified Instances          85               92.3913 %
Incorrectly Classified Instances         7                7.6087 %
Kappa statistic                          0     
Mean absolute error                      0.5   
Root mean squared error                  0.5   
Relative absolute error                337.2855 %
Root relative squared error            188.4726 %
Total Number of Instances               92     


=== Detailed Accuracy By Class ===

               TP Rate   FP Rate   Precision   Recall  F-Measure   ROC Area  Class
                 1         1          0.924     1         0.96       0.5      0
                 0         0          0         0         0          0.5      1
Weighted Avg.    0.924     0.924      0.854     0.924     0.887      0.5  


=== Confusion Matrix ===

  a  b   <-- classified as
 85  0 |  a = 0
  7  0 |  b = 1



=== Stratified cross-validation ===

Correctly Classified Instances          83               90.2174 %
Incorrectly Classified Instances         9                9.7826 %
Kappa statistic                         -0.035 
Mean absolute error                      0.2634
Root mean squared error                  0.3709
Relative absolute error                176.1459 %
Root relative squared error            139.2384 %
Total Number of Instances               92     


=== Detailed Accuracy By Class ===

               TP Rate   FP Rate   Precision   Recall  F-Measure   ROC Area  Class
                 0.976     1          0.922     0.976     0.949      0.592    0
                 0         0.024      0         0         0          0.592    1
Weighted Avg.    0.902     0.926      0.852     0.902     0.876      0.592


=== Confusion Matrix ===

  a  b   <-- classified as
 83  2 |  a = 0
  7  0 |  b = 1

