
Time taken to build model: 1.08 seconds
Time taken to test model on training data: 0.07 seconds

=== Error on training data ===

Correctly Classified Instances        1144               93.1596 %
Incorrectly Classified Instances        84                6.8404 %
Kappa statistic                          0.9232
Mean absolute error                      0.0108
Root mean squared error                  0.0733
Relative absolute error                 12.729  %
Root relative squared error             35.562  %
Total Number of Instances             1228     


=== Detailed Accuracy By Class ===

               TP Rate   FP Rate   Precision   Recall  F-Measure   ROC Area  Class
                 1         0.001      0.995     1         0.997      1        subsequent circuit simulation problem
                 0.957     0.022      0.92      0.957     0.938      0.994    structural problem
                 0.96      0.009      0.905     0.96      0.931      0.997    optimization problem
                 0.835     0.01       0.906     0.835     0.869      0.989    computational fluid dynamics problem
                 0.967     0.003      0.951     0.967     0.959      1        undirected graph
                 0.904     0.009      0.912     0.904     0.908      0.995    2D/3D problem
                 0.963     0.003      0.945     0.963     0.954      0.999    directed graph
                 0.941     0.008      0.877     0.941     0.908      0.997    chemical process simulation problem
                 0.833     0.001      0.978     0.833     0.9        0.996    power network problem
                 0.906     0.004      0.921     0.906     0.913      0.997    economic problem
                 0.849     0.003      0.918     0.849     0.882      0.995    circuit simulation problem
                 0         0          0         0         0          ?        subsequent computational fluid dynamics problem
                 0         0          0         0         0          ?        subsequent theoretical/quantum chemistry problem
                 0.925     0.003      0.902     0.925     0.914      0.999    electromagnetics problem
                 0         0          0         0         0          ?        directed weighted graph
                 0         0          0         0         0          ?        materials problem
                 0         0          0         0         0          ?        eigenvalue/model reduction problem
                 0         0          0         0         0          ?        model reduction problem
                 0         0          0         0         0          ?        undirected random graph
                 0         0          0         0         0          ?        thermal problem
                 0.948     0.002      0.965     0.948     0.957      0.999    undirected weighted graph
Weighted Avg.    0.932     0.008      0.932     0.932     0.931      0.996


=== Confusion Matrix ===

   a   b   c   d   e   f   g   h   i   j   k   l   m   n   o   p   q   r   s   t   u   <-- classified as
 182   0   0   0   0   0   0   0   0   0   0   0   0   0   0   0   0   0   0   0   0 |   a = subsequent circuit simulation problem
   0 243   5   2   0   1   1   0   0   0   1   0   0   1   0   0   0   0   0   0   0 |   b = structural problem
   0   2  95   1   0   0   0   0   1   0   0   0   0   0   0   0   0   0   0   0   0 |   c = optimization problem
   0  10   0 106   1   2   0   4   0   2   1   0   0   0   0   0   0   0   0   0   1 |   d = computational fluid dynamics problem
   0   1   0   0  58   1   0   0   0   0   0   0   0   0   0   0   0   0   0   0   0 |   e = undirected graph
   1   1   1   1   0 104   1   2   0   2   1   0   0   1   0   0   0   0   0   0   0 |   f = 2D/3D problem
   0   0   1   0   1   0  52   0   0   0   0   0   0   0   0   0   0   0   0   0   0 |   g = directed graph
   0   0   0   1   0   1   0  64   0   0   1   0   0   1   0   0   0   0   0   0   0 |   h = chemical process simulation problem
   0   4   1   2   0   1   0   1  45   0   0   0   0   0   0   0   0   0   0   0   0 |   i = power network problem
   0   0   1   2   0   1   0   1   0  58   0   0   0   1   0   0   0   0   0   0   0 |   j = economic problem
   0   2   0   1   1   0   1   1   0   1  45   0   0   0   0   0   0   0   0   0   1 |   k = circuit simulation problem
   0   0   0   0   0   0   0   0   0   0   0   0   0   0   0   0   0   0   0   0   0 |   l = subsequent computational fluid dynamics problem
   0   0   0   0   0   0   0   0   0   0   0   0   0   0   0   0   0   0   0   0   0 |   m = subsequent theoretical/quantum chemistry problem
   0   1   0   1   0   1   0   0   0   0   0   0   0  37   0   0   0   0   0   0   0 |   n = electromagnetics problem
   0   0   0   0   0   0   0   0   0   0   0   0   0   0   0   0   0   0   0   0   0 |   o = directed weighted graph
   0   0   0   0   0   0   0   0   0   0   0   0   0   0   0   0   0   0   0   0   0 |   p = materials problem
   0   0   0   0   0   0   0   0   0   0   0   0   0   0   0   0   0   0   0   0   0 |   q = eigenvalue/model reduction problem
   0   0   0   0   0   0   0   0   0   0   0   0   0   0   0   0   0   0   0   0   0 |   r = model reduction problem
   0   0   0   0   0   0   0   0   0   0   0   0   0   0   0   0   0   0   0   0   0 |   s = undirected random graph
   0   0   0   0   0   0   0   0   0   0   0   0   0   0   0   0   0   0   0   0   0 |   t = thermal problem
   0   0   1   0   0   2   0   0   0   0   0   0   0   0   0   0   0   0   0   0  55 |   u = undirected weighted graph



=== Stratified cross-validation ===

Correctly Classified Instances         907               73.8599 %
Incorrectly Classified Instances       321               26.1401 %
Kappa statistic                          0.7067
Mean absolute error                      0.0279
Root mean squared error                  0.1485
Relative absolute error                 32.8361 %
Root relative squared error             72.0654 %
Total Number of Instances             1228     


=== Detailed Accuracy By Class ===

               TP Rate   FP Rate   Precision   Recall  F-Measure   ROC Area  Class
                 0.978     0.011      0.942     0.978     0.96       0.995    subsequent circuit simulation problem
                 0.791     0.057      0.782     0.791     0.787      0.892    structural problem
                 0.768     0.021      0.76      0.768     0.764      0.9      optimization problem
                 0.583     0.043      0.612     0.583     0.597      0.824    computational fluid dynamics problem
                 0.667     0.017      0.667     0.667     0.667      0.86     undirected graph
                 0.557     0.045      0.561     0.557     0.559      0.787    2D/3D problem
                 0.963     0.003      0.945     0.963     0.954      0.979    directed graph
                 0.647     0.022      0.638     0.647     0.642      0.85     chemical process simulation problem
                 0.685     0.014      0.685     0.685     0.685      0.881    power network problem
                 0.781     0.014      0.758     0.781     0.769      0.898    economic problem
                 0.491     0.018      0.553     0.491     0.52       0.762    circuit simulation problem
                 0         0          0         0         0          ?        subsequent computational fluid dynamics problem
                 0         0          0         0         0          ?        subsequent theoretical/quantum chemistry problem
                 0.45      0.018      0.462     0.45      0.456      0.781    electromagnetics problem
                 0         0          0         0         0          ?        directed weighted graph
                 0         0          0         0         0          ?        materials problem
                 0         0          0         0         0          ?        eigenvalue/model reduction problem
                 0         0          0         0         0          ?        model reduction problem
                 0         0          0         0         0          ?        undirected random graph
                 0         0          0         0         0          ?        thermal problem
                 0.81      0.009      0.825     0.81      0.817      0.907    undirected weighted graph
Weighted Avg.    0.739     0.029      0.735     0.739     0.737      0.882


=== Confusion Matrix ===

   a   b   c   d   e   f   g   h   i   j   k   l   m   n   o   p   q   r   s   t   u   <-- classified as
 178   0   0   0   0   0   0   1   0   0   3   0   0   0   0   0   0   0   0   0   0 |   a = subsequent circuit simulation problem
   0 201   9   9   9  12   1   3   2   1   2   0   0   1   0   0   0   0   0   0   4 |   b = structural problem
   0   8  76   2   3   6   0   0   2   0   0   0   0   1   0   0   0   0   0   0   1 |   c = optimization problem
   1  19   1  74   0   9   0   6   0   5   3   0   0   8   0   0   0   0   0   0   1 |   d = computational fluid dynamics problem
   0   7   3   0  40   7   0   0   3   0   0   0   0   0   0   0   0   0   0   0   0 |   e = undirected graph
   1   6   4   9   5  64   1   3   3   3   5   0   0   8   0   0   0   0   0   0   3 |   f = 2D/3D problem
   0   0   1   0   1   0  52   0   0   0   0   0   0   0   0   0   0   0   0   0   0 |   g = directed graph
   3   0   0  10   0   3   0  44   2   1   3   0   0   2   0   0   0   0   0   0   0 |   h = chemical process simulation problem
   0   6   2   4   1   1   0   1  37   1   0   0   0   0   0   0   0   0   0   0   1 |   i = power network problem
   0   0   0   2   0   5   0   1   3  50   3   0   0   0   0   0   0   0   0   0   0 |   j = economic problem
   6   2   2   3   1   2   1   7   0   3  26   0   0   0   0   0   0   0   0   0   0 |   k = circuit simulation problem
   0   0   0   0   0   0   0   0   0   0   0   0   0   0   0   0   0   0   0   0   0 |   l = subsequent computational fluid dynamics problem
   0   0   0   0   0   0   0   0   0   0   0   0   0   0   0   0   0   0   0   0   0 |   m = subsequent theoretical/quantum chemistry problem
   0   3   1   7   0   4   0   3   0   2   2   0   0  18   0   0   0   0   0   0   0 |   n = electromagnetics problem
   0   0   0   0   0   0   0   0   0   0   0   0   0   0   0   0   0   0   0   0   0 |   o = directed weighted graph
   0   0   0   0   0   0   0   0   0   0   0   0   0   0   0   0   0   0   0   0   0 |   p = materials problem
   0   0   0   0   0   0   0   0   0   0   0   0   0   0   0   0   0   0   0   0   0 |   q = eigenvalue/model reduction problem
   0   0   0   0   0   0   0   0   0   0   0   0   0   0   0   0   0   0   0   0   0 |   r = model reduction problem
   0   0   0   0   0   0   0   0   0   0   0   0   0   0   0   0   0   0   0   0   0 |   s = undirected random graph
   0   0   0   0   0   0   0   0   0   0   0   0   0   0   0   0   0   0   0   0   0 |   t = thermal problem
   0   5   1   1   0   1   0   0   2   0   0   0   0   1   0   0   0   0   0   0  47 |   u = undirected weighted graph

