
Time taken to build model: 0.34 seconds
Time taken to test model on training data: 0.04 seconds

=== Error on training data ===

Correctly Classified Instances        1194               97.2313 %
Incorrectly Classified Instances        34                2.7687 %
Kappa statistic                          0.5294
Mean absolute error                      0.0619
Root mean squared error                  0.166 
Relative absolute error                 73.0301 %
Root relative squared error             80.9651 %
Total Number of Instances             1228     


=== Detailed Accuracy By Class ===

               TP Rate   FP Rate   Precision   Recall  F-Measure   ROC Area  Class
                 1         0.63       0.972     1         0.986      0.82     0
                 0.37      0          1         0.37      0.541      0.82     1
Weighted Avg.    0.972     0.602      0.973     0.972     0.966      0.82 


=== Confusion Matrix ===

    a    b   <-- classified as
 1174    0 |    a = 0
   34   20 |    b = 1



=== Stratified cross-validation ===

Correctly Classified Instances        1191               96.987  %
Incorrectly Classified Instances        37                3.013  %
Kappa statistic                          0.5065
Mean absolute error                      0.0689
Root mean squared error                  0.1737
Relative absolute error                 81.211  %
Root relative squared error             84.7338 %
Total Number of Instances             1228     


=== Detailed Accuracy By Class ===

               TP Rate   FP Rate   Precision   Recall  F-Measure   ROC Area  Class
                 0.997     0.63       0.972     0.997     0.984      0.781    0
                 0.37      0.003      0.87      0.37      0.519      0.781    1
Weighted Avg.    0.97      0.602      0.967     0.97      0.964      0.781


=== Confusion Matrix ===

    a    b   <-- classified as
 1171    3 |    a = 0
   34   20 |    b = 1

