
Time taken to build model: 0.33 seconds
Time taken to test model on training data: 0.05 seconds

=== Error on training data ===

Correctly Classified Instances        1193               97.1498 %
Incorrectly Classified Instances        35                2.8502 %
Kappa statistic                          0.611 
Mean absolute error                      0.0935
Root mean squared error                  0.1792
Relative absolute error                 94.0119 %
Root relative squared error             80.6386 %
Total Number of Instances             1228     


=== Detailed Accuracy By Class ===

               TP Rate   FP Rate   Precision   Recall  F-Measure   ROC Area  Class
                 1         0.547      0.971     1         0.985      0.889    0
                 0.453     0          1         0.453     0.624      0.889    1
Weighted Avg.    0.971     0.518      0.972     0.971     0.966      0.889


=== Confusion Matrix ===

    a    b   <-- classified as
 1164    0 |    a = 0
   35   29 |    b = 1



=== Stratified cross-validation ===

Correctly Classified Instances        1191               96.987  %
Incorrectly Classified Instances        37                3.013  %
Kappa statistic                          0.612 
Mean absolute error                      0.1188
Root mean squared error                  0.2054
Relative absolute error                119.3594 %
Root relative squared error             92.4047 %
Total Number of Instances             1228     


=== Detailed Accuracy By Class ===

               TP Rate   FP Rate   Precision   Recall  F-Measure   ROC Area  Class
                 0.997     0.516      0.972     0.997     0.984      0.865    0
                 0.484     0.003      0.886     0.484     0.626      0.865    1
Weighted Avg.    0.97      0.489      0.968     0.97      0.966      0.865


=== Confusion Matrix ===

    a    b   <-- classified as
 1160    4 |    a = 0
   33   31 |    b = 1

