
Time taken to build model: 0.26 seconds
Time taken to test model on training data: 0.04 seconds

=== Error on training data ===

Correctly Classified Instances        1168               95.114  %
Incorrectly Classified Instances        60                4.886  %
Kappa statistic                          0     
Mean absolute error                      0.0936
Root mean squared error                  0.2156
Relative absolute error                100.0389 %
Root relative squared error            100.0001 %
Total Number of Instances             1228     


=== Detailed Accuracy By Class ===

               TP Rate   FP Rate   Precision   Recall  F-Measure   ROC Area  Class
                 1         1          0.951     1         0.975      0.5      0
                 0         0          0         0         0          0.5      1
Weighted Avg.    0.951     0.951      0.905     0.951     0.927      0.5  


=== Confusion Matrix ===

    a    b   <-- classified as
 1168    0 |    a = 0
   60    0 |    b = 1



=== Stratified cross-validation ===

Correctly Classified Instances        1167               95.0326 %
Incorrectly Classified Instances        61                4.9674 %
Kappa statistic                         -0.0016
Mean absolute error                      0.0939
Root mean squared error                  0.2176
Relative absolute error                100.2101 %
Root relative squared error            100.9179 %
Total Number of Instances             1228     


=== Detailed Accuracy By Class ===

               TP Rate   FP Rate   Precision   Recall  F-Measure   ROC Area  Class
                 0.999     1          0.951     0.999     0.975      0.474    0
                 0         0.001      0         0         0          0.474    1
Weighted Avg.    0.95      0.951      0.905     0.95      0.927      0.474


=== Confusion Matrix ===

    a    b   <-- classified as
 1167    1 |    a = 0
   60    0 |    b = 1

