
Time taken to build model: 0.41 seconds
Time taken to test model on training data: 0.04 seconds

=== Error on training data ===

Correctly Classified Instances        1189               96.8241 %
Incorrectly Classified Instances        39                3.1759 %
Kappa statistic                          0.7676
Mean absolute error                      0.117 
Root mean squared error                  0.1932
Relative absolute error                 78.6232 %
Root relative squared error             70.9779 %
Total Number of Instances             1228     


=== Detailed Accuracy By Class ===

               TP Rate   FP Rate   Precision   Recall  F-Measure   ROC Area  Class
                 0.99      0.283      0.976     0.99      0.983      0.97     0
                 0.717     0.01       0.866     0.717     0.785      0.97     1
Weighted Avg.    0.968     0.261      0.967     0.968     0.967      0.97 


=== Confusion Matrix ===

    a    b   <-- classified as
 1118   11 |    a = 0
   28   71 |    b = 1



=== Stratified cross-validation ===

Correctly Classified Instances        1151               93.7296 %
Incorrectly Classified Instances        77                6.2704 %
Kappa statistic                          0.4116
Mean absolute error                      0.1463
Root mean squared error                  0.2547
Relative absolute error                 98.2853 %
Root relative squared error             93.5616 %
Total Number of Instances             1228     


=== Detailed Accuracy By Class ===

               TP Rate   FP Rate   Precision   Recall  F-Measure   ROC Area  Class
                 0.993     0.697      0.942     0.993     0.967      0.736    0
                 0.303     0.007      0.789     0.303     0.438      0.736    1
Weighted Avg.    0.937     0.641      0.93      0.937     0.924      0.736


=== Confusion Matrix ===

    a    b   <-- classified as
 1121    8 |    a = 0
   69   30 |    b = 1

