
Time taken to build model: 0.25 seconds
Time taken to test model on training data: 0.04 seconds

=== Error on training data ===

Correctly Classified Instances        1166               94.9511 %
Incorrectly Classified Instances        62                5.0489 %
Kappa statistic                          0.1546
Mean absolute error                      0.0968
Root mean squared error                  0.2178
Relative absolute error                 92.0083 %
Root relative squared error             95.2511 %
Total Number of Instances             1228     


=== Detailed Accuracy By Class ===

               TP Rate   FP Rate   Precision   Recall  F-Measure   ROC Area  Class
                 1         0.912      0.949     1         0.974      0.648    0
                 0.088     0          1         0.088     0.162      0.648    1
Weighted Avg.    0.95      0.861      0.952     0.95      0.929      0.648


=== Confusion Matrix ===

    a    b   <-- classified as
 1160    0 |    a = 0
   62    6 |    b = 1



=== Stratified cross-validation ===

Correctly Classified Instances        1160               94.4625 %
Incorrectly Classified Instances        68                5.5375 %
Kappa statistic                          0.0255
Mean absolute error                      0.1035
Root mean squared error                  0.2279
Relative absolute error                 98.2971 %
Root relative squared error             99.6266 %
Total Number of Instances             1228     


=== Detailed Accuracy By Class ===

               TP Rate   FP Rate   Precision   Recall  F-Measure   ROC Area  Class
                 0.999     0.985      0.945     0.999     0.972      0.541    0
                 0.015     0.001      0.5       0.015     0.029      0.541    1
Weighted Avg.    0.945     0.931      0.921     0.945     0.919      0.541


=== Confusion Matrix ===

    a    b   <-- classified as
 1159    1 |    a = 0
   67    1 |    b = 1

