
Time taken to build model: 1.14 seconds
Time taken to test model on training data: 0.04 seconds

=== Error on training data ===

Correctly Classified Instances        1207               98.2899 %
Incorrectly Classified Instances        21                1.7101 %
Kappa statistic                          0.7185
Mean absolute error                      0.0515
Root mean squared error                  0.1361
Relative absolute error                 80.8433 %
Root relative squared error             76.6594 %
Total Number of Instances             1228     


=== Detailed Accuracy By Class ===

               TP Rate   FP Rate   Precision   Recall  F-Measure   ROC Area  Class
                 0.992     0.3        0.99      0.992     0.991      0.951    0
                 0.7       0.008      0.757     0.7       0.727      0.951    1
Weighted Avg.    0.983     0.29       0.982     0.983     0.983      0.951


=== Confusion Matrix ===

    a    b   <-- classified as
 1179    9 |    a = 0
   12   28 |    b = 1



=== Stratified cross-validation ===

Correctly Classified Instances        1190               96.9055 %
Incorrectly Classified Instances        38                3.0945 %
Kappa statistic                          0.4091
Mean absolute error                      0.0619
Root mean squared error                  0.1667
Relative absolute error                 96.9411 %
Root relative squared error             93.9033 %
Total Number of Instances             1228     


=== Detailed Accuracy By Class ===

               TP Rate   FP Rate   Precision   Recall  F-Measure   ROC Area  Class
                 0.99      0.65       0.978     0.99      0.984      0.83     0
                 0.35      0.01       0.538     0.35      0.424      0.83     1
Weighted Avg.    0.969     0.629      0.964     0.969     0.966      0.83 


=== Confusion Matrix ===

    a    b   <-- classified as
 1176   12 |    a = 0
   26   14 |    b = 1

