
Time taken to build model: 1.15 seconds
Time taken to test model on training data: 0.05 seconds

=== Error on training data ===

Correctly Classified Instances        1194               97.2313 %
Incorrectly Classified Instances        34                2.7687 %
Kappa statistic                          0.7317
Mean absolute error                      0.0762
Root mean squared error                  0.1641
Relative absolute error                 76.6389 %
Root relative squared error             73.8102 %
Total Number of Instances             1228     


=== Detailed Accuracy By Class ===

               TP Rate   FP Rate   Precision   Recall  F-Measure   ROC Area  Class
                 0.983     0.219      0.988     0.983     0.985      0.954    0
                 0.781     0.017      0.714     0.781     0.746      0.954    1
Weighted Avg.    0.972     0.208      0.974     0.972     0.973      0.954


=== Confusion Matrix ===

    a    b   <-- classified as
 1144   20 |    a = 0
   14   50 |    b = 1



=== Stratified cross-validation ===

Correctly Classified Instances        1188               96.7427 %
Incorrectly Classified Instances        40                3.2573 %
Kappa statistic                          0.6798
Mean absolute error                      0.0896
Root mean squared error                  0.186 
Relative absolute error                 90.0484 %
Root relative squared error             83.6585 %
Total Number of Instances             1228     


=== Detailed Accuracy By Class ===

               TP Rate   FP Rate   Precision   Recall  F-Measure   ROC Area  Class
                 0.981     0.281      0.984     0.981     0.983      0.91     0
                 0.719     0.019      0.676     0.719     0.697      0.91     1
Weighted Avg.    0.967     0.268      0.968     0.967     0.968      0.91 


=== Confusion Matrix ===

    a    b   <-- classified as
 1142   22 |    a = 0
   18   46 |    b = 1

