
Time taken to build model: 0.67 seconds
Time taken to test model on training data: 0.04 seconds

=== Error on training data ===

Correctly Classified Instances        1145               93.241  %
Incorrectly Classified Instances        83                6.759  %
Kappa statistic                          0.5713
Mean absolute error                      0.186 
Root mean squared error                  0.2697
Relative absolute error                100.0056 %
Root relative squared error             88.5648 %
Total Number of Instances             1228     


=== Detailed Accuracy By Class ===

               TP Rate   FP Rate   Precision   Recall  F-Measure   ROC Area  Class
                 0.982     0.496      0.945     0.982     0.963      0.889    0
                 0.504     0.018      0.762     0.504     0.607      0.889    1
Weighted Avg.    0.932     0.447      0.926     0.932     0.926      0.889


=== Confusion Matrix ===

    a    b   <-- classified as
 1081   20 |    a = 0
   63   64 |    b = 1



=== Stratified cross-validation ===

Correctly Classified Instances        1120               91.2052 %
Incorrectly Classified Instances       108                8.7948 %
Kappa statistic                          0.4663
Mean absolute error                      0.1692
Root mean squared error                  0.2754
Relative absolute error                 90.9432 %
Root relative squared error             90.424  %
Total Number of Instances             1228     


=== Detailed Accuracy By Class ===

               TP Rate   FP Rate   Precision   Recall  F-Measure   ROC Area  Class
                 0.965     0.551      0.938     0.965     0.952      0.838    0
                 0.449     0.035      0.6       0.449     0.514      0.838    1
Weighted Avg.    0.912     0.498      0.903     0.912     0.906      0.838


=== Confusion Matrix ===

    a    b   <-- classified as
 1063   38 |    a = 0
   70   57 |    b = 1

