
Time taken to build model: 1.15 seconds
Time taken to test model on training data: 0.04 seconds

=== Error on training data ===

Correctly Classified Instances        1213               98.7785 %
Incorrectly Classified Instances        15                1.2215 %
Kappa statistic                          0.8453
Mean absolute error                      0.0425
Root mean squared error                  0.1126
Relative absolute error                 46.8896 %
Root relative squared error             53.0701 %
Total Number of Instances             1228     


=== Detailed Accuracy By Class ===

               TP Rate   FP Rate   Precision   Recall  F-Measure   ROC Area  Class
                 1         0.259      0.987     1         0.994      0.959    0
                 0.741     0          1         0.741     0.851      0.959    1
Weighted Avg.    0.988     0.246      0.988     0.988     0.987      0.959


=== Confusion Matrix ===

    a    b   <-- classified as
 1170    0 |    a = 0
   15   43 |    b = 1



=== Stratified cross-validation ===

Correctly Classified Instances        1204               98.0456 %
Incorrectly Classified Instances        24                1.9544 %
Kappa statistic                          0.7501
Mean absolute error                      0.0343
Root mean squared error                  0.1306
Relative absolute error                 37.8507 %
Root relative squared error             61.5453 %
Total Number of Instances             1228     


=== Detailed Accuracy By Class ===

               TP Rate   FP Rate   Precision   Recall  F-Measure   ROC Area  Class
                 0.997     0.345      0.983     0.997     0.99       0.891    0
                 0.655     0.003      0.905     0.655     0.76       0.891    1
Weighted Avg.    0.98      0.329      0.979     0.98      0.979      0.891


=== Confusion Matrix ===

    a    b   <-- classified as
 1166    4 |    a = 0
   20   38 |    b = 1

