
Time taken to build model: 1.09 seconds
Time taken to test model on training data: 0.05 seconds

=== Error on training data ===

Correctly Classified Instances        1142               92.9967 %
Incorrectly Classified Instances        86                7.0033 %
Kappa statistic                          0.4559
Mean absolute error                      0.1437
Root mean squared error                  0.2507
Relative absolute error                 84.3857 %
Root relative squared error             86.0383 %
Total Number of Instances             1228     


=== Detailed Accuracy By Class ===

               TP Rate   FP Rate   Precision   Recall  F-Measure   ROC Area  Class
                 0.989     0.643      0.937     0.989     0.962      0.843    0
                 0.357     0.011      0.774     0.357     0.488      0.843    1
Weighted Avg.    0.93      0.584      0.922     0.93      0.918      0.843


=== Confusion Matrix ===

    a    b   <-- classified as
 1101   12 |    a = 0
   74   41 |    b = 1



=== Stratified cross-validation ===

Correctly Classified Instances        1114               90.7166 %
Incorrectly Classified Instances       114                9.2834 %
Kappa statistic                          0.3004
Mean absolute error                      0.1516
Root mean squared error                  0.2752
Relative absolute error                 89.0116 %
Root relative squared error             94.4586 %
Total Number of Instances             1228     


=== Detailed Accuracy By Class ===

               TP Rate   FP Rate   Precision   Recall  F-Measure   ROC Area  Class
                 0.974     0.739      0.927     0.974     0.95       0.783    0
                 0.261     0.026      0.508     0.261     0.345      0.783    1
Weighted Avg.    0.907     0.672      0.888     0.907     0.893      0.783


=== Confusion Matrix ===

    a    b   <-- classified as
 1084   29 |    a = 0
   85   30 |    b = 1

