
Time taken to build model: 1.01 seconds
Time taken to test model on training data: 0.05 seconds

=== Error on training data ===

Correctly Classified Instances        1167               95.0326 %
Incorrectly Classified Instances        61                4.9674 %
Kappa statistic                          0.3592
Mean absolute error                      0.1212
Root mean squared error                  0.2048
Relative absolute error                129.4892 %
Root relative squared error             95.0207 %
Total Number of Instances             1228     


=== Detailed Accuracy By Class ===

               TP Rate   FP Rate   Precision   Recall  F-Measure   ROC Area  Class
                 0.983     0.683      0.966     0.983     0.974      0.939    0
                 0.317     0.017      0.487     0.317     0.384      0.939    1
Weighted Avg.    0.95      0.651      0.942     0.95      0.945      0.939


=== Confusion Matrix ===

    a    b   <-- classified as
 1148   20 |    a = 0
   41   19 |    b = 1



=== Stratified cross-validation ===

Correctly Classified Instances        1168               95.114  %
Incorrectly Classified Instances        60                4.886  %
Kappa statistic                          0.3109
Mean absolute error                      0.0801
Root mean squared error                  0.1876
Relative absolute error                 85.5034 %
Root relative squared error             87.0253 %
Total Number of Instances             1228     


=== Detailed Accuracy By Class ===

               TP Rate   FP Rate   Precision   Recall  F-Measure   ROC Area  Class
                 0.987     0.75       0.962     0.987     0.975      0.945    0
                 0.25      0.013      0.5       0.25      0.333      0.945    1
Weighted Avg.    0.951     0.714      0.94      0.951     0.943      0.945


=== Confusion Matrix ===

    a    b   <-- classified as
 1153   15 |    a = 0
   45   15 |    b = 1

