
Time taken to build model: 1.12 seconds
Time taken to test model on training data: 0.05 seconds

=== Error on training data ===

Correctly Classified Instances        1224               99.6743 %
Incorrectly Classified Instances         4                0.3257 %
Kappa statistic                          0.9613
Mean absolute error                      0.0222
Root mean squared error                  0.0742
Relative absolute error                 26.1663 %
Root relative squared error             36.1976 %
Total Number of Instances             1228     


=== Detailed Accuracy By Class ===

               TP Rate   FP Rate   Precision   Recall  F-Measure   ROC Area  Class
                 0.998     0.037      0.998     0.998     0.998      0.997    0
                 0.963     0.002      0.963     0.963     0.963      0.997    1
Weighted Avg.    0.997     0.035      0.997     0.997     0.997      0.997


=== Confusion Matrix ===

    a    b   <-- classified as
 1172    2 |    a = 0
    2   52 |    b = 1



=== Stratified cross-validation ===

Correctly Classified Instances        1222               99.5114 %
Incorrectly Classified Instances         6                0.4886 %
Kappa statistic                          0.9419
Mean absolute error                      0.0208
Root mean squared error                  0.0769
Relative absolute error                 24.4633 %
Root relative squared error             37.5236 %
Total Number of Instances             1228     


=== Detailed Accuracy By Class ===

               TP Rate   FP Rate   Precision   Recall  F-Measure   ROC Area  Class
                 0.997     0.056      0.997     0.997     0.997      0.99     0
                 0.944     0.003      0.944     0.944     0.944      0.99     1
Weighted Avg.    0.995     0.053      0.995     0.995     0.995      0.99 


=== Confusion Matrix ===

    a    b   <-- classified as
 1171    3 |    a = 0
    3   51 |    b = 1

