
Time taken to build model: 0.94 seconds
Time taken to test model on training data: 0.05 seconds

=== Error on training data ===

Correctly Classified Instances        1169               95.1954 %
Incorrectly Classified Instances        59                4.8046 %
Kappa statistic                          0.702 
Mean absolute error                      0.1431
Root mean squared error                  0.2304
Relative absolute error                 96.1944 %
Root relative squared error             84.6243 %
Total Number of Instances             1228     


=== Detailed Accuracy By Class ===

               TP Rate   FP Rate   Precision   Recall  F-Measure   ROC Area  Class
                 0.965     0.202      0.982     0.965     0.974      0.954    0
                 0.798     0.035      0.669     0.798     0.728      0.954    1
Weighted Avg.    0.952     0.189      0.957     0.952     0.954      0.954


=== Confusion Matrix ===

    a    b   <-- classified as
 1090   39 |    a = 0
   20   79 |    b = 1



=== Stratified cross-validation ===

Correctly Classified Instances        1138               92.671  %
Incorrectly Classified Instances        90                7.329  %
Kappa statistic                          0.4963
Mean absolute error                      0.1579
Root mean squared error                  0.2473
Relative absolute error                106.0714 %
Root relative squared error             90.8508 %
Total Number of Instances             1228     


=== Detailed Accuracy By Class ===

               TP Rate   FP Rate   Precision   Recall  F-Measure   ROC Area  Class
                 0.962     0.475      0.959     0.962     0.96       0.879    0
                 0.525     0.038      0.547     0.525     0.536      0.879    1
Weighted Avg.    0.927     0.44       0.925     0.927     0.926      0.879


=== Confusion Matrix ===

    a    b   <-- classified as
 1086   43 |    a = 0
   47   52 |    b = 1

