
Time taken to build model: 1.18 seconds
Time taken to test model on training data: 0.04 seconds

=== Error on training data ===

Correctly Classified Instances        1166               94.9511 %
Incorrectly Classified Instances        62                5.0489 %
Kappa statistic                          0.1546
Mean absolute error                      0.0956
Root mean squared error                  0.2178
Relative absolute error                 90.837  %
Root relative squared error             95.23   %
Total Number of Instances             1228     


=== Detailed Accuracy By Class ===

               TP Rate   FP Rate   Precision   Recall  F-Measure   ROC Area  Class
                 1         0.912      0.949     1         0.974      0.648    0
                 0.088     0          1         0.088     0.162      0.648    1
Weighted Avg.    0.95      0.861      0.952     0.95      0.929      0.648


=== Confusion Matrix ===

    a    b   <-- classified as
 1160    0 |    a = 0
   62    6 |    b = 1



=== Stratified cross-validation ===

Correctly Classified Instances        1157               94.2182 %
Incorrectly Classified Instances        71                5.7818 %
Kappa statistic                          0.02  
Mean absolute error                      0.1029
Root mean squared error                  0.2269
Relative absolute error                 97.7082 %
Root relative squared error             99.2094 %
Total Number of Instances             1228     


=== Detailed Accuracy By Class ===

               TP Rate   FP Rate   Precision   Recall  F-Measure   ROC Area  Class
                 0.997     0.985      0.945     0.997     0.97       0.664    0
                 0.015     0.003      0.2       0.015     0.027      0.664    1
Weighted Avg.    0.942     0.931      0.904     0.942     0.918      0.664


=== Confusion Matrix ===

    a    b   <-- classified as
 1156    4 |    a = 0
   67    1 |    b = 1

