
Time taken to build model: 1 seconds
Time taken to test model on training data: 0.04 seconds

=== Error on training data ===

Correctly Classified Instances        1128               91.8567 %
Incorrectly Classified Instances       100                8.1433 %
Kappa statistic                          0.7609
Mean absolute error                      0.1478
Root mean squared error                  0.245 
Relative absolute error                 45.0052 %
Root relative squared error             60.4968 %
Total Number of Instances             1228     


=== Detailed Accuracy By Class ===

               TP Rate   FP Rate   Precision   Recall  F-Measure   ROC Area  Class
                 0.935     0.146      0.961     0.935     0.948      0.967    0
                 0.854     0.065      0.775     0.854     0.813      0.967    1
Weighted Avg.    0.919     0.129      0.923     0.919     0.92       0.967


=== Confusion Matrix ===

   a   b   <-- classified as
 911  63 |   a = 0
  37 217 |   b = 1



=== Stratified cross-validation ===

Correctly Classified Instances        1106               90.0651 %
Incorrectly Classified Instances       122                9.9349 %
Kappa statistic                          0.6834
Mean absolute error                      0.1829
Root mean squared error                  0.2923
Relative absolute error                 55.6802 %
Root relative squared error             72.1729 %
Total Number of Instances             1228     


=== Detailed Accuracy By Class ===

               TP Rate   FP Rate   Precision   Recall  F-Measure   ROC Area  Class
                 0.953     0.299      0.924     0.953     0.938      0.916    0
                 0.701     0.047      0.795     0.701     0.745      0.916    1
Weighted Avg.    0.901     0.247      0.897     0.901     0.898      0.916


=== Confusion Matrix ===

   a   b   <-- classified as
 928  46 |   a = 0
  76 178 |   b = 1

