
Time taken to build model: 0.09 seconds
Time taken to test model on training data: 0.03 seconds

=== Error on training data ===

Correctly Classified Instances        1209               98.4528 %
Incorrectly Classified Instances        19                1.5472 %
Kappa statistic                          0.8423
Mean absolute error                      0.0246
Root mean squared error                  0.1106
Relative absolute error                 23.388  %
Root relative squared error             48.3397 %
Total Number of Instances             1228     


=== Detailed Accuracy By Class ===

               TP Rate   FP Rate   Precision   Recall  F-Measure   ROC Area  Class
                 0.996     0.206      0.988     0.996     0.992      0.992    0
                 0.794     0.004      0.915     0.794     0.85       0.992    1
Weighted Avg.    0.985     0.195      0.984     0.985     0.984      0.992


=== Confusion Matrix ===

    a    b   <-- classified as
 1155    5 |    a = 0
   14   54 |    b = 1



=== Stratified cross-validation ===

Correctly Classified Instances        1155               94.0554 %
Incorrectly Classified Instances        73                5.9446 %
Kappa statistic                          0.3242
Mean absolute error                      0.0662
Root mean squared error                  0.2214
Relative absolute error                 62.8639 %
Root relative squared error             96.7849 %
Total Number of Instances             1228     


=== Detailed Accuracy By Class ===

               TP Rate   FP Rate   Precision   Recall  F-Measure   ROC Area  Class
                 0.978     0.706      0.959     0.978     0.969      0.892    0
                 0.294     0.022      0.444     0.294     0.354      0.892    1
Weighted Avg.    0.941     0.668      0.931     0.941     0.935      0.892


=== Confusion Matrix ===

    a    b   <-- classified as
 1135   25 |    a = 0
   48   20 |    b = 1

