
Time taken to build model: 0.12 seconds
Time taken to test model on training data: 0.03 seconds

=== Error on training data ===

Correctly Classified Instances        1208               98.3713 %
Incorrectly Classified Instances        20                1.6287 %
Kappa statistic                          0.7744
Mean absolute error                      0.0312
Root mean squared error                  0.1248
Relative absolute error                 36.7815 %
Root relative squared error             60.8908 %
Total Number of Instances             1228     


=== Detailed Accuracy By Class ===

               TP Rate   FP Rate   Precision   Recall  F-Measure   ROC Area  Class
                 0.998     0.333      0.985     0.998     0.992      0.923    0
                 0.667     0.002      0.947     0.667     0.783      0.923    1
Weighted Avg.    0.984     0.319      0.983     0.984     0.982      0.923


=== Confusion Matrix ===

    a    b   <-- classified as
 1172    2 |    a = 0
   18   36 |    b = 1



=== Stratified cross-validation ===

Correctly Classified Instances        1196               97.3941 %
Incorrectly Classified Instances        32                2.6059 %
Kappa statistic                          0.6236
Mean absolute error                      0.0413
Root mean squared error                  0.1574
Relative absolute error                 48.7203 %
Root relative squared error             76.7523 %
Total Number of Instances             1228     


=== Detailed Accuracy By Class ===

               TP Rate   FP Rate   Precision   Recall  F-Measure   ROC Area  Class
                 0.995     0.481      0.978     0.995     0.986      0.818    0
                 0.519     0.005      0.824     0.519     0.636      0.818    1
Weighted Avg.    0.974     0.461      0.971     0.974     0.971      0.818


=== Confusion Matrix ===

    a    b   <-- classified as
 1168    6 |    a = 0
   26   28 |    b = 1

