
Time taken to build model: 0.07 seconds
Time taken to test model on training data: 0.03 seconds

=== Error on training data ===

Correctly Classified Instances        1222               99.5114 %
Incorrectly Classified Instances         6                0.4886 %
Kappa statistic                          0.9439
Mean absolute error                      0.0079
Root mean squared error                  0.0627
Relative absolute error                  8.6821 %
Root relative squared error             29.5742 %
Total Number of Instances             1228     


=== Detailed Accuracy By Class ===

               TP Rate   FP Rate   Precision   Recall  F-Measure   ROC Area  Class
                 0.999     0.086      0.996     0.999     0.997      0.999    0
                 0.914     0.001      0.981     0.914     0.946      0.999    1
Weighted Avg.    0.995     0.082      0.995     0.995     0.995      0.999


=== Confusion Matrix ===

    a    b   <-- classified as
 1169    1 |    a = 0
    5   53 |    b = 1



=== Stratified cross-validation ===

Correctly Classified Instances        1201               97.8013 %
Incorrectly Classified Instances        27                2.1987 %
Kappa statistic                          0.7363
Mean absolute error                      0.0259
Root mean squared error                  0.1413
Relative absolute error                 28.4908 %
Root relative squared error             66.5921 %
Total Number of Instances             1228     


=== Detailed Accuracy By Class ===

               TP Rate   FP Rate   Precision   Recall  F-Measure   ROC Area  Class
                 0.992     0.31       0.985     0.992     0.989      0.931    0
                 0.69      0.008      0.816     0.69      0.748      0.931    1
Weighted Avg.    0.978     0.296      0.977     0.978     0.977      0.931


=== Confusion Matrix ===

    a    b   <-- classified as
 1161    9 |    a = 0
   18   40 |    b = 1

