
Time taken to build model: 0.1 seconds
Time taken to test model on training data: 0.03 seconds

=== Error on training data ===

Correctly Classified Instances        1216               99.0228 %
Incorrectly Classified Instances        12                0.9772 %
Kappa statistic                          0.9309
Mean absolute error                      0.018 
Root mean squared error                  0.0949
Relative absolute error                 12.1054 %
Root relative squared error             34.8598 %
Total Number of Instances             1228     


=== Detailed Accuracy By Class ===

               TP Rate   FP Rate   Precision   Recall  F-Measure   ROC Area  Class
                 0.999     0.111      0.99      0.999     0.995      0.981    0
                 0.889     0.001      0.989     0.889     0.936      0.981    1
Weighted Avg.    0.99      0.102      0.99      0.99      0.99       0.981


=== Confusion Matrix ===

    a    b   <-- classified as
 1128    1 |    a = 0
   11   88 |    b = 1



=== Stratified cross-validation ===

Correctly Classified Instances        1178               95.9283 %
Incorrectly Classified Instances        50                4.0717 %
Kappa statistic                          0.7202
Mean absolute error                      0.0496
Root mean squared error                  0.1959
Relative absolute error                 33.298  %
Root relative squared error             71.9467 %
Total Number of Instances             1228     


=== Detailed Accuracy By Class ===

               TP Rate   FP Rate   Precision   Recall  F-Measure   ROC Area  Class
                 0.98      0.273      0.976     0.98      0.978      0.871    0
                 0.727     0.02       0.758     0.727     0.742      0.871    1
Weighted Avg.    0.959     0.252      0.959     0.959     0.959      0.871


=== Confusion Matrix ===

    a    b   <-- classified as
 1106   23 |    a = 0
   27   72 |    b = 1

