
Time taken to build model: 0.11 seconds
Time taken to test model on training data: 0.03 seconds

=== Error on training data ===

Correctly Classified Instances        1200               97.7199 %
Incorrectly Classified Instances        28                2.2801 %
Kappa statistic                          0.6308
Mean absolute error                      0.0441
Root mean squared error                  0.1481
Relative absolute error                 53.0012 %
Root relative squared error             72.8748 %
Total Number of Instances             1228     


=== Detailed Accuracy By Class ===

               TP Rate   FP Rate   Precision   Recall  F-Measure   ROC Area  Class
                 1         0.528      0.977     1         0.988      0.872    0
                 0.472     0          1         0.472     0.641      0.872    1
Weighted Avg.    0.977     0.506      0.978     0.977     0.973      0.872


=== Confusion Matrix ===

    a    b   <-- classified as
 1175    0 |    a = 0
   28   25 |    b = 1



=== Stratified cross-validation ===

Correctly Classified Instances        1190               96.9055 %
Incorrectly Classified Instances        38                3.0945 %
Kappa statistic                          0.5107
Mean absolute error                      0.0483
Root mean squared error                  0.1673
Relative absolute error                 57.938  %
Root relative squared error             82.3412 %
Total Number of Instances             1228     


=== Detailed Accuracy By Class ===

               TP Rate   FP Rate   Precision   Recall  F-Measure   ROC Area  Class
                 0.995     0.604      0.973     0.995     0.984      0.85     0
                 0.396     0.005      0.778     0.396     0.525      0.85     1
Weighted Avg.    0.969     0.578      0.965     0.969     0.964      0.85 


=== Confusion Matrix ===

    a    b   <-- classified as
 1169    6 |    a = 0
   32   21 |    b = 1

