
Time taken to build model: 0.11 seconds
Time taken to test model on training data: 0.03 seconds

=== Error on training data ===

Correctly Classified Instances        1214               98.8599 %
Incorrectly Classified Instances        14                1.1401 %
Kappa statistic                          0.7823
Mean absolute error                      0.0223
Root mean squared error                  0.1056
Relative absolute error                 35.0099 %
Root relative squared error             59.4936 %
Total Number of Instances             1228     


=== Detailed Accuracy By Class ===

               TP Rate   FP Rate   Precision   Recall  F-Measure   ROC Area  Class
                 1         0.35       0.988     1         0.994      0.913    0
                 0.65      0          1         0.65      0.788      0.913    1
Weighted Avg.    0.989     0.339      0.989     0.989     0.987      0.913


=== Confusion Matrix ===

    a    b   <-- classified as
 1188    0 |    a = 0
   14   26 |    b = 1



=== Stratified cross-validation ===

Correctly Classified Instances        1201               97.8013 %
Incorrectly Classified Instances        27                2.1987 %
Kappa statistic                          0.561 
Mean absolute error                      0.0333
Root mean squared error                  0.1446
Relative absolute error                 52.2474 %
Root relative squared error             81.4478 %
Total Number of Instances             1228     


=== Detailed Accuracy By Class ===

               TP Rate   FP Rate   Precision   Recall  F-Measure   ROC Area  Class
                 0.996     0.55       0.982     0.996     0.989      0.884    0
                 0.45      0.004      0.783     0.45      0.571      0.884    1
Weighted Avg.    0.978     0.532      0.975     0.978     0.975      0.884


=== Confusion Matrix ===

    a    b   <-- classified as
 1183    5 |    a = 0
   22   18 |    b = 1

