
Time taken to build model: 0.3 seconds
Time taken to test model on training data: 0.03 seconds

=== Error on training data ===

Correctly Classified Instances        1198               97.557  %
Incorrectly Classified Instances        30                2.443  %
Kappa statistic                          0.729 
Mean absolute error                      0.0469
Root mean squared error                  0.1531
Relative absolute error                 44.5546 %
Root relative squared error             66.9537 %
Total Number of Instances             1228     


=== Detailed Accuracy By Class ===

               TP Rate   FP Rate   Precision   Recall  F-Measure   ROC Area  Class
                 0.996     0.368      0.979     0.996     0.987      0.814    0
                 0.632     0.004      0.896     0.632     0.741      0.814    1
Weighted Avg.    0.976     0.348      0.974     0.976     0.974      0.814


=== Confusion Matrix ===

    a    b   <-- classified as
 1155    5 |    a = 0
   25   43 |    b = 1



=== Stratified cross-validation ===

Correctly Classified Instances        1173               95.5212 %
Incorrectly Classified Instances        55                4.4788 %
Kappa statistic                          0.4549
Mean absolute error                      0.0669
Root mean squared error                  0.2025
Relative absolute error                 63.5213 %
Root relative squared error             88.5249 %
Total Number of Instances             1228     


=== Detailed Accuracy By Class ===

               TP Rate   FP Rate   Precision   Recall  F-Measure   ROC Area  Class
                 0.99      0.632      0.964     0.99      0.977      0.719    0
                 0.368     0.01       0.676     0.368     0.476      0.719    1
Weighted Avg.    0.955     0.598      0.948     0.955     0.949      0.719


=== Confusion Matrix ===

    a    b   <-- classified as
 1148   12 |    a = 0
   43   25 |    b = 1

