
Time taken to build model: 0.29 seconds
Time taken to test model on training data: 0.03 seconds

=== Error on training data ===

Correctly Classified Instances        1169               95.1954 %
Incorrectly Classified Instances        59                4.8046 %
Kappa statistic                          0.6693
Mean absolute error                      0.0892
Root mean squared error                  0.2111
Relative absolute error                 52.3509 %
Root relative squared error             72.4681 %
Total Number of Instances             1228     


=== Detailed Accuracy By Class ===

               TP Rate   FP Rate   Precision   Recall  F-Measure   ROC Area  Class
                 0.99      0.417      0.958     0.99      0.974      0.788    0
                 0.583     0.01       0.859     0.583     0.694      0.788    1
Weighted Avg.    0.952     0.379      0.949     0.952     0.948      0.788


=== Confusion Matrix ===

    a    b   <-- classified as
 1102   11 |    a = 0
   48   67 |    b = 1



=== Stratified cross-validation ===

Correctly Classified Instances        1127               91.7752 %
Incorrectly Classified Instances       101                8.2248 %
Kappa statistic                          0.3953
Mean absolute error                      0.122 
Root mean squared error                  0.2702
Relative absolute error                 71.5988 %
Root relative squared error             92.7532 %
Total Number of Instances             1228     


=== Detailed Accuracy By Class ===

               TP Rate   FP Rate   Precision   Recall  F-Measure   ROC Area  Class
                 0.978     0.661      0.935     0.978     0.956      0.668    0
                 0.339     0.022      0.609     0.339     0.436      0.668    1
Weighted Avg.    0.918     0.601      0.904     0.918     0.907      0.668


=== Confusion Matrix ===

    a    b   <-- classified as
 1088   25 |    a = 0
   76   39 |    b = 1

