
Time taken to build model: 0.25 seconds
Time taken to test model on training data: 0.03 seconds

=== Error on training data ===

Correctly Classified Instances        1214               98.8599 %
Incorrectly Classified Instances        14                1.1401 %
Kappa statistic                          0.8829
Mean absolute error                      0.021 
Root mean squared error                  0.1026
Relative absolute error                 21.1651 %
Root relative squared error             46.1569 %
Total Number of Instances             1228     


=== Detailed Accuracy By Class ===

               TP Rate   FP Rate   Precision   Recall  F-Measure   ROC Area  Class
                 0.995     0.125      0.993     0.995     0.994      0.936    0
                 0.875     0.005      0.903     0.875     0.889      0.936    1
Weighted Avg.    0.989     0.119      0.988     0.989     0.989      0.936


=== Confusion Matrix ===

    a    b   <-- classified as
 1158    6 |    a = 0
    8   56 |    b = 1



=== Stratified cross-validation ===

Correctly Classified Instances        1194               97.2313 %
Incorrectly Classified Instances        34                2.7687 %
Kappa statistic                          0.7156
Mean absolute error                      0.0382
Root mean squared error                  0.156 
Relative absolute error                 38.3754 %
Root relative squared error             70.1851 %
Total Number of Instances             1228     


=== Detailed Accuracy By Class ===

               TP Rate   FP Rate   Precision   Recall  F-Measure   ROC Area  Class
                 0.986     0.281      0.985     0.986     0.985      0.856    0
                 0.719     0.014      0.742     0.719     0.73       0.856    1
Weighted Avg.    0.972     0.267      0.972     0.972     0.972      0.856


=== Confusion Matrix ===

    a    b   <-- classified as
 1148   16 |    a = 0
   18   46 |    b = 1

