
Time taken to build model: 0.29 seconds
Time taken to test model on training data: 0.03 seconds

=== Error on training data ===

Correctly Classified Instances        1142               92.9967 %
Incorrectly Classified Instances        86                7.0033 %
Kappa statistic                          0.6087
Mean absolute error                      0.1144
Root mean squared error                  0.2392
Relative absolute error                 61.5439 %
Root relative squared error             78.5579 %
Total Number of Instances             1228     


=== Detailed Accuracy By Class ===

               TP Rate   FP Rate   Precision   Recall  F-Measure   ROC Area  Class
                 0.965     0.378      0.957     0.965     0.961      0.797    0
                 0.622     0.035      0.675     0.622     0.648      0.797    1
Weighted Avg.    0.93      0.342      0.928     0.93      0.929      0.797


=== Confusion Matrix ===

    a    b   <-- classified as
 1063   38 |    a = 0
   48   79 |    b = 1



=== Stratified cross-validation ===

Correctly Classified Instances        1128               91.8567 %
Incorrectly Classified Instances       100                8.1433 %
Kappa statistic                          0.4898
Mean absolute error                      0.1214
Root mean squared error                  0.2671
Relative absolute error                 65.2556 %
Root relative squared error             87.7234 %
Total Number of Instances             1228     


=== Detailed Accuracy By Class ===

               TP Rate   FP Rate   Precision   Recall  F-Measure   ROC Area  Class
                 0.973     0.551      0.939     0.973     0.955      0.728    0
                 0.449     0.027      0.655     0.449     0.533      0.728    1
Weighted Avg.    0.919     0.497      0.909     0.919     0.912      0.728


=== Confusion Matrix ===

    a    b   <-- classified as
 1071   30 |    a = 0
   70   57 |    b = 1

