
Time taken to build model: 0.39 seconds
Time taken to test model on training data: 0.03 seconds

=== Error on training data ===

Correctly Classified Instances        1158               94.2997 %
Incorrectly Classified Instances        70                5.7003 %
Kappa statistic                          0.8263
Mean absolute error                      0.1009
Root mean squared error                  0.2247
Relative absolute error                 30.7397 %
Root relative squared error             55.4669 %
Total Number of Instances             1228     


=== Detailed Accuracy By Class ===

               TP Rate   FP Rate   Precision   Recall  F-Measure   ROC Area  Class
                 0.964     0.138      0.964     0.964     0.964      0.919    0
                 0.862     0.036      0.862     0.862     0.862      0.919    1
Weighted Avg.    0.943     0.117      0.943     0.943     0.943      0.919


=== Confusion Matrix ===

   a   b   <-- classified as
 939  35 |   a = 0
  35 219 |   b = 1



=== Stratified cross-validation ===

Correctly Classified Instances        1100               89.5765 %
Incorrectly Classified Instances       128               10.4235 %
Kappa statistic                          0.6786
Mean absolute error                      0.1468
Root mean squared error                  0.3   
Relative absolute error                 44.7079 %
Root relative squared error             74.0578 %
Total Number of Instances             1228     


=== Detailed Accuracy By Class ===

               TP Rate   FP Rate   Precision   Recall  F-Measure   ROC Area  Class
                 0.938     0.268      0.931     0.938     0.935      0.844    0
                 0.732     0.062      0.756     0.732     0.744      0.844    1
Weighted Avg.    0.896     0.225      0.895     0.896     0.895      0.844


=== Confusion Matrix ===

   a   b   <-- classified as
 914  60 |   a = 0
  68 186 |   b = 1

