
Time taken to build model: 0.04 seconds
Time taken to test model on training data: 0.03 seconds

=== Error on training data ===

Correctly Classified Instances        1194               97.2313 %
Incorrectly Classified Instances        34                2.7687 %
Kappa statistic                          0.3596
Mean absolute error                      0.0277
Root mean squared error                  0.1664
Relative absolute error                 43.4412 %
Root relative squared error             93.7338 %
Total Number of Instances             1228     


=== Detailed Accuracy By Class ===

               TP Rate   FP Rate   Precision   Recall  F-Measure   ROC Area  Class
                 0.997     0.75       0.975     0.997     0.986      0.623    0
                 0.25      0.003      0.714     0.25      0.37       0.623    1
Weighted Avg.    0.972     0.726      0.967     0.972     0.966      0.623


=== Confusion Matrix ===

    a    b   <-- classified as
 1184    4 |    a = 0
   30   10 |    b = 1



=== Stratified cross-validation ===

Correctly Classified Instances        1194               97.2313 %
Incorrectly Classified Instances        34                2.7687 %
Kappa statistic                          0.3596
Mean absolute error                      0.0277
Root mean squared error                  0.1664
Relative absolute error                 43.3876 %
Root relative squared error             93.7336 %
Total Number of Instances             1228     


=== Detailed Accuracy By Class ===

               TP Rate   FP Rate   Precision   Recall  F-Measure   ROC Area  Class
                 0.997     0.75       0.975     0.997     0.986      0.623    0
                 0.25      0.003      0.714     0.25      0.37       0.623    1
Weighted Avg.    0.972     0.726      0.967     0.972     0.966      0.623


=== Confusion Matrix ===

    a    b   <-- classified as
 1184    4 |    a = 0
   30   10 |    b = 1

