
Time taken to build model: 0.13 seconds
Time taken to test model on training data: 0.04 seconds

=== Error on training data ===

Correctly Classified Instances        1215               98.9414 %
Incorrectly Classified Instances        13                1.0586 %
Kappa statistic                          0.8904
Mean absolute error                      0.0206
Root mean squared error                  0.1007
Relative absolute error                 20.7619 %
Root relative squared error             45.3053 %
Total Number of Instances             1228     


=== Detailed Accuracy By Class ===

               TP Rate   FP Rate   Precision   Recall  F-Measure   ROC Area  Class
                 0.996     0.125      0.993     0.996     0.994      0.96     0
                 0.875     0.004      0.918     0.875     0.896      0.96     1
Weighted Avg.    0.989     0.119      0.989     0.989     0.989      0.96 


=== Confusion Matrix ===

    a    b   <-- classified as
 1159    5 |    a = 0
    8   56 |    b = 1



=== Stratified cross-validation ===

Correctly Classified Instances        1201               97.8013 %
Incorrectly Classified Instances        27                2.1987 %
Kappa statistic                          0.7854
Mean absolute error                      0.0306
Root mean squared error                  0.1421
Relative absolute error                 30.714  %
Root relative squared error             63.9384 %
Total Number of Instances             1228     


=== Detailed Accuracy By Class ===

               TP Rate   FP Rate   Precision   Recall  F-Measure   ROC Area  Class
                 0.986     0.172      0.991     0.986     0.988      0.887    0
                 0.828     0.014      0.768     0.828     0.797      0.887    1
Weighted Avg.    0.978     0.164      0.979     0.978     0.978      0.887


=== Confusion Matrix ===

    a    b   <-- classified as
 1148   16 |    a = 0
   11   53 |    b = 1

