
Time taken to build model: 0.24 seconds
Time taken to test model on training data: 0.04 seconds

=== Error on training data ===

Correctly Classified Instances        1196               97.3941 %
Incorrectly Classified Instances        32                2.6059 %
Kappa statistic                          0.8428
Mean absolute error                      0.0428
Root mean squared error                  0.1457
Relative absolute error                 25.1082 %
Root relative squared error             50.0051 %
Total Number of Instances             1228     


=== Detailed Accuracy By Class ===

               TP Rate   FP Rate   Precision   Recall  F-Measure   ROC Area  Class
                 0.988     0.165      0.983     0.988     0.986      0.964    0
                 0.835     0.012      0.881     0.835     0.857      0.964    1
Weighted Avg.    0.974     0.151      0.973     0.974     0.974      0.964


=== Confusion Matrix ===

    a    b   <-- classified as
 1100   13 |    a = 0
   19   96 |    b = 1



=== Stratified cross-validation ===

Correctly Classified Instances        1143               93.0782 %
Incorrectly Classified Instances        85                6.9218 %
Kappa statistic                          0.5669
Mean absolute error                      0.0841
Root mean squared error                  0.25  
Relative absolute error                 49.3696 %
Root relative squared error             85.8171 %
Total Number of Instances             1228     


=== Detailed Accuracy By Class ===

               TP Rate   FP Rate   Precision   Recall  F-Measure   ROC Area  Class
                 0.969     0.435      0.956     0.969     0.962      0.809    0
                 0.565     0.031      0.65      0.565     0.605      0.809    1
Weighted Avg.    0.931     0.397      0.927     0.931     0.929      0.809


=== Confusion Matrix ===

    a    b   <-- classified as
 1078   35 |    a = 0
   50   65 |    b = 1

