
Time taken to build model: 0.14 seconds
Time taken to test model on training data: 0.03 seconds

=== Error on training data ===

Correctly Classified Instances        1208               98.3713 %
Incorrectly Classified Instances        20                1.6287 %
Kappa statistic                          0.7744
Mean absolute error                      0.0323
Root mean squared error                  0.1243
Relative absolute error                 38.8436 %
Root relative squared error             61.1669 %
Total Number of Instances             1228     


=== Detailed Accuracy By Class ===

               TP Rate   FP Rate   Precision   Recall  F-Measure   ROC Area  Class
                 0.997     0.321      0.986     0.997     0.992      0.921    0
                 0.679     0.003      0.923     0.679     0.783      0.921    1
Weighted Avg.    0.984     0.307      0.983     0.984     0.983      0.921


=== Confusion Matrix ===

    a    b   <-- classified as
 1172    3 |    a = 0
   17   36 |    b = 1



=== Stratified cross-validation ===

Correctly Classified Instances        1186               96.5798 %
Incorrectly Classified Instances        42                3.4202 %
Kappa statistic                          0.5357
Mean absolute error                      0.0456
Root mean squared error                  0.1785
Relative absolute error                 54.7541 %
Root relative squared error             87.8277 %
Total Number of Instances             1228     


=== Detailed Accuracy By Class ===

               TP Rate   FP Rate   Precision   Recall  F-Measure   ROC Area  Class
                 0.987     0.509      0.977     0.987     0.982      0.776    0
                 0.491     0.013      0.634     0.491     0.553      0.776    1
Weighted Avg.    0.966     0.488      0.962     0.966     0.964      0.776


=== Confusion Matrix ===

    a    b   <-- classified as
 1160   15 |    a = 0
   27   26 |    b = 1

