
Time taken to build model: 0.17 seconds
Time taken to test model on training data: 0.04 seconds

=== Error on training data ===

Correctly Classified Instances        1214               98.8599 %
Incorrectly Classified Instances        14                1.1401 %
Kappa statistic                          0.9216
Mean absolute error                      0.0216
Root mean squared error                  0.1033
Relative absolute error                 14.5119 %
Root relative squared error             37.9289 %
Total Number of Instances             1228     


=== Detailed Accuracy By Class ===

               TP Rate   FP Rate   Precision   Recall  F-Measure   ROC Area  Class
                 0.996     0.091      0.992     0.996     0.994      0.994    0
                 0.909     0.004      0.947     0.909     0.928      0.994    1
Weighted Avg.    0.989     0.084      0.988     0.989     0.988      0.994


=== Confusion Matrix ===

    a    b   <-- classified as
 1124    5 |    a = 0
    9   90 |    b = 1



=== Stratified cross-validation ===

Correctly Classified Instances        1181               96.1726 %
Incorrectly Classified Instances        47                3.8274 %
Kappa statistic                          0.7226
Mean absolute error                      0.0449
Root mean squared error                  0.1893
Relative absolute error                 30.1396 %
Root relative squared error             69.5468 %
Total Number of Instances             1228     


=== Detailed Accuracy By Class ===

               TP Rate   FP Rate   Precision   Recall  F-Measure   ROC Area  Class
                 0.986     0.313      0.973     0.986     0.979      0.915    0
                 0.687     0.014      0.81      0.687     0.743      0.915    1
Weighted Avg.    0.962     0.289      0.96      0.962     0.96       0.915


=== Confusion Matrix ===

    a    b   <-- classified as
 1113   16 |    a = 0
   31   68 |    b = 1

