
Time taken to build model: 0.1 seconds
Time taken to test model on training data: 0.03 seconds

=== Error on training data ===

Correctly Classified Instances        1227               99.9186 %
Incorrectly Classified Instances         1                0.0814 %
Kappa statistic                          0.9968
Mean absolute error                      0.0016
Root mean squared error                  0.0284
Relative absolute error                  0.6378 %
Root relative squared error              7.9924 %
Total Number of Instances             1228     


=== Detailed Accuracy By Class ===

               TP Rate   FP Rate   Precision   Recall  F-Measure   ROC Area  Class
                 1         0.005      0.999     1         1          1        0
                 0.995     0          1         0.995     0.997      1        1
Weighted Avg.    0.999     0.005      0.999     0.999     0.999      1    


=== Confusion Matrix ===

    a    b   <-- classified as
 1046    0 |    a = 0
    1  181 |    b = 1



=== Stratified cross-validation ===

Correctly Classified Instances        1218               99.1857 %
Incorrectly Classified Instances        10                0.8143 %
Kappa statistic                          0.9682
Mean absolute error                      0.0094
Root mean squared error                  0.089 
Relative absolute error                  3.7358 %
Root relative squared error             25.0362 %
Total Number of Instances             1228     


=== Detailed Accuracy By Class ===

               TP Rate   FP Rate   Precision   Recall  F-Measure   ROC Area  Class
                 0.992     0.011      0.998     0.992     0.995      0.991    0
                 0.989     0.008      0.957     0.989     0.973      0.991    1
Weighted Avg.    0.992     0.01       0.992     0.992     0.992      0.991


=== Confusion Matrix ===

    a    b   <-- classified as
 1038    8 |    a = 0
    2  180 |    b = 1

