
Time taken to build model: 0.24 seconds
Time taken to test model on training data: 0.03 seconds

=== Error on training data ===

Correctly Classified Instances        1140               92.8339 %
Incorrectly Classified Instances        88                7.1661 %
Kappa statistic                          0.7986
Mean absolute error                      0.0717
Root mean squared error                  0.2677
Relative absolute error                 21.8217 %
Root relative squared error             66.0912 %
Total Number of Instances             1228     


=== Detailed Accuracy By Class ===

               TP Rate   FP Rate   Precision   Recall  F-Measure   ROC Area  Class
                 0.925     0.059      0.984     0.925     0.953      0.933    0
                 0.941     0.075      0.766     0.941     0.845      0.933    1
Weighted Avg.    0.928     0.062      0.939     0.928     0.931      0.933


=== Confusion Matrix ===

   a   b   <-- classified as
 901  73 |   a = 0
  15 239 |   b = 1



=== Stratified cross-validation ===

Correctly Classified Instances        1096               89.2508 %
Incorrectly Classified Instances       132               10.7492 %
Kappa statistic                          0.6574
Mean absolute error                      0.1075
Root mean squared error                  0.3279
Relative absolute error                 32.7292 %
Root relative squared error             80.9441 %
Total Number of Instances             1228     


=== Detailed Accuracy By Class ===

               TP Rate   FP Rate   Precision   Recall  F-Measure   ROC Area  Class
                 0.948     0.319      0.919     0.948     0.933      0.814    0
                 0.681     0.052      0.772     0.681     0.724      0.814    1
Weighted Avg.    0.893     0.264      0.889     0.893     0.89       0.814


=== Confusion Matrix ===

   a   b   <-- classified as
 923  51 |   a = 0
  81 173 |   b = 1

