
Time taken to build model: 0.13 seconds
Time taken to test model on training data: 0.03 seconds

=== Error on training data ===

Correctly Classified Instances        1215               98.9414 %
Incorrectly Classified Instances        13                1.0586 %
Kappa statistic                          0.9578
Mean absolute error                      0.0106
Root mean squared error                  0.1029
Relative absolute error                  4.1862 %
Root relative squared error             28.958  %
Total Number of Instances             1228     


=== Detailed Accuracy By Class ===

               TP Rate   FP Rate   Precision   Recall  F-Measure   ROC Area  Class
                 0.995     0.044      0.992     0.995     0.994      0.976    0
                 0.956     0.005      0.972     0.956     0.964      0.976    1
Weighted Avg.    0.989     0.038      0.989     0.989     0.989      0.976


=== Confusion Matrix ===

    a    b   <-- classified as
 1041    5 |    a = 0
    8  174 |    b = 1



=== Stratified cross-validation ===

Correctly Classified Instances        1215               98.9414 %
Incorrectly Classified Instances        13                1.0586 %
Kappa statistic                          0.9585
Mean absolute error                      0.0106
Root mean squared error                  0.1029
Relative absolute error                  4.1854 %
Root relative squared error             28.9577 %
Total Number of Instances             1228     


=== Detailed Accuracy By Class ===

               TP Rate   FP Rate   Precision   Recall  F-Measure   ROC Area  Class
                 0.991     0.022      0.996     0.991     0.994      0.985    0
                 0.978     0.009      0.952     0.978     0.965      0.985    1
Weighted Avg.    0.989     0.02       0.99      0.989     0.989      0.985


=== Confusion Matrix ===

    a    b   <-- classified as
 1037    9 |    a = 0
    4  178 |    b = 1

