
Time taken to build model: 0.12 seconds
Time taken to test model on training data: 0.03 seconds

=== Error on training data ===

Correctly Classified Instances        1180               96.0912 %
Incorrectly Classified Instances        48                3.9088 %
Kappa statistic                          0.7042
Mean absolute error                      0.0391
Root mean squared error                  0.1977
Relative absolute error                 37.1349 %
Root relative squared error             86.4439 %
Total Number of Instances             1228     


=== Detailed Accuracy By Class ===

               TP Rate   FP Rate   Precision   Recall  F-Measure   ROC Area  Class
                 0.963     0.074      0.996     0.963     0.979      0.945    0
                 0.926     0.037      0.594     0.926     0.724      0.945    1
Weighted Avg.    0.961     0.072      0.973     0.961     0.965      0.945


=== Confusion Matrix ===

    a    b   <-- classified as
 1117   43 |    a = 0
    5   63 |    b = 1



=== Stratified cross-validation ===

Correctly Classified Instances        1161               94.544  %
Incorrectly Classified Instances        67                5.456  %
Kappa statistic                          0.2856
Mean absolute error                      0.0546
Root mean squared error                  0.2336
Relative absolute error                 51.7985 %
Root relative squared error            102.1272 %
Total Number of Instances             1228     


=== Detailed Accuracy By Class ===

               TP Rate   FP Rate   Precision   Recall  F-Measure   ROC Area  Class
                 0.988     0.779      0.956     0.988     0.972      0.604    0
                 0.221     0.012      0.517     0.221     0.309      0.604    1
Weighted Avg.    0.945     0.737      0.932     0.945     0.935      0.604


=== Confusion Matrix ===

    a    b   <-- classified as
 1146   14 |    a = 0
   53   15 |    b = 1

