
Time taken to build model: 0.14 seconds
Time taken to test model on training data: 0.03 seconds

=== Error on training data ===

Correctly Classified Instances        1203               97.9642 %
Incorrectly Classified Instances        25                2.0358 %
Kappa statistic                          0.6275
Mean absolute error                      0.0204
Root mean squared error                  0.1427
Relative absolute error                 31.9421 %
Root relative squared error             80.3761 %
Total Number of Instances             1228     


=== Detailed Accuracy By Class ===

               TP Rate   FP Rate   Precision   Recall  F-Measure   ROC Area  Class
                 0.994     0.45       0.985     0.994     0.99       0.772    0
                 0.55      0.006      0.759     0.55      0.638      0.772    1
Weighted Avg.    0.98      0.436      0.978     0.98      0.978      0.772


=== Confusion Matrix ===

    a    b   <-- classified as
 1181    7 |    a = 0
   18   22 |    b = 1



=== Stratified cross-validation ===

Correctly Classified Instances        1195               97.3127 %
Incorrectly Classified Instances        33                2.6873 %
Kappa statistic                          0.4287
Mean absolute error                      0.0269
Root mean squared error                  0.1639
Relative absolute error                 42.1114 %
Root relative squared error             92.3449 %
Total Number of Instances             1228     


=== Detailed Accuracy By Class ===

               TP Rate   FP Rate   Precision   Recall  F-Measure   ROC Area  Class
                 0.995     0.675      0.978     0.995     0.986      0.66     0
                 0.325     0.005      0.684     0.325     0.441      0.66     1
Weighted Avg.    0.973     0.653      0.968     0.973     0.968      0.66 


=== Confusion Matrix ===

    a    b   <-- classified as
 1182    6 |    a = 0
   27   13 |    b = 1

