
Time taken to build model: 0.1 seconds
Time taken to test model on training data: 0.03 seconds

=== Error on training data ===

Correctly Classified Instances        1222               99.5114 %
Incorrectly Classified Instances         6                0.4886 %
Kappa statistic                          0.9429
Mean absolute error                      0.0049
Root mean squared error                  0.0699
Relative absolute error                  5.7647 %
Root relative squared error             34.0911 %
Total Number of Instances             1228     


=== Detailed Accuracy By Class ===

               TP Rate   FP Rate   Precision   Recall  F-Measure   ROC Area  Class
                 0.997     0.037      0.998     0.997     0.997      0.98     0
                 0.963     0.003      0.929     0.963     0.945      0.98     1
Weighted Avg.    0.995     0.036      0.995     0.995     0.995      0.98 


=== Confusion Matrix ===

    a    b   <-- classified as
 1170    4 |    a = 0
    2   52 |    b = 1



=== Stratified cross-validation ===

Correctly Classified Instances        1218               99.1857 %
Incorrectly Classified Instances        10                0.8143 %
Kappa statistic                          0.9065
Mean absolute error                      0.0081
Root mean squared error                  0.0902
Relative absolute error                  9.5991 %
Root relative squared error             44.0095 %
Total Number of Instances             1228     


=== Detailed Accuracy By Class ===

               TP Rate   FP Rate   Precision   Recall  F-Measure   ROC Area  Class
                 0.994     0.056      0.997     0.994     0.996      0.969    0
                 0.944     0.006      0.879     0.944     0.911      0.969    1
Weighted Avg.    0.992     0.053      0.992     0.992     0.992      0.969


=== Confusion Matrix ===

    a    b   <-- classified as
 1167    7 |    a = 0
    3   51 |    b = 1

