
Time taken to build model: 0.12 seconds
Time taken to test model on training data: 0.03 seconds

=== Error on training data ===

Correctly Classified Instances        1208               98.3713 %
Incorrectly Classified Instances        20                1.6287 %
Kappa statistic                          0.7877
Mean absolute error                      0.0163
Root mean squared error                  0.1276
Relative absolute error                 17.963  %
Root relative squared error             60.1596 %
Total Number of Instances             1228     


=== Detailed Accuracy By Class ===

               TP Rate   FP Rate   Precision   Recall  F-Measure   ROC Area  Class
                 0.999     0.328      0.984     0.999     0.992      0.836    0
                 0.672     0.001      0.975     0.672     0.796      0.836    1
Weighted Avg.    0.984     0.312      0.984     0.984     0.982      0.836


=== Confusion Matrix ===

    a    b   <-- classified as
 1169    1 |    a = 0
   19   39 |    b = 1



=== Stratified cross-validation ===

Correctly Classified Instances        1202               97.8827 %
Incorrectly Classified Instances        26                2.1173 %
Kappa statistic                          0.7526
Mean absolute error                      0.0212
Root mean squared error                  0.1455
Relative absolute error                 23.3326 %
Root relative squared error             68.5906 %
Total Number of Instances             1228     


=== Detailed Accuracy By Class ===

               TP Rate   FP Rate   Precision   Recall  F-Measure   ROC Area  Class
                 0.991     0.276      0.986     0.991     0.989      0.858    0
                 0.724     0.009      0.808     0.724     0.764      0.858    1
Weighted Avg.    0.979     0.263      0.978     0.979     0.978      0.858


=== Confusion Matrix ===

    a    b   <-- classified as
 1160   10 |    a = 0
   16   42 |    b = 1

