
Time taken to build model: 0.23 seconds
Time taken to test model on training data: 0.03 seconds

=== Error on training data ===

Correctly Classified Instances        1159               94.3811 %
Incorrectly Classified Instances        69                5.6189 %
Kappa statistic                          0.6407
Mean absolute error                      0.0562
Root mean squared error                  0.237 
Relative absolute error                 30.2155 %
Root relative squared error             77.8444 %
Total Number of Instances             1228     


=== Detailed Accuracy By Class ===

               TP Rate   FP Rate   Precision   Recall  F-Measure   ROC Area  Class
                 0.989     0.449      0.95      0.989     0.969      0.77     0
                 0.551     0.011      0.854     0.551     0.67       0.77     1
Weighted Avg.    0.944     0.404      0.94      0.944     0.938      0.77 


=== Confusion Matrix ===

    a    b   <-- classified as
 1089   12 |    a = 0
   57   70 |    b = 1



=== Stratified cross-validation ===

Correctly Classified Instances        1114               90.7166 %
Incorrectly Classified Instances       114                9.2834 %
Kappa statistic                          0.2854
Mean absolute error                      0.0928
Root mean squared error                  0.3047
Relative absolute error                 49.9056 %
Root relative squared error            100.0572 %
Total Number of Instances             1228     


=== Detailed Accuracy By Class ===

               TP Rate   FP Rate   Precision   Recall  F-Measure   ROC Area  Class
                 0.987     0.787      0.916     0.987     0.95       0.6      0
                 0.213     0.013      0.659     0.213     0.321      0.6      1
Weighted Avg.    0.907     0.707      0.889     0.907     0.885      0.6  


=== Confusion Matrix ===

    a    b   <-- classified as
 1087   14 |    a = 0
  100   27 |    b = 1

