
Time taken to build model: 0.81 seconds
Time taken to test model on training data: 0.03 seconds

=== Error on training data ===

Correctly Classified Instances        1223               99.5928 %
Incorrectly Classified Instances         5                0.4072 %
Kappa statistic                          0.952 
Mean absolute error                      0.0498
Root mean squared error                  0.1057
Relative absolute error                 58.7269 %
Root relative squared error             51.5271 %
Total Number of Instances             1228     


=== Detailed Accuracy By Class ===

               TP Rate   FP Rate   Precision   Recall  F-Measure   ROC Area  Class
                 0.997     0.037      0.998     0.997     0.998      0.995    0
                 0.963     0.003      0.945     0.963     0.954      0.995    1
Weighted Avg.    0.996     0.036      0.996     0.996     0.996      0.995


=== Confusion Matrix ===

    a    b   <-- classified as
 1171    3 |    a = 0
    2   52 |    b = 1



=== Stratified cross-validation ===

Correctly Classified Instances        1223               99.5928 %
Incorrectly Classified Instances         5                0.4072 %
Kappa statistic                          0.952 
Mean absolute error                      0.046 
Root mean squared error                  0.1029
Relative absolute error                 54.2704 %
Root relative squared error             50.1876 %
Total Number of Instances             1228     


=== Detailed Accuracy By Class ===

               TP Rate   FP Rate   Precision   Recall  F-Measure   ROC Area  Class
                 0.997     0.037      0.998     0.997     0.998      0.992    0
                 0.963     0.003      0.945     0.963     0.954      0.992    1
Weighted Avg.    0.996     0.036      0.996     0.996     0.996      0.992


=== Confusion Matrix ===

    a    b   <-- classified as
 1171    3 |    a = 0
    2   52 |    b = 1

