
Time taken to build model: 0.94 seconds
Time taken to test model on training data: 0.04 seconds

=== Error on training data ===

Correctly Classified Instances        1107               90.1466 %
Incorrectly Classified Instances       121                9.8534 %
Kappa statistic                          0.0926
Mean absolute error                      0.1527
Root mean squared error                  0.2732
Relative absolute error                 82.0885 %
Root relative squared error             89.7135 %
Total Number of Instances             1228     


=== Detailed Accuracy By Class ===

               TP Rate   FP Rate   Precision   Recall  F-Measure   ROC Area  Class
                 0.999     0.945      0.902     0.999     0.948      0.848    0
                 0.055     0.001      0.875     0.055     0.104      0.848    1
Weighted Avg.    0.901     0.847      0.899     0.901     0.861      0.848


=== Confusion Matrix ===

    a    b   <-- classified as
 1100    1 |    a = 0
  120    7 |    b = 1



=== Stratified cross-validation ===

Correctly Classified Instances        1104               89.9023 %
Incorrectly Classified Instances       124               10.0977 %
Kappa statistic                          0.0864
Mean absolute error                      0.19  
Root mean squared error                  0.3067
Relative absolute error                102.1658 %
Root relative squared error            100.7099 %
Total Number of Instances             1228     


=== Detailed Accuracy By Class ===

               TP Rate   FP Rate   Precision   Recall  F-Measure   ROC Area  Class
                 0.996     0.945      0.901     0.996     0.947      0.779    0
                 0.055     0.004      0.636     0.055     0.101      0.779    1
Weighted Avg.    0.899     0.848      0.874     0.899     0.859      0.779


=== Confusion Matrix ===

    a    b   <-- classified as
 1097    4 |    a = 0
  120    7 |    b = 1

