
Time taken to build model: 0.85 seconds
Time taken to test model on training data: 0.03 seconds

=== Error on training data ===

Correctly Classified Instances        1160               94.4625 %
Incorrectly Classified Instances        68                5.5375 %
Kappa statistic                          0     
Mean absolute error                      0.5   
Root mean squared error                  0.5   
Relative absolute error                475.017  %
Root relative squared error            218.6164 %
Total Number of Instances             1228     


=== Detailed Accuracy By Class ===

               TP Rate   FP Rate   Precision   Recall  F-Measure   ROC Area  Class
                 1         1          0.945     1         0.972      0.5      0
                 0         0          0         0         0          0.5      1
Weighted Avg.    0.945     0.945      0.892     0.945     0.918      0.5  


=== Confusion Matrix ===

    a    b   <-- classified as
 1160    0 |    a = 0
   68    0 |    b = 1



=== Stratified cross-validation ===

Correctly Classified Instances        1160               94.4625 %
Incorrectly Classified Instances        68                5.5375 %
Kappa statistic                          0     
Mean absolute error                      0.4178
Root mean squared error                  0.457 
Relative absolute error                396.6476 %
Root relative squared error            199.8067 %
Total Number of Instances             1228     


=== Detailed Accuracy By Class ===

               TP Rate   FP Rate   Precision   Recall  F-Measure   ROC Area  Class
                 1         1          0.945     1         0.972      0.513    0
                 0         0          0         0         0          0.513    1
Weighted Avg.    0.945     0.945      0.892     0.945     0.918      0.513


=== Confusion Matrix ===

    a    b   <-- classified as
 1160    0 |    a = 0
   68    0 |    b = 1

