
Time taken to build model: 1.55 seconds
Time taken to test model on training data: 0.03 seconds

=== Error on training data ===

Correctly Classified Instances        1203               97.9642 %
Incorrectly Classified Instances        25                2.0358 %
Kappa statistic                          0.9234
Mean absolute error                      0.0449
Root mean squared error                  0.1339
Relative absolute error                 17.7452 %
Root relative squared error             37.6756 %
Total Number of Instances             1228     


=== Detailed Accuracy By Class ===

               TP Rate   FP Rate   Precision   Recall  F-Measure   ROC Area  Class
                 0.977     0.005      0.999     0.977     0.988      0.993    0
                 0.995     0.023      0.883     0.995     0.935      0.993    1
Weighted Avg.    0.98      0.008      0.982     0.98      0.98       0.993


=== Confusion Matrix ===

    a    b   <-- classified as
 1022   24 |    a = 0
    1  181 |    b = 1



=== Stratified cross-validation ===

Correctly Classified Instances        1202               97.8827 %
Incorrectly Classified Instances        26                2.1173 %
Kappa statistic                          0.9201
Mean absolute error                      0.0426
Root mean squared error                  0.1336
Relative absolute error                 16.8261 %
Root relative squared error             37.5936 %
Total Number of Instances             1228     


=== Detailed Accuracy By Class ===

               TP Rate   FP Rate   Precision   Recall  F-Measure   ROC Area  Class
                 0.977     0.011      0.998     0.977     0.987      0.992    0
                 0.989     0.023      0.882     0.989     0.933      0.992    1
Weighted Avg.    0.979     0.013      0.981     0.979     0.979      0.992


=== Confusion Matrix ===

    a    b   <-- classified as
 1022   24 |    a = 0
    2  180 |    b = 1

