
Time taken to build model: 1.33 seconds
Time taken to test model on training data: 0.03 seconds

=== Error on training data ===

Correctly Classified Instances        1188               96.7427 %
Incorrectly Classified Instances        40                3.2573 %
Kappa statistic                          0.4991
Mean absolute error                      0.0567
Root mean squared error                  0.1616
Relative absolute error                 60.5498 %
Root relative squared error             74.9581 %
Total Number of Instances             1228     


=== Detailed Accuracy By Class ===

               TP Rate   FP Rate   Precision   Recall  F-Measure   ROC Area  Class
                 0.999     0.65       0.968     0.999     0.983      0.973    0
                 0.35      0.001      0.955     0.35      0.512      0.973    1
Weighted Avg.    0.967     0.618      0.967     0.967     0.96       0.973


=== Confusion Matrix ===

    a    b   <-- classified as
 1167    1 |    a = 0
   39   21 |    b = 1



=== Stratified cross-validation ===

Correctly Classified Instances        1181               96.1726 %
Incorrectly Classified Instances        47                3.8274 %
Kappa statistic                          0.4429
Mean absolute error                      0.0553
Root mean squared error                  0.1641
Relative absolute error                 59.0738 %
Root relative squared error             76.137  %
Total Number of Instances             1228     


=== Detailed Accuracy By Class ===

               TP Rate   FP Rate   Precision   Recall  F-Measure   ROC Area  Class
                 0.994     0.667      0.967     0.994     0.98       0.971    0
                 0.333     0.006      0.741     0.333     0.46       0.971    1
Weighted Avg.    0.962     0.634      0.956     0.962     0.955      0.971


=== Confusion Matrix ===

    a    b   <-- classified as
 1161    7 |    a = 0
   40   20 |    b = 1

