
Time taken to build model: 0.3 seconds
Time taken to test model on training data: 0.05 seconds

=== Error on training data ===

Correctly Classified Instances        1153               95.9235 %
Incorrectly Classified Instances        49                4.0765 %
Kappa statistic                          0.2141
Mean absolute error                      0.072 
Root mean squared error                  0.1851
Relative absolute error                 80.4126 %
Root relative squared error             87.8235 %
Total Number of Instances             1202     


=== Detailed Accuracy By Class ===

               TP Rate   FP Rate   Precision   Recall  F-Measure   ROC Area  Class
                 1         0.875      0.959     1         0.979      0.908    0
                 0.125     0          1         0.125     0.222      0.908    1
Weighted Avg.    0.959     0.834      0.961     0.959     0.944      0.908


=== Confusion Matrix ===

    a    b   <-- classified as
 1146    0 |    a = 0
   49    7 |    b = 1



=== Stratified cross-validation ===

Correctly Classified Instances        1151               95.7571 %
Incorrectly Classified Instances        51                4.2429 %
Kappa statistic                          0.182 
Mean absolute error                      0.0737
Root mean squared error                  0.1889
Relative absolute error                 82.2962 %
Root relative squared error             89.6419 %
Total Number of Instances             1202     


=== Detailed Accuracy By Class ===

               TP Rate   FP Rate   Precision   Recall  F-Measure   ROC Area  Class
                 0.999     0.893      0.958     0.999     0.978      0.9      0
                 0.107     0.001      0.857     0.107     0.19       0.9      1
Weighted Avg.    0.958     0.851      0.953     0.958     0.942      0.9  


=== Confusion Matrix ===

    a    b   <-- classified as
 1145    1 |    a = 0
   50    6 |    b = 1

