
Time taken to build model: 0.35 seconds
Time taken to test model on training data: 0.05 seconds

=== Error on training data ===

Correctly Classified Instances        1174               97.6705 %
Incorrectly Classified Instances        28                2.3295 %
Kappa statistic                          0.4724
Mean absolute error                      0.0566
Root mean squared error                  0.1517
Relative absolute error                 87.0002 %
Root relative squared error             84.5891 %
Total Number of Instances             1202     


=== Detailed Accuracy By Class ===

               TP Rate   FP Rate   Precision   Recall  F-Measure   ROC Area  Class
                 0.999     0.675      0.977     0.999     0.988      0.841    0
                 0.325     0.001      0.929     0.325     0.481      0.841    1
Weighted Avg.    0.977     0.653      0.976     0.977     0.971      0.841


=== Confusion Matrix ===

    a    b   <-- classified as
 1161    1 |    a = 0
   27   13 |    b = 1



=== Stratified cross-validation ===

Correctly Classified Instances        1168               97.1714 %
Incorrectly Classified Instances        34                2.8286 %
Kappa statistic                          0.2837
Mean absolute error                      0.0587
Root mean squared error                  0.1636
Relative absolute error                 90.0425 %
Root relative squared error             91.196  %
Total Number of Instances             1202     


=== Detailed Accuracy By Class ===

               TP Rate   FP Rate   Precision   Recall  F-Measure   ROC Area  Class
                 0.999     0.825      0.972     0.999     0.986      0.756    0
                 0.175     0.001      0.875     0.175     0.292      0.756    1
Weighted Avg.    0.972     0.798      0.969     0.972     0.962      0.756


=== Confusion Matrix ===

    a    b   <-- classified as
 1161    1 |    a = 0
   33    7 |    b = 1

