
Time taken to build model: 0.35 seconds
Time taken to test model on training data: 0.04 seconds

=== Error on training data ===

Correctly Classified Instances        1173               97.5874 %
Incorrectly Classified Instances        29                2.4126 %
Kappa statistic                          0.581 
Mean absolute error                      0.0729
Root mean squared error                  0.1649
Relative absolute error                 92.3938 %
Root relative squared error             83.3895 %
Total Number of Instances             1202     


=== Detailed Accuracy By Class ===

               TP Rate   FP Rate   Precision   Recall  F-Measure   ROC Area  Class
                 0.999     0.571      0.976     0.999     0.988      0.85     0
                 0.429     0.001      0.955     0.429     0.592      0.85     1
Weighted Avg.    0.976     0.548      0.975     0.976     0.971      0.85 


=== Confusion Matrix ===

    a    b   <-- classified as
 1152    1 |    a = 0
   28   21 |    b = 1



=== Stratified cross-validation ===

Correctly Classified Instances        1152               95.8403 %
Incorrectly Classified Instances        50                4.1597 %
Kappa statistic                         -0.0016
Mean absolute error                      0.0788
Root mean squared error                  0.199 
Relative absolute error                 99.7359 %
Root relative squared error            100.6521 %
Total Number of Instances             1202     


=== Detailed Accuracy By Class ===

               TP Rate   FP Rate   Precision   Recall  F-Measure   ROC Area  Class
                 0.999     1          0.959     0.999     0.979      0.549    0
                 0         0.001      0         0         0          0.549    1
Weighted Avg.    0.958     0.959      0.92      0.958     0.939      0.549


=== Confusion Matrix ===

    a    b   <-- classified as
 1152    1 |    a = 0
   49    0 |    b = 1

