
Time taken to build model: 1.6 seconds
Time taken to test model on training data: 0.05 seconds

=== Error on training data ===

Correctly Classified Instances        1198               99.6672 %
Incorrectly Classified Instances         4                0.3328 %
Kappa statistic                          0.9598
Mean absolute error                      0.0226
Root mean squared error                  0.075 
Relative absolute error                 27.1327 %
Root relative squared error             36.8784 %
Total Number of Instances             1202     


=== Detailed Accuracy By Class ===

               TP Rate   FP Rate   Precision   Recall  F-Measure   ROC Area  Class
                 0.998     0.038      0.998     0.998     0.998      0.997    0
                 0.962     0.002      0.962     0.962     0.962      0.997    1
Weighted Avg.    0.997     0.037      0.997     0.997     0.997      0.997


=== Confusion Matrix ===

    a    b   <-- classified as
 1148    2 |    a = 0
    2   50 |    b = 1



=== Stratified cross-validation ===

Correctly Classified Instances        1191               99.0849 %
Incorrectly Classified Instances        11                0.9151 %
Kappa statistic                          0.8943
Mean absolute error                      0.0239
Root mean squared error                  0.0888
Relative absolute error                 28.5807 %
Root relative squared error             43.6572 %
Total Number of Instances             1202     


=== Detailed Accuracy By Class ===

               TP Rate   FP Rate   Precision   Recall  F-Measure   ROC Area  Class
                 0.993     0.058      0.997     0.993     0.995      0.988    0
                 0.942     0.007      0.86      0.942     0.899      0.988    1
Weighted Avg.    0.991     0.055      0.991     0.991     0.991      0.988


=== Confusion Matrix ===

    a    b   <-- classified as
 1142    8 |    a = 0
    3   49 |    b = 1

