
Time taken to build model: 1.76 seconds
Time taken to test model on training data: 0.06 seconds

=== Error on training data ===

Correctly Classified Instances        1196               99.5008 %
Incorrectly Classified Instances         6                0.4992 %
Kappa statistic                          0.9804
Mean absolute error                      0.0062
Root mean squared error                  0.0704
Relative absolute error                  2.4196 %
Root relative squared error             19.6297 %
Total Number of Instances             1202     


=== Detailed Accuracy By Class ===

               TP Rate   FP Rate   Precision   Recall  F-Measure   ROC Area  Class
                 0.999     0.027      0.995     0.999     0.997      0.996    0
                 0.973     0.001      0.994     0.973     0.983      0.996    1
Weighted Avg.    0.995     0.023      0.995     0.995     0.995      0.996


=== Confusion Matrix ===

    a    b   <-- classified as
 1019    1 |    a = 0
    5  177 |    b = 1



=== Stratified cross-validation ===

Correctly Classified Instances        1192               99.1681 %
Incorrectly Classified Instances        10                0.8319 %
Kappa statistic                          0.9673
Mean absolute error                      0.0094
Root mean squared error                  0.0879
Relative absolute error                  3.6334 %
Root relative squared error             24.5233 %
Total Number of Instances             1202     


=== Detailed Accuracy By Class ===

               TP Rate   FP Rate   Precision   Recall  F-Measure   ROC Area  Class
                 0.997     0.038      0.993     0.997     0.995      0.992    0
                 0.962     0.003      0.983     0.962     0.972      0.992    1
Weighted Avg.    0.992     0.033      0.992     0.992     0.992      0.992


=== Confusion Matrix ===

    a    b   <-- classified as
 1017    3 |    a = 0
    7  175 |    b = 1

