
Time taken to build model: 1.62 seconds
Time taken to test model on training data: 0.05 seconds

=== Error on training data ===

Correctly Classified Instances        1173               97.5874 %
Incorrectly Classified Instances        29                2.4126 %
Kappa statistic                          0.581 
Mean absolute error                      0.0692
Root mean squared error                  0.1619
Relative absolute error                 87.6461 %
Root relative squared error             81.8781 %
Total Number of Instances             1202     


=== Detailed Accuracy By Class ===

               TP Rate   FP Rate   Precision   Recall  F-Measure   ROC Area  Class
                 0.999     0.571      0.976     0.999     0.988      0.855    0
                 0.429     0.001      0.955     0.429     0.592      0.855    1
Weighted Avg.    0.976     0.548      0.975     0.976     0.971      0.855


=== Confusion Matrix ===

    a    b   <-- classified as
 1152    1 |    a = 0
   28   21 |    b = 1



=== Stratified cross-validation ===

Correctly Classified Instances        1165               96.9218 %
Incorrectly Classified Instances        37                3.0782 %
Kappa statistic                          0.4354
Mean absolute error                      0.068 
Root mean squared error                  0.1788
Relative absolute error                 86.057  %
Root relative squared error             90.399  %
Total Number of Instances             1202     


=== Detailed Accuracy By Class ===

               TP Rate   FP Rate   Precision   Recall  F-Measure   ROC Area  Class
                 0.997     0.694      0.971     0.997     0.984      0.769    0
                 0.306     0.003      0.833     0.306     0.448      0.769    1
Weighted Avg.    0.969     0.666      0.966     0.969     0.962      0.769


=== Confusion Matrix ===

    a    b   <-- classified as
 1150    3 |    a = 0
   34   15 |    b = 1

