
Time taken to build model: 1.47 seconds
Time taken to test model on training data: 0.04 seconds

=== Error on training data ===

Correctly Classified Instances        1114               92.6789 %
Incorrectly Classified Instances        88                7.3211 %
Kappa statistic                          0.488 
Mean absolute error                      0.1469
Root mean squared error                  0.2483
Relative absolute error                 91.0055 %
Root relative squared error             87.5524 %
Total Number of Instances             1202     


=== Detailed Accuracy By Class ===

               TP Rate   FP Rate   Precision   Recall  F-Measure   ROC Area  Class
                 0.972     0.538      0.949     0.972     0.96       0.876    0
                 0.462     0.028      0.613     0.462     0.527      0.876    1
Weighted Avg.    0.927     0.493      0.92      0.927     0.922      0.876


=== Confusion Matrix ===

    a    b   <-- classified as
 1065   31 |    a = 0
   57   49 |    b = 1



=== Stratified cross-validation ===

Correctly Classified Instances        1092               90.8486 %
Incorrectly Classified Instances       110                9.1514 %
Kappa statistic                          0.321 
Mean absolute error                      0.1491
Root mean squared error                  0.2679
Relative absolute error                 92.3512 %
Root relative squared error             94.4639 %
Total Number of Instances             1202     


=== Detailed Accuracy By Class ===

               TP Rate   FP Rate   Precision   Recall  F-Measure   ROC Area  Class
                 0.967     0.698      0.935     0.967     0.951      0.815    0
                 0.302     0.033      0.471     0.302     0.368      0.815    1
Weighted Avg.    0.908     0.639      0.894     0.908     0.899      0.815


=== Confusion Matrix ===

    a    b   <-- classified as
 1060   36 |    a = 0
   74   32 |    b = 1

