
Time taken to build model: 1.33 seconds
Time taken to test model on training data: 0.05 seconds

=== Error on training data ===

Correctly Classified Instances        1175               97.7537 %
Incorrectly Classified Instances        27                2.2463 %
Kappa statistic                          0.6714
Mean absolute error                      0.1201
Root mean squared error                  0.1905
Relative absolute error                141.2687 %
Root relative squared error             92.7888 %
Total Number of Instances             1202     


=== Detailed Accuracy By Class ===

               TP Rate   FP Rate   Precision   Recall  F-Measure   ROC Area  Class
                 0.997     0.453      0.979     0.997     0.988      0.907    0
                 0.547     0.003      0.906     0.547     0.682      0.907    1
Weighted Avg.    0.978     0.433      0.976     0.978     0.975      0.907


=== Confusion Matrix ===

    a    b   <-- classified as
 1146    3 |    a = 0
   24   29 |    b = 1



=== Stratified cross-validation ===

Correctly Classified Instances        1148               95.5075 %
Incorrectly Classified Instances        54                4.4925 %
Kappa statistic                          0.2321
Mean absolute error                      0.1051
Root mean squared error                  0.2105
Relative absolute error                123.5973 %
Root relative squared error            102.5146 %
Total Number of Instances             1202     


=== Detailed Accuracy By Class ===

               TP Rate   FP Rate   Precision   Recall  F-Measure   ROC Area  Class
                 0.991     0.83       0.963     0.991     0.977      0.776    0
                 0.17      0.009      0.474     0.17      0.25       0.776    1
Weighted Avg.    0.955     0.794      0.941     0.955     0.945      0.776


=== Confusion Matrix ===

    a    b   <-- classified as
 1139   10 |    a = 0
   44    9 |    b = 1

