
Time taken to build model: 1.43 seconds
Time taken to test model on training data: 0.05 seconds

=== Error on training data ===

Correctly Classified Instances        1090               90.6822 %
Incorrectly Classified Instances       112                9.3178 %
Kappa statistic                          0.7441
Mean absolute error                      0.1648
Root mean squared error                  0.2573
Relative absolute error                 49.4018 %
Root relative squared error             63.0185 %
Total Number of Instances             1202     


=== Detailed Accuracy By Class ===

               TP Rate   FP Rate   Precision   Recall  F-Measure   ROC Area  Class
                 0.907     0.094      0.973     0.907     0.939      0.965    0
                 0.906     0.093      0.723     0.906     0.804      0.965    1
Weighted Avg.    0.907     0.094      0.92      0.907     0.91       0.965


=== Confusion Matrix ===

   a   b   <-- classified as
 860  88 |   a = 0
  24 230 |   b = 1



=== Stratified cross-validation ===

Correctly Classified Instances        1076               89.5175 %
Incorrectly Classified Instances       126               10.4825 %
Kappa statistic                          0.6781
Mean absolute error                      0.183 
Root mean squared error                  0.2897
Relative absolute error                 54.8568 %
Root relative squared error             70.9646 %
Total Number of Instances             1202     


=== Detailed Accuracy By Class ===

               TP Rate   FP Rate   Precision   Recall  F-Measure   ROC Area  Class
                 0.942     0.28       0.926     0.942     0.934      0.924    0
                 0.72      0.058      0.769     0.72      0.744      0.924    1
Weighted Avg.    0.895     0.233      0.893     0.895     0.894      0.924


=== Confusion Matrix ===

   a   b   <-- classified as
 893  55 |   a = 0
  71 183 |   b = 1

