
Time taken to build model: 0.12 seconds
Time taken to test model on training data: 0.05 seconds

=== Error on training data ===

Correctly Classified Instances        1194               99.3344 %
Incorrectly Classified Instances         8                0.6656 %
Kappa statistic                          0.9298
Mean absolute error                      0.0132
Root mean squared error                  0.0812
Relative absolute error                 13.0056 %
Root relative squared error             36.1814 %
Total Number of Instances             1202     


=== Detailed Accuracy By Class ===

               TP Rate   FP Rate   Precision   Recall  F-Measure   ROC Area  Class
                 1         0.125      0.993     1         0.996      0.949    0
                 0.875     0          1         0.875     0.933      0.949    1
Weighted Avg.    0.993     0.118      0.993     0.993     0.993      0.949


=== Confusion Matrix ===

    a    b   <-- classified as
 1138    0 |    a = 0
    8   56 |    b = 1



=== Stratified cross-validation ===

Correctly Classified Instances        1178               98.0033 %
Incorrectly Classified Instances        24                1.9967 %
Kappa statistic                          0.7928
Mean absolute error                      0.0273
Root mean squared error                  0.1377
Relative absolute error                 26.8692 %
Root relative squared error             61.3236 %
Total Number of Instances             1202     


=== Detailed Accuracy By Class ===

               TP Rate   FP Rate   Precision   Recall  F-Measure   ROC Area  Class
                 0.992     0.234      0.987     0.992     0.989      0.868    0
                 0.766     0.008      0.845     0.766     0.803      0.868    1
Weighted Avg.    0.98      0.222      0.979     0.98      0.98       0.868


=== Confusion Matrix ===

    a    b   <-- classified as
 1129    9 |    a = 0
   15   49 |    b = 1

