
Time taken to build model: 0.08 seconds
Time taken to test model on training data: 0.05 seconds

=== Error on training data ===

Correctly Classified Instances        1187               98.7521 %
Incorrectly Classified Instances        15                1.2479 %
Kappa statistic                          0.8674
Mean absolute error                      0.0171
Root mean squared error                  0.0926
Relative absolute error                 19.1461 %
Root relative squared error             43.9238 %
Total Number of Instances             1202     


=== Detailed Accuracy By Class ===

               TP Rate   FP Rate   Precision   Recall  F-Measure   ROC Area  Class
                 0.99      0.071      0.996     0.99      0.993      0.995    0
                 0.929     0.01       0.825     0.929     0.874      0.995    1
Weighted Avg.    0.988     0.069      0.989     0.988     0.988      0.995


=== Confusion Matrix ===

    a    b   <-- classified as
 1135   11 |    a = 0
    4   52 |    b = 1



=== Stratified cross-validation ===

Correctly Classified Instances        1161               96.589  %
Incorrectly Classified Instances        41                3.411  %
Kappa statistic                          0.6193
Mean absolute error                      0.0407
Root mean squared error                  0.1726
Relative absolute error                 45.4795 %
Root relative squared error             81.8794 %
Total Number of Instances             1202     


=== Detailed Accuracy By Class ===

               TP Rate   FP Rate   Precision   Recall  F-Measure   ROC Area  Class
                 0.982     0.357      0.983     0.982     0.982      0.921    0
                 0.643     0.018      0.632     0.643     0.637      0.921    1
Weighted Avg.    0.966     0.341      0.966     0.966     0.966      0.921


=== Confusion Matrix ===

    a    b   <-- classified as
 1125   21 |    a = 0
   20   36 |    b = 1

