
Time taken to build model: 0.12 seconds
Time taken to test model on training data: 0.03 seconds

=== Error on training data ===

Correctly Classified Instances        1172               97.5042 %
Incorrectly Classified Instances        30                2.4958 %
Kappa statistic                          0.6135
Mean absolute error                      0.0484
Root mean squared error                  0.155 
Relative absolute error                 56.8929 %
Root relative squared error             75.5177 %
Total Number of Instances             1202     


=== Detailed Accuracy By Class ===

               TP Rate   FP Rate   Precision   Recall  F-Measure   ROC Area  Class
                 0.998     0.528      0.976     0.998     0.987      0.862    0
                 0.472     0.002      0.926     0.472     0.625      0.862    1
Weighted Avg.    0.975     0.505      0.974     0.975     0.971      0.862


=== Confusion Matrix ===

    a    b   <-- classified as
 1147    2 |    a = 0
   28   25 |    b = 1



=== Stratified cross-validation ===

Correctly Classified Instances        1159               96.4226 %
Incorrectly Classified Instances        43                3.5774 %
Kappa statistic                          0.4649
Mean absolute error                      0.0542
Root mean squared error                  0.1849
Relative absolute error                 63.701  %
Root relative squared error             90.0823 %
Total Number of Instances             1202     


=== Detailed Accuracy By Class ===

               TP Rate   FP Rate   Precision   Recall  F-Measure   ROC Area  Class
                 0.991     0.623      0.972     0.991     0.981      0.747    0
                 0.377     0.009      0.667     0.377     0.482      0.747    1
Weighted Avg.    0.964     0.596      0.958     0.964     0.959      0.747


=== Confusion Matrix ===

    a    b   <-- classified as
 1139   10 |    a = 0
   33   20 |    b = 1

