
Time taken to build model: 0.2 seconds
Time taken to test model on training data: 0.04 seconds

=== Error on training data ===

Correctly Classified Instances        1197               99.584  %
Incorrectly Classified Instances         5                0.416  %
Kappa statistic                          0.9838
Mean absolute error                      0.0064
Root mean squared error                  0.0567
Relative absolute error                  2.5025 %
Root relative squared error             15.8318 %
Total Number of Instances             1202     


=== Detailed Accuracy By Class ===

               TP Rate   FP Rate   Precision   Recall  F-Measure   ROC Area  Class
                 0.997     0.011      0.998     0.997     0.998      0.994    0
                 0.989     0.003      0.984     0.989     0.986      0.994    1
Weighted Avg.    0.996     0.01       0.996     0.996     0.996      0.994


=== Confusion Matrix ===

    a    b   <-- classified as
 1017    3 |    a = 0
    2  180 |    b = 1



=== Stratified cross-validation ===

Correctly Classified Instances        1199               99.7504 %
Incorrectly Classified Instances         3                0.2496 %
Kappa statistic                          0.9902
Mean absolute error                      0.0042
Root mean squared error                  0.0499
Relative absolute error                  1.6135 %
Root relative squared error             13.9315 %
Total Number of Instances             1202     


=== Detailed Accuracy By Class ===

               TP Rate   FP Rate   Precision   Recall  F-Measure   ROC Area  Class
                 1         0.016      0.997     1         0.999      0.985    0
                 0.984     0          1         0.984     0.992      0.985    1
Weighted Avg.    0.998     0.014      0.998     0.998     0.997      0.985


=== Confusion Matrix ===

    a    b   <-- classified as
 1020    0 |    a = 0
    3  179 |    b = 1

