
Time taken to build model: 0.28 seconds
Time taken to test model on training data: 0.03 seconds

=== Error on training data ===

Correctly Classified Instances        1186               98.6689 %
Incorrectly Classified Instances        16                1.3311 %
Kappa statistic                          0.8753
Mean absolute error                      0.0232
Root mean squared error                  0.1078
Relative absolute error                 22.8892 %
Root relative squared error             47.9994 %
Total Number of Instances             1202     


=== Detailed Accuracy By Class ===

               TP Rate   FP Rate   Precision   Recall  F-Measure   ROC Area  Class
                 0.989     0.063      0.996     0.989     0.993      0.964    0
                 0.938     0.011      0.833     0.938     0.882      0.964    1
Weighted Avg.    0.987     0.06       0.988     0.987     0.987      0.964


=== Confusion Matrix ===

    a    b   <-- classified as
 1126   12 |    a = 0
    4   60 |    b = 1



=== Stratified cross-validation ===

Correctly Classified Instances        1170               97.3378 %
Incorrectly Classified Instances        32                2.6622 %
Kappa statistic                          0.7398
Mean absolute error                      0.0364
Root mean squared error                  0.1544
Relative absolute error                 35.8611 %
Root relative squared error             68.7869 %
Total Number of Instances             1202     


=== Detailed Accuracy By Class ===

               TP Rate   FP Rate   Precision   Recall  F-Measure   ROC Area  Class
                 0.985     0.234      0.987     0.985     0.986      0.862    0
                 0.766     0.015      0.742     0.766     0.754      0.862    1
Weighted Avg.    0.973     0.223      0.974     0.973     0.974      0.862


=== Confusion Matrix ===

    a    b   <-- classified as
 1121   17 |    a = 0
   15   49 |    b = 1

