
Time taken to build model: 0.31 seconds
Time taken to test model on training data: 0.05 seconds

=== Error on training data ===

Correctly Classified Instances        1144               95.1747 %
Incorrectly Classified Instances        58                4.8253 %
Kappa statistic                          0.6146
Mean absolute error                      0.0913
Root mean squared error                  0.2137
Relative absolute error                 56.5789 %
Root relative squared error             75.3504 %
Total Number of Instances             1202     


=== Detailed Accuracy By Class ===

               TP Rate   FP Rate   Precision   Recall  F-Measure   ROC Area  Class
                 0.997     0.519      0.952     0.997     0.974      0.74     0
                 0.481     0.003      0.944     0.481     0.638      0.74     1
Weighted Avg.    0.952     0.473      0.951     0.952     0.944      0.74 


=== Confusion Matrix ===

    a    b   <-- classified as
 1093    3 |    a = 0
   55   51 |    b = 1



=== Stratified cross-validation ===

Correctly Classified Instances        1103               91.7637 %
Incorrectly Classified Instances        99                8.2363 %
Kappa statistic                          0.3794
Mean absolute error                      0.1216
Root mean squared error                  0.2648
Relative absolute error                 75.3427 %
Root relative squared error             93.369  %
Total Number of Instances             1202     


=== Detailed Accuracy By Class ===

               TP Rate   FP Rate   Precision   Recall  F-Measure   ROC Area  Class
                 0.974     0.66       0.938     0.974     0.956      0.676    0
                 0.34      0.026      0.554     0.34      0.421      0.676    1
Weighted Avg.    0.918     0.604      0.905     0.918     0.909      0.676


=== Confusion Matrix ===

    a    b   <-- classified as
 1067   29 |    a = 0
   70   36 |    b = 1

