
Time taken to build model: 0.32 seconds
Time taken to test model on training data: 0.03 seconds

=== Error on training data ===

Correctly Classified Instances        1186               98.6689 %
Incorrectly Classified Instances        16                1.3311 %
Kappa statistic                          0.8787
Mean absolute error                      0.0223
Root mean squared error                  0.1055
Relative absolute error                 20.726  %
Root relative squared error             45.6647 %
Total Number of Instances             1202     


=== Detailed Accuracy By Class ===

               TP Rate   FP Rate   Precision   Recall  F-Measure   ROC Area  Class
                 0.991     0.088      0.995     0.991     0.993      0.954    0
                 0.912     0.009      0.861     0.912     0.886      0.954    1
Weighted Avg.    0.987     0.084      0.987     0.987     0.987      0.954


=== Confusion Matrix ===

    a    b   <-- classified as
 1124   10 |    a = 0
    6   62 |    b = 1



=== Stratified cross-validation ===

Correctly Classified Instances        1162               96.6722 %
Incorrectly Classified Instances        40                3.3278 %
Kappa statistic                          0.6651
Mean absolute error                      0.045 
Root mean squared error                  0.174 
Relative absolute error                 41.8711 %
Root relative squared error             75.3067 %
Total Number of Instances             1202     


=== Detailed Accuracy By Class ===

               TP Rate   FP Rate   Precision   Recall  F-Measure   ROC Area  Class
                 0.987     0.368      0.978     0.987     0.982      0.815    0
                 0.632     0.013      0.741     0.632     0.683      0.815    1
Weighted Avg.    0.967     0.348      0.965     0.967     0.965      0.815


=== Confusion Matrix ===

    a    b   <-- classified as
 1119   15 |    a = 0
   25   43 |    b = 1

