
Time taken to build model: 0.32 seconds
Time taken to test model on training data: 0.03 seconds

=== Error on training data ===

Correctly Classified Instances        1173               97.5874 %
Incorrectly Classified Instances        29                2.4126 %
Kappa statistic                          0.6759
Mean absolute error                      0.0442
Root mean squared error                  0.1487
Relative absolute error                 52.0244 %
Root relative squared error             72.4222 %
Total Number of Instances             1202     


=== Detailed Accuracy By Class ===

               TP Rate   FP Rate   Precision   Recall  F-Measure   ROC Area  Class
                 0.993     0.396      0.982     0.993     0.987      0.799    0
                 0.604     0.007      0.8       0.604     0.688      0.799    1
Weighted Avg.    0.976     0.379      0.974     0.976     0.974      0.799


=== Confusion Matrix ===

    a    b   <-- classified as
 1141    8 |    a = 0
   21   32 |    b = 1



=== Stratified cross-validation ===

Correctly Classified Instances        1154               96.0067 %
Incorrectly Classified Instances        48                3.9933 %
Kappa statistic                          0.4223
Mean absolute error                      0.0564
Root mean squared error                  0.1875
Relative absolute error                 66.2595 %
Root relative squared error             91.3208 %
Total Number of Instances             1202     


=== Detailed Accuracy By Class ===

               TP Rate   FP Rate   Precision   Recall  F-Measure   ROC Area  Class
                 0.988     0.642      0.971     0.988     0.979      0.679    0
                 0.358     0.012      0.576     0.358     0.442      0.679    1
Weighted Avg.    0.96      0.614      0.953     0.96      0.956      0.679


=== Confusion Matrix ===

    a    b   <-- classified as
 1135   14 |    a = 0
   34   19 |    b = 1

