
Time taken to build model: 0.31 seconds
Time taken to test model on training data: 0.05 seconds

=== Error on training data ===

Correctly Classified Instances        1128               93.8436 %
Incorrectly Classified Instances        74                6.1564 %
Kappa statistic                          0.6419
Mean absolute error                      0.1072
Root mean squared error                  0.2315
Relative absolute error                 56.5629 %
Root relative squared error             75.3109 %
Total Number of Instances             1202     


=== Detailed Accuracy By Class ===

               TP Rate   FP Rate   Precision   Recall  F-Measure   ROC Area  Class
                 0.978     0.394      0.955     0.978     0.966      0.794    0
                 0.606     0.022      0.762     0.606     0.675      0.794    1
Weighted Avg.    0.938     0.354      0.934     0.938     0.935      0.794


=== Confusion Matrix ===

    a    b   <-- classified as
 1051   24 |    a = 0
   50   77 |    b = 1



=== Stratified cross-validation ===

Correctly Classified Instances        1108               92.1797 %
Incorrectly Classified Instances        94                7.8203 %
Kappa statistic                          0.5271
Mean absolute error                      0.1188
Root mean squared error                  0.2631
Relative absolute error                 62.6762 %
Root relative squared error             85.5847 %
Total Number of Instances             1202     


=== Detailed Accuracy By Class ===

               TP Rate   FP Rate   Precision   Recall  F-Measure   ROC Area  Class
                 0.973     0.512      0.941     0.973     0.957      0.741    0
                 0.488     0.027      0.681     0.488     0.569      0.741    1
Weighted Avg.    0.922     0.461      0.914     0.922     0.916      0.741


=== Confusion Matrix ===

    a    b   <-- classified as
 1046   29 |    a = 0
   65   62 |    b = 1

