
Time taken to build model: 0.25 seconds
Time taken to test model on training data: 0.05 seconds

=== Error on training data ===

Correctly Classified Instances        1178               98.0033 %
Incorrectly Classified Instances        24                1.9967 %
Kappa statistic                          0.7589
Mean absolute error                      0.0367
Root mean squared error                  0.1354
Relative absolute error                 40.9549 %
Root relative squared error             64.2412 %
Total Number of Instances             1202     


=== Detailed Accuracy By Class ===

               TP Rate   FP Rate   Precision   Recall  F-Measure   ROC Area  Class
                 0.993     0.286      0.986     0.993     0.99       0.854    0
                 0.714     0.007      0.833     0.714     0.769      0.854    1
Weighted Avg.    0.98      0.273      0.979     0.98      0.979      0.854


=== Confusion Matrix ===

    a    b   <-- classified as
 1138    8 |    a = 0
   16   40 |    b = 1



=== Stratified cross-validation ===

Correctly Classified Instances        1154               96.0067 %
Incorrectly Classified Instances        48                3.9933 %
Kappa statistic                          0.5427
Mean absolute error                      0.0531
Root mean squared error                  0.1811
Relative absolute error                 59.3191 %
Root relative squared error             85.9267 %
Total Number of Instances             1202     


=== Detailed Accuracy By Class ===

               TP Rate   FP Rate   Precision   Recall  F-Measure   ROC Area  Class
                 0.98      0.446      0.978     0.98      0.979      0.776    0
                 0.554     0.02       0.574     0.554     0.564      0.776    1
Weighted Avg.    0.96      0.427      0.959     0.96      0.96       0.776


=== Confusion Matrix ===

    a    b   <-- classified as
 1123   23 |    a = 0
   25   31 |    b = 1

