
Time taken to build model: 0.04 seconds
Time taken to test model on training data: 0.03 seconds

=== Error on training data ===

Correctly Classified Instances        1162               96.6722 %
Incorrectly Classified Instances        40                3.3278 %
Kappa statistic                          0.3628
Mean absolute error                      0.0333
Root mean squared error                  0.1824
Relative absolute error                 42.1731 %
Root relative squared error             92.25   %
Total Number of Instances             1202     


=== Detailed Accuracy By Class ===

               TP Rate   FP Rate   Precision   Recall  F-Measure   ROC Area  Class
                 0.997     0.755      0.969     0.997     0.983      0.621    0
                 0.245     0.003      0.8       0.245     0.375      0.621    1
Weighted Avg.    0.967     0.724      0.962     0.967     0.958      0.621


=== Confusion Matrix ===

    a    b   <-- classified as
 1150    3 |    a = 0
   37   12 |    b = 1



=== Stratified cross-validation ===

Correctly Classified Instances        1150               95.6739 %
Incorrectly Classified Instances        52                4.3261 %
Kappa statistic                          0.092 
Mean absolute error                      0.0433
Root mean squared error                  0.208 
Relative absolute error                 54.7702 %
Root relative squared error            105.1791 %
Total Number of Instances             1202     


=== Detailed Accuracy By Class ===

               TP Rate   FP Rate   Precision   Recall  F-Measure   ROC Area  Class
                 0.995     0.939      0.961     0.995     0.978      0.528    0
                 0.061     0.005      0.333     0.061     0.103      0.528    1
Weighted Avg.    0.957     0.901      0.936     0.957     0.942      0.528


=== Confusion Matrix ===

    a    b   <-- classified as
 1147    6 |    a = 0
   46    3 |    b = 1

