
Time taken to build model: 0.04 seconds
Time taken to test model on training data: 0.03 seconds

=== Error on training data ===

Correctly Classified Instances        1145               95.2579 %
Incorrectly Classified Instances        57                4.7421 %
Kappa statistic                          0.2833
Mean absolute error                      0.0474
Root mean squared error                  0.2178
Relative absolute error                 44.1548 %
Root relative squared error             94.2598 %
Total Number of Instances             1202     


=== Detailed Accuracy By Class ===

               TP Rate   FP Rate   Precision   Recall  F-Measure   ROC Area  Class
                 0.999     0.824      0.953     0.999     0.975      0.588    0
                 0.176     0.001      0.923     0.176     0.296      0.588    1
Weighted Avg.    0.953     0.777      0.951     0.953     0.937      0.588


=== Confusion Matrix ===

    a    b   <-- classified as
 1133    1 |    a = 0
   56   12 |    b = 1



=== Stratified cross-validation ===

Correctly Classified Instances        1144               95.1747 %
Incorrectly Classified Instances        58                4.8253 %
Kappa statistic                          0.2788
Mean absolute error                      0.0483
Root mean squared error                  0.2197
Relative absolute error                 44.8982 %
Root relative squared error             95.0807 %
Total Number of Instances             1202     


=== Detailed Accuracy By Class ===

               TP Rate   FP Rate   Precision   Recall  F-Measure   ROC Area  Class
                 0.998     0.824      0.953     0.998     0.975      0.587    0
                 0.176     0.002      0.857     0.176     0.293      0.587    1
Weighted Avg.    0.952     0.777      0.947     0.952     0.936      0.587


=== Confusion Matrix ===

    a    b   <-- classified as
 1132    2 |    a = 0
   56   12 |    b = 1

