
Time taken to build model: 0.1 seconds
Time taken to test model on training data: 0.05 seconds

=== Error on training data ===

Correctly Classified Instances        1199               99.7504 %
Incorrectly Classified Instances         3                0.2496 %
Kappa statistic                          0.9903
Mean absolute error                      0.005 
Root mean squared error                  0.0498
Relative absolute error                  1.9262 %
Root relative squared error             13.8896 %
Total Number of Instances             1202     


=== Detailed Accuracy By Class ===

               TP Rate   FP Rate   Precision   Recall  F-Measure   ROC Area  Class
                 0.999     0.011      0.998     0.999     0.999      0.998    0
                 0.989     0.001      0.994     0.989     0.992      0.998    1
Weighted Avg.    0.998     0.009      0.998     0.998     0.998      0.998


=== Confusion Matrix ===

    a    b   <-- classified as
 1019    1 |    a = 0
    2  180 |    b = 1



=== Stratified cross-validation ===

Correctly Classified Instances        1194               99.3344 %
Incorrectly Classified Instances         8                0.6656 %
Kappa statistic                          0.9741
Mean absolute error                      0.009 
Root mean squared error                  0.081 
Relative absolute error                  3.4792 %
Root relative squared error             22.6099 %
Total Number of Instances             1202     


=== Detailed Accuracy By Class ===

               TP Rate   FP Rate   Precision   Recall  F-Measure   ROC Area  Class
                 0.996     0.022      0.996     0.996     0.996      0.994    0
                 0.978     0.004      0.978     0.978     0.978      0.994    1
Weighted Avg.    0.993     0.019      0.993     0.993     0.993      0.994


=== Confusion Matrix ===

    a    b   <-- classified as
 1016    4 |    a = 0
    4  178 |    b = 1

