
Time taken to build model: 0.27 seconds
Time taken to test model on training data: 0.03 seconds

=== Error on training data ===

Correctly Classified Instances        1171               97.421  %
Incorrectly Classified Instances        31                2.579  %
Kappa statistic                          0.8517
Mean absolute error                      0.043 
Root mean squared error                  0.1466
Relative absolute error                 22.6783 %
Root relative squared error             47.6867 %
Total Number of Instances             1202     


=== Detailed Accuracy By Class ===

               TP Rate   FP Rate   Precision   Recall  F-Measure   ROC Area  Class
                 0.996     0.213      0.975     0.996     0.986      0.976    0
                 0.787     0.004      0.962     0.787     0.866      0.976    1
Weighted Avg.    0.974     0.191      0.974     0.974     0.973      0.976


=== Confusion Matrix ===

    a    b   <-- classified as
 1071    4 |    a = 0
   27  100 |    b = 1



=== Stratified cross-validation ===

Correctly Classified Instances        1099               91.4309 %
Incorrectly Classified Instances       103                8.5691 %
Kappa statistic                          0.5286
Mean absolute error                      0.095 
Root mean squared error                  0.2761
Relative absolute error                 50.1029 %
Root relative squared error             89.8106 %
Total Number of Instances             1202     


=== Detailed Accuracy By Class ===

               TP Rate   FP Rate   Precision   Recall  F-Measure   ROC Area  Class
                 0.957     0.449      0.948     0.957     0.952      0.828    0
                 0.551     0.043      0.603     0.551     0.576      0.828    1
Weighted Avg.    0.914     0.406      0.911     0.914     0.913      0.828


=== Confusion Matrix ===

    a    b   <-- classified as
 1029   46 |    a = 0
   57   70 |    b = 1

