
Time taken to build model: 0.13 seconds
Time taken to test model on training data: 0.03 seconds

=== Error on training data ===

Correctly Classified Instances        1198               99.6672 %
Incorrectly Classified Instances         4                0.3328 %
Kappa statistic                          0.9598
Mean absolute error                      0.0063
Root mean squared error                  0.0562
Relative absolute error                  7.5739 %
Root relative squared error             27.6355 %
Total Number of Instances             1202     


=== Detailed Accuracy By Class ===

               TP Rate   FP Rate   Precision   Recall  F-Measure   ROC Area  Class
                 0.998     0.038      0.998     0.998     0.998      0.994    0
                 0.962     0.002      0.962     0.962     0.962      0.994    1
Weighted Avg.    0.997     0.037      0.997     0.997     0.997      0.994


=== Confusion Matrix ===

    a    b   <-- classified as
 1148    2 |    a = 0
    2   50 |    b = 1



=== Stratified cross-validation ===

Correctly Classified Instances        1195               99.4176 %
Incorrectly Classified Instances         7                0.5824 %
Kappa statistic                          0.9303
Mean absolute error                      0.0089
Root mean squared error                  0.0773
Relative absolute error                 10.6513 %
Root relative squared error             38.0065 %
Total Number of Instances             1202     


=== Detailed Accuracy By Class ===

               TP Rate   FP Rate   Precision   Recall  F-Measure   ROC Area  Class
                 0.997     0.058      0.997     0.997     0.997      0.961    0
                 0.942     0.003      0.925     0.942     0.933      0.961    1
Weighted Avg.    0.994     0.055      0.994     0.994     0.994      0.961


=== Confusion Matrix ===

    a    b   <-- classified as
 1146    4 |    a = 0
    3   49 |    b = 1

