
Time taken to build model: 0.13 seconds
Time taken to test model on training data: 0.03 seconds

=== Error on training data ===

Correctly Classified Instances        1190               99.0017 %
Incorrectly Classified Instances        12                0.9983 %
Kappa statistic                          0.8857
Mean absolute error                      0.0173
Root mean squared error                  0.0931
Relative absolute error                 19.3622 %
Root relative squared error             44.1711 %
Total Number of Instances             1202     


=== Detailed Accuracy By Class ===

               TP Rate   FP Rate   Precision   Recall  F-Measure   ROC Area  Class
                 0.996     0.125      0.994     0.996     0.995      0.994    0
                 0.875     0.004      0.907     0.875     0.891      0.994    1
Weighted Avg.    0.99      0.119      0.99      0.99      0.99       0.994


=== Confusion Matrix ===

    a    b   <-- classified as
 1141    5 |    a = 0
    7   49 |    b = 1



=== Stratified cross-validation ===

Correctly Classified Instances        1163               96.7554 %
Incorrectly Classified Instances        39                3.2446 %
Kappa statistic                          0.6378
Mean absolute error                      0.0346
Root mean squared error                  0.1634
Relative absolute error                 38.6274 %
Root relative squared error             77.5431 %
Total Number of Instances             1202     


=== Detailed Accuracy By Class ===

               TP Rate   FP Rate   Precision   Recall  F-Measure   ROC Area  Class
                 0.983     0.339      0.983     0.983     0.983      0.894    0
                 0.661     0.017      0.649     0.661     0.655      0.894    1
Weighted Avg.    0.968     0.324      0.968     0.968     0.968      0.894


=== Confusion Matrix ===

    a    b   <-- classified as
 1126   20 |    a = 0
   19   37 |    b = 1

