
Time taken to build model: 0.17 seconds
Time taken to test model on training data: 0.04 seconds

=== Error on training data ===

Correctly Classified Instances        1196               99.5008 %
Incorrectly Classified Instances         6                0.4992 %
Kappa statistic                          0.9664
Mean absolute error                      0.0096
Root mean squared error                  0.0692
Relative absolute error                  6.3197 %
Root relative squared error             25.1871 %
Total Number of Instances             1202     


=== Detailed Accuracy By Class ===

               TP Rate   FP Rate   Precision   Recall  F-Measure   ROC Area  Class
                 0.999     0.051      0.995     0.999     0.997      0.997    0
                 0.949     0.001      0.989     0.949     0.969      0.997    1
Weighted Avg.    0.995     0.046      0.995     0.995     0.995      0.997


=== Confusion Matrix ===

    a    b   <-- classified as
 1102    1 |    a = 0
    5   94 |    b = 1



=== Stratified cross-validation ===

Correctly Classified Instances        1161               96.589  %
Incorrectly Classified Instances        41                3.411  %
Kappa statistic                          0.7623
Mean absolute error                      0.0398
Root mean squared error                  0.1816
Relative absolute error                 26.2069 %
Root relative squared error             66.0481 %
Total Number of Instances             1202     


=== Detailed Accuracy By Class ===

               TP Rate   FP Rate   Precision   Recall  F-Measure   ROC Area  Class
                 0.986     0.263      0.977     0.986     0.982      0.89     0
                 0.737     0.014      0.83      0.737     0.781      0.89     1
Weighted Avg.    0.966     0.242      0.965     0.966     0.965      0.89 


=== Confusion Matrix ===

    a    b   <-- classified as
 1088   15 |    a = 0
   26   73 |    b = 1

