
Time taken to build model: 0.17 seconds
Time taken to test model on training data: 0.05 seconds

=== Error on training data ===

Correctly Classified Instances        1176               97.8369 %
Incorrectly Classified Instances        26                2.1631 %
Kappa statistic                          0.8528
Mean absolute error                      0.0216
Root mean squared error                  0.1471
Relative absolute error                 14.2553 %
Root relative squared error             53.4973 %
Total Number of Instances             1202     


=== Detailed Accuracy By Class ===

               TP Rate   FP Rate   Precision   Recall  F-Measure   ROC Area  Class
                 0.991     0.162      0.986     0.991     0.988      0.915    0
                 0.838     0.009      0.892     0.838     0.865      0.915    1
Weighted Avg.    0.978     0.149      0.978     0.978     0.978      0.915


=== Confusion Matrix ===

    a    b   <-- classified as
 1093   10 |    a = 0
   16   83 |    b = 1



=== Stratified cross-validation ===

Correctly Classified Instances        1139               94.7587 %
Incorrectly Classified Instances        63                5.2413 %
Kappa statistic                          0.6082
Mean absolute error                      0.0524
Root mean squared error                  0.2289
Relative absolute error                 34.5267 %
Root relative squared error             83.2744 %
Total Number of Instances             1202     


=== Detailed Accuracy By Class ===

               TP Rate   FP Rate   Precision   Recall  F-Measure   ROC Area  Class
                 0.983     0.444      0.961     0.983     0.972      0.769    0
                 0.556     0.017      0.743     0.556     0.636      0.769    1
Weighted Avg.    0.948     0.409      0.943     0.948     0.944      0.769


=== Confusion Matrix ===

    a    b   <-- classified as
 1084   19 |    a = 0
   44   55 |    b = 1

