
Time taken to build model: 0.19 seconds
Time taken to test model on training data: 0.05 seconds

=== Error on training data ===

Correctly Classified Instances        1125               93.594  %
Incorrectly Classified Instances        77                6.406  %
Kappa statistic                          0.4146
Mean absolute error                      0.0641
Root mean squared error                  0.2531
Relative absolute error                 39.6945 %
Root relative squared error             89.2561 %
Total Number of Instances             1202     


=== Detailed Accuracy By Class ===

               TP Rate   FP Rate   Precision   Recall  F-Measure   ROC Area  Class
                 0.999     0.717      0.935     0.999     0.966      0.641    0
                 0.283     0.001      0.968     0.283     0.438      0.641    1
Weighted Avg.    0.936     0.654      0.938     0.936     0.919      0.641


=== Confusion Matrix ===

    a    b   <-- classified as
 1095    1 |    a = 0
   76   30 |    b = 1



=== Stratified cross-validation ===

Correctly Classified Instances        1109               92.2629 %
Incorrectly Classified Instances        93                7.7371 %
Kappa statistic                          0.2748
Mean absolute error                      0.0774
Root mean squared error                  0.2782
Relative absolute error                 47.9232 %
Root relative squared error             98.0898 %
Total Number of Instances             1202     


=== Detailed Accuracy By Class ===

               TP Rate   FP Rate   Precision   Recall  F-Measure   ROC Area  Class
                 0.994     0.811      0.927     0.994     0.959      0.591    0
                 0.189     0.006      0.741     0.189     0.301      0.591    1
Weighted Avg.    0.923     0.74       0.91      0.923     0.901      0.591


=== Confusion Matrix ===

    a    b   <-- classified as
 1089    7 |    a = 0
   86   20 |    b = 1

