
Time taken to build model: 0.24 seconds
Time taken to test model on training data: 0.03 seconds

=== Error on training data ===

Correctly Classified Instances        1137               94.5923 %
Incorrectly Classified Instances        65                5.4077 %
Kappa statistic                          0.6433
Mean absolute error                      0.0541
Root mean squared error                  0.2325
Relative absolute error                 28.5358 %
Root relative squared error             75.6488 %
Total Number of Instances             1202     


=== Detailed Accuracy By Class ===

               TP Rate   FP Rate   Precision   Recall  F-Measure   ROC Area  Class
                 0.996     0.48       0.946     0.996     0.971      0.758    0
                 0.52      0.004      0.943     0.52      0.67       0.758    1
Weighted Avg.    0.946     0.43       0.946     0.946     0.939      0.758


=== Confusion Matrix ===

    a    b   <-- classified as
 1071    4 |    a = 0
   61   66 |    b = 1



=== Stratified cross-validation ===

Correctly Classified Instances        1108               92.1797 %
Incorrectly Classified Instances        94                7.8203 %
Kappa statistic                          0.5034
Mean absolute error                      0.0782
Root mean squared error                  0.2796
Relative absolute error                 41.2541 %
Root relative squared error             90.9707 %
Total Number of Instances             1202     


=== Detailed Accuracy By Class ===

               TP Rate   FP Rate   Precision   Recall  F-Measure   ROC Area  Class
                 0.979     0.559      0.937     0.979     0.957      0.71     0
                 0.441     0.021      0.709     0.441     0.544      0.71     1
Weighted Avg.    0.922     0.502      0.913     0.922     0.914      0.71 


=== Confusion Matrix ===

    a    b   <-- classified as
 1052   23 |    a = 0
   71   56 |    b = 1

