
Time taken to build model: 0.14 seconds
Time taken to test model on training data: 0.05 seconds

=== Error on training data ===

Correctly Classified Instances        1174               97.6705 %
Incorrectly Classified Instances        28                2.3295 %
Kappa statistic                          0.6626
Mean absolute error                      0.0233
Root mean squared error                  0.1526
Relative absolute error                 29.5212 %
Root relative squared error             77.1819 %
Total Number of Instances             1202     


=== Detailed Accuracy By Class ===

               TP Rate   FP Rate   Precision   Recall  F-Measure   ROC Area  Class
                 0.993     0.408      0.983     0.993     0.988      0.792    0
                 0.592     0.007      0.784     0.592     0.674      0.792    1
Weighted Avg.    0.977     0.392      0.975     0.977     0.975      0.792


=== Confusion Matrix ===

    a    b   <-- classified as
 1145    8 |    a = 0
   20   29 |    b = 1



=== Stratified cross-validation ===

Correctly Classified Instances        1171               97.421  %
Incorrectly Classified Instances        31                2.579  %
Kappa statistic                          0.5951
Mean absolute error                      0.0258
Root mean squared error                  0.1606
Relative absolute error                 32.6515 %
Root relative squared error             81.2098 %
Total Number of Instances             1202     


=== Detailed Accuracy By Class ===

               TP Rate   FP Rate   Precision   Recall  F-Measure   ROC Area  Class
                 0.995     0.51       0.979     0.995     0.987      0.742    0
                 0.49      0.005      0.8       0.49      0.608      0.742    1
Weighted Avg.    0.974     0.49       0.971     0.974     0.971      0.742


=== Confusion Matrix ===

    a    b   <-- classified as
 1147    6 |    a = 0
   25   24 |    b = 1

