
Time taken to build model: 0.15 seconds
Time taken to test model on training data: 0.05 seconds

=== Error on training data ===

Correctly Classified Instances        1198               99.6672 %
Incorrectly Classified Instances         4                0.3328 %
Kappa statistic                          0.959 
Mean absolute error                      0.0033
Root mean squared error                  0.0577
Relative absolute error                  3.9867 %
Root relative squared error             28.3549 %
Total Number of Instances             1202     


=== Detailed Accuracy By Class ===

               TP Rate   FP Rate   Precision   Recall  F-Measure   ROC Area  Class
                 0.999     0.058      0.997     0.999     0.998      0.971    0
                 0.942     0.001      0.98      0.942     0.961      0.971    1
Weighted Avg.    0.997     0.055      0.997     0.997     0.997      0.971


=== Confusion Matrix ===

    a    b   <-- classified as
 1149    1 |    a = 0
    3   49 |    b = 1



=== Stratified cross-validation ===

Correctly Classified Instances        1190               99.0017 %
Incorrectly Classified Instances        12                0.9983 %
Kappa statistic                          0.8837
Mean absolute error                      0.01  
Root mean squared error                  0.0999
Relative absolute error                 11.9489 %
Root relative squared error             49.1107 %
Total Number of Instances             1202     


=== Detailed Accuracy By Class ===

               TP Rate   FP Rate   Precision   Recall  F-Measure   ROC Area  Class
                 0.993     0.077      0.997     0.993     0.995      0.958    0
                 0.923     0.007      0.857     0.923     0.889      0.958    1
Weighted Avg.    0.99      0.074      0.99      0.99      0.99       0.958


=== Confusion Matrix ===

    a    b   <-- classified as
 1142    8 |    a = 0
    4   48 |    b = 1

