
Time taken to build model: 1.02 seconds
Time taken to test model on training data: 0.04 seconds

=== Error on training data ===

Correctly Classified Instances        1151               95.7571 %
Incorrectly Classified Instances        51                4.2429 %
Kappa statistic                          0.0697
Mean absolute error                      0.0748
Root mean squared error                  0.1901
Relative absolute error                 87.9858 %
Root relative squared error             92.5879 %
Total Number of Instances             1202     


=== Detailed Accuracy By Class ===

               TP Rate   FP Rate   Precision   Recall  F-Measure   ROC Area  Class
                 1         0.962      0.958     1         0.978      0.867    0
                 0.038     0          1         0.038     0.073      0.867    1
Weighted Avg.    0.958     0.92       0.959     0.958     0.938      0.867


=== Confusion Matrix ===

    a    b   <-- classified as
 1149    0 |    a = 0
   51    2 |    b = 1



=== Stratified cross-validation ===

Correctly Classified Instances        1152               95.8403 %
Incorrectly Classified Instances        50                4.1597 %
Kappa statistic                          0.1313
Mean absolute error                      0.0761
Root mean squared error                  0.1949
Relative absolute error                 89.5085 %
Root relative squared error             94.9448 %
Total Number of Instances             1202     


=== Detailed Accuracy By Class ===

               TP Rate   FP Rate   Precision   Recall  F-Measure   ROC Area  Class
                 0.999     0.925      0.959     0.999     0.979      0.816    0
                 0.075     0.001      0.8       0.075     0.138      0.816    1
Weighted Avg.    0.958     0.884      0.952     0.958     0.942      0.816


=== Confusion Matrix ===

    a    b   <-- classified as
 1148    1 |    a = 0
   49    4 |    b = 1

