
Time taken to build model: 0.91 seconds
Time taken to test model on training data: 0.04 seconds

=== Error on training data ===

Correctly Classified Instances        1099               91.4309 %
Incorrectly Classified Instances       103                8.5691 %
Kappa statistic                          0.0646
Mean absolute error                      0.144 
Root mean squared error                  0.2676
Relative absolute error                 89.2423 %
Root relative squared error             94.3864 %
Total Number of Instances             1202     


=== Detailed Accuracy By Class ===

               TP Rate   FP Rate   Precision   Recall  F-Measure   ROC Area  Class
                 0.999     0.962      0.915     0.999     0.955      0.772    0
                 0.038     0.001      0.8       0.038     0.072      0.772    1
Weighted Avg.    0.914     0.877      0.905     0.914     0.877      0.772


=== Confusion Matrix ===

    a    b   <-- classified as
 1095    1 |    a = 0
  102    4 |    b = 1



=== Stratified cross-validation ===

Correctly Classified Instances        1098               91.3478 %
Incorrectly Classified Instances       104                8.6522 %
Kappa statistic                          0.0484
Mean absolute error                      0.1495
Root mean squared error                  0.2726
Relative absolute error                 92.603  %
Root relative squared error             96.1329 %
Total Number of Instances             1202     


=== Detailed Accuracy By Class ===

               TP Rate   FP Rate   Precision   Recall  F-Measure   ROC Area  Class
                 0.999     0.972      0.914     0.999     0.955      0.72     0
                 0.028     0.001      0.75      0.028     0.055      0.72     1
Weighted Avg.    0.913     0.886      0.9       0.913     0.875      0.72 


=== Confusion Matrix ===

    a    b   <-- classified as
 1095    1 |    a = 0
  103    3 |    b = 1

