
Options: -X 1 -S "weka.attributeSelection.BestFirst -D 1 -N 5" -R 

Decision Table:

Number of training instances: 1202
Number of Rules : 44
Non matches covered by Majority class.
	Best first.
	Start set: no attributes
	Search direction: forward
	Stale search after 5 node expansions
	Total number of subsets evaluated: 100
	Merit of best subset found:   97.338
Evaluation (for feature selection): CV (leave one out) 
Feature set: 5,6,8,9,11,15

Rules:
==================================================================================================================================================================================
avgNNZPerRow                 stdNNZPerRow                 maxEig                       isMaxEigNegative             isBlockDiagonal              isPowerNetworkProblem  
==================================================================================================================================================================================
'(-inf-101.028489]'          '(102.116573-inf)'           '(522876.948871-inf)'        false                        false                        0
'(101.028489-inf)'           '(102.116573-inf)'           '(522876.948871-inf)'        false                        false                        0
'(101.028489-inf)'           '(-inf-102.116573]'          '(522876.948871-inf)'        false                        false                        0
'(-inf-101.028489]'          '(-inf-102.116573]'          '(522876.948871-inf)'        false                        false                        0
'(-inf-101.028489]'          '(102.116573-inf)'           '(882.514595-522876.948871]' false                        false                        0
'(101.028489-inf)'           '(-inf-102.116573]'          '(882.514595-522876.948871]' false                        false                        0
'(-inf-101.028489]'          '(102.116573-inf)'           '(522876.948871-inf)'        true                         false                        0
'(101.028489-inf)'           '(102.116573-inf)'           '(522876.948871-inf)'        true                         false                        0
'(-inf-101.028489]'          '(-inf-102.116573]'          '(882.514595-522876.948871]' false                        false                        0
'(-inf-101.028489]'          '(-inf-102.116573]'          '(522876.948871-inf)'        true                         false                        0
'(-inf-101.028489]'          '(102.116573-inf)'           '(522876.948871-inf)'        false                        true                         0
'(-inf-101.028489]'          '(102.116573-inf)'           ?                            false                        false                        0
'(-inf-101.028489]'          '(102.116573-inf)'           '(882.514595-522876.948871]' true                         false                        0
'(-inf-101.028489]'          '(-inf-102.116573]'          '(522876.948871-inf)'        false                        true                         0
'(-inf-101.028489]'          '(-inf-102.116573]'          ?                            false                        false                        0
'(101.028489-inf)'           '(102.116573-inf)'           '(3.888835-809.47682]'       false                        false                        0
'(-inf-101.028489]'          '(102.116573-inf)'           '(882.514595-522876.948871]' false                        true                         0
'(-inf-101.028489]'          '(102.116573-inf)'           '(3.888835-809.47682]'       false                        false                        0
'(-inf-101.028489]'          '(-inf-102.116573]'          '(882.514595-522876.948871]' true                         false                        0
'(101.028489-inf)'           '(-inf-102.116573]'          '(3.888835-809.47682]'       false                        false                        0
'(-inf-101.028489]'          '(-inf-102.116573]'          '(882.514595-522876.948871]' false                        true                         0
'(-inf-101.028489]'          '(-inf-102.116573]'          '(3.888835-809.47682]'       false                        false                        0
'(101.028489-inf)'           '(102.116573-inf)'           '(-inf-3.888835]'            false                        false                        0
'(-inf-101.028489]'          '(102.116573-inf)'           '(-inf-3.888835]'            false                        false                        0
'(-inf-101.028489]'          '(-inf-102.116573]'          '(522876.948871-inf)'        true                         true                         0
'(-inf-101.028489]'          '(102.116573-inf)'           ?                            false                        true                         0
'(-inf-101.028489]'          '(102.116573-inf)'           '(3.888835-809.47682]'       true                         false                        0
'(-inf-101.028489]'          '(102.116573-inf)'           '(882.514595-522876.948871]' true                         true                         1
'(-inf-101.028489]'          '(-inf-102.116573]'          '(-inf-3.888835]'            false                        false                        0
'(101.028489-inf)'           '(102.116573-inf)'           '(882.514595-522876.948871]' true                         true                         1
'(-inf-101.028489]'          '(-inf-102.116573]'          ?                            false                        true                         0
'(-inf-101.028489]'          '(102.116573-inf)'           '(3.888835-809.47682]'       false                        true                         0
'(101.028489-inf)'           '(102.116573-inf)'           '(3.888835-809.47682]'       false                        true                         0
'(-inf-101.028489]'          '(-inf-102.116573]'          '(882.514595-522876.948871]' true                         true                         0
'(-inf-101.028489]'          '(-inf-102.116573]'          '(3.888835-809.47682]'       true                         false                        0
'(101.028489-inf)'           '(-inf-102.116573]'          '(3.888835-809.47682]'       false                        true                         0
'(101.028489-inf)'           '(102.116573-inf)'           '(809.47682-882.514595]'     true                         true                         1
'(-inf-101.028489]'          '(-inf-102.116573]'          '(3.888835-809.47682]'       false                        true                         0
'(-inf-101.028489]'          '(-inf-102.116573]'          '(809.47682-882.514595]'     true                         true                         1
'(-inf-101.028489]'          '(102.116573-inf)'           '(-inf-3.888835]'            false                        true                         0
'(-inf-101.028489]'          '(-inf-102.116573]'          '(-inf-3.888835]'            true                         false                        0
'(-inf-101.028489]'          '(-inf-102.116573]'          '(-inf-3.888835]'            false                        true                         0
'(-inf-101.028489]'          '(-inf-102.116573]'          '(3.888835-809.47682]'       true                         true                         0
'(-inf-101.028489]'          '(-inf-102.116573]'          '(-inf-3.888835]'            true                         true                         0
==================================================================================================================================================================================



Time taken to build model: 0.35 seconds
Time taken to test model on training data: 0.05 seconds

=== Error on training data ===

Correctly Classified Instances        1173               97.5874 %
Incorrectly Classified Instances        29                2.4126 %
Kappa statistic                          0.581 
Mean absolute error                      0.0729
Root mean squared error                  0.1649
Relative absolute error                 92.3938 %
Root relative squared error             83.3895 %
Total Number of Instances             1202     


=== Detailed Accuracy By Class ===

               TP Rate   FP Rate   Precision   Recall  F-Measure   ROC Area  Class
                 0.999     0.571      0.976     0.999     0.988      0.85     0
                 0.429     0.001      0.955     0.429     0.592      0.85     1
Weighted Avg.    0.976     0.548      0.975     0.976     0.971      0.85 


=== Confusion Matrix ===

    a    b   <-- classified as
 1152    1 |    a = 0
   28   21 |    b = 1



=== Stratified cross-validation ===

Correctly Classified Instances        1152               95.8403 %
Incorrectly Classified Instances        50                4.1597 %
Kappa statistic                         -0.0016
Mean absolute error                      0.0788
Root mean squared error                  0.199 
Relative absolute error                 99.7359 %
Root relative squared error            100.6521 %
Total Number of Instances             1202     


=== Detailed Accuracy By Class ===

               TP Rate   FP Rate   Precision   Recall  F-Measure   ROC Area  Class
                 0.999     1          0.959     0.999     0.979      0.549    0
                 0         0.001      0         0         0          0.549    1
Weighted Avg.    0.958     0.959      0.92      0.958     0.939      0.549


=== Confusion Matrix ===

    a    b   <-- classified as
 1152    1 |    a = 0
   49    0 |    b = 1

