
Options: -X 1 -S "weka.attributeSelection.BestFirst -D 1 -N 5" -R 

Decision Table:

Number of training instances: 92
Number of Rules : 1
Non matches covered by Majority class.
	Best first.
	Start set: no attributes
	Search direction: forward
	Stale search after 5 node expansions
	Total number of subsets evaluated: 66
	Merit of best subset found:   95.652
Evaluation (for feature selection): CV (leave one out) 
Feature set: 15

Rules:
=========================
is2D3DProblem  
=========================
0
=========================



Time taken to build model: 0.07 seconds
Time taken to test model on training data: 0.01 seconds

=== Error on training data ===

Correctly Classified Instances          88               95.6522 %
Incorrectly Classified Instances         4                4.3478 %
Kappa statistic                          0     
Mean absolute error                      0.0926
Root mean squared error                  0.2042
Relative absolute error                100.5674 %
Root relative squared error            100.0137 %
Total Number of Instances               92     


=== Detailed Accuracy By Class ===

               TP Rate   FP Rate   Precision   Recall  F-Measure   ROC Area  Class
                 1         1          0.957     1         0.978      0.5      0
                 0         0          0         0         0          0.5      1
Weighted Avg.    0.957     0.957      0.915     0.957     0.935      0.5  


=== Confusion Matrix ===

  a  b   <-- classified as
 88  0 |  a = 0
  4  0 |  b = 1



=== Stratified cross-validation ===

Correctly Classified Instances          88               95.6522 %
Incorrectly Classified Instances         4                4.3478 %
Kappa statistic                          0     
Mean absolute error                      0.0917
Root mean squared error                  0.2052
Relative absolute error                 98.1454 %
Root relative squared error             99.7304 %
Total Number of Instances               92     


=== Detailed Accuracy By Class ===

               TP Rate   FP Rate   Precision   Recall  F-Measure   ROC Area  Class
                 1         1          0.957     1         0.978      0.341    0
                 0         0          0         0         0          0.341    1
Weighted Avg.    0.957     0.957      0.915     0.957     0.935      0.341


=== Confusion Matrix ===

  a  b   <-- classified as
 88  0 |  a = 0
  4  0 |  b = 1

