
Options: -X 1 -S "weka.attributeSelection.BestFirst -D 1 -N 5" -R 

Decision Table:

Number of training instances: 92
Number of Rules : 1
Non matches covered by Majority class.
	Best first.
	Start set: no attributes
	Search direction: forward
	Stale search after 5 node expansions
	Total number of subsets evaluated: 66
	Merit of best subset found:   93.478
Evaluation (for feature selection): CV (leave one out) 
Feature set: 15

Rules:
=============================
isUndirectedGraph  
=============================
0
=============================



Time taken to build model: 0.07 seconds
Time taken to test model on training data: 0.01 seconds

=== Error on training data ===

Correctly Classified Instances          86               93.4783 %
Incorrectly Classified Instances         6                6.5217 %
Kappa statistic                          0     
Mean absolute error                      0.1307
Root mean squared error                  0.2471
Relative absolute error                100.5357 %
Root relative squared error            100.0127 %
Total Number of Instances               92     


=== Detailed Accuracy By Class ===

               TP Rate   FP Rate   Precision   Recall  F-Measure   ROC Area  Class
                 1         1          0.935     1         0.966      0.5      0
                 0         0          0         0         0          0.5      1
Weighted Avg.    0.935     0.935      0.874     0.935     0.903      0.5  


=== Confusion Matrix ===

  a  b   <-- classified as
 86  0 |  a = 0
  6  0 |  b = 1



=== Stratified cross-validation ===

Correctly Classified Instances          86               93.4783 %
Incorrectly Classified Instances         6                6.5217 %
Kappa statistic                          0     
Mean absolute error                      0.1301
Root mean squared error                  0.2483
Relative absolute error                 99.0245 %
Root relative squared error             99.9617 %
Total Number of Instances               92     


=== Detailed Accuracy By Class ===

               TP Rate   FP Rate   Precision   Recall  F-Measure   ROC Area  Class
                 1         1          0.935     1         0.966      0.344    0
                 0         0          0         0         0          0.344    1
Weighted Avg.    0.935     0.935      0.874     0.935     0.903      0.344


=== Confusion Matrix ===

  a  b   <-- classified as
 86  0 |  a = 0
  6  0 |  b = 1

