
Options: -X 1 -S "weka.attributeSelection.BestFirst -D 1 -N 5" -R 

Decision Table:

Number of training instances: 92
Number of Rules : 1
Non matches covered by Majority class.
	Best first.
	Start set: no attributes
	Search direction: forward
	Stale search after 5 node expansions
	Total number of subsets evaluated: 66
	Merit of best subset found:   92.391
Evaluation (for feature selection): CV (leave one out) 
Feature set: 15

Rules:
=======================================
isCircuitSimulationProblems  
=======================================
0
=======================================



Time taken to build model: 0.07 seconds
Time taken to test model on training data: 0.01 seconds

=== Error on training data ===

Correctly Classified Instances          85               92.3913 %
Incorrectly Classified Instances         7                7.6087 %
Kappa statistic                          0     
Mean absolute error                      0.149 
Root mean squared error                  0.2653
Relative absolute error                100.5234 %
Root relative squared error            100.0123 %
Total Number of Instances               92     


=== Detailed Accuracy By Class ===

               TP Rate   FP Rate   Precision   Recall  F-Measure   ROC Area  Class
                 1         1          0.924     1         0.96       0.5      0
                 0         0          0         0         0          0.5      1
Weighted Avg.    0.924     0.924      0.854     0.924     0.887      0.5  


=== Confusion Matrix ===

  a  b   <-- classified as
 85  0 |  a = 0
  7  0 |  b = 1



=== Stratified cross-validation ===

Correctly Classified Instances          85               92.3913 %
Incorrectly Classified Instances         7                7.6087 %
Kappa statistic                          0     
Mean absolute error                      0.1483
Root mean squared error                  0.2662
Relative absolute error                 99.2015 %
Root relative squared error             99.9286 %
Total Number of Instances               92     


=== Detailed Accuracy By Class ===

               TP Rate   FP Rate   Precision   Recall  F-Measure   ROC Area  Class
                 1         1          0.924     1         0.96       0.393    0
                 0         0          0         0         0          0.393    1
Weighted Avg.    0.924     0.924      0.854     0.924     0.887      0.393


=== Confusion Matrix ===

  a  b   <-- classified as
 85  0 |  a = 0
  7  0 |  b = 1

