
Options: -X 1 -R 

Decision Table:

Number of training instances: 92
Number of Rules : 1
Non matches covered by Majority class.
Evaluation (for feature selection): CV (leave one out) 
Feature set: 15

Rules:
===============================================
isComputationalFluidDynamicsProblem  
===============================================
0
===============================================

Naive Bayes Classifier

                              Class
Attribute                         0      1
                             (0.89) (0.11)
===========================================
numberOfRows
  'All'                         84.0   10.0
  [total]                       84.0   10.0

numberOfConnectedComponent
  'All'                         84.0   10.0
  [total]                       84.0   10.0

numberOfBlockFromDmPerm
  'All'                         84.0   10.0
  [total]                       84.0   10.0

normalizedAvgNNZPerRow
  'All'                         84.0   10.0
  [total]                       84.0   10.0

avgNNZPerRow
  'All'                         84.0   10.0
  [total]                       84.0   10.0

stdNNZPerRow
  'All'                         84.0   10.0
  [total]                       84.0   10.0

varNNZPerRow
  'All'                         84.0   10.0
  [total]                       84.0   10.0

maxEig
  'All'                         81.0   10.0
  [total]                       81.0   10.0

isMaxEigNegative
  true                           9.0    3.0
  false                         76.0    8.0
  [total]                       85.0   11.0

isDiagonallyDominant
  true                           5.0    1.0
  false                         80.0   10.0
  [total]                       85.0   11.0

isBlockDiagonal
  true                          59.0    6.0
  false                         26.0    5.0
  [total]                       85.0   11.0

isDiagonal
  true                           5.0    1.0
  false                         80.0   10.0
  [total]                       85.0   11.0

field
  real                          62.0   10.0
  pattern                       23.0    1.0
  integer                        1.0    1.0
  complex                        1.0    1.0
  [total]                       87.0   13.0

symmetric
  symmetric                     49.0    3.0
  general                       36.0    8.0
  skew-symmetric                 1.0    1.0
  [total]                       86.0   12.0



Time taken to build model: 0.24 seconds
Time taken to test model on training data: 0.01 seconds

=== Error on training data ===

Correctly Classified Instances          83               90.2174 %
Incorrectly Classified Instances         9                9.7826 %
Kappa statistic                          0     
Mean absolute error                      0.1843
Root mean squared error                  0.2972
Relative absolute error                100.5017 %
Root relative squared error            100.0118 %
Total Number of Instances               92     


=== Detailed Accuracy By Class ===

               TP Rate   FP Rate   Precision   Recall  F-Measure   ROC Area  Class
                 1         1          0.902     1         0.949      0.5      0
                 0         0          0         0         0          0.5      1
Weighted Avg.    0.902     0.902      0.814     0.902     0.856      0.5  


=== Confusion Matrix ===

  a  b   <-- classified as
 83  0 |  a = 0
  9  0 |  b = 1



=== Stratified cross-validation ===

Correctly Classified Instances          83               90.2174 %
Incorrectly Classified Instances         9                9.7826 %
Kappa statistic                          0     
Mean absolute error                      0.1815
Root mean squared error                  0.2964
Relative absolute error                 98.4575 %
Root relative squared error             99.597  %
Total Number of Instances               92     


=== Detailed Accuracy By Class ===

               TP Rate   FP Rate   Precision   Recall  F-Measure   ROC Area  Class
                 1         1          0.902     1         0.949      0.56     0
                 0         0          0         0         0          0.56     1
Weighted Avg.    0.902     0.902      0.814     0.902     0.856      0.56 


=== Confusion Matrix ===

  a  b   <-- classified as
 83  0 |  a = 0
  9  0 |  b = 1

