
Options: -I 0 -M 500 -H 50 -W 0.0 

SimpleLogistic:

Class 0 :
0    + 

Class 1 :
0    + 


Time taken to build model: 0.25 seconds
Time taken to test model on training data: 0.01 seconds

=== Error on training data ===

Correctly Classified Instances          91               98.913  %
Incorrectly Classified Instances         1                1.087  %
Kappa statistic                          0     
Mean absolute error                      0.5   
Root mean squared error                  0.5   
Relative absolute error               1578.1022 %
Root relative squared error            479.8004 %
Total Number of Instances               92     


=== Detailed Accuracy By Class ===

               TP Rate   FP Rate   Precision   Recall  F-Measure   ROC Area  Class
                 1         1          0.989     1         0.995      0.5      0
                 0         0          0         0         0          0.5      1
Weighted Avg.    0.989     0.989      0.978     0.989     0.984      0.5  


=== Confusion Matrix ===

  a  b   <-- classified as
 91  0 |  a = 0
  1  0 |  b = 1



=== Stratified cross-validation ===

Correctly Classified Instances          91               98.913  %
Incorrectly Classified Instances         1                1.087  %
Kappa statistic                          0     
Mean absolute error                      0.5   
Root mean squared error                  0.5   
Relative absolute error               1519.4301 %
Root relative squared error            474.1293 %
Total Number of Instances               92     


=== Detailed Accuracy By Class ===

               TP Rate   FP Rate   Precision   Recall  F-Measure   ROC Area  Class
                 1         1          0.989     1         0.995      0.5      0
                 0         0          0         0         0          0.5      1
Weighted Avg.    0.989     0.989      0.978     0.989     0.984      0.5  


=== Confusion Matrix ===

  a  b   <-- classified as
 91  0 |  a = 0
  1  0 |  b = 1

