
Options: -I 0 -M 500 -H 50 -W 0.0 

SimpleLogistic:

Class 0 :
1.55 + 
[numberOfRows] * 0    +
[normalizedAvgNNZPerRow] * 13.16 +
[isMaxEigNegative] * 0.57 +
[isBlockDiagonal] * -0.44

Class 1 :
-1.55 + 
[numberOfRows] * 0    +
[normalizedAvgNNZPerRow] * -13.16 +
[isMaxEigNegative] * -0.57 +
[isBlockDiagonal] * 0.44


Time taken to build model: 0.28 seconds
Time taken to test model on training data: 0.01 seconds

=== Error on training data ===

Correctly Classified Instances          88               95.6522 %
Incorrectly Classified Instances         4                4.3478 %
Kappa statistic                          0.3134
Mean absolute error                      0.0678
Root mean squared error                  0.1802
Relative absolute error                 73.6411 %
Root relative squared error             88.2487 %
Total Number of Instances               92     


=== Detailed Accuracy By Class ===

               TP Rate   FP Rate   Precision   Recall  F-Measure   ROC Area  Class
                 0.989     0.75       0.967     0.989     0.978      0.869    0
                 0.25      0.011      0.5       0.25      0.333      0.869    1
Weighted Avg.    0.957     0.718      0.946     0.957     0.95       0.869


=== Confusion Matrix ===

  a  b   <-- classified as
 87  1 |  a = 0
  3  1 |  b = 1



=== Stratified cross-validation ===

Correctly Classified Instances          87               94.5652 %
Incorrectly Classified Instances         5                5.4348 %
Kappa statistic                         -0.0177
Mean absolute error                      0.4215
Root mean squared error                  0.4652
Relative absolute error                451.0568 %
Root relative squared error            226.1469 %
Total Number of Instances               92     


=== Detailed Accuracy By Class ===

               TP Rate   FP Rate   Precision   Recall  F-Measure   ROC Area  Class
                 0.989     1          0.956     0.989     0.972      0.443    0
                 0         0.011      0         0         0          0.443    1
Weighted Avg.    0.946     0.957      0.914     0.946     0.93       0.443


=== Confusion Matrix ===

  a  b   <-- classified as
 87  1 |  a = 0
  4  0 |  b = 1

