
Time taken to build model: 0.24 seconds
Time taken to test model on training data: 0.04 seconds

=== Error on training data ===

Correctly Classified Instances        1175               95.684  %
Incorrectly Classified Instances        53                4.316  %
Kappa statistic                          0     
Mean absolute error                      0.0833
Root mean squared error                  0.2032
Relative absolute error                100.0392 %
Root relative squared error            100.0001 %
Total Number of Instances             1228     


=== Detailed Accuracy By Class ===

               TP Rate   FP Rate   Precision   Recall  F-Measure   ROC Area  Class
                 1         1          0.957     1         0.978      0.5      0
                 0         0          0         0         0          0.5      1
Weighted Avg.    0.957     0.957      0.916     0.957     0.936      0.5  


=== Confusion Matrix ===

    a    b   <-- classified as
 1175    0 |    a = 0
   53    0 |    b = 1



=== Stratified cross-validation ===

Correctly Classified Instances        1175               95.684  %
Incorrectly Classified Instances        53                4.316  %
Kappa statistic                          0     
Mean absolute error                      0.0834
Root mean squared error                  0.2032
Relative absolute error                100.0436 %
Root relative squared error            100.0001 %
Total Number of Instances             1228     


=== Detailed Accuracy By Class ===

               TP Rate   FP Rate   Precision   Recall  F-Measure   ROC Area  Class
                 1         1          0.957     1         0.978      0.479    0
                 0         0          0         0         0          0.479    1
Weighted Avg.    0.957     0.957      0.916     0.957     0.936      0.479


=== Confusion Matrix ===

    a    b   <-- classified as
 1175    0 |    a = 0
   53    0 |    b = 1

