
Time taken to build model: 1.15 seconds
Time taken to test model on training data: 0.04 seconds

=== Error on training data ===

Correctly Classified Instances        1214               98.8599 %
Incorrectly Classified Instances        14                1.1401 %
Kappa statistic                          0.8569
Mean absolute error                      0.0267
Root mean squared error                  0.1014
Relative absolute error                 29.4098 %
Root relative squared error             47.7774 %
Total Number of Instances             1228     


=== Detailed Accuracy By Class ===

               TP Rate   FP Rate   Precision   Recall  F-Measure   ROC Area  Class
                 1         0.241      0.988     1         0.994      0.945    0
                 0.759     0          1         0.759     0.863      0.945    1
Weighted Avg.    0.989     0.23       0.989     0.989     0.988      0.945


=== Confusion Matrix ===

    a    b   <-- classified as
 1170    0 |    a = 0
   14   44 |    b = 1



=== Stratified cross-validation ===

Correctly Classified Instances        1203               97.9642 %
Incorrectly Classified Instances        25                2.0358 %
Kappa statistic                          0.7421
Mean absolute error                      0.0376
Root mean squared error                  0.1316
Relative absolute error                 41.4818 %
Root relative squared error             62.0117 %
Total Number of Instances             1228     


=== Detailed Accuracy By Class ===

               TP Rate   FP Rate   Precision   Recall  F-Measure   ROC Area  Class
                 0.996     0.345      0.983     0.996     0.989      0.856    0
                 0.655     0.004      0.884     0.655     0.752      0.856    1
Weighted Avg.    0.98      0.329      0.978     0.98      0.978      0.856


=== Confusion Matrix ===

    a    b   <-- classified as
 1165    5 |    a = 0
   20   38 |    b = 1

