
Time taken to build model: 0.09 seconds
Time taken to test model on training data: 0.03 seconds

=== Error on training data ===

Correctly Classified Instances        1214               98.8599 %
Incorrectly Classified Instances        14                1.1401 %
Kappa statistic                          0.7943
Mean absolute error                      0.021 
Root mean squared error                  0.1025
Relative absolute error                 32.9636 %
Root relative squared error             57.7361 %
Total Number of Instances             1228     


=== Detailed Accuracy By Class ===

               TP Rate   FP Rate   Precision   Recall  F-Measure   ROC Area  Class
                 0.998     0.3        0.99      0.998     0.994      0.973    0
                 0.7       0.002      0.933     0.7       0.8        0.973    1
Weighted Avg.    0.989     0.29       0.988     0.989     0.988      0.973


=== Confusion Matrix ===

    a    b   <-- classified as
 1186    2 |    a = 0
   12   28 |    b = 1



=== Stratified cross-validation ===

Correctly Classified Instances        1197               97.4756 %
Incorrectly Classified Instances        31                2.5244 %
Kappa statistic                          0.5737
Mean absolute error                      0.0314
Root mean squared error                  0.152 
Relative absolute error                 49.2116 %
Root relative squared error             85.6289 %
Total Number of Instances             1228     


=== Detailed Accuracy By Class ===

               TP Rate   FP Rate   Precision   Recall  F-Measure   ROC Area  Class
                 0.989     0.45       0.985     0.989     0.987      0.856    0
                 0.55      0.011      0.629     0.55      0.587      0.856    1
Weighted Avg.    0.975     0.436      0.973     0.975     0.974      0.856


=== Confusion Matrix ===

    a    b   <-- classified as
 1175   13 |    a = 0
   18   22 |    b = 1

