
Time taken to build model: 0.14 seconds
Time taken to test model on training data: 0.05 seconds

=== Error on training data ===

Correctly Classified Instances        1210               98.5342 %
Incorrectly Classified Instances        18                1.4658 %
Kappa statistic                          0.8011
Mean absolute error                      0.0283
Root mean squared error                  0.1189
Relative absolute error                 33.3652 %
Root relative squared error             57.9941 %
Total Number of Instances             1228     


=== Detailed Accuracy By Class ===

               TP Rate   FP Rate   Precision   Recall  F-Measure   ROC Area  Class
                 0.998     0.296      0.987     0.998     0.992      0.891    0
                 0.704     0.002      0.95      0.704     0.809      0.891    1
Weighted Avg.    0.985     0.283      0.985     0.985     0.984      0.891


=== Confusion Matrix ===

    a    b   <-- classified as
 1172    2 |    a = 0
   16   38 |    b = 1



=== Stratified cross-validation ===

Correctly Classified Instances        1186               96.5798 %
Incorrectly Classified Instances        42                3.4202 %
Kappa statistic                          0.4186
Mean absolute error                      0.0588
Root mean squared error                  0.1825
Relative absolute error                 69.2713 %
Root relative squared error             88.9863 %
Total Number of Instances             1228     


=== Detailed Accuracy By Class ===

               TP Rate   FP Rate   Precision   Recall  F-Measure   ROC Area  Class
                 0.997     0.704      0.969     0.997     0.982      0.649    0
                 0.296     0.003      0.8       0.296     0.432      0.649    1
Weighted Avg.    0.966     0.673      0.961     0.966     0.958      0.649


=== Confusion Matrix ===

    a    b   <-- classified as
 1170    4 |    a = 0
   38   16 |    b = 1

