
Time taken to build model: 0.3 seconds
Time taken to test model on training data: 0.03 seconds

=== Error on training data ===

Correctly Classified Instances        1164               94.7883 %
Incorrectly Classified Instances        64                5.2117 %
Kappa statistic                          0.6933
Mean absolute error                      0.0928
Root mean squared error                  0.2154
Relative absolute error                 49.8985 %
Root relative squared error             70.7361 %
Total Number of Instances             1228     


=== Detailed Accuracy By Class ===

               TP Rate   FP Rate   Precision   Recall  F-Measure   ROC Area  Class
                 0.982     0.346      0.961     0.982     0.971      0.82     0
                 0.654     0.018      0.806     0.654     0.722      0.82     1
Weighted Avg.    0.948     0.313      0.945     0.948     0.945      0.82 


=== Confusion Matrix ===

    a    b   <-- classified as
 1081   20 |    a = 0
   44   83 |    b = 1



=== Stratified cross-validation ===

Correctly Classified Instances        1132               92.1824 %
Incorrectly Classified Instances        96                7.8176 %
Kappa statistic                          0.4852
Mean absolute error                      0.123 
Root mean squared error                  0.2659
Relative absolute error                 66.0968 %
Root relative squared error             87.3082 %
Total Number of Instances             1228     


=== Detailed Accuracy By Class ===

               TP Rate   FP Rate   Precision   Recall  F-Measure   ROC Area  Class
                 0.98      0.583      0.936     0.98      0.957      0.72     0
                 0.417     0.02       0.707     0.417     0.525      0.72     1
Weighted Avg.    0.922     0.524      0.912     0.922     0.913      0.72 


=== Confusion Matrix ===

    a    b   <-- classified as
 1079   22 |    a = 0
   74   53 |    b = 1

