
Time taken to build model: 0.03 seconds
Time taken to test model on training data: 0.05 seconds

=== Error on training data ===

Correctly Classified Instances        1189               96.8241 %
Incorrectly Classified Instances        39                3.1759 %
Kappa statistic                          0.4922
Mean absolute error                      0.0318
Root mean squared error                  0.1782
Relative absolute error                 37.4707 %
Root relative squared error             86.9156 %
Total Number of Instances             1228     


=== Detailed Accuracy By Class ===

               TP Rate   FP Rate   Precision   Recall  F-Measure   ROC Area  Class
                 0.996     0.63       0.972     0.996     0.984      0.683    0
                 0.37      0.004      0.8       0.37      0.506      0.683    1
Weighted Avg.    0.968     0.602      0.964     0.968     0.963      0.683


=== Confusion Matrix ===

    a    b   <-- classified as
 1169    5 |    a = 0
   34   20 |    b = 1



=== Stratified cross-validation ===

Correctly Classified Instances        1173               95.5212 %
Incorrectly Classified Instances        55                4.4788 %
Kappa statistic                          0.2839
Mean absolute error                      0.0448
Root mean squared error                  0.2116
Relative absolute error                 52.7948 %
Root relative squared error            103.2113 %
Total Number of Instances             1228     


=== Detailed Accuracy By Class ===

               TP Rate   FP Rate   Precision   Recall  F-Measure   ROC Area  Class
                 0.989     0.778      0.965     0.989     0.977      0.606    0
                 0.222     0.011      0.48      0.222     0.304      0.606    1
Weighted Avg.    0.955     0.744      0.944     0.955     0.947      0.606


=== Confusion Matrix ===

    a    b   <-- classified as
 1161   13 |    a = 0
   42   12 |    b = 1

