
Time taken to build model: 0.04 seconds
Time taken to test model on training data: 0.03 seconds

=== Error on training data ===

Correctly Classified Instances        1184               96.4169 %
Incorrectly Classified Instances        44                3.5831 %
Kappa statistic                          0.5593
Mean absolute error                      0.0358
Root mean squared error                  0.1893
Relative absolute error                 36.0272 %
Root relative squared error             85.1641 %
Total Number of Instances             1228     


=== Detailed Accuracy By Class ===

               TP Rate   FP Rate   Precision   Recall  F-Measure   ROC Area  Class
                 0.991     0.531      0.971     0.991     0.981      0.73     0
                 0.469     0.009      0.75      0.469     0.577      0.73     1
Weighted Avg.    0.964     0.504      0.96      0.964     0.96       0.73 


=== Confusion Matrix ===

    a    b   <-- classified as
 1154   10 |    a = 0
   34   30 |    b = 1



=== Stratified cross-validation ===

Correctly Classified Instances        1180               96.0912 %
Incorrectly Classified Instances        48                3.9088 %
Kappa statistic                          0.5192
Mean absolute error                      0.0391
Root mean squared error                  0.1977
Relative absolute error                 39.2726 %
Root relative squared error             88.9477 %
Total Number of Instances             1228     


=== Detailed Accuracy By Class ===

               TP Rate   FP Rate   Precision   Recall  F-Measure   ROC Area  Class
                 0.99      0.563      0.97      0.99      0.98       0.714    0
                 0.438     0.01       0.7       0.438     0.538      0.714    1
Weighted Avg.    0.961     0.534      0.956     0.961     0.957      0.714


=== Confusion Matrix ===

    a    b   <-- classified as
 1152   12 |    a = 0
   36   28 |    b = 1

