
Time taken to build model: 0.03 seconds
Time taken to test model on training data: 0.04 seconds

=== Error on training data ===

Correctly Classified Instances        1181               96.1726 %
Incorrectly Classified Instances        47                3.8274 %
Kappa statistic                          0.2207
Mean absolute error                      0.0383
Root mean squared error                  0.1956
Relative absolute error                 45.9619 %
Root relative squared error             96.2694 %
Total Number of Instances             1228     


=== Detailed Accuracy By Class ===

               TP Rate   FP Rate   Precision   Recall  F-Measure   ROC Area  Class
                 0.999     0.868      0.962     0.999     0.98       0.566    0
                 0.132     0.001      0.875     0.132     0.23       0.566    1
Weighted Avg.    0.962     0.831      0.959     0.962     0.948      0.566


=== Confusion Matrix ===

    a    b   <-- classified as
 1174    1 |    a = 0
   46    7 |    b = 1



=== Stratified cross-validation ===

Correctly Classified Instances        1172               95.4397 %
Incorrectly Classified Instances        56                4.5603 %
Kappa statistic                          0.1118
Mean absolute error                      0.0456
Root mean squared error                  0.2135
Relative absolute error                 54.712  %
Root relative squared error            105.079  %
Total Number of Instances             1228     


=== Detailed Accuracy By Class ===

               TP Rate   FP Rate   Precision   Recall  F-Measure   ROC Area  Class
                 0.994     0.925      0.96      0.994     0.977      0.535    0
                 0.075     0.006      0.364     0.075     0.125      0.535    1
Weighted Avg.    0.954     0.885      0.934     0.954     0.94       0.535


=== Confusion Matrix ===

    a    b   <-- classified as
 1168    7 |    a = 0
   49    4 |    b = 1

