
Time taken to build model: 0.03 seconds
Time taken to test model on training data: 0.03 seconds

=== Error on training data ===

Correctly Classified Instances        1061               86.4007 %
Incorrectly Classified Instances       167               13.5993 %
Kappa statistic                          0.5074
Mean absolute error                      0.136 
Root mean squared error                  0.3688
Relative absolute error                 41.4116 %
Root relative squared error             91.046  %
Total Number of Instances             1228     


=== Detailed Accuracy By Class ===

               TP Rate   FP Rate   Precision   Recall  F-Measure   ROC Area  Class
                 0.97      0.543      0.873     0.97      0.919      0.713    0
                 0.457     0.03       0.8       0.457     0.581      0.713    1
Weighted Avg.    0.864     0.437      0.858     0.864     0.849      0.713


=== Confusion Matrix ===

   a   b   <-- classified as
 945  29 |   a = 0
 138 116 |   b = 1



=== Stratified cross-validation ===

Correctly Classified Instances        1007               82.0033 %
Incorrectly Classified Instances       221               17.9967 %
Kappa statistic                          0.3635
Mean absolute error                      0.18  
Root mean squared error                  0.4242
Relative absolute error                 54.7966 %
Root relative squared error            104.7356 %
Total Number of Instances             1228     


=== Detailed Accuracy By Class ===

               TP Rate   FP Rate   Precision   Recall  F-Measure   ROC Area  Class
                 0.935     0.622      0.852     0.935     0.892      0.657    0
                 0.378     0.065      0.604     0.378     0.465      0.657    1
Weighted Avg.    0.82      0.507      0.801     0.82      0.804      0.657


=== Confusion Matrix ===

   a   b   <-- classified as
 911  63 |   a = 0
 158  96 |   b = 1

