
Time taken to build model: 0.13 seconds
Time taken to test model on training data: 0.03 seconds

=== Error on training data ===

Correctly Classified Instances        1218               99.1857 %
Incorrectly Classified Instances        10                0.8143 %
Kappa statistic                          0.9048
Mean absolute error                      0.0144
Root mean squared error                  0.0849
Relative absolute error                 15.8871 %
Root relative squared error             40.0057 %
Total Number of Instances             1228     


=== Detailed Accuracy By Class ===

               TP Rate   FP Rate   Precision   Recall  F-Measure   ROC Area  Class
                 0.998     0.138      0.993     0.998     0.996      0.996    0
                 0.862     0.002      0.962     0.862     0.909      0.996    1
Weighted Avg.    0.992     0.131      0.992     0.992     0.992      0.996


=== Confusion Matrix ===

    a    b   <-- classified as
 1168    2 |    a = 0
    8   50 |    b = 1



=== Stratified cross-validation ===

Correctly Classified Instances        1210               98.5342 %
Incorrectly Classified Instances        18                1.4658 %
Kappa statistic                          0.8316
Mean absolute error                      0.0168
Root mean squared error                  0.1183
Relative absolute error                 18.5137 %
Root relative squared error             55.7768 %
Total Number of Instances             1228     


=== Detailed Accuracy By Class ===

               TP Rate   FP Rate   Precision   Recall  F-Measure   ROC Area  Class
                 0.994     0.19       0.991     0.994     0.992      0.949    0
                 0.81      0.006      0.87      0.81      0.839      0.949    1
Weighted Avg.    0.985     0.181      0.985     0.985     0.985      0.949


=== Confusion Matrix ===

    a    b   <-- classified as
 1163    7 |    a = 0
   11   47 |    b = 1

