
Time taken to build model: 0.18 seconds
Time taken to test model on training data: 0.03 seconds

=== Error on training data ===

Correctly Classified Instances        1213               98.7785 %
Incorrectly Classified Instances        15                1.2215 %
Kappa statistic                          0.8325
Mean absolute error                      0.0238
Root mean squared error                  0.1091
Relative absolute error                 28.0847 %
Root relative squared error             53.2074 %
Total Number of Instances             1228     


=== Detailed Accuracy By Class ===

               TP Rate   FP Rate   Precision   Recall  F-Measure   ROC Area  Class
                 1         0.278      0.987     1         0.994      0.915    0
                 0.722     0          1         0.722     0.839      0.915    1
Weighted Avg.    0.988     0.266      0.988     0.988     0.987      0.915


=== Confusion Matrix ===

    a    b   <-- classified as
 1174    0 |    a = 0
   15   39 |    b = 1



=== Stratified cross-validation ===

Correctly Classified Instances        1193               97.1498 %
Incorrectly Classified Instances        35                2.8502 %
Kappa statistic                          0.6011
Mean absolute error                      0.0409
Root mean squared error                  0.1677
Relative absolute error                 48.1744 %
Root relative squared error             81.8094 %
Total Number of Instances             1228     


=== Detailed Accuracy By Class ===

               TP Rate   FP Rate   Precision   Recall  F-Measure   ROC Area  Class
                 0.992     0.481      0.978     0.992     0.985      0.731    0
                 0.519     0.008      0.757     0.519     0.615      0.731    1
Weighted Avg.    0.971     0.461      0.968     0.971     0.969      0.731


=== Confusion Matrix ===

    a    b   <-- classified as
 1165    9 |    a = 0
   26   28 |    b = 1

