
Time taken to build model: 0.16 seconds
Time taken to test model on training data: 0.05 seconds

=== Error on training data ===

Correctly Classified Instances        1216               99.0228 %
Incorrectly Classified Instances        12                0.9772 %
Kappa statistic                          0.9316
Mean absolute error                      0.0162
Root mean squared error                  0.0901
Relative absolute error                 10.9082 %
Root relative squared error             33.0911 %
Total Number of Instances             1228     


=== Detailed Accuracy By Class ===

               TP Rate   FP Rate   Precision   Recall  F-Measure   ROC Area  Class
                 0.998     0.101      0.991     0.998     0.995      0.997    0
                 0.899     0.002      0.978     0.899     0.937      0.997    1
Weighted Avg.    0.99      0.093      0.99      0.99      0.99       0.997


=== Confusion Matrix ===

    a    b   <-- classified as
 1127    2 |    a = 0
   10   89 |    b = 1



=== Stratified cross-validation ===

Correctly Classified Instances        1192               97.0684 %
Incorrectly Classified Instances        36                2.9316 %
Kappa statistic                          0.7927
Mean absolute error                      0.0341
Root mean squared error                  0.165 
Relative absolute error                 22.9219 %
Root relative squared error             60.5892 %
Total Number of Instances             1228     


=== Detailed Accuracy By Class ===

               TP Rate   FP Rate   Precision   Recall  F-Measure   ROC Area  Class
                 0.988     0.232      0.98      0.988     0.984      0.912    0
                 0.768     0.012      0.854     0.768     0.809      0.912    1
Weighted Avg.    0.971     0.215      0.97      0.971     0.97       0.912


=== Confusion Matrix ===

    a    b   <-- classified as
 1116   13 |    a = 0
   23   76 |    b = 1

