
Time taken to build model: 0.12 seconds
Time taken to test model on training data: 0.05 seconds

=== Error on training data ===

Correctly Classified Instances        1206               98.2085 %
Incorrectly Classified Instances        22                1.7915 %
Kappa statistic                          0.7667
Mean absolute error                      0.0297
Root mean squared error                  0.1219
Relative absolute error                 31.7495 %
Root relative squared error             56.5466 %
Total Number of Instances             1228     


=== Detailed Accuracy By Class ===

               TP Rate   FP Rate   Precision   Recall  F-Measure   ROC Area  Class
                 1         0.367      0.982     1         0.991      0.983    0
                 0.633     0          1         0.633     0.776      0.983    1
Weighted Avg.    0.982     0.349      0.982     0.982     0.98       0.983


=== Confusion Matrix ===

    a    b   <-- classified as
 1168    0 |    a = 0
   22   38 |    b = 1



=== Stratified cross-validation ===

Correctly Classified Instances        1182               96.2541 %
Incorrectly Classified Instances        46                3.7459 %
Kappa statistic                          0.5468
Mean absolute error                      0.0466
Root mean squared error                  0.1776
Relative absolute error                 49.741  %
Root relative squared error             82.4066 %
Total Number of Instances             1228     


=== Detailed Accuracy By Class ===

               TP Rate   FP Rate   Precision   Recall  F-Measure   ROC Area  Class
                 0.986     0.5        0.975     0.986     0.98       0.905    0
                 0.5       0.014      0.652     0.5       0.566      0.905    1
Weighted Avg.    0.963     0.476      0.959     0.963     0.96       0.905


=== Confusion Matrix ===

    a    b   <-- classified as
 1152   16 |    a = 0
   30   30 |    b = 1

