
Time taken to build model: 0.14 seconds
Time taken to test model on training data: 0.05 seconds

=== Error on training data ===

Correctly Classified Instances        1208               98.3713 %
Incorrectly Classified Instances        20                1.6287 %
Kappa statistic                          0.8302
Mean absolute error                      0.0163
Root mean squared error                  0.1276
Relative absolute error                 15.4729 %
Root relative squared error             55.7993 %
Total Number of Instances             1228     


=== Detailed Accuracy By Class ===

               TP Rate   FP Rate   Precision   Recall  F-Measure   ROC Area  Class
                 0.997     0.235      0.986     0.997     0.991      0.881    0
                 0.765     0.003      0.929     0.765     0.839      0.881    1
Weighted Avg.    0.984     0.222      0.983     0.984     0.983      0.881


=== Confusion Matrix ===

    a    b   <-- classified as
 1156    4 |    a = 0
   16   52 |    b = 1



=== Stratified cross-validation ===

Correctly Classified Instances        1198               97.557  %
Incorrectly Classified Instances        30                2.443  %
Kappa statistic                          0.7632
Mean absolute error                      0.0244
Root mean squared error                  0.1563
Relative absolute error                 23.1934 %
Root relative squared error             68.3384 %
Total Number of Instances             1228     


=== Detailed Accuracy By Class ===

               TP Rate   FP Rate   Precision   Recall  F-Measure   ROC Area  Class
                 0.988     0.235      0.986     0.988     0.987      0.876    0
                 0.765     0.012      0.788     0.765     0.776      0.876    1
Weighted Avg.    0.976     0.223      0.975     0.976     0.975      0.876


=== Confusion Matrix ===

    a    b   <-- classified as
 1146   14 |    a = 0
   16   52 |    b = 1

