
Time taken to build model: 0.13 seconds
Time taken to test model on training data: 0.03 seconds

=== Error on training data ===

Correctly Classified Instances        1196               97.3941 %
Incorrectly Classified Instances        32                2.6059 %
Kappa statistic                          0.326 
Mean absolute error                      0.0261
Root mean squared error                  0.1614
Relative absolute error                 40.8859 %
Root relative squared error             90.9352 %
Total Number of Instances             1228     


=== Detailed Accuracy By Class ===

               TP Rate   FP Rate   Precision   Recall  F-Measure   ROC Area  Class
                 1         0.8        0.974     1         0.987      0.6      0
                 0.2       0          1         0.2       0.333      0.6      1
Weighted Avg.    0.974     0.774      0.975     0.974     0.965      0.6  


=== Confusion Matrix ===

    a    b   <-- classified as
 1188    0 |    a = 0
   32    8 |    b = 1



=== Stratified cross-validation ===

Correctly Classified Instances        1196               97.3941 %
Incorrectly Classified Instances        32                2.6059 %
Kappa statistic                          0.3516
Mean absolute error                      0.0261
Root mean squared error                  0.1614
Relative absolute error                 40.8353 %
Root relative squared error             90.935  %
Total Number of Instances             1228     


=== Detailed Accuracy By Class ===

               TP Rate   FP Rate   Precision   Recall  F-Measure   ROC Area  Class
                 0.999     0.775      0.975     0.999     0.987      0.612    0
                 0.225     0.001      0.9       0.225     0.36       0.612    1
Weighted Avg.    0.974     0.75       0.972     0.974     0.966      0.612


=== Confusion Matrix ===

    a    b   <-- classified as
 1187    1 |    a = 0
   31    9 |    b = 1

