
Time taken to build model: 0.12 seconds
Time taken to test model on training data: 0.03 seconds

=== Error on training data ===

Correctly Classified Instances        1194               97.2313 %
Incorrectly Classified Instances        34                2.7687 %
Kappa statistic                          0.6259
Mean absolute error                      0.0277
Root mean squared error                  0.1664
Relative absolute error                 27.8392 %
Root relative squared error             74.8634 %
Total Number of Instances             1228     


=== Detailed Accuracy By Class ===

               TP Rate   FP Rate   Precision   Recall  F-Measure   ROC Area  Class
                 1         0.531      0.972     1         0.986      0.734    0
                 0.469     0          1         0.469     0.638      0.734    1
Weighted Avg.    0.972     0.504      0.973     0.972     0.968      0.734


=== Confusion Matrix ===

    a    b   <-- classified as
 1164    0 |    a = 0
   34   30 |    b = 1



=== Stratified cross-validation ===

Correctly Classified Instances        1190               96.9055 %
Incorrectly Classified Instances        38                3.0945 %
Kappa statistic                          0.6914
Mean absolute error                      0.0309
Root mean squared error                  0.1759
Relative absolute error                 31.0908 %
Root relative squared error             79.1418 %
Total Number of Instances             1228     


=== Detailed Accuracy By Class ===

               TP Rate   FP Rate   Precision   Recall  F-Measure   ROC Area  Class
                 0.983     0.281      0.985     0.983     0.984      0.851    0
                 0.719     0.017      0.697     0.719     0.708      0.851    1
Weighted Avg.    0.969     0.267      0.97      0.969     0.969      0.851


=== Confusion Matrix ===

    a    b   <-- classified as
 1144   20 |    a = 0
   18   46 |    b = 1

