
Time taken to build model: 0.82 seconds
Time taken to test model on training data: 0.04 seconds

=== Error on training data ===

Correctly Classified Instances        1223               99.5928 %
Incorrectly Classified Instances         5                0.4072 %
Kappa statistic                          0.952 
Mean absolute error                      0.0386
Root mean squared error                  0.0915
Relative absolute error                 45.4923 %
Root relative squared error             44.6485 %
Total Number of Instances             1228     


=== Detailed Accuracy By Class ===

               TP Rate   FP Rate   Precision   Recall  F-Measure   ROC Area  Class
                 0.997     0.037      0.998     0.997     0.998      0.995    0
                 0.963     0.003      0.945     0.963     0.954      0.995    1
Weighted Avg.    0.996     0.036      0.996     0.996     0.996      0.995


=== Confusion Matrix ===

    a    b   <-- classified as
 1171    3 |    a = 0
    2   52 |    b = 1



=== Stratified cross-validation ===

Correctly Classified Instances        1223               99.5928 %
Incorrectly Classified Instances         5                0.4072 %
Kappa statistic                          0.952 
Mean absolute error                      0.0403
Root mean squared error                  0.096 
Relative absolute error                 47.5114 %
Root relative squared error             46.8232 %
Total Number of Instances             1228     


=== Detailed Accuracy By Class ===

               TP Rate   FP Rate   Precision   Recall  F-Measure   ROC Area  Class
                 0.997     0.037      0.998     0.997     0.998      0.995    0
                 0.963     0.003      0.945     0.963     0.954      0.995    1
Weighted Avg.    0.996     0.036      0.996     0.996     0.996      0.995


=== Confusion Matrix ===

    a    b   <-- classified as
 1171    3 |    a = 0
    2   52 |    b = 1

