
Time taken to build model: 0.34 seconds
Time taken to test model on training data: 0.05 seconds

=== Error on training data ===

Correctly Classified Instances        1128               91.8567 %
Incorrectly Classified Instances       100                8.1433 %
Kappa statistic                          0.3853
Mean absolute error                      0.1617
Root mean squared error                  0.2629
Relative absolute error                 86.9712 %
Root relative squared error             86.3398 %
Total Number of Instances             1228     


=== Detailed Accuracy By Class ===

               TP Rate   FP Rate   Precision   Recall  F-Measure   ROC Area  Class
                 0.992     0.717      0.923     0.992     0.956      0.838    0
                 0.283     0.008      0.8       0.283     0.419      0.838    1
Weighted Avg.    0.919     0.643      0.91      0.919     0.901      0.838


=== Confusion Matrix ===

    a    b   <-- classified as
 1092    9 |    a = 0
   91   36 |    b = 1



=== Stratified cross-validation ===

Correctly Classified Instances        1112               90.5537 %
Incorrectly Classified Instances       116                9.4463 %
Kappa statistic                          0.28  
Mean absolute error                      0.1757
Root mean squared error                  0.2857
Relative absolute error                 94.4439 %
Root relative squared error             93.8174 %
Total Number of Instances             1228     


=== Detailed Accuracy By Class ===

               TP Rate   FP Rate   Precision   Recall  F-Measure   ROC Area  Class
                 0.985     0.787      0.916     0.985     0.949      0.761    0
                 0.213     0.015      0.628     0.213     0.318      0.761    1
Weighted Avg.    0.906     0.707      0.886     0.906     0.884      0.761


=== Confusion Matrix ===

    a    b   <-- classified as
 1085   16 |    a = 0
  100   27 |    b = 1

