
Time taken to build model: 0.25 seconds
Time taken to test model on training data: 0.04 seconds

=== Error on training data ===

Correctly Classified Instances        1113               90.6352 %
Incorrectly Classified Instances       115                9.3648 %
Kappa statistic                          0     
Mean absolute error                      0.1704
Root mean squared error                  0.2913
Relative absolute error                100.0366 %
Root relative squared error            100.0001 %
Total Number of Instances             1228     


=== Detailed Accuracy By Class ===

               TP Rate   FP Rate   Precision   Recall  F-Measure   ROC Area  Class
                 1         1          0.906     1         0.951      0.5      0
                 0         0          0         0         0          0.5      1
Weighted Avg.    0.906     0.906      0.821     0.906     0.862      0.5  


=== Confusion Matrix ===

    a    b   <-- classified as
 1113    0 |    a = 0
  115    0 |    b = 1



=== Stratified cross-validation ===

Correctly Classified Instances        1113               90.6352 %
Incorrectly Classified Instances       115                9.3648 %
Kappa statistic                          0     
Mean absolute error                      0.1703
Root mean squared error                  0.2913
Relative absolute error                 99.9551 %
Root relative squared error            100.0009 %
Total Number of Instances             1228     


=== Detailed Accuracy By Class ===

               TP Rate   FP Rate   Precision   Recall  F-Measure   ROC Area  Class
                 1         1          0.906     1         0.951      0.488    0
                 0         0          0         0         0          0.488    1
Weighted Avg.    0.906     0.906      0.821     0.906     0.862      0.488


=== Confusion Matrix ===

    a    b   <-- classified as
 1113    0 |    a = 0
  115    0 |    b = 1

