
Time taken to build model: 1.07 seconds
Time taken to test model on training data: 0.03 seconds

=== Error on training data ===

Correctly Classified Instances        1224               99.6743 %
Incorrectly Classified Instances         4                0.3257 %
Kappa statistic                          0.9613
Mean absolute error                      0.0222
Root mean squared error                  0.0742
Relative absolute error                 26.1663 %
Root relative squared error             36.1976 %
Total Number of Instances             1228     


=== Detailed Accuracy By Class ===

               TP Rate   FP Rate   Precision   Recall  F-Measure   ROC Area  Class
                 0.998     0.037      0.998     0.998     0.998      0.997    0
                 0.963     0.002      0.963     0.963     0.963      0.997    1
Weighted Avg.    0.997     0.035      0.997     0.997     0.997      0.997


=== Confusion Matrix ===

    a    b   <-- classified as
 1172    2 |    a = 0
    2   52 |    b = 1



=== Stratified cross-validation ===

Correctly Classified Instances        1220               99.3485 %
Incorrectly Classified Instances         8                0.6515 %
Kappa statistic                          0.9239
Mean absolute error                      0.0183
Root mean squared error                  0.0802
Relative absolute error                 21.5794 %
Root relative squared error             39.0974 %
Total Number of Instances             1228     


=== Detailed Accuracy By Class ===

               TP Rate   FP Rate   Precision   Recall  F-Measure   ROC Area  Class
                 0.996     0.056      0.997     0.996     0.997      0.987    0
                 0.944     0.004      0.911     0.944     0.927      0.987    1
Weighted Avg.    0.993     0.053      0.994     0.993     0.994      0.987


=== Confusion Matrix ===

    a    b   <-- classified as
 1169    5 |    a = 0
    3   51 |    b = 1

