
Time taken to build model: 1.13 seconds
Time taken to test model on training data: 0.05 seconds

=== Error on training data ===

Correctly Classified Instances        1178               95.9283 %
Incorrectly Classified Instances        50                4.0717 %
Kappa statistic                          0.4618
Mean absolute error                      0.0844
Root mean squared error                  0.1926
Relative absolute error                 80.2132 %
Root relative squared error             84.2299 %
Total Number of Instances             1228     


=== Detailed Accuracy By Class ===

               TP Rate   FP Rate   Precision   Recall  F-Measure   ROC Area  Class
                 0.996     0.662      0.963     0.996     0.979      0.89     0
                 0.338     0.004      0.821     0.338     0.479      0.89     1
Weighted Avg.    0.959     0.625      0.955     0.959     0.951      0.89 


=== Confusion Matrix ===

    a    b   <-- classified as
 1155    5 |    a = 0
   45   23 |    b = 1



=== Stratified cross-validation ===

Correctly Classified Instances        1172               95.4397 %
Incorrectly Classified Instances        56                4.5603 %
Kappa statistic                          0.3732
Mean absolute error                      0.0843
Root mean squared error                  0.2002
Relative absolute error                 80.0604 %
Root relative squared error             87.517  %
Total Number of Instances             1228     


=== Detailed Accuracy By Class ===

               TP Rate   FP Rate   Precision   Recall  F-Measure   ROC Area  Class
                 0.995     0.735      0.958     0.995     0.976      0.872    0
                 0.265     0.005      0.75      0.265     0.391      0.872    1
Weighted Avg.    0.954     0.695      0.947     0.954     0.944      0.872


=== Confusion Matrix ===

    a    b   <-- classified as
 1154    6 |    a = 0
   50   18 |    b = 1

