
Time taken to build model: 0.75 seconds
Time taken to test model on training data: 0.05 seconds

=== Error on training data ===

Correctly Classified Instances        1189               96.8241 %
Incorrectly Classified Instances        39                3.1759 %
Kappa statistic                          0.7579
Mean absolute error                      0.1327
Root mean squared error                  0.2097
Relative absolute error                 89.1852 %
Root relative squared error             77.0335 %
Total Number of Instances             1228     


=== Detailed Accuracy By Class ===

               TP Rate   FP Rate   Precision   Recall  F-Measure   ROC Area  Class
                 0.994     0.323      0.972     0.994     0.983      0.962    0
                 0.677     0.006      0.905     0.677     0.775      0.962    1
Weighted Avg.    0.968     0.298      0.967     0.968     0.966      0.962


=== Confusion Matrix ===

    a    b   <-- classified as
 1122    7 |    a = 0
   32   67 |    b = 1



=== Stratified cross-validation ===

Correctly Classified Instances        1171               95.3583 %
Incorrectly Classified Instances        57                4.6417 %
Kappa statistic                          0.6347
Mean absolute error                      0.1152
Root mean squared error                  0.216 
Relative absolute error                 77.381  %
Root relative squared error             79.3513 %
Total Number of Instances             1228     


=== Detailed Accuracy By Class ===

               TP Rate   FP Rate   Precision   Recall  F-Measure   ROC Area  Class
                 0.988     0.444      0.962     0.988     0.975      0.938    0
                 0.556     0.012      0.809     0.556     0.659      0.938    1
Weighted Avg.    0.954     0.41       0.95      0.954     0.95       0.938


=== Confusion Matrix ===

    a    b   <-- classified as
 1116   13 |    a = 0
   44   55 |    b = 1

