
Time taken to build model: 0.11 seconds
Time taken to test model on training data: 0.05 seconds

=== Error on training data ===

Correctly Classified Instances        1222               99.5114 %
Incorrectly Classified Instances         6                0.4886 %
Kappa statistic                          0.9398
Mean absolute error                      0.0095
Root mean squared error                  0.0689
Relative absolute error                 11.2139 %
Root relative squared error             33.6213 %
Total Number of Instances             1228     


=== Detailed Accuracy By Class ===

               TP Rate   FP Rate   Precision   Recall  F-Measure   ROC Area  Class
                 0.999     0.093      0.996     0.999     0.997      0.964    0
                 0.907     0.001      0.98      0.907     0.942      0.964    1
Weighted Avg.    0.995     0.089      0.995     0.995     0.995      0.964


=== Confusion Matrix ===

    a    b   <-- classified as
 1173    1 |    a = 0
    5   49 |    b = 1



=== Stratified cross-validation ===

Correctly Classified Instances        1214               98.8599 %
Incorrectly Classified Instances        14                1.1401 %
Kappa statistic                          0.8541
Mean absolute error                      0.0169
Root mean squared error                  0.1048
Relative absolute error                 19.9339 %
Root relative squared error             51.0949 %
Total Number of Instances             1228     


=== Detailed Accuracy By Class ===

               TP Rate   FP Rate   Precision   Recall  F-Measure   ROC Area  Class
                 0.997     0.204      0.991     0.997     0.994      0.936    0
                 0.796     0.003      0.935     0.796     0.86       0.936    1
Weighted Avg.    0.989     0.195      0.988     0.989     0.988      0.936


=== Confusion Matrix ===

    a    b   <-- classified as
 1171    3 |    a = 0
   11   43 |    b = 1

