
Time taken to build model: 0.1 seconds
Time taken to test model on training data: 0.03 seconds

=== Error on training data ===

Correctly Classified Instances        1220               99.3485 %
Incorrectly Classified Instances         8                0.6515 %
Kappa statistic                          0.936 
Mean absolute error                      0.0124
Root mean squared error                  0.0788
Relative absolute error                 11.7861 %
Root relative squared error             34.436  %
Total Number of Instances             1228     


=== Detailed Accuracy By Class ===

               TP Rate   FP Rate   Precision   Recall  F-Measure   ROC Area  Class
                 0.998     0.088      0.995     0.998     0.997      0.992    0
                 0.912     0.002      0.969     0.912     0.939      0.992    1
Weighted Avg.    0.993     0.083      0.993     0.993     0.993      0.992


=== Confusion Matrix ===

    a    b   <-- classified as
 1158    2 |    a = 0
    6   62 |    b = 1



=== Stratified cross-validation ===

Correctly Classified Instances        1197               97.4756 %
Incorrectly Classified Instances        31                2.5244 %
Kappa statistic                          0.7464
Mean absolute error                      0.0316
Root mean squared error                  0.1539
Relative absolute error                 29.9858 %
Root relative squared error             67.2842 %
Total Number of Instances             1228     


=== Detailed Accuracy By Class ===

               TP Rate   FP Rate   Precision   Recall  F-Measure   ROC Area  Class
                 0.99      0.279      0.984     0.99      0.987      0.897    0
                 0.721     0.01       0.803     0.721     0.76       0.897    1
Weighted Avg.    0.975     0.265      0.974     0.975     0.974      0.897


=== Confusion Matrix ===

    a    b   <-- classified as
 1148   12 |    a = 0
   19   49 |    b = 1

