
Time taken to build model: 0.13 seconds
Time taken to test model on training data: 0.05 seconds

=== Error on training data ===

Correctly Classified Instances        1212               98.6971 %
Incorrectly Classified Instances        16                1.3029 %
Kappa statistic                          0.8157
Mean absolute error                      0.0253
Root mean squared error                  0.1125
Relative absolute error                 30.4149 %
Root relative squared error             55.3754 %
Total Number of Instances             1228     


=== Detailed Accuracy By Class ===

               TP Rate   FP Rate   Precision   Recall  F-Measure   ROC Area  Class
                 1         0.302      0.987     1         0.993      0.929    0
                 0.698     0          1         0.698     0.822      0.929    1
Weighted Avg.    0.987     0.289      0.987     0.987     0.986      0.929


=== Confusion Matrix ===

    a    b   <-- classified as
 1175    0 |    a = 0
   16   37 |    b = 1



=== Stratified cross-validation ===

Correctly Classified Instances        1185               96.4984 %
Incorrectly Classified Instances        43                3.5016 %
Kappa statistic                          0.4885
Mean absolute error                      0.0474
Root mean squared error                  0.1814
Relative absolute error                 56.9172 %
Root relative squared error             89.2434 %
Total Number of Instances             1228     


=== Detailed Accuracy By Class ===

               TP Rate   FP Rate   Precision   Recall  F-Measure   ROC Area  Class
                 0.99      0.585      0.974     0.99      0.982      0.742    0
                 0.415     0.01       0.647     0.415     0.506      0.742    1
Weighted Avg.    0.965     0.56       0.96      0.965     0.961      0.742


=== Confusion Matrix ===

    a    b   <-- classified as
 1163   12 |    a = 0
   31   22 |    b = 1

