
Time taken to build model: 0.23 seconds
Time taken to test model on training data: 0.05 seconds

=== Error on training data ===

Correctly Classified Instances        1188               96.7427 %
Incorrectly Classified Instances        40                3.2573 %
Kappa statistic                          0.8358
Mean absolute error                      0.0492
Root mean squared error                  0.1568
Relative absolute error                 26.4436 %
Root relative squared error             51.4941 %
Total Number of Instances             1228     


=== Detailed Accuracy By Class ===

               TP Rate   FP Rate   Precision   Recall  F-Measure   ROC Area  Class
                 0.973     0.079      0.991     0.973     0.982      0.976    0
                 0.921     0.027      0.796     0.921     0.854      0.976    1
Weighted Avg.    0.967     0.073      0.971     0.967     0.968      0.976


=== Confusion Matrix ===

    a    b   <-- classified as
 1071   30 |    a = 0
   10  117 |    b = 1



=== Stratified cross-validation ===

Correctly Classified Instances        1121               91.2866 %
Incorrectly Classified Instances       107                8.7134 %
Kappa statistic                          0.4853
Mean absolute error                      0.1045
Root mean squared error                  0.2589
Relative absolute error                 56.1974 %
Root relative squared error             85.0088 %
Total Number of Instances             1228     


=== Detailed Accuracy By Class ===

               TP Rate   FP Rate   Precision   Recall  F-Measure   ROC Area  Class
                 0.963     0.52       0.941     0.963     0.952      0.866    0
                 0.48      0.037      0.598     0.48      0.533      0.866    1
Weighted Avg.    0.913     0.47       0.906     0.913     0.909      0.866


=== Confusion Matrix ===

    a    b   <-- classified as
 1060   41 |    a = 0
   66   61 |    b = 1

