
Time taken to build model: 0.21 seconds
Time taken to test model on training data: 0.05 seconds

=== Error on training data ===

Correctly Classified Instances        1152               93.8111 %
Incorrectly Classified Instances        76                6.1889 %
Kappa statistic                          0.5142
Mean absolute error                      0.0619
Root mean squared error                  0.2488
Relative absolute error                 36.3427 %
Root relative squared error             85.3903 %
Total Number of Instances             1228     


=== Detailed Accuracy By Class ===

               TP Rate   FP Rate   Precision   Recall  F-Measure   ROC Area  Class
                 0.995     0.609      0.941     0.995     0.967      0.693    0
                 0.391     0.005      0.882     0.391     0.542      0.693    1
Weighted Avg.    0.938     0.552      0.935     0.938     0.927      0.693


=== Confusion Matrix ===

    a    b   <-- classified as
 1107    6 |    a = 0
   70   45 |    b = 1



=== Stratified cross-validation ===

Correctly Classified Instances        1114               90.7166 %
Incorrectly Classified Instances       114                9.2834 %
Kappa statistic                          0.1675
Mean absolute error                      0.0928
Root mean squared error                  0.3047
Relative absolute error                 54.4941 %
Root relative squared error            104.579  %
Total Number of Instances             1228     


=== Detailed Accuracy By Class ===

               TP Rate   FP Rate   Precision   Recall  F-Measure   ROC Area  Class
                 0.988     0.878      0.916     0.988     0.951      0.555    0
                 0.122     0.012      0.519     0.122     0.197      0.555    1
Weighted Avg.    0.907     0.797      0.879     0.907     0.88       0.555


=== Confusion Matrix ===

    a    b   <-- classified as
 1100   13 |    a = 0
  101   14 |    b = 1

