
Time taken to build model: 0.14 seconds
Time taken to test model on training data: 0.03 seconds

=== Error on training data ===

Correctly Classified Instances        1216               99.0228 %
Incorrectly Classified Instances        12                0.9772 %
Kappa statistic                          0.8838
Mean absolute error                      0.0098
Root mean squared error                  0.0989
Relative absolute error                 10.7778 %
Root relative squared error             46.5994 %
Total Number of Instances             1228     


=== Detailed Accuracy By Class ===

               TP Rate   FP Rate   Precision   Recall  F-Measure   ROC Area  Class
                 0.998     0.172      0.992     0.998     0.995      0.913    0
                 0.828     0.002      0.96      0.828     0.889      0.913    1
Weighted Avg.    0.99      0.164      0.99      0.99      0.99       0.913


=== Confusion Matrix ===

    a    b   <-- classified as
 1168    2 |    a = 0
   10   48 |    b = 1



=== Stratified cross-validation ===

Correctly Classified Instances        1217               99.1042 %
Incorrectly Classified Instances        11                0.8958 %
Kappa statistic                          0.8925
Mean absolute error                      0.009 
Root mean squared error                  0.0946
Relative absolute error                  9.8715 %
Root relative squared error             44.6143 %
Total Number of Instances             1228     


=== Detailed Accuracy By Class ===

               TP Rate   FP Rate   Precision   Recall  F-Measure   ROC Area  Class
                 0.999     0.172      0.992     0.999     0.995      0.913    0
                 0.828     0.001      0.98      0.828     0.897      0.913    1
Weighted Avg.    0.991     0.164      0.991     0.991     0.991      0.913


=== Confusion Matrix ===

    a    b   <-- classified as
 1169    1 |    a = 0
   10   48 |    b = 1

