
Time taken to build model: 1.34 seconds
Time taken to test model on training data: 0.03 seconds

=== Error on training data ===

Correctly Classified Instances        1165               94.8697 %
Incorrectly Classified Instances        63                5.1303 %
Kappa statistic                          0.1512
Mean absolute error                      0.0871
Root mean squared error                  0.2054
Relative absolute error                 82.7547 %
Root relative squared error             89.7926 %
Total Number of Instances             1228     


=== Detailed Accuracy By Class ===

               TP Rate   FP Rate   Precision   Recall  F-Measure   ROC Area  Class
                 0.999     0.912      0.949     0.999     0.974      0.906    0
                 0.088     0.001      0.857     0.088     0.16       0.906    1
Weighted Avg.    0.949     0.861      0.944     0.949     0.928      0.906


=== Confusion Matrix ===

    a    b   <-- classified as
 1159    1 |    a = 0
   62    6 |    b = 1



=== Stratified cross-validation ===

Correctly Classified Instances        1160               94.4625 %
Incorrectly Classified Instances        68                5.5375 %
Kappa statistic                          0.0728
Mean absolute error                      0.1316
Root mean squared error                  0.257 
Relative absolute error                124.9293 %
Root relative squared error            112.3552 %
Total Number of Instances             1228     


=== Detailed Accuracy By Class ===

               TP Rate   FP Rate   Precision   Recall  F-Measure   ROC Area  Class
                 0.997     0.956      0.947     0.997     0.971      0.807    0
                 0.044     0.003      0.5       0.044     0.081      0.807    1
Weighted Avg.    0.945     0.903      0.922     0.945     0.922      0.807


=== Confusion Matrix ===

    a    b   <-- classified as
 1157    3 |    a = 0
   65    3 |    b = 1

