
Time taken to build model: 0.82 seconds
Time taken to test model on training data: 0.02 seconds

=== Error on training data ===

Correctly Classified Instances        1164               94.7883 %
Incorrectly Classified Instances        64                5.2117 %
Kappa statistic                          0     
Mean absolute error                      0.5   
Root mean squared error                  0.5   
Relative absolute error                502.7426 %
Root relative squared error            224.957  %
Total Number of Instances             1228     


=== Detailed Accuracy By Class ===

               TP Rate   FP Rate   Precision   Recall  F-Measure   ROC Area  Class
                 1         1          0.948     1         0.973      0.5      0
                 0         0          0         0         0          0.5      1
Weighted Avg.    0.948     0.948      0.898     0.948     0.923      0.5  


=== Confusion Matrix ===

    a    b   <-- classified as
 1164    0 |    a = 0
   64    0 |    b = 1



=== Stratified cross-validation ===

Correctly Classified Instances        1164               94.7883 %
Incorrectly Classified Instances        64                5.2117 %
Kappa statistic                          0     
Mean absolute error                      0.5   
Root mean squared error                  0.5   
Relative absolute error                502.3626 %
Root relative squared error            224.9485 %
Total Number of Instances             1228     


=== Detailed Accuracy By Class ===

               TP Rate   FP Rate   Precision   Recall  F-Measure   ROC Area  Class
                 1         1          0.948     1         0.973      0.5      0
                 0         0          0         0         0          0.5      1
Weighted Avg.    0.948     0.948      0.898     0.948     0.923      0.5  


=== Confusion Matrix ===

    a    b   <-- classified as
 1164    0 |    a = 0
   64    0 |    b = 1

