
Options: -X 1 -S "weka.attributeSelection.BestFirst -D 1 -N 5" -R 

Decision Table:

Number of training instances: 1202
Number of Rules : 20
Non matches covered by Majority class.
	Best first.
	Start set: no attributes
	Search direction: forward
	Stale search after 5 node expansions
	Total number of subsets evaluated: 107
	Merit of best subset found:   95.84 
Evaluation (for feature selection): CV (leave one out) 
Feature set: 1,3,11,14,15

Rules:
==========================================================================================================================================================================================
numberOfRows                       numberOfBlockFromDmPerm            isBlockDiagonal                    symmetric                          isChemicalProcessSimulationProblem  
==========================================================================================================================================================================================
'(-inf-22765]'                     '(89.5-inf)'                       true                               hermitian                          0
'(-inf-22765]'                     '(-inf-89.5]'                      true                               skew-symmetric                     0
'(22899-inf)'                      '(89.5-inf)'                       false                              general                            0
'(22765-22899]'                    '(89.5-inf)'                       false                              general                            1
'(-inf-22765]'                     '(89.5-inf)'                       false                              general                            1
'(22899-inf)'                      '(-inf-89.5]'                      false                              general                            0
'(-inf-22765]'                     '(-inf-89.5]'                      false                              general                            0
'(22765-22899]'                    '(89.5-inf)'                       true                               general                            1
'(22899-inf)'                      '(89.5-inf)'                       true                               general                            0
'(-inf-22765]'                     '(89.5-inf)'                       true                               general                            0
'(22899-inf)'                      '(-inf-89.5]'                      true                               general                            0
'(22899-inf)'                      '(89.5-inf)'                       false                              symmetric                          0
'(-inf-22765]'                     '(89.5-inf)'                       false                              symmetric                          0
'(-inf-22765]'                     '(-inf-89.5]'                      true                               general                            0
'(22899-inf)'                      '(-inf-89.5]'                      false                              symmetric                          0
'(-inf-22765]'                     '(-inf-89.5]'                      false                              symmetric                          0
'(-inf-22765]'                     '(89.5-inf)'                       true                               symmetric                          0
'(22899-inf)'                      '(89.5-inf)'                       true                               symmetric                          0
'(22899-inf)'                      '(-inf-89.5]'                      true                               symmetric                          0
'(-inf-22765]'                     '(-inf-89.5]'                      true                               symmetric                          0
==========================================================================================================================================================================================



Time taken to build model: 0.35 seconds
Time taken to test model on training data: 0.05 seconds

=== Error on training data ===

Correctly Classified Instances        1152               95.8403 %
Incorrectly Classified Instances        50                4.1597 %
Kappa statistic                          0.4614
Mean absolute error                      0.0845
Root mean squared error                  0.193 
Relative absolute error                 78.7234 %
Root relative squared error             83.548  %
Total Number of Instances             1202     


=== Detailed Accuracy By Class ===

               TP Rate   FP Rate   Precision   Recall  F-Measure   ROC Area  Class
                 0.996     0.662      0.962     0.996     0.978      0.899    0
                 0.338     0.004      0.821     0.338     0.479      0.899    1
Weighted Avg.    0.958     0.625      0.954     0.958     0.95       0.899


=== Confusion Matrix ===

    a    b   <-- classified as
 1129    5 |    a = 0
   45   23 |    b = 1



=== Stratified cross-validation ===

Correctly Classified Instances        1137               94.5923 %
Incorrectly Classified Instances        65                5.4077 %
Kappa statistic                          0.164 
Mean absolute error                      0.1058
Root mean squared error                  0.2237
Relative absolute error                 98.4187 %
Root relative squared error             96.8366 %
Total Number of Instances             1202     


=== Detailed Accuracy By Class ===

               TP Rate   FP Rate   Precision   Recall  F-Measure   ROC Area  Class
                 0.996     0.897      0.949     0.996     0.972      0.657    0
                 0.103     0.004      0.636     0.103     0.177      0.657    1
Weighted Avg.    0.946     0.847      0.931     0.946     0.927      0.657


=== Confusion Matrix ===

    a    b   <-- classified as
 1130    4 |    a = 0
   61    7 |    b = 1

