
Options: -X 1 -R 

Decision Table:

Number of training instances: 1202
Number of Rules : 24
Non matches covered by Majority class.
Evaluation (for feature selection): CV (leave one out) 
Feature set: 2,4,15

Rules:
==========================================================================================================================
numberOfConnectedComponent           normalizedAvgNNZPerRow               isSubsequentCircuitSimulationProblem  
==========================================================================================================================
'(5.5-6.5]'                          '(0.008378-inf)'                     0
'(8.5-9.5]'                          '(0.008378-inf)'                     0
'(9.5-33]'                           '(0.008378-inf)'                     0
'(6.5-8.5]'                          '(0.008378-inf)'                     0
'(-inf-5.5]'                         '(0.008378-inf)'                     0
'(34.5-inf)'                         '(0.008378-inf)'                     0
'(8.5-9.5]'                          '(0.00831-0.008378]'                 1
'(5.5-6.5]'                          '(0.003961-0.00831]'                 0
'(9.5-33]'                           '(0.003961-0.00831]'                 0
'(6.5-8.5]'                          '(0.003961-0.00831]'                 0
'(34.5-inf)'                         '(0.003961-0.00831]'                 0
'(-inf-5.5]'                         '(0.003961-0.00831]'                 0
'(33-34.5]'                          '(0.003913-0.003961]'                1
'(-inf-5.5]'                         '(0.003432-0.003913]'                0
'(34.5-inf)'                         '(0.003432-0.003913]'                0
'(6.5-8.5]'                          '(0.003375-0.003432]'                1
'(34.5-inf)'                         '(0.003375-0.003432]'                0
'(5.5-6.5]'                          '(0.003375-0.003432]'                1
'(5.5-6.5]'                          '(-inf-0.003375]'                    0
'(8.5-9.5]'                          '(-inf-0.003375]'                    0
'(9.5-33]'                           '(-inf-0.003375]'                    0
'(6.5-8.5]'                          '(-inf-0.003375]'                    0
'(-inf-5.5]'                         '(-inf-0.003375]'                    0
'(34.5-inf)'                         '(-inf-0.003375]'                    0
==========================================================================================================================

Naive Bayes Classifier

                                       Class
Attribute                                  0      1
                                      (0.85) (0.15)
====================================================
numberOfRows
  '(-inf-427.5]'                        154.0    1.0
  '(427.5-435.5]'                         2.0   57.0
  '(435.5-1200]'                        114.0    1.0
  '(1200-1222]'                           1.0   52.0
  '(1222-1809.5]'                        38.0    1.0
  '(1809.5-1817.5]'                       1.0   71.0
  '(1817.5-inf)'                        717.0    6.0
  [total]                              1027.0  189.0

numberOfConnectedComponent
  '(-inf-5.5]'                          683.0    3.0
  '(5.5-6.5]'                            10.0   67.0
  '(6.5-8.5]'                            15.0    4.0
  '(8.5-9.5]'                             5.0   57.0
  '(9.5-33]'                             39.0    4.0
  '(33-34.5]'                             1.0   51.0
  '(34.5-inf)'                          274.0    3.0
  [total]                              1027.0  189.0

numberOfBlockFromDmPerm
  '(-inf-18.5]'                         617.0    1.0
  '(18.5-30]'                            22.0    5.0
  '(30-31.5]'                             3.0   57.0
  '(31.5-186]'                           84.0    2.0
  '(186-196]'                             1.0   51.0
  '(196-463]'                            52.0    1.0
  '(463-484]'                             2.0   70.0
  '(484-inf)'                           247.0    3.0
  [total]                              1028.0  190.0

normalizedAvgNNZPerRow
  '(-inf-0.003375]'                     610.0    6.0
  '(0.003375-0.003432]'                   2.0   70.0
  '(0.003432-0.003913]'                  22.0    1.0
  '(0.003913-0.003961]'                   1.0   51.0
  '(0.003961-0.00831]'                  108.0    3.0
  '(0.00831-0.008378]'                    1.0   57.0
  '(0.008378-inf)'                      283.0    1.0
  [total]                              1027.0  189.0

avgNNZPerRow
  '(-inf-3.583687]'                     116.0    1.0
  '(3.583687-3.59402]'                    1.0   57.0
  '(3.59402-4.79662]'                   113.0    1.0
  '(4.79662-4.828684]'                    7.0    8.0
  '(4.828684-4.83472]'                    1.0   44.0
  '(4.83472-6.120742]'                  160.0    2.0
  '(6.120742-6.210684]'                   2.0   70.0
  '(6.210684-6.553109]'                  32.0    2.0
  '(6.553109-6.563721]'                   1.0    3.0
  '(6.563721-inf)'                      597.0    4.0
  [total]                              1030.0  192.0

stdNNZPerRow
  '(-inf-1.446182]'                     214.0    1.0
  '(1.446182-1.452591]'                   1.0   57.0
  '(1.452591-4.006085]'                 245.0    1.0
  '(4.006085-4.056622]'                   1.0   51.0
  '(4.056622-30.677109]'                417.0    2.0
  '(30.677109-31.119885]'                 1.0   70.0
  '(31.119885-inf)'                     148.0    7.0
  [total]                              1027.0  189.0

varNNZPerRow
  '(-inf-2.091457]'                     214.0    1.0
  '(2.091457-2.110027]'                   1.0   57.0
  '(2.110027-16.048787]'                245.0    1.0
  '(16.048787-16.457306]'                 1.0   51.0
  '(16.457306-941.096712]'              417.0    2.0
  '(941.096712-968.55745]'                1.0   70.0
  '(968.55745-inf)'                     148.0    7.0
  [total]                              1027.0  189.0

maxEig
  '(-inf-1.014186]'                      69.0    1.0
  '(1.014186-1.297372]'                   3.0   57.0
  '(1.297372-2.827549]'                  47.0   10.0
  '(2.827549-2.966591]'                   3.0   38.0
  '(2.966591-20.468892]'                252.0   20.0
  '(20.468892-2000502.594461]'          451.0    4.0
  '(2000502.594461-2023614.038919]'       2.0   57.0
  '(2023614.038919-inf)'                184.0    1.0
  [total]                              1011.0  188.0

isMaxEigNegative
  true                                  239.0    1.0
  false                                 783.0  183.0
  [total]                              1022.0  184.0

isDiagonallyDominant
  true                                   63.0    1.0
  false                                 959.0  183.0
  [total]                              1022.0  184.0

isBlockDiagonal
  true                                  452.0  182.0
  false                                 570.0    2.0
  [total]                              1022.0  184.0

isDiagonal
  true                                   28.0    1.0
  false                                 994.0  183.0
  [total]                              1022.0  184.0

field
  real                                  661.0  183.0
  pattern                               291.0    1.0
  integer                                57.0    1.0
  complex                                15.0    1.0
  [total]                              1024.0  186.0

symmetric
  symmetric                             597.0    1.0
  general                               422.0  183.0
  skew-symmetric                          3.0    1.0
  hermitian                               2.0    1.0
  [total]                              1024.0  186.0



Time taken to build model: 1.78 seconds
Time taken to test model on training data: 0.05 seconds

=== Error on training data ===

Correctly Classified Instances        1196               99.5008 %
Incorrectly Classified Instances         6                0.4992 %
Kappa statistic                          0.9804
Mean absolute error                      0.0062
Root mean squared error                  0.0704
Relative absolute error                  2.4196 %
Root relative squared error             19.6297 %
Total Number of Instances             1202     


=== Detailed Accuracy By Class ===

               TP Rate   FP Rate   Precision   Recall  F-Measure   ROC Area  Class
                 0.999     0.027      0.995     0.999     0.997      0.996    0
                 0.973     0.001      0.994     0.973     0.983      0.996    1
Weighted Avg.    0.995     0.023      0.995     0.995     0.995      0.996


=== Confusion Matrix ===

    a    b   <-- classified as
 1019    1 |    a = 0
    5  177 |    b = 1



=== Stratified cross-validation ===

Correctly Classified Instances        1192               99.1681 %
Incorrectly Classified Instances        10                0.8319 %
Kappa statistic                          0.9673
Mean absolute error                      0.0094
Root mean squared error                  0.0879
Relative absolute error                  3.6334 %
Root relative squared error             24.5233 %
Total Number of Instances             1202     


=== Detailed Accuracy By Class ===

               TP Rate   FP Rate   Precision   Recall  F-Measure   ROC Area  Class
                 0.997     0.038      0.993     0.997     0.995      0.992    0
                 0.962     0.003      0.983     0.962     0.972      0.992    1
Weighted Avg.    0.992     0.033      0.992     0.992     0.992      0.992


=== Confusion Matrix ===

    a    b   <-- classified as
 1017    3 |    a = 0
    7  175 |    b = 1

