
Options: -C 0.25 -M 2 

J48 pruned tree
------------------

field = real
|   numberOfBlockFromDmPerm <= 2
|   |   symmetric = symmetric
|   |   |   stdNNZPerRow <= 11.516177
|   |   |   |   stdNNZPerRow <= 10.976127
|   |   |   |   |   isDiagonallyDominant = true
|   |   |   |   |   |   stdNNZPerRow <= 0.063151: 1 (2.0)
|   |   |   |   |   |   stdNNZPerRow > 0.063151: 0 (31.0/1.0)
|   |   |   |   |   isDiagonallyDominant = false
|   |   |   |   |   |   maxEig <= 542.929184
|   |   |   |   |   |   |   maxEig <= 7.331633: 0 (17.0/4.0)
|   |   |   |   |   |   |   maxEig > 7.331633: 1 (6.0)
|   |   |   |   |   |   maxEig > 542.929184: 0 (62.0/4.0)
|   |   |   |   stdNNZPerRow > 10.976127
|   |   |   |   |   numberOfRows <= 3432: 1 (5.0)
|   |   |   |   |   numberOfRows > 3432: 0 (2.0)
|   |   |   stdNNZPerRow > 11.516177
|   |   |   |   numberOfRows <= 2361
|   |   |   |   |   stdNNZPerRow <= 20.537345: 0 (3.0)
|   |   |   |   |   stdNNZPerRow > 20.537345: 1 (2.0)
|   |   |   |   numberOfRows > 2361: 0 (79.0)
|   |   symmetric = general
|   |   |   stdNNZPerRow <= 58.957862
|   |   |   |   avgNNZPerRow <= 18.269875
|   |   |   |   |   isMaxEigNegative = true
|   |   |   |   |   |   numberOfBlockFromDmPerm <= 1
|   |   |   |   |   |   |   maxEig <= 6.685262: 0 (6.0)
|   |   |   |   |   |   |   maxEig > 6.685262
|   |   |   |   |   |   |   |   numberOfRows <= 6537
|   |   |   |   |   |   |   |   |   stdNNZPerRow <= 0.144257: 0 (3.0/1.0)
|   |   |   |   |   |   |   |   |   stdNNZPerRow > 0.144257: 1 (25.0)
|   |   |   |   |   |   |   |   numberOfRows > 6537: 0 (2.0)
|   |   |   |   |   |   numberOfBlockFromDmPerm > 1: 0 (9.0/1.0)
|   |   |   |   |   isMaxEigNegative = false: 0 (32.0/4.0)
|   |   |   |   avgNNZPerRow > 18.269875
|   |   |   |   |   stdNNZPerRow <= 37.548764
|   |   |   |   |   |   stdNNZPerRow <= 26.576216: 1 (25.0/1.0)
|   |   |   |   |   |   stdNNZPerRow > 26.576216: 0 (4.0)
|   |   |   |   |   stdNNZPerRow > 37.548764: 1 (4.0)
|   |   |   stdNNZPerRow > 58.957862: 0 (10.0)
|   |   symmetric = skew-symmetric: 0 (1.0)
|   |   symmetric = hermitian: 0 (0.0)
|   numberOfBlockFromDmPerm > 2
|   |   numberOfConnectedComponent <= 44: 0 (316.0/7.0)
|   |   numberOfConnectedComponent > 44
|   |   |   normalizedAvgNNZPerRow <= 0.001273
|   |   |   |   symmetric = symmetric: 0 (36.0)
|   |   |   |   symmetric = general
|   |   |   |   |   numberOfRows <= 5374
|   |   |   |   |   |   numberOfConnectedComponent <= 3134: 1 (3.0)
|   |   |   |   |   |   numberOfConnectedComponent > 3134: 0 (2.0)
|   |   |   |   |   numberOfRows > 5374
|   |   |   |   |   |   avgNNZPerRow <= 26.468968: 0 (87.0/2.0)
|   |   |   |   |   |   avgNNZPerRow > 26.468968
|   |   |   |   |   |   |   maxEig <= 13651727.579882: 1 (3.0)
|   |   |   |   |   |   |   maxEig > 13651727.579882: 0 (2.0)
|   |   |   |   symmetric = skew-symmetric: 0 (0.0)
|   |   |   |   symmetric = hermitian: 0 (0.0)
|   |   |   normalizedAvgNNZPerRow > 0.001273
|   |   |   |   isDiagonal = true: 0 (11.0)
|   |   |   |   isDiagonal = false
|   |   |   |   |   stdNNZPerRow <= 28.818744
|   |   |   |   |   |   isDiagonallyDominant = true: 1 (3.0)
|   |   |   |   |   |   isDiagonallyDominant = false
|   |   |   |   |   |   |   symmetric = symmetric: 0 (4.0/1.0)
|   |   |   |   |   |   |   symmetric = general
|   |   |   |   |   |   |   |   numberOfConnectedComponent <= 172
|   |   |   |   |   |   |   |   |   stdNNZPerRow <= 5.408876: 1 (8.0/1.0)
|   |   |   |   |   |   |   |   |   stdNNZPerRow > 5.408876: 0 (6.0)
|   |   |   |   |   |   |   |   numberOfConnectedComponent > 172: 1 (15.0)
|   |   |   |   |   |   |   symmetric = skew-symmetric: 1 (0.0)
|   |   |   |   |   |   |   symmetric = hermitian: 1 (0.0)
|   |   |   |   |   stdNNZPerRow > 28.818744: 0 (16.0)
field = pattern: 0 (290.0/3.0)
field = integer: 0 (56.0)
field = complex: 0 (14.0)

Number of Leaves  : 	43

Size of the tree : 	77


Time taken to build model: 0.14 seconds
Time taken to test model on training data: 0.04 seconds

=== Error on training data ===

Correctly Classified Instances        1172               97.5042 %
Incorrectly Classified Instances        30                2.4958 %
Kappa statistic                          0.8548
Mean absolute error                      0.0452
Root mean squared error                  0.1504
Relative absolute error                 23.8621 %
Root relative squared error             48.9154 %
Total Number of Instances             1202     


=== Detailed Accuracy By Class ===

               TP Rate   FP Rate   Precision   Recall  F-Measure   ROC Area  Class
                 0.998     0.22       0.975     0.998     0.986      0.957    0
                 0.78      0.002      0.98      0.78      0.868      0.957    1
Weighted Avg.    0.975     0.197      0.975     0.975     0.974      0.957


=== Confusion Matrix ===

    a    b   <-- classified as
 1073    2 |    a = 0
   28   99 |    b = 1



=== Stratified cross-validation ===

Correctly Classified Instances        1116               92.8453 %
Incorrectly Classified Instances        86                7.1547 %
Kappa statistic                          0.5774
Mean absolute error                      0.0947
Root mean squared error                  0.2608
Relative absolute error                 49.9692 %
Root relative squared error             84.8504 %
Total Number of Instances             1202     


=== Detailed Accuracy By Class ===

               TP Rate   FP Rate   Precision   Recall  F-Measure   ROC Area  Class
                 0.974     0.457      0.948     0.974     0.961      0.801    0
                 0.543     0.026      0.711     0.543     0.616      0.801    1
Weighted Avg.    0.928     0.411      0.923     0.928     0.924      0.801


=== Confusion Matrix ===

    a    b   <-- classified as
 1047   28 |    a = 0
   58   69 |    b = 1

