
Options: -C 0.25 -M 2 

J48 pruned tree
------------------

numberOfConnectedComponent <= 51: 0 (944.0/8.0)
numberOfConnectedComponent > 51
|   symmetric = symmetric: 0 (75.0)
|   symmetric = general
|   |   field = real
|   |   |   normalizedAvgNNZPerRow <= 0.00078
|   |   |   |   numberOfRows <= 67173
|   |   |   |   |   stdNNZPerRow <= 22.826154
|   |   |   |   |   |   avgNNZPerRow <= 4.915773
|   |   |   |   |   |   |   maxEig <= 3.951674: 1 (4.0)
|   |   |   |   |   |   |   maxEig > 3.951674: 0 (5.0)
|   |   |   |   |   |   avgNNZPerRow > 4.915773
|   |   |   |   |   |   |   avgNNZPerRow <= 11.400631: 1 (35.0)
|   |   |   |   |   |   |   avgNNZPerRow > 11.400631
|   |   |   |   |   |   |   |   stdNNZPerRow <= 17.686929: 0 (3.0)
|   |   |   |   |   |   |   |   stdNNZPerRow > 17.686929: 1 (10.0)
|   |   |   |   |   stdNNZPerRow > 22.826154: 0 (8.0)
|   |   |   |   numberOfRows > 67173: 0 (19.0)
|   |   |   normalizedAvgNNZPerRow > 0.00078
|   |   |   |   normalizedAvgNNZPerRow <= 0.092528
|   |   |   |   |   numberOfConnectedComponent <= 177
|   |   |   |   |   |   numberOfBlockFromDmPerm <= 173: 0 (14.0)
|   |   |   |   |   |   numberOfBlockFromDmPerm > 173
|   |   |   |   |   |   |   numberOfBlockFromDmPerm <= 522: 1 (4.0)
|   |   |   |   |   |   |   numberOfBlockFromDmPerm > 522: 0 (2.0)
|   |   |   |   |   numberOfConnectedComponent > 177: 0 (34.0)
|   |   |   |   normalizedAvgNNZPerRow > 0.092528: 1 (3.0)
|   |   field = pattern: 0 (39.0)
|   |   field = integer: 0 (0.0)
|   |   field = complex: 0 (0.0)
|   symmetric = skew-symmetric: 0 (2.0)
|   symmetric = hermitian: 0 (1.0)

Number of Leaves  : 	19

Size of the tree : 	33


Time taken to build model: 0.11 seconds
Time taken to test model on training data: 0.05 seconds

=== Error on training data ===

Correctly Classified Instances        1194               99.3344 %
Incorrectly Classified Instances         8                0.6656 %
Kappa statistic                          0.9298
Mean absolute error                      0.0132
Root mean squared error                  0.0812
Relative absolute error                 13.0056 %
Root relative squared error             36.1814 %
Total Number of Instances             1202     


=== Detailed Accuracy By Class ===

               TP Rate   FP Rate   Precision   Recall  F-Measure   ROC Area  Class
                 1         0.125      0.993     1         0.996      0.949    0
                 0.875     0          1         0.875     0.933      0.949    1
Weighted Avg.    0.993     0.118      0.993     0.993     0.993      0.949


=== Confusion Matrix ===

    a    b   <-- classified as
 1138    0 |    a = 0
    8   56 |    b = 1



=== Stratified cross-validation ===

Correctly Classified Instances        1178               98.0033 %
Incorrectly Classified Instances        24                1.9967 %
Kappa statistic                          0.7928
Mean absolute error                      0.0273
Root mean squared error                  0.1377
Relative absolute error                 26.8692 %
Root relative squared error             61.3236 %
Total Number of Instances             1202     


=== Detailed Accuracy By Class ===

               TP Rate   FP Rate   Precision   Recall  F-Measure   ROC Area  Class
                 0.992     0.234      0.987     0.992     0.989      0.868    0
                 0.766     0.008      0.845     0.766     0.803      0.868    1
Weighted Avg.    0.98      0.222      0.979     0.98      0.98       0.868


=== Confusion Matrix ===

    a    b   <-- classified as
 1129    9 |    a = 0
   15   49 |    b = 1

