
Options: -C 0.25 -M 2 

J48 pruned tree
------------------

stdNNZPerRow <= 1.037228
|   isBlockDiagonal = true: 0 (34.0/2.0)
|   isBlockDiagonal = false
|   |   normalizedAvgNNZPerRow <= 0.023821
|   |   |   field = real
|   |   |   |   isMaxEigNegative = true: 0 (21.0/1.0)
|   |   |   |   isMaxEigNegative = false
|   |   |   |   |   normalizedAvgNNZPerRow <= 0.000643: 0 (20.0/3.0)
|   |   |   |   |   normalizedAvgNNZPerRow > 0.000643
|   |   |   |   |   |   avgNNZPerRow <= 5.617021
|   |   |   |   |   |   |   stdNNZPerRow <= 0.424529: 1 (3.0)
|   |   |   |   |   |   |   stdNNZPerRow > 0.424529: 0 (7.0/1.0)
|   |   |   |   |   |   avgNNZPerRow > 5.617021: 1 (5.0)
|   |   |   field = pattern
|   |   |   |   normalizedAvgNNZPerRow <= 0.001131
|   |   |   |   |   isMaxEigNegative = true: 1 (3.0)
|   |   |   |   |   isMaxEigNegative = false
|   |   |   |   |   |   maxEig <= 3.338127: 1 (6.0/1.0)
|   |   |   |   |   |   maxEig > 3.338127: 0 (13.0/1.0)
|   |   |   |   normalizedAvgNNZPerRow > 0.001131: 1 (19.0/1.0)
|   |   |   field = integer: 1 (3.0)
|   |   |   field = complex: 1 (3.0)
|   |   normalizedAvgNNZPerRow > 0.023821: 0 (20.0)
stdNNZPerRow > 1.037228
|   numberOfBlockFromDmPerm <= 7
|   |   symmetric = symmetric
|   |   |   normalizedAvgNNZPerRow <= 0.000263
|   |   |   |   numberOfBlockFromDmPerm <= 1: 0 (42.0/5.0)
|   |   |   |   numberOfBlockFromDmPerm > 1
|   |   |   |   |   maxEig <= 4842: 1 (6.0)
|   |   |   |   |   maxEig > 4842: 0 (9.0/1.0)
|   |   |   normalizedAvgNNZPerRow > 0.000263: 0 (303.0/11.0)
|   |   symmetric = general
|   |   |   isBlockDiagonal = true
|   |   |   |   isMaxEigNegative = true
|   |   |   |   |   avgNNZPerRow <= 8.276655: 0 (2.0)
|   |   |   |   |   avgNNZPerRow > 8.276655: 1 (9.0)
|   |   |   |   isMaxEigNegative = false
|   |   |   |   |   maxEig <= 7.331633
|   |   |   |   |   |   field = real: 1 (5.0/1.0)
|   |   |   |   |   |   field = pattern: 0 (2.0)
|   |   |   |   |   |   field = integer: 1 (0.0)
|   |   |   |   |   |   field = complex: 1 (0.0)
|   |   |   |   |   maxEig > 7.331633: 0 (14.0)
|   |   |   isBlockDiagonal = false
|   |   |   |   normalizedAvgNNZPerRow <= 0.095703
|   |   |   |   |   numberOfRows <= 101492: 0 (59.0/2.0)
|   |   |   |   |   numberOfRows > 101492: 1 (3.0)
|   |   |   |   normalizedAvgNNZPerRow > 0.095703
|   |   |   |   |   numberOfRows <= 39: 0 (4.0)
|   |   |   |   |   numberOfRows > 39: 1 (4.0)
|   |   symmetric = skew-symmetric: 1 (1.0)
|   |   symmetric = hermitian: 0 (0.0)
|   numberOfBlockFromDmPerm > 7: 0 (582.0/12.0)

Number of Leaves  : 	31

Size of the tree : 	55


Time taken to build model: 0.13 seconds
Time taken to test model on training data: 0.03 seconds

=== Error on training data ===

Correctly Classified Instances        1160               96.5058 %
Incorrectly Classified Instances        42                3.4942 %
Kappa statistic                          0.7434
Mean absolute error                      0.0654
Root mean squared error                  0.1809
Relative absolute error                 40.5448 %
Root relative squared error             63.7861 %
Total Number of Instances             1202     


=== Detailed Accuracy By Class ===

               TP Rate   FP Rate   Precision   Recall  F-Measure   ROC Area  Class
                 0.997     0.368      0.966     0.997     0.981      0.879    0
                 0.632     0.003      0.957     0.632     0.761      0.879    1
Weighted Avg.    0.965     0.336      0.965     0.965     0.962      0.879


=== Confusion Matrix ===

    a    b   <-- classified as
 1093    3 |    a = 0
   39   67 |    b = 1



=== Stratified cross-validation ===

Correctly Classified Instances        1117               92.9285 %
Incorrectly Classified Instances        85                7.0715 %
Kappa statistic                          0.5125
Mean absolute error                      0.0938
Root mean squared error                  0.2549
Relative absolute error                 58.1126 %
Root relative squared error             89.9051 %
Total Number of Instances             1202     


=== Detailed Accuracy By Class ===

               TP Rate   FP Rate   Precision   Recall  F-Measure   ROC Area  Class
                 0.972     0.509      0.952     0.972     0.962      0.776    0
                 0.491     0.028      0.627     0.491     0.55       0.776    1
Weighted Avg.    0.929     0.467      0.923     0.929     0.925      0.776


=== Confusion Matrix ===

    a    b   <-- classified as
 1065   31 |    a = 0
   54   52 |    b = 1

