
Options: -C 0.25 -M 2 

J48 pruned tree
------------------

symmetric = symmetric
|   isMaxEigNegative = true: 0 (79.0/1.0)
|   isMaxEigNegative = false
|   |   avgNNZPerRow <= 16.331226
|   |   |   normalizedAvgNNZPerRow <= 0.00835
|   |   |   |   isDiagonal = true: 1 (17.0/1.0)
|   |   |   |   isDiagonal = false
|   |   |   |   |   stdNNZPerRow <= 14.035103
|   |   |   |   |   |   field = real
|   |   |   |   |   |   |   numberOfConnectedComponent <= 5613
|   |   |   |   |   |   |   |   isDiagonallyDominant = true
|   |   |   |   |   |   |   |   |   avgNNZPerRow <= 5.84: 0 (11.0)
|   |   |   |   |   |   |   |   |   avgNNZPerRow > 5.84
|   |   |   |   |   |   |   |   |   |   avgNNZPerRow <= 6.955947: 1 (5.0)
|   |   |   |   |   |   |   |   |   |   avgNNZPerRow > 6.955947: 0 (6.0)
|   |   |   |   |   |   |   |   isDiagonallyDominant = false
|   |   |   |   |   |   |   |   |   maxEig <= 91268007.37502: 0 (40.0)
|   |   |   |   |   |   |   |   |   maxEig > 91268007.37502
|   |   |   |   |   |   |   |   |   |   numberOfRows <= 12008
|   |   |   |   |   |   |   |   |   |   |   numberOfConnectedComponent <= 1: 1 (2.0)
|   |   |   |   |   |   |   |   |   |   |   numberOfConnectedComponent > 1
|   |   |   |   |   |   |   |   |   |   |   |   avgNNZPerRow <= 12.57545: 1 (3.0)
|   |   |   |   |   |   |   |   |   |   |   |   avgNNZPerRow > 12.57545: 0 (2.0)
|   |   |   |   |   |   |   |   |   |   numberOfRows > 12008: 0 (4.0)
|   |   |   |   |   |   |   numberOfConnectedComponent > 5613: 1 (4.0)
|   |   |   |   |   |   field = pattern
|   |   |   |   |   |   |   avgNNZPerRow <= 6.777778: 0 (68.0/5.0)
|   |   |   |   |   |   |   avgNNZPerRow > 6.777778
|   |   |   |   |   |   |   |   numberOfRows <= 36720
|   |   |   |   |   |   |   |   |   stdNNZPerRow <= 2.461163: 1 (9.0/1.0)
|   |   |   |   |   |   |   |   |   stdNNZPerRow > 2.461163: 0 (8.0/3.0)
|   |   |   |   |   |   |   |   numberOfRows > 36720: 0 (9.0)
|   |   |   |   |   |   field = integer: 0 (16.0)
|   |   |   |   |   |   field = complex: 0 (1.0)
|   |   |   |   |   stdNNZPerRow > 14.035103: 0 (57.0)
|   |   |   normalizedAvgNNZPerRow > 0.00835
|   |   |   |   numberOfBlockFromDmPerm <= 10: 1 (76.0/12.0)
|   |   |   |   numberOfBlockFromDmPerm > 10
|   |   |   |   |   isDiagonal = true: 1 (2.0)
|   |   |   |   |   isDiagonal = false: 0 (10.0/1.0)
|   |   avgNNZPerRow > 16.331226
|   |   |   avgNNZPerRow <= 150.616896
|   |   |   |   avgNNZPerRow <= 29.622903
|   |   |   |   |   numberOfRows <= 1505: 1 (14.0)
|   |   |   |   |   numberOfRows > 1505
|   |   |   |   |   |   isBlockDiagonal = true
|   |   |   |   |   |   |   stdNNZPerRow <= 11.299327: 1 (9.0)
|   |   |   |   |   |   |   stdNNZPerRow > 11.299327
|   |   |   |   |   |   |   |   avgNNZPerRow <= 27.737279: 0 (6.0)
|   |   |   |   |   |   |   |   avgNNZPerRow > 27.737279: 1 (2.0)
|   |   |   |   |   |   isBlockDiagonal = false: 0 (15.0/3.0)
|   |   |   |   avgNNZPerRow > 29.622903
|   |   |   |   |   field = real: 1 (54.0/3.0)
|   |   |   |   |   field = pattern
|   |   |   |   |   |   stdNNZPerRow <= 22.826154: 1 (25.0)
|   |   |   |   |   |   stdNNZPerRow > 22.826154
|   |   |   |   |   |   |   avgNNZPerRow <= 74.541941
|   |   |   |   |   |   |   |   stdNNZPerRow <= 32.723083
|   |   |   |   |   |   |   |   |   numberOfRows <= 22835: 0 (2.0)
|   |   |   |   |   |   |   |   |   numberOfRows > 22835: 1 (5.0)
|   |   |   |   |   |   |   |   stdNNZPerRow > 32.723083: 0 (6.0)
|   |   |   |   |   |   |   avgNNZPerRow > 74.541941: 1 (11.0)
|   |   |   |   |   field = integer: 1 (5.0/1.0)
|   |   |   |   |   field = complex: 0 (1.0)
|   |   |   avgNNZPerRow > 150.616896
|   |   |   |   maxEig <= 276088464.525083: 0 (10.0)
|   |   |   |   maxEig > 276088464.525083: 1 (2.0)
symmetric = general
|   isDiagonal = true
|   |   field = real: 1 (2.0)
|   |   field = pattern: 0 (3.0)
|   |   field = integer: 0 (0.0)
|   |   field = complex: 0 (0.0)
|   isDiagonal = false
|   |   avgNNZPerRow <= 60.85941: 0 (565.0/6.0)
|   |   avgNNZPerRow > 60.85941
|   |   |   stdNNZPerRow <= 37.548764
|   |   |   |   stdNNZPerRow <= 22.10483: 0 (3.0/1.0)
|   |   |   |   stdNNZPerRow > 22.10483: 1 (4.0)
|   |   |   stdNNZPerRow > 37.548764: 0 (26.0/1.0)
symmetric = skew-symmetric: 0 (2.0)
symmetric = hermitian: 0 (1.0)

Number of Leaves  : 	46

Size of the tree : 	83


Time taken to build model: 0.15 seconds
Time taken to test model on training data: 0.05 seconds

=== Error on training data ===

Correctly Classified Instances        1163               96.7554 %
Incorrectly Classified Instances        39                3.2446 %
Kappa statistic                          0.9022
Mean absolute error                      0.0565
Root mean squared error                  0.168 
Relative absolute error                 16.9222 %
Root relative squared error             41.1537 %
Total Number of Instances             1202     


=== Detailed Accuracy By Class ===

               TP Rate   FP Rate   Precision   Recall  F-Measure   ROC Area  Class
                 0.981     0.083      0.978     0.981     0.979      0.98     0
                 0.917     0.019      0.928     0.917     0.923      0.98     1
Weighted Avg.    0.968     0.069      0.967     0.968     0.967      0.98 


=== Confusion Matrix ===

   a   b   <-- classified as
 930  18 |   a = 0
  21 233 |   b = 1



=== Stratified cross-validation ===

Correctly Classified Instances        1099               91.4309 %
Incorrectly Classified Instances       103                8.5691 %
Kappa statistic                          0.7365
Mean absolute error                      0.1055
Root mean squared error                  0.2747
Relative absolute error                 31.6075 %
Root relative squared error             67.2812 %
Total Number of Instances             1202     


=== Detailed Accuracy By Class ===

               TP Rate   FP Rate   Precision   Recall  F-Measure   ROC Area  Class
                 0.955     0.236      0.938     0.955     0.946      0.897    0
                 0.764     0.045      0.819     0.764     0.79       0.897    1
Weighted Avg.    0.914     0.196      0.913     0.914     0.913      0.897


=== Confusion Matrix ===

   a   b   <-- classified as
 905  43 |   a = 0
  60 194 |   b = 1

