
Options: -I 0 -M 500 -H 50 -W 0.0 

SimpleLogistic:

Class 0 :
0    + 

Class 1 :
0    + 


Time taken to build model: 0.66 seconds
Time taken to test model on training data: 0.04 seconds

=== Error on training data ===

Correctly Classified Instances        1202              100      %
Incorrectly Classified Instances         0                0      %
Kappa statistic                          1     
Mean absolute error                      0.5   
Root mean squared error                  0.5   
Relative absolute error              60200      %
Root relative squared error          60200      %
Total Number of Instances             1202     


=== Detailed Accuracy By Class ===

               TP Rate   FP Rate   Precision   Recall  F-Measure   ROC Area  Class
                 1         0          1         1         1          ?        0
                 0         0          0         0         0          ?        1
Weighted Avg.    1         0          1         1         1          0    


=== Confusion Matrix ===

    a    b   <-- classified as
 1202    0 |    a = 0
    0    0 |    b = 1



=== Stratified cross-validation ===

Correctly Classified Instances        1202              100      %
Incorrectly Classified Instances         0                0      %
Kappa statistic                          1     
Mean absolute error                      0.5   
Root mean squared error                  0.5   
Relative absolute error              54189.926  %
Root relative squared error          54189.9223 %
Total Number of Instances             1202     


=== Detailed Accuracy By Class ===

               TP Rate   FP Rate   Precision   Recall  F-Measure   ROC Area  Class
                 1         0          1         1         1          ?        0
                 0         0          0         0         0          ?        1
Weighted Avg.    1         0          1         1         1          0    


=== Confusion Matrix ===

    a    b   <-- classified as
 1202    0 |    a = 0
    0    0 |    b = 1

