
Time taken to build model: 0.24 seconds
Time taken to test model on training data: 0.06 seconds

=== Error on training data ===

Correctly Classified Instances        1174               95.6026 %
Incorrectly Classified Instances        54                4.3974 %
Kappa statistic                          0     
Mean absolute error                      0.0848
Root mean squared error                  0.205 
Relative absolute error                100.0392 %
Root relative squared error            100.0001 %
Total Number of Instances             1228     


=== Detailed Accuracy By Class ===

               TP Rate   FP Rate   Precision   Recall  F-Measure   ROC Area  Class
                 1         1          0.956     1         0.978      0.5      0
                 0         0          0         0         0          0.5      1
Weighted Avg.    0.956     0.956      0.914     0.956     0.935      0.5  


=== Confusion Matrix ===

    a    b   <-- classified as
 1174    0 |    a = 0
   54    0 |    b = 1



=== Stratified cross-validation ===

Correctly Classified Instances        1174               95.6026 %
Incorrectly Classified Instances        54                4.3974 %
Kappa statistic                          0     
Mean absolute error                      0.0849
Root mean squared error                  0.205 
Relative absolute error                100.0435 %
Root relative squared error            100.0001 %
Total Number of Instances             1228     


=== Detailed Accuracy By Class ===

               TP Rate   FP Rate   Precision   Recall  F-Measure   ROC Area  Class
                 1         1          0.956     1         0.978      0.477    0
                 0         0          0         0         0          0.477    1
Weighted Avg.    0.956     0.956      0.914     0.956     0.935      0.477


=== Confusion Matrix ===

    a    b   <-- classified as
 1174    0 |    a = 0
   54    0 |    b = 1

