
Time taken to build model: 0.32 seconds
Time taken to test model on training data: 0.03 seconds

=== Error on training data ===

Correctly Classified Instances        1185               96.4984 %
Incorrectly Classified Instances        43                3.5016 %
Kappa statistic                          0.4791
Mean absolute error                      0.0805
Root mean squared error                  0.1723
Relative absolute error                 86.0201 %
Root relative squared error             79.9395 %
Total Number of Instances             1228     


=== Detailed Accuracy By Class ===

               TP Rate   FP Rate   Precision   Recall  F-Measure   ROC Area  Class
                 0.997     0.65       0.968     0.997     0.982      0.963    0
                 0.35      0.003      0.84      0.35      0.494      0.963    1
Weighted Avg.    0.965     0.618      0.961     0.965     0.958      0.963


=== Confusion Matrix ===

    a    b   <-- classified as
 1164    4 |    a = 0
   39   21 |    b = 1



=== Stratified cross-validation ===

Correctly Classified Instances        1173               95.5212 %
Incorrectly Classified Instances        55                4.4788 %
Kappa statistic                          0.2134
Mean absolute error                      0.0851
Root mean squared error                  0.1932
Relative absolute error                 90.8625 %
Root relative squared error             89.6301 %
Total Number of Instances             1228     


=== Detailed Accuracy By Class ===

               TP Rate   FP Rate   Precision   Recall  F-Measure   ROC Area  Class
                 0.997     0.867      0.957     0.997     0.977      0.889    0
                 0.133     0.003      0.727     0.133     0.225      0.889    1
Weighted Avg.    0.955     0.824      0.946     0.955     0.94       0.889


=== Confusion Matrix ===

    a    b   <-- classified as
 1165    3 |    a = 0
   52    8 |    b = 1

