
Time taken to build model: 1.11 seconds
Time taken to test model on training data: 0.04 seconds

=== Error on training data ===

Correctly Classified Instances        1180               96.0912 %
Incorrectly Classified Instances        48                3.9088 %
Kappa statistic                          0.4487
Mean absolute error                      0.0644
Root mean squared error                  0.169 
Relative absolute error                 68.7827 %
Root relative squared error             78.3868 %
Total Number of Instances             1228     


=== Detailed Accuracy By Class ===

               TP Rate   FP Rate   Precision   Recall  F-Measure   ROC Area  Class
                 0.992     0.65       0.967     0.992     0.98       0.966    0
                 0.35      0.008      0.7       0.35      0.467      0.966    1
Weighted Avg.    0.961     0.619      0.954     0.961     0.955      0.966


=== Confusion Matrix ===

    a    b   <-- classified as
 1159    9 |    a = 0
   39   21 |    b = 1



=== Stratified cross-validation ===

Correctly Classified Instances        1172               95.4397 %
Incorrectly Classified Instances        56                4.5603 %
Kappa statistic                          0.3142
Mean absolute error                      0.076 
Root mean squared error                  0.1828
Relative absolute error                 81.1321 %
Root relative squared error             84.7879 %
Total Number of Instances             1228     


=== Detailed Accuracy By Class ===

               TP Rate   FP Rate   Precision   Recall  F-Measure   ROC Area  Class
                 0.991     0.767      0.962     0.991     0.976      0.956    0
                 0.233     0.009      0.583     0.233     0.333      0.956    1
Weighted Avg.    0.954     0.73       0.943     0.954     0.945      0.956


=== Confusion Matrix ===

    a    b   <-- classified as
 1158   10 |    a = 0
   46   14 |    b = 1

