
Time taken to build model: 1.12 seconds
Time taken to test model on training data: 0.05 seconds

=== Error on training data ===

Correctly Classified Instances        1128               91.8567 %
Incorrectly Classified Instances       100                8.1433 %
Kappa statistic                          0.4041
Mean absolute error                      0.1428
Root mean squared error                  0.2645
Relative absolute error                 83.8495 %
Root relative squared error             90.7916 %
Total Number of Instances             1228     


=== Detailed Accuracy By Class ===

               TP Rate   FP Rate   Precision   Recall  F-Measure   ROC Area  Class
                 0.978     0.652      0.936     0.978     0.956      0.774    0
                 0.348     0.022      0.615     0.348     0.444      0.774    1
Weighted Avg.    0.919     0.593      0.906     0.919     0.908      0.774


=== Confusion Matrix ===

    a    b   <-- classified as
 1088   25 |    a = 0
   75   40 |    b = 1



=== Stratified cross-validation ===

Correctly Classified Instances        1118               91.0423 %
Incorrectly Classified Instances       110                8.9577 %
Kappa statistic                          0.3316
Mean absolute error                      0.1492
Root mean squared error                  0.2719
Relative absolute error                 87.6067 %
Root relative squared error             93.3242 %
Total Number of Instances             1228     


=== Detailed Accuracy By Class ===

               TP Rate   FP Rate   Precision   Recall  F-Measure   ROC Area  Class
                 0.975     0.713      0.93      0.975     0.952      0.774    0
                 0.287     0.025      0.541     0.287     0.375      0.774    1
Weighted Avg.    0.91      0.649      0.893     0.91      0.898      0.774


=== Confusion Matrix ===

    a    b   <-- classified as
 1085   28 |    a = 0
   82   33 |    b = 1

