
Time taken to build model: 0.47 seconds
Time taken to test model on training data: 0.03 seconds

=== Error on training data ===

Correctly Classified Instances        1144               93.1596 %
Incorrectly Classified Instances        84                6.8404 %
Kappa statistic                          0.7921
Mean absolute error                      0.1171
Root mean squared error                  0.242 
Relative absolute error                 35.6538 %
Root relative squared error             59.7362 %
Total Number of Instances             1228     


=== Detailed Accuracy By Class ===

               TP Rate   FP Rate   Precision   Recall  F-Measure   ROC Area  Class
                 0.956     0.161      0.958     0.956     0.957      0.905    0
                 0.839     0.044      0.832     0.839     0.835      0.905    1
Weighted Avg.    0.932     0.137      0.932     0.932     0.932      0.905


=== Confusion Matrix ===

   a   b   <-- classified as
 931  43 |   a = 0
  41 213 |   b = 1



=== Stratified cross-validation ===

Correctly Classified Instances        1089               88.6808 %
Incorrectly Classified Instances       139               11.3192 %
Kappa statistic                          0.6525
Mean absolute error                      0.1604
Root mean squared error                  0.3104
Relative absolute error                 48.8486 %
Root relative squared error             76.6231 %
Total Number of Instances             1228     


=== Detailed Accuracy By Class ===

               TP Rate   FP Rate   Precision   Recall  F-Measure   ROC Area  Class
                 0.931     0.283      0.926     0.931     0.929      0.837    0
                 0.717     0.069      0.731     0.717     0.724      0.837    1
Weighted Avg.    0.887     0.239      0.886     0.887     0.886      0.837


=== Confusion Matrix ===

   a   b   <-- classified as
 907  67 |   a = 0
  72 182 |   b = 1

