
Time taken to build model: 0.3 seconds
Time taken to test model on training data: 0.04 seconds

=== Error on training data ===

Correctly Classified Instances        1208               98.3713 %
Incorrectly Classified Instances        20                1.6287 %
Kappa statistic                          0.779 
Mean absolute error                      0.0316
Root mean squared error                  0.1257
Relative absolute error                 37.293  %
Root relative squared error             61.3127 %
Total Number of Instances             1228     


=== Detailed Accuracy By Class ===

               TP Rate   FP Rate   Precision   Recall  F-Measure   ROC Area  Class
                 0.997     0.315      0.986     0.997     0.992      0.842    0
                 0.685     0.003      0.925     0.685     0.787      0.842    1
Weighted Avg.    0.984     0.301      0.983     0.984     0.983      0.842


=== Confusion Matrix ===

    a    b   <-- classified as
 1171    3 |    a = 0
   17   37 |    b = 1



=== Stratified cross-validation ===

Correctly Classified Instances        1196               97.3941 %
Incorrectly Classified Instances        32                2.6059 %
Kappa statistic                          0.6153
Mean absolute error                      0.0422
Root mean squared error                  0.1573
Relative absolute error                 49.7347 %
Root relative squared error             76.6986 %
Total Number of Instances             1228     


=== Detailed Accuracy By Class ===

               TP Rate   FP Rate   Precision   Recall  F-Measure   ROC Area  Class
                 0.996     0.5        0.977     0.996     0.986      0.727    0
                 0.5       0.004      0.844     0.5       0.628      0.727    1
Weighted Avg.    0.974     0.478      0.972     0.974     0.971      0.727


=== Confusion Matrix ===

    a    b   <-- classified as
 1169    5 |    a = 0
   27   27 |    b = 1

