
Time taken to build model: 0.03 seconds
Time taken to test model on training data: 0.03 seconds

=== Error on training data ===

Correctly Classified Instances        1205               98.127  %
Incorrectly Classified Instances        23                1.873  %
Kappa statistic                          0.7936
Mean absolute error                      0.0187
Root mean squared error                  0.1369
Relative absolute error                 20.6575 %
Root relative squared error             64.5139 %
Total Number of Instances             1228     


=== Detailed Accuracy By Class ===

               TP Rate   FP Rate   Precision   Recall  F-Measure   ROC Area  Class
                 0.99      0.19       0.991     0.99      0.99       0.9      0
                 0.81      0.01       0.797     0.81      0.803      0.9      1
Weighted Avg.    0.981     0.181      0.981     0.981     0.981      0.9  


=== Confusion Matrix ===

    a    b   <-- classified as
 1158   12 |    a = 0
   11   47 |    b = 1



=== Stratified cross-validation ===

Correctly Classified Instances        1205               98.127  %
Incorrectly Classified Instances        23                1.873  %
Kappa statistic                          0.7936
Mean absolute error                      0.0187
Root mean squared error                  0.1369
Relative absolute error                 20.6404 %
Root relative squared error             64.5122 %
Total Number of Instances             1228     


=== Detailed Accuracy By Class ===

               TP Rate   FP Rate   Precision   Recall  F-Measure   ROC Area  Class
                 0.99      0.19       0.991     0.99      0.99       0.9      0
                 0.81      0.01       0.797     0.81      0.803      0.9      1
Weighted Avg.    0.981     0.181      0.981     0.981     0.981      0.9  


=== Confusion Matrix ===

    a    b   <-- classified as
 1158   12 |    a = 0
   11   47 |    b = 1

