
Time taken to build model: 0.03 seconds
Time taken to test model on training data: 0.05 seconds

=== Error on training data ===

Correctly Classified Instances        1135               92.4267 %
Incorrectly Classified Instances        93                7.5733 %
Kappa statistic                          0.4206
Mean absolute error                      0.0757
Root mean squared error                  0.2752
Relative absolute error                 44.472  %
Root relative squared error             94.4589 %
Total Number of Instances             1228     


=== Detailed Accuracy By Class ===

               TP Rate   FP Rate   Precision   Recall  F-Measure   ROC Area  Class
                 0.985     0.661      0.935     0.985     0.959      0.662    0
                 0.339     0.015      0.696     0.339     0.456      0.662    1
Weighted Avg.    0.924     0.6        0.913     0.924     0.912      0.662


=== Confusion Matrix ===

    a    b   <-- classified as
 1096   17 |    a = 0
   76   39 |    b = 1



=== Stratified cross-validation ===

Correctly Classified Instances        1104               89.9023 %
Incorrectly Classified Instances       124               10.0977 %
Kappa statistic                          0.1819
Mean absolute error                      0.101 
Root mean squared error                  0.3178
Relative absolute error                 59.2743 %
Root relative squared error            109.0694 %
Total Number of Instances             1228     


=== Detailed Accuracy By Class ===

               TP Rate   FP Rate   Precision   Recall  F-Measure   ROC Area  Class
                 0.976     0.843      0.918     0.976     0.946      0.566    0
                 0.157     0.024      0.4       0.157     0.225      0.566    1
Weighted Avg.    0.899     0.767      0.869     0.899     0.878      0.566


=== Confusion Matrix ===

    a    b   <-- classified as
 1086   27 |    a = 0
   97   18 |    b = 1

