
Time taken to build model: 0.13 seconds
Time taken to test model on training data: 0.03 seconds

=== Error on training data ===

Correctly Classified Instances        1223               99.5928 %
Incorrectly Classified Instances         5                0.4072 %
Kappa statistic                          0.9838
Mean absolute error                      0.0041
Root mean squared error                  0.0638
Relative absolute error                  1.6101 %
Root relative squared error             17.959  %
Total Number of Instances             1228     


=== Detailed Accuracy By Class ===

               TP Rate   FP Rate   Precision   Recall  F-Measure   ROC Area  Class
                 0.999     0.022      0.996     0.999     0.998      0.989    0
                 0.978     0.001      0.994     0.978     0.986      0.989    1
Weighted Avg.    0.996     0.019      0.996     0.996     0.996      0.989


=== Confusion Matrix ===

    a    b   <-- classified as
 1045    1 |    a = 0
    4  178 |    b = 1



=== Stratified cross-validation ===

Correctly Classified Instances        1221               99.43   %
Incorrectly Classified Instances         7                0.57   %
Kappa statistic                          0.9773
Mean absolute error                      0.0057
Root mean squared error                  0.0755
Relative absolute error                  2.2537 %
Root relative squared error             21.2492 %
Total Number of Instances             1228     


=== Detailed Accuracy By Class ===

               TP Rate   FP Rate   Precision   Recall  F-Measure   ROC Area  Class
                 0.998     0.027      0.995     0.998     0.997      0.985    0
                 0.973     0.002      0.989     0.973     0.981      0.985    1
Weighted Avg.    0.994     0.024      0.994     0.994     0.994      0.985


=== Confusion Matrix ===

    a    b   <-- classified as
 1044    2 |    a = 0
    5  177 |    b = 1

