
Time taken to build model: 0.14 seconds
Time taken to test model on training data: 0.04 seconds

=== Error on training data ===

Correctly Classified Instances        1193               97.1498 %
Incorrectly Classified Instances        35                2.8502 %
Kappa statistic                          0.7473
Mean absolute error                      0.0285
Root mean squared error                  0.1688
Relative absolute error                 30.4481 %
Root relative squared error             78.313  %
Total Number of Instances             1228     


=== Detailed Accuracy By Class ===

               TP Rate   FP Rate   Precision   Recall  F-Measure   ROC Area  Class
                 0.973     0.067      0.996     0.973     0.985      0.953    0
                 0.933     0.027      0.644     0.933     0.762      0.953    1
Weighted Avg.    0.971     0.065      0.979     0.971     0.974      0.953


=== Confusion Matrix ===

    a    b   <-- classified as
 1137   31 |    a = 0
    4   56 |    b = 1



=== Stratified cross-validation ===

Correctly Classified Instances        1174               95.6026 %
Incorrectly Classified Instances        54                4.3974 %
Kappa statistic                          0.4949
Mean absolute error                      0.044 
Root mean squared error                  0.2097
Relative absolute error                 46.9403 %
Root relative squared error             97.2738 %
Total Number of Instances             1228     


=== Detailed Accuracy By Class ===

               TP Rate   FP Rate   Precision   Recall  F-Measure   ROC Area  Class
                 0.98      0.517      0.974     0.98      0.977      0.732    0
                 0.483     0.02       0.558     0.483     0.518      0.732    1
Weighted Avg.    0.956     0.492      0.953     0.956     0.955      0.732


=== Confusion Matrix ===

    a    b   <-- classified as
 1145   23 |    a = 0
   31   29 |    b = 1

