
Time taken to build model: 0.18 seconds
Time taken to test model on training data: 0.04 seconds

=== Error on training data ===

Correctly Classified Instances        1141               92.9153 %
Incorrectly Classified Instances        87                7.0847 %
Kappa statistic                          0.4829
Mean absolute error                      0.0708
Root mean squared error                  0.2662
Relative absolute error                 38.0978 %
Root relative squared error             87.4102 %
Total Number of Instances             1228     


=== Detailed Accuracy By Class ===

               TP Rate   FP Rate   Precision   Recall  F-Measure   ROC Area  Class
                 0.995     0.638      0.931     0.995     0.962      0.678    0
                 0.362     0.005      0.885     0.362     0.514      0.678    1
Weighted Avg.    0.929     0.572      0.926     0.929     0.915      0.678


=== Confusion Matrix ===

    a    b   <-- classified as
 1095    6 |    a = 0
   81   46 |    b = 1



=== Stratified cross-validation ===

Correctly Classified Instances        1112               90.5537 %
Incorrectly Classified Instances       116                9.4463 %
Kappa statistic                          0.3935
Mean absolute error                      0.0945
Root mean squared error                  0.3073
Relative absolute error                 50.7811 %
Root relative squared error            100.9311 %
Total Number of Instances             1228     


=== Detailed Accuracy By Class ===

               TP Rate   FP Rate   Precision   Recall  F-Measure   ROC Area  Class
                 0.968     0.638      0.929     0.968     0.948      0.665    0
                 0.362     0.032      0.568     0.362     0.442      0.665    1
Weighted Avg.    0.906     0.575      0.892     0.906     0.896      0.665


=== Confusion Matrix ===

    a    b   <-- classified as
 1066   35 |    a = 0
   81   46 |    b = 1

