
Time taken to build model: 1.1 seconds
Time taken to test model on training data: 0.04 seconds

=== Error on training data ===

Correctly Classified Instances        1207               98.2899 %
Incorrectly Classified Instances        21                1.7101 %
Kappa statistic                          0.9351
Mean absolute error                      0.0422
Root mean squared error                  0.1267
Relative absolute error                 16.6711 %
Root relative squared error             35.6514 %
Total Number of Instances             1228     


=== Detailed Accuracy By Class ===

               TP Rate   FP Rate   Precision   Recall  F-Measure   ROC Area  Class
                 0.981     0.005      0.999     0.981     0.99       0.992    0
                 0.995     0.019      0.9       0.995     0.945      0.992    1
Weighted Avg.    0.983     0.008      0.984     0.983     0.983      0.992


=== Confusion Matrix ===

    a    b   <-- classified as
 1026   20 |    a = 0
    1  181 |    b = 1



=== Stratified cross-validation ===

Correctly Classified Instances        1205               98.127  %
Incorrectly Classified Instances        23                1.873  %
Kappa statistic                          0.9286
Mean absolute error                      0.0378
Root mean squared error                  0.1276
Relative absolute error                 14.9611 %
Root relative squared error             35.9145 %
Total Number of Instances             1228     


=== Detailed Accuracy By Class ===

               TP Rate   FP Rate   Precision   Recall  F-Measure   ROC Area  Class
                 0.981     0.016      0.997     0.981     0.989      0.991    0
                 0.984     0.019      0.899     0.984     0.94       0.991    1
Weighted Avg.    0.981     0.017      0.983     0.981     0.982      0.991


=== Confusion Matrix ===

    a    b   <-- classified as
 1026   20 |    a = 0
    3  179 |    b = 1

